<?xml version="1.0" encoding="utf-8"?>
<TestRun id="d43b634c-bd9d-4c2b-9b0a-899040e482bc" name="runneradmin@fv-az456-569 2022-07-04 19:17:39" runUser="fv-az456-569\runneradmin" xmlns="http://microsoft.com/schemas/VisualStudio/TeamTest/2010">
  <Times creation="2022-07-04T19:17:39.5019966+00:00" queuing="2022-07-04T19:17:39.5019968+00:00" start="2022-07-04T19:17:37.3894243+00:00" finish="2022-07-04T19:17:43.6415543+00:00" />
  <TestSettings name="default" id="dd9b797f-5880-409e-bc38-44d54158332d">
    <Deployment runDeploymentRoot="runneradmin_fv-az456-569_2022-07-04_19_17_39" />
  </TestSettings>
  <Results>
    <UnitTestResult executionId="8076fc74-e7aa-41b6-8d2a-5e6dfea51b1e" testId="e6e0a140-85e7-6935-6160-ab95ecfd3c8a" testName="UnitTests.Data.Repositories.GenericRepositoryTests.GenericRepositoryCreatesAndGetsById" computerName="fv-az456-569" duration="00:00:00.0310000" startTime="2022-07-04T19:17:43.5413801+00:00" endTime="2022-07-04T19:17:43.5413801+00:00" testType="13cdc9d9-ddb5-4fa4-a97d-d965ccfc6d4b" outcome="Passed" testListId="8c84fa94-04c1-424b-9868-57a2d4851a1d" relativeResultsDirectory="8076fc74-e7aa-41b6-8d2a-5e6dfea51b1e" />
    <UnitTestResult executionId="a3fc1745-6075-46e9-bfec-d87b08b707ec" testId="44b00d3a-bad7-aefd-141c-4a35b11463b2" testName="UnitTests.Data.Repositories.GenericRepositoryTests.Repository_Update_DefaultAudit" computerName="fv-az456-569" duration="00:00:00.1350000" startTime="2022-07-04T19:17:43.5033822+00:00" endTime="2022-07-04T19:17:43.5033822+00:00" testType="13cdc9d9-ddb5-4fa4-a97d-d965ccfc6d4b" outcome="Passed" testListId="8c84fa94-04c1-424b-9868-57a2d4851a1d" relativeResultsDirectory="a3fc1745-6075-46e9-bfec-d87b08b707ec" />
    <UnitTestResult executionId="71391979-9bbe-45ff-a2bb-6d89001f9222" testId="e1c7f76f-6195-c844-23c0-304b47fbae66" testName="UnitTests.Data.Repositories.GenericRepositoryTests.Repository_Create_UsesUserId" computerName="fv-az456-569" duration="00:00:00.0190000" startTime="2022-07-04T19:17:42.1411212+00:00" endTime="2022-07-04T19:17:42.1411212+00:00" testType="13cdc9d9-ddb5-4fa4-a97d-d965ccfc6d4b" outcome="Passed" testListId="8c84fa94-04c1-424b-9868-57a2d4851a1d" relativeResultsDirectory="71391979-9bbe-45ff-a2bb-6d89001f9222" />
    <UnitTestResult executionId="ab6382d0-c24d-46de-9c49-dde20c121a7b" testId="3cbfa5d3-e0f6-eff8-ed5c-556fa1f3e131" testName="UnitTests.Services.ItemServiceTests.UpdateItem_NoName_Throws(name: &quot;&quot;)" computerName="fv-az456-569" duration="00:00:00.0010000" startTime="2022-07-04T19:17:39.5580364+00:00" endTime="2022-07-04T19:17:39.5580364+00:00" testType="13cdc9d9-ddb5-4fa4-a97d-d965ccfc6d4b" outcome="Passed" testListId="8c84fa94-04c1-424b-9868-57a2d4851a1d" relativeResultsDirectory="ab6382d0-c24d-46de-9c49-dde20c121a7b" />
    <UnitTestResult executionId="91c5bf93-bb3a-4c5e-995b-1688e4a85007" testId="a21637b0-54f8-4fa0-bc3b-95481a9fd90b" testName="UnitTests.Controllers.ModuleExceptionFilterAttributeTests.ArgumentException_BadRequest(exception: System.NotImplementedException: Not Implemented, expectedStatusCode: NotImplemented)" computerName="fv-az456-569" duration="00:00:00.0010000" startTime="2022-07-04T19:17:39.4740316+00:00" endTime="2022-07-04T19:17:39.4740316+00:00" testType="13cdc9d9-ddb5-4fa4-a97d-d965ccfc6d4b" outcome="Passed" testListId="8c84fa94-04c1-424b-9868-57a2d4851a1d" relativeResultsDirectory="91c5bf93-bb3a-4c5e-995b-1688e4a85007" />
    <UnitTestResult executionId="0b41eed0-ad60-488c-a49c-845cdef97113" testId="70ede014-c412-e387-bb98-e95b3b42090d" testName="UnitTests.Data.Repositories.GenericRepositoryTests.GenericRepositoryUpdates" computerName="fv-az456-569" duration="00:00:00.0380000" startTime="2022-07-04T19:17:42.2951254+00:00" endTime="2022-07-04T19:17:42.2951254+00:00" testType="13cdc9d9-ddb5-4fa4-a97d-d965ccfc6d4b" outcome="Passed" testListId="8c84fa94-04c1-424b-9868-57a2d4851a1d" relativeResultsDirectory="0b41eed0-ad60-488c-a49c-845cdef97113" />
    <UnitTestResult executionId="743973cd-f363-4408-b86f-85bb6ea79198" testId="478b61ee-7d85-9dbe-985d-08c590f8666a" testName="UnitTests.Controllers.ItemControllerTests.DeleteItem_Deletes(itemId: 1)" computerName="fv-az456-569" duration="00:00:00.0010000" startTime="2022-07-04T19:17:39.5490378+00:00" endTime="2022-07-04T19:17:39.5490378+00:00" testType="13cdc9d9-ddb5-4fa4-a97d-d965ccfc6d4b" outcome="Passed" testListId="8c84fa94-04c1-424b-9868-57a2d4851a1d" relativeResultsDirectory="743973cd-f363-4408-b86f-85bb6ea79198" />
    <UnitTestResult executionId="b579fb27-7335-41d4-801b-053c0dab9713" testId="0bc54975-0bff-692e-a9b3-fc69f2c95a39" testName="UnitTests.Data.Repositories.GenericRepositoryTests.GenericRepositoryDeletes" computerName="fv-az456-569" duration="00:00:02.5720000" startTime="2022-07-04T19:17:42.1221187+00:00" endTime="2022-07-04T19:17:42.1221187+00:00" testType="13cdc9d9-ddb5-4fa4-a97d-d965ccfc6d4b" outcome="Passed" testListId="8c84fa94-04c1-424b-9868-57a2d4851a1d" relativeResultsDirectory="b579fb27-7335-41d4-801b-053c0dab9713" />
    <UnitTestResult executionId="996a052a-f52c-445d-a42d-acb35e42db5b" testId="8ba31d1b-48e3-e04e-cff0-b927c63b4a19" testName="UnitTests.Services.LoggingServiceTests.LoggingService_DefaultConstructorExists" computerName="fv-az456-569" duration="00:00:00.0010000" startTime="2022-07-04T19:17:40.1046836+00:00" endTime="2022-07-04T19:17:40.1046836+00:00" testType="13cdc9d9-ddb5-4fa4-a97d-d965ccfc6d4b" outcome="Passed" testListId="8c84fa94-04c1-424b-9868-57a2d4851a1d" relativeResultsDirectory="996a052a-f52c-445d-a42d-acb35e42db5b" />
    <UnitTestResult executionId="e0b987fc-4688-4b35-ba7a-29c12bb5901e" testId="a21637b0-54f8-4fa0-bc3b-95481a9fd90b" testName="UnitTests.Controllers.ModuleExceptionFilterAttributeTests.ArgumentException_BadRequest(exception: System.ArgumentException: Argument, expectedStatusCode: BadRequest)" computerName="fv-az456-569" duration="00:00:00.0010000" startTime="2022-07-04T19:17:39.4660322+00:00" endTime="2022-07-04T19:17:39.4660322+00:00" testType="13cdc9d9-ddb5-4fa4-a97d-d965ccfc6d4b" outcome="Passed" testListId="8c84fa94-04c1-424b-9868-57a2d4851a1d" relativeResultsDirectory="e0b987fc-4688-4b35-ba7a-29c12bb5901e" />
    <UnitTestResult executionId="eac1dc2b-e142-4add-ae18-1e737fdaeab9" testId="96a18501-dea4-70b1-d572-baa1bb120da2" testName="UnitTests.Data.Entities.ItemTests.ItemPropertiesPersist(id: 2, name: &quot;Name2&quot;, description: &quot;Description2&quot;)" computerName="fv-az456-569" duration="00:00:00.0010000" startTime="2022-07-04T19:17:39.2374754+00:00" endTime="2022-07-04T19:17:39.2374754+00:00" testType="13cdc9d9-ddb5-4fa4-a97d-d965ccfc6d4b" outcome="Passed" testListId="8c84fa94-04c1-424b-9868-57a2d4851a1d" relativeResultsDirectory="eac1dc2b-e142-4add-ae18-1e737fdaeab9" />
    <UnitTestResult executionId="febc2849-bb7d-40bb-bac3-5384df11ad07" testId="ac1c50bc-98fd-036f-fe0f-d46cb187f90e" testName="UnitTests.Services.LoggingServiceTests.LogginService_TestableConstructorLogsError" computerName="fv-az456-569" duration="00:00:00.0260000" startTime="2022-07-04T19:17:40.1096871+00:00" endTime="2022-07-04T19:17:40.1096871+00:00" testType="13cdc9d9-ddb5-4fa4-a97d-d965ccfc6d4b" outcome="Passed" testListId="8c84fa94-04c1-424b-9868-57a2d4851a1d" relativeResultsDirectory="febc2849-bb7d-40bb-bac3-5384df11ad07" />
    <UnitTestResult executionId="d2eb9f2d-72ca-4768-9ccd-2327e0b89c7d" testId="74c28fcf-aa9b-2bab-0ff6-cfa98a0ddf49" testName="UnitTests.Data.Repositories.GenericRepositoryTests.GetPage_Pages(page: 3, pageSize: 20, expectedItems: 10, expectedPages: 3)" computerName="fv-az456-569" duration="00:00:00.0310000" startTime="2022-07-04T19:17:42.4581330+00:00" endTime="2022-07-04T19:17:42.4581330+00:00" testType="13cdc9d9-ddb5-4fa4-a97d-d965ccfc6d4b" outcome="Passed" testListId="8c84fa94-04c1-424b-9868-57a2d4851a1d" relativeResultsDirectory="d2eb9f2d-72ca-4768-9ccd-2327e0b89c7d" />
    <UnitTestResult executionId="7ee47e83-2f91-4c3e-9e67-ba3593460b7f" testId="ae39aa62-5ff2-56e7-d00e-ef116d711d51" testName="UnitTests.Data.Repositories.GenericRepositoryTests.Repository_Create_DefaultAudit" computerName="fv-az456-569" duration="00:00:00.0060000" startTime="2022-07-04T19:17:43.5103805+00:00" endTime="2022-07-04T19:17:43.5103805+00:00" testType="13cdc9d9-ddb5-4fa4-a97d-d965ccfc6d4b" outcome="Passed" testListId="8c84fa94-04c1-424b-9868-57a2d4851a1d" relativeResultsDirectory="7ee47e83-2f91-4c3e-9e67-ba3593460b7f" />
    <UnitTestResult executionId="2dc6cd43-25b9-454e-b864-5c6b372e9877" testId="ac2a99ba-3563-74a9-7d4c-8e91a58cd097" testName="UnitTests.Data.ModuleDbContextTests.DefaultConstructorThrows" computerName="fv-az456-569" duration="00:00:00.0040000" startTime="2022-07-04T19:17:40.1186882+00:00" endTime="2022-07-04T19:17:40.1186882+00:00" testType="13cdc9d9-ddb5-4fa4-a97d-d965ccfc6d4b" outcome="Passed" testListId="8c84fa94-04c1-424b-9868-57a2d4851a1d" relativeResultsDirectory="2dc6cd43-25b9-454e-b864-5c6b372e9877" />
    <UnitTestResult executionId="13bc5648-6f38-49f2-8344-819f7ed7d1a6" testId="248341cb-553e-e275-a8eb-499567f40929" testName="UnitTests.Common.Extensions.IQueryableExtensionsTests.Order_OrdersBothWays(descending: False, expected: [1, 2, 3])" computerName="fv-az456-569" duration="00:00:00.0010000" startTime="2022-07-04T19:17:40.1036841+00:00" endTime="2022-07-04T19:17:40.1036841+00:00" testType="13cdc9d9-ddb5-4fa4-a97d-d965ccfc6d4b" outcome="Passed" testListId="8c84fa94-04c1-424b-9868-57a2d4851a1d" relativeResultsDirectory="13bc5648-6f38-49f2-8344-819f7ed7d1a6" />
    <UnitTestResult executionId="19617505-82ac-464e-b763-d954c585219a" testId="aec60494-3c2e-8ec9-f948-da5bb2043983" testName="UnitTests.Controllers.ItemControllerTests.UserCanEdit_ReturnsBool(canEdit: True)" computerName="fv-az456-569" duration="00:00:00.0010000" startTime="2022-07-04T19:17:39.5270366+00:00" endTime="2022-07-04T19:17:39.5270366+00:00" testType="13cdc9d9-ddb5-4fa4-a97d-d965ccfc6d4b" outcome="Passed" testListId="8c84fa94-04c1-424b-9868-57a2d4851a1d" relativeResultsDirectory="19617505-82ac-464e-b763-d954c585219a" />
    <UnitTestResult executionId="e5890b7b-56b6-4f1b-a92e-6ffc1246b986" testId="36689490-09d4-917f-648a-70dcfcfede10" testName="UnitTests.Data.Repositories.GenericRepositoryTests.GenericRepositoryCreate_ThrowsWithNullEntity" computerName="fv-az456-569" duration="00:00:00.0010000" startTime="2022-07-04T19:17:42.2371228+00:00" endTime="2022-07-04T19:17:42.2371228+00:00" testType="13cdc9d9-ddb5-4fa4-a97d-d965ccfc6d4b" outcome="Passed" testListId="8c84fa94-04c1-424b-9868-57a2d4851a1d" relativeResultsDirectory="e5890b7b-56b6-4f1b-a92e-6ffc1246b986" />
    <UnitTestResult executionId="4a02439e-bbba-42e2-aab5-96caca33ec8f" testId="320e3c11-11d1-b3ef-0d2e-5e474f674ff1" testName="UnitTests.Controllers.ModuleApiControllerTests.CanEdit_DefaultsToFalse" computerName="fv-az456-569" duration="00:00:00.0030000" startTime="2022-07-04T19:17:39.2844763+00:00" endTime="2022-07-04T19:17:39.2844763+00:00" testType="13cdc9d9-ddb5-4fa4-a97d-d965ccfc6d4b" outcome="Passed" testListId="8c84fa94-04c1-424b-9868-57a2d4851a1d" relativeResultsDirectory="4a02439e-bbba-42e2-aab5-96caca33ec8f" />
    <UnitTestResult executionId="71d6c591-c065-40e7-a93a-146be25413df" testId="986d7e6e-d04d-b204-b01c-fbb8f09c7774" testName="UnitTests.Controllers.ServiceRouteMapperTests.RegisterRoutes_RegistersAtLestOneRoute" computerName="fv-az456-569" duration="00:00:00.0790000" startTime="2022-07-04T19:17:39.5210337+00:00" endTime="2022-07-04T19:17:39.5210337+00:00" testType="13cdc9d9-ddb5-4fa4-a97d-d965ccfc6d4b" outcome="Passed" testListId="8c84fa94-04c1-424b-9868-57a2d4851a1d" relativeResultsDirectory="71d6c591-c065-40e7-a93a-146be25413df" />
    <UnitTestResult executionId="b6ac6035-3b45-4b0c-a4a1-27913d0dfaca" testId="5f92ec4d-d570-0452-b891-d4cee75db9dd" testName="UnitTests.Controllers.ModuleApiControllerTests.CanEdit_Set_Throws" computerName="fv-az456-569" duration="00:00:00.0030000" startTime="2022-07-04T19:17:39.2434743+00:00" endTime="2022-07-04T19:17:39.2434743+00:00" testType="13cdc9d9-ddb5-4fa4-a97d-d965ccfc6d4b" outcome="Passed" testListId="8c84fa94-04c1-424b-9868-57a2d4851a1d" relativeResultsDirectory="b6ac6035-3b45-4b0c-a4a1-27913d0dfaca" />
    <UnitTestResult executionId="d44a18ed-79c1-4749-bcc4-3dab3396fa20" testId="a9198ad3-782e-a37c-0b5f-1330f5318f55" testName="UnitTests.Services.ItemServiceTests.CreateItem_Creates" computerName="fv-az456-569" duration="00:00:00.0080000" startTime="2022-07-04T19:17:39.6000384+00:00" endTime="2022-07-04T19:17:39.6000384+00:00" testType="13cdc9d9-ddb5-4fa4-a97d-d965ccfc6d4b" outcome="Passed" testListId="8c84fa94-04c1-424b-9868-57a2d4851a1d" relativeResultsDirectory="d44a18ed-79c1-4749-bcc4-3dab3396fa20" />
    <UnitTestResult executionId="16ce5317-2715-48ea-a7be-b098101630f7" testId="61a8ccc9-c5b1-047b-3c97-f777ccc7d30b" testName="UnitTests.Controllers.ValidateModelAttributeTests.OnActionExecuting_Invalid_Works" computerName="fv-az456-569" duration="00:00:00.4530000" startTime="2022-07-04T19:17:40.0576843+00:00" endTime="2022-07-04T19:17:40.0576843+00:00" testType="13cdc9d9-ddb5-4fa4-a97d-d965ccfc6d4b" outcome="Passed" testListId="8c84fa94-04c1-424b-9868-57a2d4851a1d" relativeResultsDirectory="16ce5317-2715-48ea-a7be-b098101630f7" />
    <UnitTestResult executionId="38a855b0-840b-44c2-a141-18f034af0284" testId="a21637b0-54f8-4fa0-bc3b-95481a9fd90b" testName="UnitTests.Controllers.ModuleExceptionFilterAttributeTests.ArgumentException_BadRequest(exception: System.ArgumentOutOfRangeException: Specified argument was out of the range of valid values.&#xD;&#xA;Parameter name: Out of range, expectedStatusCode: BadRequest)" computerName="fv-az456-569" duration="00:00:00.0010000" startTime="2022-07-04T19:17:39.4320301+00:00" endTime="2022-07-04T19:17:39.4320301+00:00" testType="13cdc9d9-ddb5-4fa4-a97d-d965ccfc6d4b" outcome="Passed" testListId="8c84fa94-04c1-424b-9868-57a2d4851a1d" relativeResultsDirectory="38a855b0-840b-44c2-a141-18f034af0284" />
    <UnitTestResult executionId="5b8a540e-5cec-42bf-99f0-f4224a6c96b6" testId="113f48ce-a6a3-c5df-7589-ba5a5fcb9c59" testName="UnitTests.Controllers.ModuleExceptionFilterAttributeTests.NoException_DoesNothing" computerName="fv-az456-569" duration="00:00:00.0010000" startTime="2022-07-04T19:17:39.4760312+00:00" endTime="2022-07-04T19:17:39.4760312+00:00" testType="13cdc9d9-ddb5-4fa4-a97d-d965ccfc6d4b" outcome="Passed" testListId="8c84fa94-04c1-424b-9868-57a2d4851a1d" relativeResultsDirectory="5b8a540e-5cec-42bf-99f0-f4224a6c96b6" />
    <UnitTestResult executionId="37a9d81c-920b-4213-8832-0ec709319d81" testId="d16880d7-fb44-f209-43d9-ba2e0e1875de" testName="UnitTests.Data.Repositories.GenericRepositoryTests.GenericRepositoryGetsAll(iterations: 1)" computerName="fv-az456-569" duration="00:00:00.0080000" startTime="2022-07-04T19:17:42.3441293+00:00" endTime="2022-07-04T19:17:42.3441293+00:00" testType="13cdc9d9-ddb5-4fa4-a97d-d965ccfc6d4b" outcome="Passed" testListId="8c84fa94-04c1-424b-9868-57a2d4851a1d" relativeResultsDirectory="37a9d81c-920b-4213-8832-0ec709319d81" />
    <UnitTestResult executionId="227fea35-9b89-4960-a91a-d3b3e2ad6092" testId="d6094ca1-b65b-5133-f464-9f7d01f0d023" testName="UnitTests.Controllers.ItemControllerTests.DeleteItem_Deletes(itemId: 10)" computerName="fv-az456-569" duration="00:00:00.0020000" startTime="2022-07-04T19:17:39.5480361+00:00" endTime="2022-07-04T19:17:39.5480361+00:00" testType="13cdc9d9-ddb5-4fa4-a97d-d965ccfc6d4b" outcome="Passed" testListId="8c84fa94-04c1-424b-9868-57a2d4851a1d" relativeResultsDirectory="227fea35-9b89-4960-a91a-d3b3e2ad6092" />
    <UnitTestResult executionId="10d83d49-a65a-4fa5-8387-7532fd6a473f" testId="263c08b1-704a-f3c2-309e-6dee831dbdc9" testName="UnitTests.Services.ItemServiceTests.UpdateItem_NullDto_Throws" computerName="fv-az456-569" duration="00:00:00.0210000" startTime="2022-07-04T19:17:39.5510326+00:00" endTime="2022-07-04T19:17:39.5510326+00:00" testType="13cdc9d9-ddb5-4fa4-a97d-d965ccfc6d4b" outcome="Passed" testListId="8c84fa94-04c1-424b-9868-57a2d4851a1d" relativeResultsDirectory="10d83d49-a65a-4fa5-8387-7532fd6a473f" />
    <UnitTestResult executionId="ddb7aee7-40f1-478e-9941-2b20cfd85a12" testId="f5652070-1b22-f5a7-3f3f-68b37c9184a8" testName="UnitTests.Services.ItemServiceTests.CreateItem_NoItemThrows" computerName="fv-az456-569" duration="00:00:00.0010000" startTime="2022-07-04T19:17:39.5910409+00:00" endTime="2022-07-04T19:17:39.5910409+00:00" testType="13cdc9d9-ddb5-4fa4-a97d-d965ccfc6d4b" outcome="Passed" testListId="8c84fa94-04c1-424b-9868-57a2d4851a1d" relativeResultsDirectory="ddb7aee7-40f1-478e-9941-2b20cfd85a12" />
    <UnitTestResult executionId="036ccd8f-33d7-46c7-81d1-e70509015abd" testId="392ed628-2028-c945-b97e-893658a1e82b" testName="UnitTests.Data.Entities.ItemTests.ItemPropertiesPersist(id: 1, name: &quot;Name1&quot;, description: &quot;Description1&quot;)" computerName="fv-az456-569" duration="00:00:00.0180000" startTime="2022-07-04T19:17:39.2304729+00:00" endTime="2022-07-04T19:17:39.2304729+00:00" testType="13cdc9d9-ddb5-4fa4-a97d-d965ccfc6d4b" outcome="Passed" testListId="8c84fa94-04c1-424b-9868-57a2d4851a1d" relativeResultsDirectory="036ccd8f-33d7-46c7-81d1-e70509015abd" />
    <UnitTestResult executionId="941f128b-8cc7-49f0-a360-a05051ccba35" testId="3688eeeb-2a1a-6ffa-a193-543baf24437a" testName="UnitTests.Data.Repositories.GenericRepositoryTests.GetPage_Pages(page: 0, pageSize: 0, expectedItems: 1, expectedPages: 50)" computerName="fv-az456-569" duration="00:00:00.0730000" startTime="2022-07-04T19:17:42.4281338+00:00" endTime="2022-07-04T19:17:42.4281338+00:00" testType="13cdc9d9-ddb5-4fa4-a97d-d965ccfc6d4b" outcome="Passed" testListId="8c84fa94-04c1-424b-9868-57a2d4851a1d" relativeResultsDirectory="941f128b-8cc7-49f0-a360-a05051ccba35" />
    <UnitTestResult executionId="acd5ea33-4a28-4df9-aa61-a48d0872014e" testId="e4f8faa7-d0ad-86e6-1579-7bd52372b4c3" testName="UnitTests.Data.Repositories.GenericRepositoryTests.GenericRepositoryConstructs" computerName="fv-az456-569" duration="00:00:00.0010000" startTime="2022-07-04T19:17:42.3551260+00:00" endTime="2022-07-04T19:17:42.3551260+00:00" testType="13cdc9d9-ddb5-4fa4-a97d-d965ccfc6d4b" outcome="Passed" testListId="8c84fa94-04c1-424b-9868-57a2d4851a1d" relativeResultsDirectory="acd5ea33-4a28-4df9-aa61-a48d0872014e" />
    <UnitTestResult executionId="138bf7a8-826b-42e6-aa8f-6dd0bb5dce07" testId="588a2c1b-7788-beb2-ade0-06788d455d25" testName="UnitTests.Controllers.ItemControllerTests.CreateItem_Creates" computerName="fv-az456-569" duration="00:00:00.0050000" startTime="2022-07-04T19:17:39.5280398+00:00" endTime="2022-07-04T19:17:39.5280398+00:00" testType="13cdc9d9-ddb5-4fa4-a97d-d965ccfc6d4b" outcome="Passed" testListId="8c84fa94-04c1-424b-9868-57a2d4851a1d" relativeResultsDirectory="138bf7a8-826b-42e6-aa8f-6dd0bb5dce07" />
    <UnitTestResult executionId="ed96c010-a7d1-4c5d-a6aa-82f9f46b6dd8" testId="d1c63cb7-1f9a-a8bf-a217-a4cbb4e5f73b" testName="UnitTests.Common.GlobalsTests.ModulePrefixIsValid" computerName="fv-az456-569" duration="00:00:00.0010000" startTime="2022-07-04T19:17:39.2414739+00:00" endTime="2022-07-04T19:17:39.2414739+00:00" testType="13cdc9d9-ddb5-4fa4-a97d-d965ccfc6d4b" outcome="Passed" testListId="8c84fa94-04c1-424b-9868-57a2d4851a1d" relativeResultsDirectory="ed96c010-a7d1-4c5d-a6aa-82f9f46b6dd8" />
    <UnitTestResult executionId="411edf2d-8cb5-44ab-9fdc-5ed48adccc0c" testId="ad3412e8-5f64-2020-a5b6-bd4cca8c3b7d" testName="UnitTests.Data.Repositories.GenericRepositoryTests.GenericRepositoryGet" computerName="fv-az456-569" duration="00:00:00.0940000" startTime="2022-07-04T19:17:42.2351253+00:00" endTime="2022-07-04T19:17:42.2351253+00:00" testType="13cdc9d9-ddb5-4fa4-a97d-d965ccfc6d4b" outcome="Passed" testListId="8c84fa94-04c1-424b-9868-57a2d4851a1d" relativeResultsDirectory="411edf2d-8cb5-44ab-9fdc-5ed48adccc0c" />
    <UnitTestResult executionId="18ccb411-86f1-44d3-a9a1-02f8e48dbd2f" testId="e55f1742-c16d-5086-2251-ad3372dd48f5" testName="UnitTests.Controllers.ValidateModelAttributeTests.OnActionExecuting_Valid_Works" computerName="fv-az456-569" duration="00:00:00.0040000" startTime="2022-07-04T19:17:39.6040406+00:00" endTime="2022-07-04T19:17:39.6040406+00:00" testType="13cdc9d9-ddb5-4fa4-a97d-d965ccfc6d4b" outcome="Passed" testListId="8c84fa94-04c1-424b-9868-57a2d4851a1d" relativeResultsDirectory="18ccb411-86f1-44d3-a9a1-02f8e48dbd2f" />
    <UnitTestResult executionId="cb609c42-ee9c-464d-9a96-ed3968165ba9" testId="0247c7e7-7d1c-099b-2ac8-81a47ff2509a" testName="UnitTests.Controllers.ItemControllerTests.UserCanEdit_ReturnsBool(canEdit: False)" computerName="fv-az456-569" duration="00:00:00.0120000" startTime="2022-07-04T19:17:39.5230340+00:00" endTime="2022-07-04T19:17:39.5230340+00:00" testType="13cdc9d9-ddb5-4fa4-a97d-d965ccfc6d4b" outcome="Passed" testListId="8c84fa94-04c1-424b-9868-57a2d4851a1d" relativeResultsDirectory="cb609c42-ee9c-464d-9a96-ed3968165ba9" />
    <UnitTestResult executionId="02fdf55f-dfc9-4936-912e-ac7ef3b1c017" testId="b76e01b1-6afe-f33b-c6a9-ea3347176509" testName="UnitTests.Services.ItemServiceTests.UpdateItem_NoName_Throws(name: null)" computerName="fv-az456-569" duration="00:00:00.0010000" startTime="2022-07-04T19:17:39.5550373+00:00" endTime="2022-07-04T19:17:39.5550373+00:00" testType="13cdc9d9-ddb5-4fa4-a97d-d965ccfc6d4b" outcome="Passed" testListId="8c84fa94-04c1-424b-9868-57a2d4851a1d" relativeResultsDirectory="02fdf55f-dfc9-4936-912e-ac7ef3b1c017" />
    <UnitTestResult executionId="e1911811-7600-497c-abaa-9d7ab4f9f0ba" testId="168fc980-36e3-101b-62b1-f5ab71e9fc0d" testName="UnitTests.Controllers.LocalizationControllerTests.GetLocalization_CallsLocalizationService" computerName="fv-az456-569" duration="00:00:00.2450000" startTime="2022-07-04T19:17:39.4770321+00:00" endTime="2022-07-04T19:17:39.4770321+00:00" testType="13cdc9d9-ddb5-4fa4-a97d-d965ccfc6d4b" outcome="Passed" testListId="8c84fa94-04c1-424b-9868-57a2d4851a1d" relativeResultsDirectory="e1911811-7600-497c-abaa-9d7ab4f9f0ba" />
    <UnitTestResult executionId="c7ef119d-7418-4156-b0a8-a2bdd88cc1f7" testId="e6610648-e456-1c64-d2b1-7e1242b871a8" testName="UnitTests.Services.ItemServiceTests.DeleteItem_Deletes" computerName="fv-az456-569" duration="00:00:00.0010000" startTime="2022-07-04T19:17:39.5930405+00:00" endTime="2022-07-04T19:17:39.5930405+00:00" testType="13cdc9d9-ddb5-4fa4-a97d-d965ccfc6d4b" outcome="Passed" testListId="8c84fa94-04c1-424b-9868-57a2d4851a1d" relativeResultsDirectory="c7ef119d-7418-4156-b0a8-a2bdd88cc1f7" />
    <UnitTestResult executionId="84dbdb43-bbb0-49d9-ba80-3bb82e623692" testId="ffe5c770-9b99-42c0-ce21-7e50cccf4385" testName="UnitTests.Data.Repositories.GenericRepositoryTests.GenericRepositoryGetsAll(iterations: 2)" computerName="fv-az456-569" duration="00:00:00.0100000" startTime="2022-07-04T19:17:42.3051263+00:00" endTime="2022-07-04T19:17:42.3051263+00:00" testType="13cdc9d9-ddb5-4fa4-a97d-d965ccfc6d4b" outcome="Passed" testListId="8c84fa94-04c1-424b-9868-57a2d4851a1d" relativeResultsDirectory="84dbdb43-bbb0-49d9-ba80-3bb82e623692" />
    <UnitTestResult executionId="54238e8c-3e7f-4154-b048-7d145555d9f3" testId="a21637b0-54f8-4fa0-bc3b-95481a9fd90b" testName="UnitTests.Controllers.ModuleExceptionFilterAttributeTests.ArgumentException_BadRequest(exception: System.UnauthorizedAccessException: Unauthorized, expectedStatusCode: Unauthorized)" computerName="fv-az456-569" duration="00:00:00.0010000" startTime="2022-07-04T19:17:39.4750329+00:00" endTime="2022-07-04T19:17:39.4750329+00:00" testType="13cdc9d9-ddb5-4fa4-a97d-d965ccfc6d4b" outcome="Passed" testListId="8c84fa94-04c1-424b-9868-57a2d4851a1d" relativeResultsDirectory="54238e8c-3e7f-4154-b048-7d145555d9f3" />
    <UnitTestResult executionId="5b65b801-1376-4ddc-bd81-f4551f5c3d9f" testId="24cfa8b0-48c3-8aab-e4c2-88694c220e2c" testName="UnitTests.Data.Repositories.GenericRepositoryTests.GenericRepositoryUpdate_ThrowsWithNullEntity" computerName="fv-az456-569" duration="00:00:00.0010000" startTime="2022-07-04T19:17:43.5043812+00:00" endTime="2022-07-04T19:17:43.5043812+00:00" testType="13cdc9d9-ddb5-4fa4-a97d-d965ccfc6d4b" outcome="Passed" testListId="8c84fa94-04c1-424b-9868-57a2d4851a1d" relativeResultsDirectory="5b65b801-1376-4ddc-bd81-f4551f5c3d9f" />
    <UnitTestResult executionId="c6099e8d-f1bc-4fa0-977a-bee5f7b977c7" testId="1017c6c1-9dd0-57dc-36e7-bb573d02562e" testName="UnitTests.Controllers.ItemControllerTests.GetItemsPage_GetsProperPages" computerName="fv-az456-569" duration="00:00:00.0060000" startTime="2022-07-04T19:17:39.5340353+00:00" endTime="2022-07-04T19:17:39.5340353+00:00" testType="13cdc9d9-ddb5-4fa4-a97d-d965ccfc6d4b" outcome="Passed" testListId="8c84fa94-04c1-424b-9868-57a2d4851a1d" relativeResultsDirectory="c6099e8d-f1bc-4fa0-977a-bee5f7b977c7" />
    <UnitTestResult executionId="5d15c3d7-8591-4131-9b81-c6b75e46c922" testId="1a74e347-4470-5271-97ab-1ebaf8693270" testName="UnitTests.Controllers.ModuleExceptionFilterAttributeTests.SystemException_DoesNotExposeDetails" computerName="fv-az456-569" duration="00:00:00.0830000" startTime="2022-07-04T19:17:39.5110344+00:00" endTime="2022-07-04T19:17:39.5110344+00:00" testType="13cdc9d9-ddb5-4fa4-a97d-d965ccfc6d4b" outcome="Passed" testListId="8c84fa94-04c1-424b-9868-57a2d4851a1d" relativeResultsDirectory="5d15c3d7-8591-4131-9b81-c6b75e46c922" />
    <UnitTestResult executionId="10307db2-0d64-4ddc-b6aa-df2642357bf4" testId="99806ad3-88f0-7495-8b3e-3799a4bbb6aa" testName="UnitTests.Services.ItemServiceTests.GetItemsPage_GetsPages(descending: False)" computerName="fv-az456-569" duration="00:00:00.0100000" startTime="2022-07-04T19:17:39.5650370+00:00" endTime="2022-07-04T19:17:39.5650370+00:00" testType="13cdc9d9-ddb5-4fa4-a97d-d965ccfc6d4b" outcome="Passed" testListId="8c84fa94-04c1-424b-9868-57a2d4851a1d" relativeResultsDirectory="10307db2-0d64-4ddc-b6aa-df2642357bf4" />
    <UnitTestResult executionId="ba4ec61c-f3b2-4ce9-a87c-1f8812452542" testId="9168bdef-a759-f4d6-b890-b643e17324cf" testName="UnitTests.Services.LoggingServiceTests.LogginService_TestableConstructorLogsErrorWithException" computerName="fv-az456-569" duration="00:00:00.0020000" startTime="2022-07-04T19:17:40.1126876+00:00" endTime="2022-07-04T19:17:40.1126876+00:00" testType="13cdc9d9-ddb5-4fa4-a97d-d965ccfc6d4b" outcome="Passed" testListId="8c84fa94-04c1-424b-9868-57a2d4851a1d" relativeResultsDirectory="ba4ec61c-f3b2-4ce9-a87c-1f8812452542" />
    <UnitTestResult executionId="ed66a5c8-c4b3-4a6e-9044-c154458ccb1c" testId="c5867bfe-f023-3ae4-485c-eae070f2ace9" testName="UnitTests.Data.Repositories.GenericRepositoryTests.GetPage_Pages(page: 1, pageSize: 10, expectedItems: 10, expectedPages: 5)" computerName="fv-az456-569" duration="00:00:00.0320000" startTime="2022-07-04T19:17:42.4901359+00:00" endTime="2022-07-04T19:17:42.4901359+00:00" testType="13cdc9d9-ddb5-4fa4-a97d-d965ccfc6d4b" outcome="Passed" testListId="8c84fa94-04c1-424b-9868-57a2d4851a1d" relativeResultsDirectory="ed66a5c8-c4b3-4a6e-9044-c154458ccb1c" />
    <UnitTestResult executionId="3ae0beb1-da6c-49ca-ab8e-f2b71bfa34d3" testId="130d9133-361f-a0da-f15e-423eb98947ac" testName="UnitTests.Services.ItemServiceTests.UpdateItem_Updates" computerName="fv-az456-569" duration="00:00:00.0250000" startTime="2022-07-04T19:17:39.5900376+00:00" endTime="2022-07-04T19:17:39.5900376+00:00" testType="13cdc9d9-ddb5-4fa4-a97d-d965ccfc6d4b" outcome="Passed" testListId="8c84fa94-04c1-424b-9868-57a2d4851a1d" relativeResultsDirectory="3ae0beb1-da6c-49ca-ab8e-f2b71bfa34d3" />
    <UnitTestResult executionId="746cda2f-fb11-43d1-a57a-53523390b280" testId="4fe0dd0f-2fa0-9c42-e816-a6df28150b72" testName="UnitTests.Data.Repositories.GenericRepositoryTests.GenericRepositoryGetsAll(iterations: 0)" computerName="fv-az456-569" duration="00:00:00.0070000" startTime="2022-07-04T19:17:42.3251256+00:00" endTime="2022-07-04T19:17:42.3251256+00:00" testType="13cdc9d9-ddb5-4fa4-a97d-d965ccfc6d4b" outcome="Passed" testListId="8c84fa94-04c1-424b-9868-57a2d4851a1d" relativeResultsDirectory="746cda2f-fb11-43d1-a57a-53523390b280" />
    <UnitTestResult executionId="36a5e593-f281-4e7d-b2c3-7985507de4e8" testId="a21637b0-54f8-4fa0-bc3b-95481a9fd90b" testName="UnitTests.Controllers.ModuleExceptionFilterAttributeTests.ArgumentException_BadRequest(exception: System.TimeoutException: Timed out, expectedStatusCode: RequestTimeout)" computerName="fv-az456-569" duration="00:00:00.0010000" startTime="2022-07-04T19:17:39.4750329+00:00" endTime="2022-07-04T19:17:39.4750329+00:00" testType="13cdc9d9-ddb5-4fa4-a97d-d965ccfc6d4b" outcome="Passed" testListId="8c84fa94-04c1-424b-9868-57a2d4851a1d" relativeResultsDirectory="36a5e593-f281-4e7d-b2c3-7985507de4e8" />
    <UnitTestResult executionId="8b2031af-8466-492a-b771-e48d794faa92" testId="572fc310-4b67-9555-f147-153d39f2eb82" testName="UnitTests.Data.Entities.ItemTests.ItemConstructsProperly" computerName="fv-az456-569" duration="00:00:00.0010000" startTime="2022-07-04T19:17:39.2394740+00:00" endTime="2022-07-04T19:17:39.2394740+00:00" testType="13cdc9d9-ddb5-4fa4-a97d-d965ccfc6d4b" outcome="Passed" testListId="8c84fa94-04c1-424b-9868-57a2d4851a1d" relativeResultsDirectory="8b2031af-8466-492a-b771-e48d794faa92" />
    <UnitTestResult executionId="ec7ba51d-ea1d-4ddf-8346-ee941b663510" testId="b6579d24-7c4e-c42d-2ead-85e0f30e0a64" testName="UnitTests.Common.Extensions.IQueryableExtensionsTests.Order_OrdersBothWays(descending: True, expected: [3, 2, 1])" computerName="fv-az456-569" duration="00:00:00.0210000" startTime="2022-07-04T19:17:40.1016858+00:00" endTime="2022-07-04T19:17:40.1016858+00:00" testType="13cdc9d9-ddb5-4fa4-a97d-d965ccfc6d4b" outcome="Passed" testListId="8c84fa94-04c1-424b-9868-57a2d4851a1d" relativeResultsDirectory="ec7ba51d-ea1d-4ddf-8346-ee941b663510" />
    <UnitTestResult executionId="87f0eff4-6d60-40f9-bb2c-a7d19f2c6f37" testId="0ebf358f-9eac-9438-b418-9c6aa81a6377" testName="UnitTests.Data.Repositories.GenericRepositoryTests.Repository_Update_UsesuserId" computerName="fv-az456-569" duration="00:00:00.0220000" startTime="2022-07-04T19:17:42.2581239+00:00" endTime="2022-07-04T19:17:42.2581239+00:00" testType="13cdc9d9-ddb5-4fa4-a97d-d965ccfc6d4b" outcome="Passed" testListId="8c84fa94-04c1-424b-9868-57a2d4851a1d" relativeResultsDirectory="87f0eff4-6d60-40f9-bb2c-a7d19f2c6f37" />
    <UnitTestResult executionId="ebaf85eb-43eb-4a37-b5a1-a99e375b0430" testId="a21637b0-54f8-4fa0-bc3b-95481a9fd90b" testName="UnitTests.Controllers.ModuleExceptionFilterAttributeTests.ArgumentException_BadRequest(exception: System.ArgumentNullException: Value cannot be null.&#xD;&#xA;Parameter name: Null, expectedStatusCode: BadRequest)" computerName="fv-az456-569" duration="00:00:00.1330000" startTime="2022-07-04T19:17:39.4320301+00:00" endTime="2022-07-04T19:17:39.4320301+00:00" testType="13cdc9d9-ddb5-4fa4-a97d-d965ccfc6d4b" outcome="Passed" testListId="8c84fa94-04c1-424b-9868-57a2d4851a1d" relativeResultsDirectory="ebaf85eb-43eb-4a37-b5a1-a99e375b0430" />
    <UnitTestResult executionId="4b701cd9-fc27-4eb7-bdae-d544d2ab04a0" testId="19b6234c-c2df-2304-54f9-54b0da4cd6ba" testName="UnitTests.Services.ItemServiceTests.CreateItem_NoNameThrows" computerName="fv-az456-569" duration="00:00:00.0020000" startTime="2022-07-04T19:17:39.5540494+00:00" endTime="2022-07-04T19:17:39.5540494+00:00" testType="13cdc9d9-ddb5-4fa4-a97d-d965ccfc6d4b" outcome="Passed" testListId="8c84fa94-04c1-424b-9868-57a2d4851a1d" relativeResultsDirectory="4b701cd9-fc27-4eb7-bdae-d544d2ab04a0" />
    <UnitTestResult executionId="986bc6cf-be77-48b2-8aab-864acc9cbdb6" testId="f754f777-4449-23e8-f4ec-917f49117de2" testName="UnitTests.Data.Repositories.GenericRepositoryTests.Repository_DeleteMissing_DoesNotThrow" computerName="fv-az456-569" duration="00:00:00.0070000" startTime="2022-07-04T19:17:42.3531278+00:00" endTime="2022-07-04T19:17:42.3531278+00:00" testType="13cdc9d9-ddb5-4fa4-a97d-d965ccfc6d4b" outcome="Passed" testListId="8c84fa94-04c1-424b-9868-57a2d4851a1d" relativeResultsDirectory="986bc6cf-be77-48b2-8aab-864acc9cbdb6" />
    <UnitTestResult executionId="ef4ba03d-4e12-459c-949d-50d23def9f09" testId="1c164fbc-1ab1-9884-ccb8-9e84f4c977d0" testName="UnitTests.Services.ItemServiceTests.UpdateItem_NoName_Throws(name: &quot; &quot;)" computerName="fv-az456-569" duration="00:00:00.0010000" startTime="2022-07-04T19:17:39.5560362+00:00" endTime="2022-07-04T19:17:39.5560362+00:00" testType="13cdc9d9-ddb5-4fa4-a97d-d965ccfc6d4b" outcome="Passed" testListId="8c84fa94-04c1-424b-9868-57a2d4851a1d" relativeResultsDirectory="ef4ba03d-4e12-459c-949d-50d23def9f09" />
    <UnitTestResult executionId="52cce5cd-c699-49da-80b6-4ba6d9029632" testId="d15ea2a7-9f9f-b92b-50fa-470898da705d" testName="UnitTests.Data.Repositories.GenericRepositoryTests.GenericRepositoryGetsAll(iterations: 3)" computerName="fv-az456-569" duration="00:00:00.0120000" startTime="2022-07-04T19:17:42.3371255+00:00" endTime="2022-07-04T19:17:42.3371255+00:00" testType="13cdc9d9-ddb5-4fa4-a97d-d965ccfc6d4b" outcome="Passed" testListId="8c84fa94-04c1-424b-9868-57a2d4851a1d" relativeResultsDirectory="52cce5cd-c699-49da-80b6-4ba6d9029632" />
    <UnitTestResult executionId="b2dbb552-5556-4479-abbc-adfdaa353d9a" testId="d6cab32e-cf28-1ba8-73a6-76c46cb62c4a" testName="UnitTests.Data.Repositories.GenericRepositoryTests.Pages_With_Related_Entities" computerName="fv-az456-569" duration="00:00:00.8770000" startTime="2022-07-04T19:17:43.3684405+00:00" endTime="2022-07-04T19:17:43.3684405+00:00" testType="13cdc9d9-ddb5-4fa4-a97d-d965ccfc6d4b" outcome="Passed" testListId="8c84fa94-04c1-424b-9868-57a2d4851a1d" relativeResultsDirectory="b2dbb552-5556-4479-abbc-adfdaa353d9a" />
    <UnitTestResult executionId="8bcac320-2bd6-4ef6-a6be-05014490561f" testId="92b7b9f6-1294-7ea1-ffa3-91fba85074d4" testName="UnitTests.Services.ItemServiceTests.UpdateItem_NoName_Throws(name: &quot;  &quot;)" computerName="fv-az456-569" duration="00:00:00.0010000" startTime="2022-07-04T19:17:39.5570400+00:00" endTime="2022-07-04T19:17:39.5570400+00:00" testType="13cdc9d9-ddb5-4fa4-a97d-d965ccfc6d4b" outcome="Passed" testListId="8c84fa94-04c1-424b-9868-57a2d4851a1d" relativeResultsDirectory="8bcac320-2bd6-4ef6-a6be-05014490561f" />
    <UnitTestResult executionId="20dc87b8-d432-4808-b580-3ee57630dbb9" testId="315adde5-f36d-a74f-aa46-fb22a0f78cd9" testName="UnitTests.Controllers.ItemControllerTests.UpdateItem_Updates" computerName="fv-az456-569" duration="00:00:00.0120000" startTime="2022-07-04T19:17:39.5460358+00:00" endTime="2022-07-04T19:17:39.5460358+00:00" testType="13cdc9d9-ddb5-4fa4-a97d-d965ccfc6d4b" outcome="Passed" testListId="8c84fa94-04c1-424b-9868-57a2d4851a1d" relativeResultsDirectory="20dc87b8-d432-4808-b580-3ee57630dbb9" />
    <UnitTestResult executionId="c62d0127-25b1-41c1-a114-8e8daaad02d8" testId="bae3532a-4a9e-c4ab-fc66-4dfa22d16170" testName="UnitTests.Controllers.ModuleApiControllerTests.HasUserInfo" computerName="fv-az456-569" duration="00:00:00.0390000" startTime="2022-07-04T19:17:39.2834750+00:00" endTime="2022-07-04T19:17:39.2834750+00:00" testType="13cdc9d9-ddb5-4fa4-a97d-d965ccfc6d4b" outcome="Passed" testListId="8c84fa94-04c1-424b-9868-57a2d4851a1d" relativeResultsDirectory="c62d0127-25b1-41c1-a114-8e8daaad02d8" />
  </Results>
  <TestDefinitions>
    <UnitTest name="UnitTests.Controllers.ItemControllerTests.DeleteItem_Deletes(itemId: 1)" storage="d:\a\mymodule20220704\mymodule20220704\unittests\bin\unittests.dll" id="478b61ee-7d85-9dbe-985d-08c590f8666a">
      <Execution id="743973cd-f363-4408-b86f-85bb6ea79198" />
      <TestMethod codeBase="D:\a\MyModule20220704\MyModule20220704\UnitTests\bin\UnitTests.dll" adapterTypeName="executor://xunit/VsTestRunner2/net" className="UnitTests.Controllers.ItemControllerTests" name="DeleteItem_Deletes" />
    </UnitTest>
    <UnitTest name="UnitTests.Common.Extensions.IQueryableExtensionsTests.Order_OrdersBothWays(descending: True, expected: [3, 2, 1])" storage="d:\a\mymodule20220704\mymodule20220704\unittests\bin\unittests.dll" id="b6579d24-7c4e-c42d-2ead-85e0f30e0a64">
      <Execution id="ec7ba51d-ea1d-4ddf-8346-ee941b663510" />
      <TestMethod codeBase="D:\a\MyModule20220704\MyModule20220704\UnitTests\bin\UnitTests.dll" adapterTypeName="executor://xunit/VsTestRunner2/net" className="UnitTests.Common.Extensions.IQueryableExtensionsTests" name="Order_OrdersBothWays" />
    </UnitTest>
    <UnitTest name="UnitTests.Controllers.ItemControllerTests.UserCanEdit_ReturnsBool(canEdit: False)" storage="d:\a\mymodule20220704\mymodule20220704\unittests\bin\unittests.dll" id="0247c7e7-7d1c-099b-2ac8-81a47ff2509a">
      <Execution id="cb609c42-ee9c-464d-9a96-ed3968165ba9" />
      <TestMethod codeBase="D:\a\MyModule20220704\MyModule20220704\UnitTests\bin\UnitTests.dll" adapterTypeName="executor://xunit/VsTestRunner2/net" className="UnitTests.Controllers.ItemControllerTests" name="UserCanEdit_ReturnsBool" />
    </UnitTest>
    <UnitTest name="UnitTests.Controllers.LocalizationControllerTests.GetLocalization_CallsLocalizationService" storage="d:\a\mymodule20220704\mymodule20220704\unittests\bin\unittests.dll" id="168fc980-36e3-101b-62b1-f5ab71e9fc0d">
      <Execution id="e1911811-7600-497c-abaa-9d7ab4f9f0ba" />
      <TestMethod codeBase="D:\a\MyModule20220704\MyModule20220704\UnitTests\bin\UnitTests.dll" adapterTypeName="executor://xunit/VsTestRunner2/net" className="UnitTests.Controllers.LocalizationControllerTests" name="GetLocalization_CallsLocalizationService" />
    </UnitTest>
    <UnitTest name="UnitTests.Data.ModuleDbContextTests.DefaultConstructorThrows" storage="d:\a\mymodule20220704\mymodule20220704\unittests\bin\unittests.dll" id="ac2a99ba-3563-74a9-7d4c-8e91a58cd097">
      <Execution id="2dc6cd43-25b9-454e-b864-5c6b372e9877" />
      <TestMethod codeBase="D:\a\MyModule20220704\MyModule20220704\UnitTests\bin\UnitTests.dll" adapterTypeName="executor://xunit/VsTestRunner2/net" className="UnitTests.Data.ModuleDbContextTests" name="DefaultConstructorThrows" />
    </UnitTest>
    <UnitTest name="UnitTests.Controllers.ModuleApiControllerTests.CanEdit_DefaultsToFalse" storage="d:\a\mymodule20220704\mymodule20220704\unittests\bin\unittests.dll" id="320e3c11-11d1-b3ef-0d2e-5e474f674ff1">
      <Execution id="4a02439e-bbba-42e2-aab5-96caca33ec8f" />
      <TestMethod codeBase="D:\a\MyModule20220704\MyModule20220704\UnitTests\bin\UnitTests.dll" adapterTypeName="executor://xunit/VsTestRunner2/net" className="UnitTests.Controllers.ModuleApiControllerTests" name="CanEdit_DefaultsToFalse" />
    </UnitTest>
    <UnitTest name="UnitTests.Data.Repositories.GenericRepositoryTests.GenericRepositoryCreatesAndGetsById" storage="d:\a\mymodule20220704\mymodule20220704\unittests\bin\unittests.dll" id="e6e0a140-85e7-6935-6160-ab95ecfd3c8a">
      <Execution id="8076fc74-e7aa-41b6-8d2a-5e6dfea51b1e" />
      <TestMethod codeBase="D:\a\MyModule20220704\MyModule20220704\UnitTests\bin\UnitTests.dll" adapterTypeName="executor://xunit/VsTestRunner2/net" className="UnitTests.Data.Repositories.GenericRepositoryTests" name="GenericRepositoryCreatesAndGetsById" />
    </UnitTest>
    <UnitTest name="UnitTests.Services.ItemServiceTests.UpdateItem_NoName_Throws(name: &quot; &quot;)" storage="d:\a\mymodule20220704\mymodule20220704\unittests\bin\unittests.dll" id="1c164fbc-1ab1-9884-ccb8-9e84f4c977d0">
      <Execution id="ef4ba03d-4e12-459c-949d-50d23def9f09" />
      <TestMethod codeBase="D:\a\MyModule20220704\MyModule20220704\UnitTests\bin\UnitTests.dll" adapterTypeName="executor://xunit/VsTestRunner2/net" className="UnitTests.Services.ItemServiceTests" name="UpdateItem_NoName_Throws" />
    </UnitTest>
    <UnitTest name="UnitTests.Services.ItemServiceTests.GetItemsPage_GetsPages(descending: False)" storage="d:\a\mymodule20220704\mymodule20220704\unittests\bin\unittests.dll" id="99806ad3-88f0-7495-8b3e-3799a4bbb6aa">
      <Execution id="10307db2-0d64-4ddc-b6aa-df2642357bf4" />
      <TestMethod codeBase="D:\a\MyModule20220704\MyModule20220704\UnitTests\bin\UnitTests.dll" adapterTypeName="executor://xunit/VsTestRunner2/net" className="UnitTests.Services.ItemServiceTests" name="GetItemsPage_GetsPages" />
    </UnitTest>
    <UnitTest name="UnitTests.Data.Repositories.GenericRepositoryTests.Repository_Update_UsesuserId" storage="d:\a\mymodule20220704\mymodule20220704\unittests\bin\unittests.dll" id="0ebf358f-9eac-9438-b418-9c6aa81a6377">
      <Execution id="87f0eff4-6d60-40f9-bb2c-a7d19f2c6f37" />
      <TestMethod codeBase="D:\a\MyModule20220704\MyModule20220704\UnitTests\bin\UnitTests.dll" adapterTypeName="executor://xunit/VsTestRunner2/net" className="UnitTests.Data.Repositories.GenericRepositoryTests" name="Repository_Update_UsesuserId" />
    </UnitTest>
    <UnitTest name="UnitTests.Services.ItemServiceTests.CreateItem_Creates" storage="d:\a\mymodule20220704\mymodule20220704\unittests\bin\unittests.dll" id="a9198ad3-782e-a37c-0b5f-1330f5318f55">
      <Execution id="d44a18ed-79c1-4749-bcc4-3dab3396fa20" />
      <TestMethod codeBase="D:\a\MyModule20220704\MyModule20220704\UnitTests\bin\UnitTests.dll" adapterTypeName="executor://xunit/VsTestRunner2/net" className="UnitTests.Services.ItemServiceTests" name="CreateItem_Creates" />
    </UnitTest>
    <UnitTest name="UnitTests.Controllers.ValidateModelAttributeTests.OnActionExecuting_Invalid_Works" storage="d:\a\mymodule20220704\mymodule20220704\unittests\bin\unittests.dll" id="61a8ccc9-c5b1-047b-3c97-f777ccc7d30b">
      <Execution id="16ce5317-2715-48ea-a7be-b098101630f7" />
      <TestMethod codeBase="D:\a\MyModule20220704\MyModule20220704\UnitTests\bin\UnitTests.dll" adapterTypeName="executor://xunit/VsTestRunner2/net" className="UnitTests.Controllers.ValidateModelAttributeTests" name="OnActionExecuting_Invalid_Works" />
    </UnitTest>
    <UnitTest name="UnitTests.Data.Repositories.GenericRepositoryTests.GenericRepositoryGet" storage="d:\a\mymodule20220704\mymodule20220704\unittests\bin\unittests.dll" id="ad3412e8-5f64-2020-a5b6-bd4cca8c3b7d">
      <Execution id="411edf2d-8cb5-44ab-9fdc-5ed48adccc0c" />
      <TestMethod codeBase="D:\a\MyModule20220704\MyModule20220704\UnitTests\bin\UnitTests.dll" adapterTypeName="executor://xunit/VsTestRunner2/net" className="UnitTests.Data.Repositories.GenericRepositoryTests" name="GenericRepositoryGet" />
    </UnitTest>
    <UnitTest name="UnitTests.Data.Repositories.GenericRepositoryTests.GenericRepositoryUpdate_ThrowsWithNullEntity" storage="d:\a\mymodule20220704\mymodule20220704\unittests\bin\unittests.dll" id="24cfa8b0-48c3-8aab-e4c2-88694c220e2c">
      <Execution id="5b65b801-1376-4ddc-bd81-f4551f5c3d9f" />
      <TestMethod codeBase="D:\a\MyModule20220704\MyModule20220704\UnitTests\bin\UnitTests.dll" adapterTypeName="executor://xunit/VsTestRunner2/net" className="UnitTests.Data.Repositories.GenericRepositoryTests" name="GenericRepositoryUpdate_ThrowsWithNullEntity" />
    </UnitTest>
    <UnitTest name="UnitTests.Data.Repositories.GenericRepositoryTests.Pages_With_Related_Entities" storage="d:\a\mymodule20220704\mymodule20220704\unittests\bin\unittests.dll" id="d6cab32e-cf28-1ba8-73a6-76c46cb62c4a">
      <Execution id="b2dbb552-5556-4479-abbc-adfdaa353d9a" />
      <TestMethod codeBase="D:\a\MyModule20220704\MyModule20220704\UnitTests\bin\UnitTests.dll" adapterTypeName="executor://xunit/VsTestRunner2/net" className="UnitTests.Data.Repositories.GenericRepositoryTests" name="Pages_With_Related_Entities" />
    </UnitTest>
    <UnitTest name="UnitTests.Services.LoggingServiceTests.LogginService_TestableConstructorLogsError" storage="d:\a\mymodule20220704\mymodule20220704\unittests\bin\unittests.dll" id="ac1c50bc-98fd-036f-fe0f-d46cb187f90e">
      <Execution id="febc2849-bb7d-40bb-bac3-5384df11ad07" />
      <TestMethod codeBase="D:\a\MyModule20220704\MyModule20220704\UnitTests\bin\UnitTests.dll" adapterTypeName="executor://xunit/VsTestRunner2/net" className="UnitTests.Services.LoggingServiceTests" name="LogginService_TestableConstructorLogsError" />
    </UnitTest>
    <UnitTest name="UnitTests.Data.Repositories.GenericRepositoryTests.GenericRepositoryGetsAll(iterations: 3)" storage="d:\a\mymodule20220704\mymodule20220704\unittests\bin\unittests.dll" id="d15ea2a7-9f9f-b92b-50fa-470898da705d">
      <Execution id="52cce5cd-c699-49da-80b6-4ba6d9029632" />
      <TestMethod codeBase="D:\a\MyModule20220704\MyModule20220704\UnitTests\bin\UnitTests.dll" adapterTypeName="executor://xunit/VsTestRunner2/net" className="UnitTests.Data.Repositories.GenericRepositoryTests" name="GenericRepositoryGetsAll" />
    </UnitTest>
    <UnitTest name="UnitTests.Common.GlobalsTests.ModulePrefixIsValid" storage="d:\a\mymodule20220704\mymodule20220704\unittests\bin\unittests.dll" id="d1c63cb7-1f9a-a8bf-a217-a4cbb4e5f73b">
      <Execution id="ed96c010-a7d1-4c5d-a6aa-82f9f46b6dd8" />
      <TestMethod codeBase="D:\a\MyModule20220704\MyModule20220704\UnitTests\bin\UnitTests.dll" adapterTypeName="executor://xunit/VsTestRunner2/net" className="UnitTests.Common.GlobalsTests" name="ModulePrefixIsValid" />
    </UnitTest>
    <UnitTest name="UnitTests.Data.Entities.ItemTests.ItemPropertiesPersist(id: 2, name: &quot;Name2&quot;, description: &quot;Description2&quot;)" storage="d:\a\mymodule20220704\mymodule20220704\unittests\bin\unittests.dll" id="96a18501-dea4-70b1-d572-baa1bb120da2">
      <Execution id="eac1dc2b-e142-4add-ae18-1e737fdaeab9" />
      <TestMethod codeBase="D:\a\MyModule20220704\MyModule20220704\UnitTests\bin\UnitTests.dll" adapterTypeName="executor://xunit/VsTestRunner2/net" className="UnitTests.Data.Entities.ItemTests" name="ItemPropertiesPersist" />
    </UnitTest>
    <UnitTest name="UnitTests.Controllers.ServiceRouteMapperTests.RegisterRoutes_RegistersAtLestOneRoute" storage="d:\a\mymodule20220704\mymodule20220704\unittests\bin\unittests.dll" id="986d7e6e-d04d-b204-b01c-fbb8f09c7774">
      <Execution id="71d6c591-c065-40e7-a93a-146be25413df" />
      <TestMethod codeBase="D:\a\MyModule20220704\MyModule20220704\UnitTests\bin\UnitTests.dll" adapterTypeName="executor://xunit/VsTestRunner2/net" className="UnitTests.Controllers.ServiceRouteMapperTests" name="RegisterRoutes_RegistersAtLestOneRoute" />
    </UnitTest>
    <UnitTest name="UnitTests.Controllers.ModuleExceptionFilterAttributeTests.SystemException_DoesNotExposeDetails" storage="d:\a\mymodule20220704\mymodule20220704\unittests\bin\unittests.dll" id="1a74e347-4470-5271-97ab-1ebaf8693270">
      <Execution id="5d15c3d7-8591-4131-9b81-c6b75e46c922" />
      <TestMethod codeBase="D:\a\MyModule20220704\MyModule20220704\UnitTests\bin\UnitTests.dll" adapterTypeName="executor://xunit/VsTestRunner2/net" className="UnitTests.Controllers.ModuleExceptionFilterAttributeTests" name="SystemException_DoesNotExposeDetails" />
    </UnitTest>
    <UnitTest name="UnitTests.Data.Repositories.GenericRepositoryTests.GenericRepositoryConstructs" storage="d:\a\mymodule20220704\mymodule20220704\unittests\bin\unittests.dll" id="e4f8faa7-d0ad-86e6-1579-7bd52372b4c3">
      <Execution id="acd5ea33-4a28-4df9-aa61-a48d0872014e" />
      <TestMethod codeBase="D:\a\MyModule20220704\MyModule20220704\UnitTests\bin\UnitTests.dll" adapterTypeName="executor://xunit/VsTestRunner2/net" className="UnitTests.Data.Repositories.GenericRepositoryTests" name="GenericRepositoryConstructs" />
    </UnitTest>
    <UnitTest name="UnitTests.Data.Repositories.GenericRepositoryTests.Repository_DeleteMissing_DoesNotThrow" storage="d:\a\mymodule20220704\mymodule20220704\unittests\bin\unittests.dll" id="f754f777-4449-23e8-f4ec-917f49117de2">
      <Execution id="986bc6cf-be77-48b2-8aab-864acc9cbdb6" />
      <TestMethod codeBase="D:\a\MyModule20220704\MyModule20220704\UnitTests\bin\UnitTests.dll" adapterTypeName="executor://xunit/VsTestRunner2/net" className="UnitTests.Data.Repositories.GenericRepositoryTests" name="Repository_DeleteMissing_DoesNotThrow" />
    </UnitTest>
    <UnitTest name="UnitTests.Services.ItemServiceTests.UpdateItem_NoName_Throws(name: null)" storage="d:\a\mymodule20220704\mymodule20220704\unittests\bin\unittests.dll" id="b76e01b1-6afe-f33b-c6a9-ea3347176509">
      <Execution id="02fdf55f-dfc9-4936-912e-ac7ef3b1c017" />
      <TestMethod codeBase="D:\a\MyModule20220704\MyModule20220704\UnitTests\bin\UnitTests.dll" adapterTypeName="executor://xunit/VsTestRunner2/net" className="UnitTests.Services.ItemServiceTests" name="UpdateItem_NoName_Throws" />
    </UnitTest>
    <UnitTest name="UnitTests.Services.ItemServiceTests.CreateItem_NoNameThrows" storage="d:\a\mymodule20220704\mymodule20220704\unittests\bin\unittests.dll" id="19b6234c-c2df-2304-54f9-54b0da4cd6ba">
      <Execution id="4b701cd9-fc27-4eb7-bdae-d544d2ab04a0" />
      <TestMethod codeBase="D:\a\MyModule20220704\MyModule20220704\UnitTests\bin\UnitTests.dll" adapterTypeName="executor://xunit/VsTestRunner2/net" className="UnitTests.Services.ItemServiceTests" name="CreateItem_NoNameThrows" />
    </UnitTest>
    <UnitTest name="UnitTests.Services.ItemServiceTests.DeleteItem_Deletes" storage="d:\a\mymodule20220704\mymodule20220704\unittests\bin\unittests.dll" id="e6610648-e456-1c64-d2b1-7e1242b871a8">
      <Execution id="c7ef119d-7418-4156-b0a8-a2bdd88cc1f7" />
      <TestMethod codeBase="D:\a\MyModule20220704\MyModule20220704\UnitTests\bin\UnitTests.dll" adapterTypeName="executor://xunit/VsTestRunner2/net" className="UnitTests.Services.ItemServiceTests" name="DeleteItem_Deletes" />
    </UnitTest>
    <UnitTest name="UnitTests.Data.Entities.ItemTests.ItemConstructsProperly" storage="d:\a\mymodule20220704\mymodule20220704\unittests\bin\unittests.dll" id="572fc310-4b67-9555-f147-153d39f2eb82">
      <Execution id="8b2031af-8466-492a-b771-e48d794faa92" />
      <TestMethod codeBase="D:\a\MyModule20220704\MyModule20220704\UnitTests\bin\UnitTests.dll" adapterTypeName="executor://xunit/VsTestRunner2/net" className="UnitTests.Data.Entities.ItemTests" name="ItemConstructsProperly" />
    </UnitTest>
    <UnitTest name="UnitTests.Services.ItemServiceTests.UpdateItem_NoName_Throws(name: &quot;&quot;)" storage="d:\a\mymodule20220704\mymodule20220704\unittests\bin\unittests.dll" id="3cbfa5d3-e0f6-eff8-ed5c-556fa1f3e131">
      <Execution id="ab6382d0-c24d-46de-9c49-dde20c121a7b" />
      <TestMethod codeBase="D:\a\MyModule20220704\MyModule20220704\UnitTests\bin\UnitTests.dll" adapterTypeName="executor://xunit/VsTestRunner2/net" className="UnitTests.Services.ItemServiceTests" name="UpdateItem_NoName_Throws" />
    </UnitTest>
    <UnitTest name="UnitTests.Services.LoggingServiceTests.LogginService_TestableConstructorLogsErrorWithException" storage="d:\a\mymodule20220704\mymodule20220704\unittests\bin\unittests.dll" id="9168bdef-a759-f4d6-b890-b643e17324cf">
      <Execution id="ba4ec61c-f3b2-4ce9-a87c-1f8812452542" />
      <TestMethod codeBase="D:\a\MyModule20220704\MyModule20220704\UnitTests\bin\UnitTests.dll" adapterTypeName="executor://xunit/VsTestRunner2/net" className="UnitTests.Services.LoggingServiceTests" name="LogginService_TestableConstructorLogsErrorWithException" />
    </UnitTest>
    <UnitTest name="UnitTests.Controllers.ItemControllerTests.UserCanEdit_ReturnsBool(canEdit: True)" storage="d:\a\mymodule20220704\mymodule20220704\unittests\bin\unittests.dll" id="aec60494-3c2e-8ec9-f948-da5bb2043983">
      <Execution id="19617505-82ac-464e-b763-d954c585219a" />
      <TestMethod codeBase="D:\a\MyModule20220704\MyModule20220704\UnitTests\bin\UnitTests.dll" adapterTypeName="executor://xunit/VsTestRunner2/net" className="UnitTests.Controllers.ItemControllerTests" name="UserCanEdit_ReturnsBool" />
    </UnitTest>
    <UnitTest name="UnitTests.Controllers.ModuleApiControllerTests.HasUserInfo" storage="d:\a\mymodule20220704\mymodule20220704\unittests\bin\unittests.dll" id="bae3532a-4a9e-c4ab-fc66-4dfa22d16170">
      <Execution id="c62d0127-25b1-41c1-a114-8e8daaad02d8" />
      <TestMethod codeBase="D:\a\MyModule20220704\MyModule20220704\UnitTests\bin\UnitTests.dll" adapterTypeName="executor://xunit/VsTestRunner2/net" className="UnitTests.Controllers.ModuleApiControllerTests" name="HasUserInfo" />
    </UnitTest>
    <UnitTest name="UnitTests.Services.ItemServiceTests.UpdateItem_NoName_Throws(name: &quot;  &quot;)" storage="d:\a\mymodule20220704\mymodule20220704\unittests\bin\unittests.dll" id="92b7b9f6-1294-7ea1-ffa3-91fba85074d4">
      <Execution id="8bcac320-2bd6-4ef6-a6be-05014490561f" />
      <TestMethod codeBase="D:\a\MyModule20220704\MyModule20220704\UnitTests\bin\UnitTests.dll" adapterTypeName="executor://xunit/VsTestRunner2/net" className="UnitTests.Services.ItemServiceTests" name="UpdateItem_NoName_Throws" />
    </UnitTest>
    <UnitTest name="UnitTests.Data.Repositories.GenericRepositoryTests.Repository_Create_DefaultAudit" storage="d:\a\mymodule20220704\mymodule20220704\unittests\bin\unittests.dll" id="ae39aa62-5ff2-56e7-d00e-ef116d711d51">
      <Execution id="7ee47e83-2f91-4c3e-9e67-ba3593460b7f" />
      <TestMethod codeBase="D:\a\MyModule20220704\MyModule20220704\UnitTests\bin\UnitTests.dll" adapterTypeName="executor://xunit/VsTestRunner2/net" className="UnitTests.Data.Repositories.GenericRepositoryTests" name="Repository_Create_DefaultAudit" />
    </UnitTest>
    <UnitTest name="UnitTests.Controllers.ValidateModelAttributeTests.OnActionExecuting_Valid_Works" storage="d:\a\mymodule20220704\mymodule20220704\unittests\bin\unittests.dll" id="e55f1742-c16d-5086-2251-ad3372dd48f5">
      <Execution id="18ccb411-86f1-44d3-a9a1-02f8e48dbd2f" />
      <TestMethod codeBase="D:\a\MyModule20220704\MyModule20220704\UnitTests\bin\UnitTests.dll" adapterTypeName="executor://xunit/VsTestRunner2/net" className="UnitTests.Controllers.ValidateModelAttributeTests" name="OnActionExecuting_Valid_Works" />
    </UnitTest>
    <UnitTest name="UnitTests.Data.Repositories.GenericRepositoryTests.GenericRepositoryGetsAll(iterations: 1)" storage="d:\a\mymodule20220704\mymodule20220704\unittests\bin\unittests.dll" id="d16880d7-fb44-f209-43d9-ba2e0e1875de">
      <Execution id="37a9d81c-920b-4213-8832-0ec709319d81" />
      <TestMethod codeBase="D:\a\MyModule20220704\MyModule20220704\UnitTests\bin\UnitTests.dll" adapterTypeName="executor://xunit/VsTestRunner2/net" className="UnitTests.Data.Repositories.GenericRepositoryTests" name="GenericRepositoryGetsAll" />
    </UnitTest>
    <UnitTest name="UnitTests.Services.ItemServiceTests.UpdateItem_NullDto_Throws" storage="d:\a\mymodule20220704\mymodule20220704\unittests\bin\unittests.dll" id="263c08b1-704a-f3c2-309e-6dee831dbdc9">
      <Execution id="10d83d49-a65a-4fa5-8387-7532fd6a473f" />
      <TestMethod codeBase="D:\a\MyModule20220704\MyModule20220704\UnitTests\bin\UnitTests.dll" adapterTypeName="executor://xunit/VsTestRunner2/net" className="UnitTests.Services.ItemServiceTests" name="UpdateItem_NullDto_Throws" />
    </UnitTest>
    <UnitTest name="UnitTests.Services.LoggingServiceTests.LoggingService_DefaultConstructorExists" storage="d:\a\mymodule20220704\mymodule20220704\unittests\bin\unittests.dll" id="8ba31d1b-48e3-e04e-cff0-b927c63b4a19">
      <Execution id="996a052a-f52c-445d-a42d-acb35e42db5b" />
      <TestMethod codeBase="D:\a\MyModule20220704\MyModule20220704\UnitTests\bin\UnitTests.dll" adapterTypeName="executor://xunit/VsTestRunner2/net" className="UnitTests.Services.LoggingServiceTests" name="LoggingService_DefaultConstructorExists" />
    </UnitTest>
    <UnitTest name="UnitTests.Data.Repositories.GenericRepositoryTests.GenericRepositoryCreate_ThrowsWithNullEntity" storage="d:\a\mymodule20220704\mymodule20220704\unittests\bin\unittests.dll" id="36689490-09d4-917f-648a-70dcfcfede10">
      <Execution id="e5890b7b-56b6-4f1b-a92e-6ffc1246b986" />
      <TestMethod codeBase="D:\a\MyModule20220704\MyModule20220704\UnitTests\bin\UnitTests.dll" adapterTypeName="executor://xunit/VsTestRunner2/net" className="UnitTests.Data.Repositories.GenericRepositoryTests" name="GenericRepositoryCreate_ThrowsWithNullEntity" />
    </UnitTest>
    <UnitTest name="UnitTests.Controllers.ItemControllerTests.CreateItem_Creates" storage="d:\a\mymodule20220704\mymodule20220704\unittests\bin\unittests.dll" id="588a2c1b-7788-beb2-ade0-06788d455d25">
      <Execution id="138bf7a8-826b-42e6-aa8f-6dd0bb5dce07" />
      <TestMethod codeBase="D:\a\MyModule20220704\MyModule20220704\UnitTests\bin\UnitTests.dll" adapterTypeName="executor://xunit/VsTestRunner2/net" className="UnitTests.Controllers.ItemControllerTests" name="CreateItem_Creates" />
    </UnitTest>
    <UnitTest name="UnitTests.Controllers.ModuleApiControllerTests.CanEdit_Set_Throws" storage="d:\a\mymodule20220704\mymodule20220704\unittests\bin\unittests.dll" id="5f92ec4d-d570-0452-b891-d4cee75db9dd">
      <Execution id="b6ac6035-3b45-4b0c-a4a1-27913d0dfaca" />
      <TestMethod codeBase="D:\a\MyModule20220704\MyModule20220704\UnitTests\bin\UnitTests.dll" adapterTypeName="executor://xunit/VsTestRunner2/net" className="UnitTests.Controllers.ModuleApiControllerTests" name="CanEdit_Set_Throws" />
    </UnitTest>
    <UnitTest name="UnitTests.Data.Repositories.GenericRepositoryTests.Repository_Create_UsesUserId" storage="d:\a\mymodule20220704\mymodule20220704\unittests\bin\unittests.dll" id="e1c7f76f-6195-c844-23c0-304b47fbae66">
      <Execution id="71391979-9bbe-45ff-a2bb-6d89001f9222" />
      <TestMethod codeBase="D:\a\MyModule20220704\MyModule20220704\UnitTests\bin\UnitTests.dll" adapterTypeName="executor://xunit/VsTestRunner2/net" className="UnitTests.Data.Repositories.GenericRepositoryTests" name="Repository_Create_UsesUserId" />
    </UnitTest>
    <UnitTest name="UnitTests.Controllers.ItemControllerTests.UpdateItem_Updates" storage="d:\a\mymodule20220704\mymodule20220704\unittests\bin\unittests.dll" id="315adde5-f36d-a74f-aa46-fb22a0f78cd9">
      <Execution id="20dc87b8-d432-4808-b580-3ee57630dbb9" />
      <TestMethod codeBase="D:\a\MyModule20220704\MyModule20220704\UnitTests\bin\UnitTests.dll" adapterTypeName="executor://xunit/VsTestRunner2/net" className="UnitTests.Controllers.ItemControllerTests" name="UpdateItem_Updates" />
    </UnitTest>
    <UnitTest name="UnitTests.Controllers.ModuleExceptionFilterAttributeTests.ArgumentException_BadRequest" storage="d:\a\mymodule20220704\mymodule20220704\unittests\bin\unittests.dll" id="a21637b0-54f8-4fa0-bc3b-95481a9fd90b">
      <Execution id="ebaf85eb-43eb-4a37-b5a1-a99e375b0430" />
      <TestMethod codeBase="D:\a\MyModule20220704\MyModule20220704\UnitTests\bin\UnitTests.dll" adapterTypeName="executor://xunit/VsTestRunner2/net" className="UnitTests.Controllers.ModuleExceptionFilterAttributeTests" name="ArgumentException_BadRequest" />
    </UnitTest>
    <UnitTest name="UnitTests.Data.Repositories.GenericRepositoryTests.GetPage_Pages(page: 3, pageSize: 20, expectedItems: 10, expectedPages: 3)" storage="d:\a\mymodule20220704\mymodule20220704\unittests\bin\unittests.dll" id="74c28fcf-aa9b-2bab-0ff6-cfa98a0ddf49">
      <Execution id="d2eb9f2d-72ca-4768-9ccd-2327e0b89c7d" />
      <TestMethod codeBase="D:\a\MyModule20220704\MyModule20220704\UnitTests\bin\UnitTests.dll" adapterTypeName="executor://xunit/VsTestRunner2/net" className="UnitTests.Data.Repositories.GenericRepositoryTests" name="GetPage_Pages" />
    </UnitTest>
    <UnitTest name="UnitTests.Controllers.ModuleExceptionFilterAttributeTests.NoException_DoesNothing" storage="d:\a\mymodule20220704\mymodule20220704\unittests\bin\unittests.dll" id="113f48ce-a6a3-c5df-7589-ba5a5fcb9c59">
      <Execution id="5b8a540e-5cec-42bf-99f0-f4224a6c96b6" />
      <TestMethod codeBase="D:\a\MyModule20220704\MyModule20220704\UnitTests\bin\UnitTests.dll" adapterTypeName="executor://xunit/VsTestRunner2/net" className="UnitTests.Controllers.ModuleExceptionFilterAttributeTests" name="NoException_DoesNothing" />
    </UnitTest>
    <UnitTest name="UnitTests.Controllers.ItemControllerTests.GetItemsPage_GetsProperPages" storage="d:\a\mymodule20220704\mymodule20220704\unittests\bin\unittests.dll" id="1017c6c1-9dd0-57dc-36e7-bb573d02562e">
      <Execution id="c6099e8d-f1bc-4fa0-977a-bee5f7b977c7" />
      <TestMethod codeBase="D:\a\MyModule20220704\MyModule20220704\UnitTests\bin\UnitTests.dll" adapterTypeName="executor://xunit/VsTestRunner2/net" className="UnitTests.Controllers.ItemControllerTests" name="GetItemsPage_GetsProperPages" />
    </UnitTest>
    <UnitTest name="UnitTests.Data.Repositories.GenericRepositoryTests.GenericRepositoryDeletes" storage="d:\a\mymodule20220704\mymodule20220704\unittests\bin\unittests.dll" id="0bc54975-0bff-692e-a9b3-fc69f2c95a39">
      <Execution id="b579fb27-7335-41d4-801b-053c0dab9713" />
      <TestMethod codeBase="D:\a\MyModule20220704\MyModule20220704\UnitTests\bin\UnitTests.dll" adapterTypeName="executor://xunit/VsTestRunner2/net" className="UnitTests.Data.Repositories.GenericRepositoryTests" name="GenericRepositoryDeletes" />
    </UnitTest>
    <UnitTest name="UnitTests.Controllers.ItemControllerTests.DeleteItem_Deletes(itemId: 10)" storage="d:\a\mymodule20220704\mymodule20220704\unittests\bin\unittests.dll" id="d6094ca1-b65b-5133-f464-9f7d01f0d023">
      <Execution id="227fea35-9b89-4960-a91a-d3b3e2ad6092" />
      <TestMethod codeBase="D:\a\MyModule20220704\MyModule20220704\UnitTests\bin\UnitTests.dll" adapterTypeName="executor://xunit/VsTestRunner2/net" className="UnitTests.Controllers.ItemControllerTests" name="DeleteItem_Deletes" />
    </UnitTest>
    <UnitTest name="UnitTests.Data.Repositories.GenericRepositoryTests.GenericRepositoryUpdates" storage="d:\a\mymodule20220704\mymodule20220704\unittests\bin\unittests.dll" id="70ede014-c412-e387-bb98-e95b3b42090d">
      <Execution id="0b41eed0-ad60-488c-a49c-845cdef97113" />
      <TestMethod codeBase="D:\a\MyModule20220704\MyModule20220704\UnitTests\bin\UnitTests.dll" adapterTypeName="executor://xunit/VsTestRunner2/net" className="UnitTests.Data.Repositories.GenericRepositoryTests" name="GenericRepositoryUpdates" />
    </UnitTest>
    <UnitTest name="UnitTests.Data.Repositories.GenericRepositoryTests.Repository_Update_DefaultAudit" storage="d:\a\mymodule20220704\mymodule20220704\unittests\bin\unittests.dll" id="44b00d3a-bad7-aefd-141c-4a35b11463b2">
      <Execution id="a3fc1745-6075-46e9-bfec-d87b08b707ec" />
      <TestMethod codeBase="D:\a\MyModule20220704\MyModule20220704\UnitTests\bin\UnitTests.dll" adapterTypeName="executor://xunit/VsTestRunner2/net" className="UnitTests.Data.Repositories.GenericRepositoryTests" name="Repository_Update_DefaultAudit" />
    </UnitTest>
    <UnitTest name="UnitTests.Services.ItemServiceTests.UpdateItem_Updates" storage="d:\a\mymodule20220704\mymodule20220704\unittests\bin\unittests.dll" id="130d9133-361f-a0da-f15e-423eb98947ac">
      <Execution id="3ae0beb1-da6c-49ca-ab8e-f2b71bfa34d3" />
      <TestMethod codeBase="D:\a\MyModule20220704\MyModule20220704\UnitTests\bin\UnitTests.dll" adapterTypeName="executor://xunit/VsTestRunner2/net" className="UnitTests.Services.ItemServiceTests" name="UpdateItem_Updates" />
    </UnitTest>
    <UnitTest name="UnitTests.Data.Repositories.GenericRepositoryTests.GenericRepositoryGetsAll(iterations: 2)" storage="d:\a\mymodule20220704\mymodule20220704\unittests\bin\unittests.dll" id="ffe5c770-9b99-42c0-ce21-7e50cccf4385">
      <Execution id="84dbdb43-bbb0-49d9-ba80-3bb82e623692" />
      <TestMethod codeBase="D:\a\MyModule20220704\MyModule20220704\UnitTests\bin\UnitTests.dll" adapterTypeName="executor://xunit/VsTestRunner2/net" className="UnitTests.Data.Repositories.GenericRepositoryTests" name="GenericRepositoryGetsAll" />
    </UnitTest>
    <UnitTest name="UnitTests.Data.Repositories.GenericRepositoryTests.GenericRepositoryGetsAll(iterations: 0)" storage="d:\a\mymodule20220704\mymodule20220704\unittests\bin\unittests.dll" id="4fe0dd0f-2fa0-9c42-e816-a6df28150b72">
      <Execution id="746cda2f-fb11-43d1-a57a-53523390b280" />
      <TestMethod codeBase="D:\a\MyModule20220704\MyModule20220704\UnitTests\bin\UnitTests.dll" adapterTypeName="executor://xunit/VsTestRunner2/net" className="UnitTests.Data.Repositories.GenericRepositoryTests" name="GenericRepositoryGetsAll" />
    </UnitTest>
    <UnitTest name="UnitTests.Data.Repositories.GenericRepositoryTests.GetPage_Pages(page: 1, pageSize: 10, expectedItems: 10, expectedPages: 5)" storage="d:\a\mymodule20220704\mymodule20220704\unittests\bin\unittests.dll" id="c5867bfe-f023-3ae4-485c-eae070f2ace9">
      <Execution id="ed66a5c8-c4b3-4a6e-9044-c154458ccb1c" />
      <TestMethod codeBase="D:\a\MyModule20220704\MyModule20220704\UnitTests\bin\UnitTests.dll" adapterTypeName="executor://xunit/VsTestRunner2/net" className="UnitTests.Data.Repositories.GenericRepositoryTests" name="GetPage_Pages" />
    </UnitTest>
    <UnitTest name="UnitTests.Common.Extensions.IQueryableExtensionsTests.Order_OrdersBothWays(descending: False, expected: [1, 2, 3])" storage="d:\a\mymodule20220704\mymodule20220704\unittests\bin\unittests.dll" id="248341cb-553e-e275-a8eb-499567f40929">
      <Execution id="13bc5648-6f38-49f2-8344-819f7ed7d1a6" />
      <TestMethod codeBase="D:\a\MyModule20220704\MyModule20220704\UnitTests\bin\UnitTests.dll" adapterTypeName="executor://xunit/VsTestRunner2/net" className="UnitTests.Common.Extensions.IQueryableExtensionsTests" name="Order_OrdersBothWays" />
    </UnitTest>
    <UnitTest name="UnitTests.Data.Repositories.GenericRepositoryTests.GetPage_Pages(page: 0, pageSize: 0, expectedItems: 1, expectedPages: 50)" storage="d:\a\mymodule20220704\mymodule20220704\unittests\bin\unittests.dll" id="3688eeeb-2a1a-6ffa-a193-543baf24437a">
      <Execution id="941f128b-8cc7-49f0-a360-a05051ccba35" />
      <TestMethod codeBase="D:\a\MyModule20220704\MyModule20220704\UnitTests\bin\UnitTests.dll" adapterTypeName="executor://xunit/VsTestRunner2/net" className="UnitTests.Data.Repositories.GenericRepositoryTests" name="GetPage_Pages" />
    </UnitTest>
    <UnitTest name="UnitTests.Services.ItemServiceTests.CreateItem_NoItemThrows" storage="d:\a\mymodule20220704\mymodule20220704\unittests\bin\unittests.dll" id="f5652070-1b22-f5a7-3f3f-68b37c9184a8">
      <Execution id="ddb7aee7-40f1-478e-9941-2b20cfd85a12" />
      <TestMethod codeBase="D:\a\MyModule20220704\MyModule20220704\UnitTests\bin\UnitTests.dll" adapterTypeName="executor://xunit/VsTestRunner2/net" className="UnitTests.Services.ItemServiceTests" name="CreateItem_NoItemThrows" />
    </UnitTest>
    <UnitTest name="UnitTests.Data.Entities.ItemTests.ItemPropertiesPersist(id: 1, name: &quot;Name1&quot;, description: &quot;Description1&quot;)" storage="d:\a\mymodule20220704\mymodule20220704\unittests\bin\unittests.dll" id="392ed628-2028-c945-b97e-893658a1e82b">
      <Execution id="036ccd8f-33d7-46c7-81d1-e70509015abd" />
      <TestMethod codeBase="D:\a\MyModule20220704\MyModule20220704\UnitTests\bin\UnitTests.dll" adapterTypeName="executor://xunit/VsTestRunner2/net" className="UnitTests.Data.Entities.ItemTests" name="ItemPropertiesPersist" />
    </UnitTest>
  </TestDefinitions>
  <TestEntries>
    <TestEntry testId="e6e0a140-85e7-6935-6160-ab95ecfd3c8a" executionId="8076fc74-e7aa-41b6-8d2a-5e6dfea51b1e" testListId="8c84fa94-04c1-424b-9868-57a2d4851a1d" />
    <TestEntry testId="44b00d3a-bad7-aefd-141c-4a35b11463b2" executionId="a3fc1745-6075-46e9-bfec-d87b08b707ec" testListId="8c84fa94-04c1-424b-9868-57a2d4851a1d" />
    <TestEntry testId="e1c7f76f-6195-c844-23c0-304b47fbae66" executionId="71391979-9bbe-45ff-a2bb-6d89001f9222" testListId="8c84fa94-04c1-424b-9868-57a2d4851a1d" />
    <TestEntry testId="3cbfa5d3-e0f6-eff8-ed5c-556fa1f3e131" executionId="ab6382d0-c24d-46de-9c49-dde20c121a7b" testListId="8c84fa94-04c1-424b-9868-57a2d4851a1d" />
    <TestEntry testId="a21637b0-54f8-4fa0-bc3b-95481a9fd90b" executionId="91c5bf93-bb3a-4c5e-995b-1688e4a85007" testListId="8c84fa94-04c1-424b-9868-57a2d4851a1d" />
    <TestEntry testId="70ede014-c412-e387-bb98-e95b3b42090d" executionId="0b41eed0-ad60-488c-a49c-845cdef97113" testListId="8c84fa94-04c1-424b-9868-57a2d4851a1d" />
    <TestEntry testId="478b61ee-7d85-9dbe-985d-08c590f8666a" executionId="743973cd-f363-4408-b86f-85bb6ea79198" testListId="8c84fa94-04c1-424b-9868-57a2d4851a1d" />
    <TestEntry testId="0bc54975-0bff-692e-a9b3-fc69f2c95a39" executionId="b579fb27-7335-41d4-801b-053c0dab9713" testListId="8c84fa94-04c1-424b-9868-57a2d4851a1d" />
    <TestEntry testId="8ba31d1b-48e3-e04e-cff0-b927c63b4a19" executionId="996a052a-f52c-445d-a42d-acb35e42db5b" testListId="8c84fa94-04c1-424b-9868-57a2d4851a1d" />
    <TestEntry testId="a21637b0-54f8-4fa0-bc3b-95481a9fd90b" executionId="e0b987fc-4688-4b35-ba7a-29c12bb5901e" testListId="8c84fa94-04c1-424b-9868-57a2d4851a1d" />
    <TestEntry testId="96a18501-dea4-70b1-d572-baa1bb120da2" executionId="eac1dc2b-e142-4add-ae18-1e737fdaeab9" testListId="8c84fa94-04c1-424b-9868-57a2d4851a1d" />
    <TestEntry testId="ac1c50bc-98fd-036f-fe0f-d46cb187f90e" executionId="febc2849-bb7d-40bb-bac3-5384df11ad07" testListId="8c84fa94-04c1-424b-9868-57a2d4851a1d" />
    <TestEntry testId="74c28fcf-aa9b-2bab-0ff6-cfa98a0ddf49" executionId="d2eb9f2d-72ca-4768-9ccd-2327e0b89c7d" testListId="8c84fa94-04c1-424b-9868-57a2d4851a1d" />
    <TestEntry testId="ae39aa62-5ff2-56e7-d00e-ef116d711d51" executionId="7ee47e83-2f91-4c3e-9e67-ba3593460b7f" testListId="8c84fa94-04c1-424b-9868-57a2d4851a1d" />
    <TestEntry testId="ac2a99ba-3563-74a9-7d4c-8e91a58cd097" executionId="2dc6cd43-25b9-454e-b864-5c6b372e9877" testListId="8c84fa94-04c1-424b-9868-57a2d4851a1d" />
    <TestEntry testId="248341cb-553e-e275-a8eb-499567f40929" executionId="13bc5648-6f38-49f2-8344-819f7ed7d1a6" testListId="8c84fa94-04c1-424b-9868-57a2d4851a1d" />
    <TestEntry testId="aec60494-3c2e-8ec9-f948-da5bb2043983" executionId="19617505-82ac-464e-b763-d954c585219a" testListId="8c84fa94-04c1-424b-9868-57a2d4851a1d" />
    <TestEntry testId="36689490-09d4-917f-648a-70dcfcfede10" executionId="e5890b7b-56b6-4f1b-a92e-6ffc1246b986" testListId="8c84fa94-04c1-424b-9868-57a2d4851a1d" />
    <TestEntry testId="320e3c11-11d1-b3ef-0d2e-5e474f674ff1" executionId="4a02439e-bbba-42e2-aab5-96caca33ec8f" testListId="8c84fa94-04c1-424b-9868-57a2d4851a1d" />
    <TestEntry testId="986d7e6e-d04d-b204-b01c-fbb8f09c7774" executionId="71d6c591-c065-40e7-a93a-146be25413df" testListId="8c84fa94-04c1-424b-9868-57a2d4851a1d" />
    <TestEntry testId="5f92ec4d-d570-0452-b891-d4cee75db9dd" executionId="b6ac6035-3b45-4b0c-a4a1-27913d0dfaca" testListId="8c84fa94-04c1-424b-9868-57a2d4851a1d" />
    <TestEntry testId="a9198ad3-782e-a37c-0b5f-1330f5318f55" executionId="d44a18ed-79c1-4749-bcc4-3dab3396fa20" testListId="8c84fa94-04c1-424b-9868-57a2d4851a1d" />
    <TestEntry testId="61a8ccc9-c5b1-047b-3c97-f777ccc7d30b" executionId="16ce5317-2715-48ea-a7be-b098101630f7" testListId="8c84fa94-04c1-424b-9868-57a2d4851a1d" />
    <TestEntry testId="a21637b0-54f8-4fa0-bc3b-95481a9fd90b" executionId="38a855b0-840b-44c2-a141-18f034af0284" testListId="8c84fa94-04c1-424b-9868-57a2d4851a1d" />
    <TestEntry testId="113f48ce-a6a3-c5df-7589-ba5a5fcb9c59" executionId="5b8a540e-5cec-42bf-99f0-f4224a6c96b6" testListId="8c84fa94-04c1-424b-9868-57a2d4851a1d" />
    <TestEntry testId="d16880d7-fb44-f209-43d9-ba2e0e1875de" executionId="37a9d81c-920b-4213-8832-0ec709319d81" testListId="8c84fa94-04c1-424b-9868-57a2d4851a1d" />
    <TestEntry testId="d6094ca1-b65b-5133-f464-9f7d01f0d023" executionId="227fea35-9b89-4960-a91a-d3b3e2ad6092" testListId="8c84fa94-04c1-424b-9868-57a2d4851a1d" />
    <TestEntry testId="263c08b1-704a-f3c2-309e-6dee831dbdc9" executionId="10d83d49-a65a-4fa5-8387-7532fd6a473f" testListId="8c84fa94-04c1-424b-9868-57a2d4851a1d" />
    <TestEntry testId="f5652070-1b22-f5a7-3f3f-68b37c9184a8" executionId="ddb7aee7-40f1-478e-9941-2b20cfd85a12" testListId="8c84fa94-04c1-424b-9868-57a2d4851a1d" />
    <TestEntry testId="392ed628-2028-c945-b97e-893658a1e82b" executionId="036ccd8f-33d7-46c7-81d1-e70509015abd" testListId="8c84fa94-04c1-424b-9868-57a2d4851a1d" />
    <TestEntry testId="3688eeeb-2a1a-6ffa-a193-543baf24437a" executionId="941f128b-8cc7-49f0-a360-a05051ccba35" testListId="8c84fa94-04c1-424b-9868-57a2d4851a1d" />
    <TestEntry testId="e4f8faa7-d0ad-86e6-1579-7bd52372b4c3" executionId="acd5ea33-4a28-4df9-aa61-a48d0872014e" testListId="8c84fa94-04c1-424b-9868-57a2d4851a1d" />
    <TestEntry testId="588a2c1b-7788-beb2-ade0-06788d455d25" executionId="138bf7a8-826b-42e6-aa8f-6dd0bb5dce07" testListId="8c84fa94-04c1-424b-9868-57a2d4851a1d" />
    <TestEntry testId="d1c63cb7-1f9a-a8bf-a217-a4cbb4e5f73b" executionId="ed96c010-a7d1-4c5d-a6aa-82f9f46b6dd8" testListId="8c84fa94-04c1-424b-9868-57a2d4851a1d" />
    <TestEntry testId="ad3412e8-5f64-2020-a5b6-bd4cca8c3b7d" executionId="411edf2d-8cb5-44ab-9fdc-5ed48adccc0c" testListId="8c84fa94-04c1-424b-9868-57a2d4851a1d" />
    <TestEntry testId="e55f1742-c16d-5086-2251-ad3372dd48f5" executionId="18ccb411-86f1-44d3-a9a1-02f8e48dbd2f" testListId="8c84fa94-04c1-424b-9868-57a2d4851a1d" />
    <TestEntry testId="0247c7e7-7d1c-099b-2ac8-81a47ff2509a" executionId="cb609c42-ee9c-464d-9a96-ed3968165ba9" testListId="8c84fa94-04c1-424b-9868-57a2d4851a1d" />
    <TestEntry testId="b76e01b1-6afe-f33b-c6a9-ea3347176509" executionId="02fdf55f-dfc9-4936-912e-ac7ef3b1c017" testListId="8c84fa94-04c1-424b-9868-57a2d4851a1d" />
    <TestEntry testId="168fc980-36e3-101b-62b1-f5ab71e9fc0d" executionId="e1911811-7600-497c-abaa-9d7ab4f9f0ba" testListId="8c84fa94-04c1-424b-9868-57a2d4851a1d" />
    <TestEntry testId="e6610648-e456-1c64-d2b1-7e1242b871a8" executionId="c7ef119d-7418-4156-b0a8-a2bdd88cc1f7" testListId="8c84fa94-04c1-424b-9868-57a2d4851a1d" />
    <TestEntry testId="ffe5c770-9b99-42c0-ce21-7e50cccf4385" executionId="84dbdb43-bbb0-49d9-ba80-3bb82e623692" testListId="8c84fa94-04c1-424b-9868-57a2d4851a1d" />
    <TestEntry testId="a21637b0-54f8-4fa0-bc3b-95481a9fd90b" executionId="54238e8c-3e7f-4154-b048-7d145555d9f3" testListId="8c84fa94-04c1-424b-9868-57a2d4851a1d" />
    <TestEntry testId="24cfa8b0-48c3-8aab-e4c2-88694c220e2c" executionId="5b65b801-1376-4ddc-bd81-f4551f5c3d9f" testListId="8c84fa94-04c1-424b-9868-57a2d4851a1d" />
    <TestEntry testId="1017c6c1-9dd0-57dc-36e7-bb573d02562e" executionId="c6099e8d-f1bc-4fa0-977a-bee5f7b977c7" testListId="8c84fa94-04c1-424b-9868-57a2d4851a1d" />
    <TestEntry testId="1a74e347-4470-5271-97ab-1ebaf8693270" executionId="5d15c3d7-8591-4131-9b81-c6b75e46c922" testListId="8c84fa94-04c1-424b-9868-57a2d4851a1d" />
    <TestEntry testId="99806ad3-88f0-7495-8b3e-3799a4bbb6aa" executionId="10307db2-0d64-4ddc-b6aa-df2642357bf4" testListId="8c84fa94-04c1-424b-9868-57a2d4851a1d" />
    <TestEntry testId="9168bdef-a759-f4d6-b890-b643e17324cf" executionId="ba4ec61c-f3b2-4ce9-a87c-1f8812452542" testListId="8c84fa94-04c1-424b-9868-57a2d4851a1d" />
    <TestEntry testId="c5867bfe-f023-3ae4-485c-eae070f2ace9" executionId="ed66a5c8-c4b3-4a6e-9044-c154458ccb1c" testListId="8c84fa94-04c1-424b-9868-57a2d4851a1d" />
    <TestEntry testId="130d9133-361f-a0da-f15e-423eb98947ac" executionId="3ae0beb1-da6c-49ca-ab8e-f2b71bfa34d3" testListId="8c84fa94-04c1-424b-9868-57a2d4851a1d" />
    <TestEntry testId="4fe0dd0f-2fa0-9c42-e816-a6df28150b72" executionId="746cda2f-fb11-43d1-a57a-53523390b280" testListId="8c84fa94-04c1-424b-9868-57a2d4851a1d" />
    <TestEntry testId="a21637b0-54f8-4fa0-bc3b-95481a9fd90b" executionId="36a5e593-f281-4e7d-b2c3-7985507de4e8" testListId="8c84fa94-04c1-424b-9868-57a2d4851a1d" />
    <TestEntry testId="572fc310-4b67-9555-f147-153d39f2eb82" executionId="8b2031af-8466-492a-b771-e48d794faa92" testListId="8c84fa94-04c1-424b-9868-57a2d4851a1d" />
    <TestEntry testId="b6579d24-7c4e-c42d-2ead-85e0f30e0a64" executionId="ec7ba51d-ea1d-4ddf-8346-ee941b663510" testListId="8c84fa94-04c1-424b-9868-57a2d4851a1d" />
    <TestEntry testId="0ebf358f-9eac-9438-b418-9c6aa81a6377" executionId="87f0eff4-6d60-40f9-bb2c-a7d19f2c6f37" testListId="8c84fa94-04c1-424b-9868-57a2d4851a1d" />
    <TestEntry testId="a21637b0-54f8-4fa0-bc3b-95481a9fd90b" executionId="ebaf85eb-43eb-4a37-b5a1-a99e375b0430" testListId="8c84fa94-04c1-424b-9868-57a2d4851a1d" />
    <TestEntry testId="19b6234c-c2df-2304-54f9-54b0da4cd6ba" executionId="4b701cd9-fc27-4eb7-bdae-d544d2ab04a0" testListId="8c84fa94-04c1-424b-9868-57a2d4851a1d" />
    <TestEntry testId="f754f777-4449-23e8-f4ec-917f49117de2" executionId="986bc6cf-be77-48b2-8aab-864acc9cbdb6" testListId="8c84fa94-04c1-424b-9868-57a2d4851a1d" />
    <TestEntry testId="1c164fbc-1ab1-9884-ccb8-9e84f4c977d0" executionId="ef4ba03d-4e12-459c-949d-50d23def9f09" testListId="8c84fa94-04c1-424b-9868-57a2d4851a1d" />
    <TestEntry testId="d15ea2a7-9f9f-b92b-50fa-470898da705d" executionId="52cce5cd-c699-49da-80b6-4ba6d9029632" testListId="8c84fa94-04c1-424b-9868-57a2d4851a1d" />
    <TestEntry testId="d6cab32e-cf28-1ba8-73a6-76c46cb62c4a" executionId="b2dbb552-5556-4479-abbc-adfdaa353d9a" testListId="8c84fa94-04c1-424b-9868-57a2d4851a1d" />
    <TestEntry testId="92b7b9f6-1294-7ea1-ffa3-91fba85074d4" executionId="8bcac320-2bd6-4ef6-a6be-05014490561f" testListId="8c84fa94-04c1-424b-9868-57a2d4851a1d" />
    <TestEntry testId="315adde5-f36d-a74f-aa46-fb22a0f78cd9" executionId="20dc87b8-d432-4808-b580-3ee57630dbb9" testListId="8c84fa94-04c1-424b-9868-57a2d4851a1d" />
    <TestEntry testId="bae3532a-4a9e-c4ab-fc66-4dfa22d16170" executionId="c62d0127-25b1-41c1-a114-8e8daaad02d8" testListId="8c84fa94-04c1-424b-9868-57a2d4851a1d" />
  </TestEntries>
  <TestLists>
    <TestList name="Results Not in a List" id="8c84fa94-04c1-424b-9868-57a2d4851a1d" />
    <TestList name="All Loaded Results" id="19431567-8539-422a-85d7-44ee4e166bda" />
  </TestLists>
  <ResultSummary outcome="Completed">
    <Counters total="63" executed="63" passed="63" failed="0" error="0" timeout="0" aborted="0" inconclusive="0" passedButRunAborted="0" notRunnable="0" notExecuted="0" disconnected="0" warning="0" completed="0" inProgress="0" pending="0" />
    <Output>
      <StdOut>[xUnit.net 00:00:00.00] xUnit.net VSTest Adapter v2.4.3+1b45f5407b (32-bit Desktop .NET 4.0.30319.42000)&#xD;
[xUnit.net 00:00:00.87]   Discovering: UnitTests&#xD;
[xUnit.net 00:00:01.05]   Discovered:  UnitTests&#xD;
[xUnit.net 00:00:01.05]   Starting:    UnitTests&#xD;
[xUnit.net 00:00:05.49]   Finished:    UnitTests&#xD;
</StdOut>
    </Output>
  </ResultSummary>
</TestRun>