<?xml version="1.0" encoding="utf-8"?>
<TestRun id="249c8290-d8f4-46d7-8b1c-f38787140b8d" name="runneradmin@fv-az448-103 2022-07-04 19:25:54" runUser="fv-az448-103\runneradmin" xmlns="http://microsoft.com/schemas/VisualStudio/TeamTest/2010">
  <Times creation="2022-07-04T19:25:54.5066092+00:00" queuing="2022-07-04T19:25:54.5066094+00:00" start="2022-07-04T19:25:52.6106359+00:00" finish="2022-07-04T19:25:58.9563134+00:00" />
  <TestSettings name="default" id="476f7bd7-4cc3-42f7-b078-c3d2b82d6389">
    <Deployment runDeploymentRoot="runneradmin_fv-az448-103_2022-07-04_19_25_54" />
  </TestSettings>
  <Results>
    <UnitTestResult executionId="9371a24d-549c-418e-9272-280785c68d63" testId="24cfa8b0-48c3-8aab-e4c2-88694c220e2c" testName="UnitTests.Data.Repositories.GenericRepositoryTests.GenericRepositoryUpdate_ThrowsWithNullEntity" computerName="fv-az448-103" duration="00:00:00.0010000" startTime="2022-07-04T19:25:58.8163148+00:00" endTime="2022-07-04T19:25:58.8163148+00:00" testType="13cdc9d9-ddb5-4fa4-a97d-d965ccfc6d4b" outcome="Passed" testListId="8c84fa94-04c1-424b-9868-57a2d4851a1d" relativeResultsDirectory="9371a24d-549c-418e-9272-280785c68d63" />
    <UnitTestResult executionId="89da2d0e-55c4-4ef2-8fc2-b58764acdb71" testId="ad3412e8-5f64-2020-a5b6-bd4cca8c3b7d" testName="UnitTests.Data.Repositories.GenericRepositoryTests.GenericRepositoryGet" computerName="fv-az448-103" duration="00:00:00.1010000" startTime="2022-07-04T19:25:57.5372972+00:00" endTime="2022-07-04T19:25:57.5372972+00:00" testType="13cdc9d9-ddb5-4fa4-a97d-d965ccfc6d4b" outcome="Passed" testListId="8c84fa94-04c1-424b-9868-57a2d4851a1d" relativeResultsDirectory="89da2d0e-55c4-4ef2-8fc2-b58764acdb71" />
    <UnitTestResult executionId="807599d5-bd09-4f6c-9ade-cef2434e30df" testId="ac1c50bc-98fd-036f-fe0f-d46cb187f90e" testName="UnitTests.Services.LoggingServiceTests.LogginService_TestableConstructorLogsError" computerName="fv-az448-103" duration="00:00:00.0130000" startTime="2022-07-04T19:25:55.3940338+00:00" endTime="2022-07-04T19:25:55.3940338+00:00" testType="13cdc9d9-ddb5-4fa4-a97d-d965ccfc6d4b" outcome="Passed" testListId="8c84fa94-04c1-424b-9868-57a2d4851a1d" relativeResultsDirectory="807599d5-bd09-4f6c-9ade-cef2434e30df" />
    <UnitTestResult executionId="99695bfe-e857-4552-9ae7-0f1f51f451de" testId="0ebf358f-9eac-9438-b418-9c6aa81a6377" testName="UnitTests.Data.Repositories.GenericRepositoryTests.Repository_Update_UsesuserId" computerName="fv-az448-103" duration="00:00:00.0220000" startTime="2022-07-04T19:25:57.5602959+00:00" endTime="2022-07-04T19:25:57.5602959+00:00" testType="13cdc9d9-ddb5-4fa4-a97d-d965ccfc6d4b" outcome="Passed" testListId="8c84fa94-04c1-424b-9868-57a2d4851a1d" relativeResultsDirectory="99695bfe-e857-4552-9ae7-0f1f51f451de" />
    <UnitTestResult executionId="a577485d-75b0-4856-86fa-570bb3a3af65" testId="b76e01b1-6afe-f33b-c6a9-ea3347176509" testName="UnitTests.Services.ItemServiceTests.UpdateItem_NoName_Throws(name: null)" computerName="fv-az448-103" duration="00:00:00.0030000" startTime="2022-07-04T19:25:55.0610316+00:00" endTime="2022-07-04T19:25:55.0610316+00:00" testType="13cdc9d9-ddb5-4fa4-a97d-d965ccfc6d4b" outcome="Passed" testListId="8c84fa94-04c1-424b-9868-57a2d4851a1d" relativeResultsDirectory="a577485d-75b0-4856-86fa-570bb3a3af65" />
    <UnitTestResult executionId="dd6bd37c-9107-4b9e-ac6b-244c09df931d" testId="1c164fbc-1ab1-9884-ccb8-9e84f4c977d0" testName="UnitTests.Services.ItemServiceTests.UpdateItem_NoName_Throws(name: &quot; &quot;)" computerName="fv-az448-103" duration="00:00:00.0010000" startTime="2022-07-04T19:25:55.0620329+00:00" endTime="2022-07-04T19:25:55.0620329+00:00" testType="13cdc9d9-ddb5-4fa4-a97d-d965ccfc6d4b" outcome="Passed" testListId="8c84fa94-04c1-424b-9868-57a2d4851a1d" relativeResultsDirectory="dd6bd37c-9107-4b9e-ac6b-244c09df931d" />
    <UnitTestResult executionId="c912acea-2b09-4424-8f95-dfa655dbf7a5" testId="1017c6c1-9dd0-57dc-36e7-bb573d02562e" testName="UnitTests.Controllers.ItemControllerTests.GetItemsPage_GetsProperPages" computerName="fv-az448-103" duration="00:00:00.0070000" startTime="2022-07-04T19:25:54.7050315+00:00" endTime="2022-07-04T19:25:54.7050315+00:00" testType="13cdc9d9-ddb5-4fa4-a97d-d965ccfc6d4b" outcome="Passed" testListId="8c84fa94-04c1-424b-9868-57a2d4851a1d" relativeResultsDirectory="c912acea-2b09-4424-8f95-dfa655dbf7a5" />
    <UnitTestResult executionId="104de138-9571-4d56-8684-7a677d39a9c3" testId="4fe0dd0f-2fa0-9c42-e816-a6df28150b72" testName="UnitTests.Data.Repositories.GenericRepositoryTests.GenericRepositoryGetsAll(iterations: 0)" computerName="fv-az448-103" duration="00:00:00.0070000" startTime="2022-07-04T19:25:57.6132972+00:00" endTime="2022-07-04T19:25:57.6132972+00:00" testType="13cdc9d9-ddb5-4fa4-a97d-d965ccfc6d4b" outcome="Passed" testListId="8c84fa94-04c1-424b-9868-57a2d4851a1d" relativeResultsDirectory="104de138-9571-4d56-8684-7a677d39a9c3" />
    <UnitTestResult executionId="605ba623-d80f-4214-9fe9-cda50dd89c63" testId="70ede014-c412-e387-bb98-e95b3b42090d" testName="UnitTests.Data.Repositories.GenericRepositoryTests.GenericRepositoryUpdates" computerName="fv-az448-103" duration="00:00:00.0370000" startTime="2022-07-04T19:25:57.5973022+00:00" endTime="2022-07-04T19:25:57.5973022+00:00" testType="13cdc9d9-ddb5-4fa4-a97d-d965ccfc6d4b" outcome="Passed" testListId="8c84fa94-04c1-424b-9868-57a2d4851a1d" relativeResultsDirectory="605ba623-d80f-4214-9fe9-cda50dd89c63" />
    <UnitTestResult executionId="a0b435dc-dca3-4a05-a05d-99852c4a7c1d" testId="92b7b9f6-1294-7ea1-ffa3-91fba85074d4" testName="UnitTests.Services.ItemServiceTests.UpdateItem_NoName_Throws(name: &quot;  &quot;)" computerName="fv-az448-103" duration="00:00:00.0010000" startTime="2022-07-04T19:25:55.0630325+00:00" endTime="2022-07-04T19:25:55.0630325+00:00" testType="13cdc9d9-ddb5-4fa4-a97d-d965ccfc6d4b" outcome="Passed" testListId="8c84fa94-04c1-424b-9868-57a2d4851a1d" relativeResultsDirectory="a0b435dc-dca3-4a05-a05d-99852c4a7c1d" />
    <UnitTestResult executionId="a0e1a6ac-2211-449a-b1f2-d41e98940c55" testId="ffe5c770-9b99-42c0-ce21-7e50cccf4385" testName="UnitTests.Data.Repositories.GenericRepositoryTests.GenericRepositoryGetsAll(iterations: 2)" computerName="fv-az448-103" duration="00:00:00.0100000" startTime="2022-07-04T19:25:57.6062970+00:00" endTime="2022-07-04T19:25:57.6062970+00:00" testType="13cdc9d9-ddb5-4fa4-a97d-d965ccfc6d4b" outcome="Passed" testListId="8c84fa94-04c1-424b-9868-57a2d4851a1d" relativeResultsDirectory="a0e1a6ac-2211-449a-b1f2-d41e98940c55" />
    <UnitTestResult executionId="67b0317d-6cf5-4449-bd91-6b482c4bb381" testId="44b00d3a-bad7-aefd-141c-4a35b11463b2" testName="UnitTests.Data.Repositories.GenericRepositoryTests.Repository_Update_DefaultAudit" computerName="fv-az448-103" duration="00:00:00.1160000" startTime="2022-07-04T19:25:58.8153158+00:00" endTime="2022-07-04T19:25:58.8153158+00:00" testType="13cdc9d9-ddb5-4fa4-a97d-d965ccfc6d4b" outcome="Passed" testListId="8c84fa94-04c1-424b-9868-57a2d4851a1d" relativeResultsDirectory="67b0317d-6cf5-4449-bd91-6b482c4bb381" />
    <UnitTestResult executionId="a97f0b2f-c3ce-4441-9d64-cba619ebcbb2" testId="f754f777-4449-23e8-f4ec-917f49117de2" testName="UnitTests.Data.Repositories.GenericRepositoryTests.Repository_DeleteMissing_DoesNotThrow" computerName="fv-az448-103" duration="00:00:00.0090000" startTime="2022-07-04T19:25:57.6552961+00:00" endTime="2022-07-04T19:25:57.6552961+00:00" testType="13cdc9d9-ddb5-4fa4-a97d-d965ccfc6d4b" outcome="Passed" testListId="8c84fa94-04c1-424b-9868-57a2d4851a1d" relativeResultsDirectory="a97f0b2f-c3ce-4441-9d64-cba619ebcbb2" />
    <UnitTestResult executionId="364d6fa0-0aa6-4266-b0c7-49a9cad5c529" testId="d16880d7-fb44-f209-43d9-ba2e0e1875de" testName="UnitTests.Data.Repositories.GenericRepositoryTests.GenericRepositoryGetsAll(iterations: 1)" computerName="fv-az448-103" duration="00:00:00.0250000" startTime="2022-07-04T19:25:57.6472984+00:00" endTime="2022-07-04T19:25:57.6472984+00:00" testType="13cdc9d9-ddb5-4fa4-a97d-d965ccfc6d4b" outcome="Passed" testListId="8c84fa94-04c1-424b-9868-57a2d4851a1d" relativeResultsDirectory="364d6fa0-0aa6-4266-b0c7-49a9cad5c529" />
    <UnitTestResult executionId="2f90eab9-fab7-4dfb-a4b0-4fb1869322f7" testId="e6e0a140-85e7-6935-6160-ab95ecfd3c8a" testName="UnitTests.Data.Repositories.GenericRepositoryTests.GenericRepositoryCreatesAndGetsById" computerName="fv-az448-103" duration="00:00:00.0330000" startTime="2022-07-04T19:25:58.8553132+00:00" endTime="2022-07-04T19:25:58.8553132+00:00" testType="13cdc9d9-ddb5-4fa4-a97d-d965ccfc6d4b" outcome="Passed" testListId="8c84fa94-04c1-424b-9868-57a2d4851a1d" relativeResultsDirectory="2f90eab9-fab7-4dfb-a4b0-4fb1869322f7" />
    <UnitTestResult executionId="16cd7ff8-bb46-47c5-a4c1-f107c28a4087" testId="36689490-09d4-917f-648a-70dcfcfede10" testName="UnitTests.Data.Repositories.GenericRepositoryTests.GenericRepositoryCreate_ThrowsWithNullEntity" computerName="fv-az448-103" duration="00:00:00.0010000" startTime="2022-07-04T19:25:57.5392976+00:00" endTime="2022-07-04T19:25:57.5392976+00:00" testType="13cdc9d9-ddb5-4fa4-a97d-d965ccfc6d4b" outcome="Passed" testListId="8c84fa94-04c1-424b-9868-57a2d4851a1d" relativeResultsDirectory="16cd7ff8-bb46-47c5-a4c1-f107c28a4087" />
    <UnitTestResult executionId="c83f7b6a-0a3c-462e-a875-a5a5200242ec" testId="a21637b0-54f8-4fa0-bc3b-95481a9fd90b" testName="UnitTests.Controllers.ModuleExceptionFilterAttributeTests.ArgumentException_BadRequest(exception: System.ArgumentOutOfRangeException: Specified argument was out of the range of valid values.&#xD;&#xA;Parameter name: Out of range, expectedStatusCode: BadRequest)" computerName="fv-az448-103" duration="00:00:00.0010000" startTime="2022-07-04T19:25:55.4270333+00:00" endTime="2022-07-04T19:25:55.4270333+00:00" testType="13cdc9d9-ddb5-4fa4-a97d-d965ccfc6d4b" outcome="Passed" testListId="8c84fa94-04c1-424b-9868-57a2d4851a1d" relativeResultsDirectory="c83f7b6a-0a3c-462e-a875-a5a5200242ec" />
    <UnitTestResult executionId="c907322e-c4f2-4cf9-ac54-a40b9d01effa" testId="d15ea2a7-9f9f-b92b-50fa-470898da705d" testName="UnitTests.Data.Repositories.GenericRepositoryTests.GenericRepositoryGetsAll(iterations: 3)" computerName="fv-az448-103" duration="00:00:00.0090000" startTime="2022-07-04T19:25:57.6222981+00:00" endTime="2022-07-04T19:25:57.6222981+00:00" testType="13cdc9d9-ddb5-4fa4-a97d-d965ccfc6d4b" outcome="Passed" testListId="8c84fa94-04c1-424b-9868-57a2d4851a1d" relativeResultsDirectory="c907322e-c4f2-4cf9-ac54-a40b9d01effa" />
    <UnitTestResult executionId="880c0b37-880c-4f7a-a7c2-10731b9edcee" testId="3cbfa5d3-e0f6-eff8-ed5c-556fa1f3e131" testName="UnitTests.Services.ItemServiceTests.UpdateItem_NoName_Throws(name: &quot;&quot;)" computerName="fv-az448-103" duration="00:00:00.0010000" startTime="2022-07-04T19:25:55.0640325+00:00" endTime="2022-07-04T19:25:55.0640325+00:00" testType="13cdc9d9-ddb5-4fa4-a97d-d965ccfc6d4b" outcome="Passed" testListId="8c84fa94-04c1-424b-9868-57a2d4851a1d" relativeResultsDirectory="880c0b37-880c-4f7a-a7c2-10731b9edcee" />
    <UnitTestResult executionId="3ce59d30-2021-447d-bddb-bd2ada875702" testId="572fc310-4b67-9555-f147-153d39f2eb82" testName="UnitTests.Data.Entities.ItemTests.ItemConstructsProperly" computerName="fv-az448-103" duration="00:00:00.0010000" startTime="2022-07-04T19:25:54.3932478+00:00" endTime="2022-07-04T19:25:54.3932478+00:00" testType="13cdc9d9-ddb5-4fa4-a97d-d965ccfc6d4b" outcome="Passed" testListId="8c84fa94-04c1-424b-9868-57a2d4851a1d" relativeResultsDirectory="3ce59d30-2021-447d-bddb-bd2ada875702" />
    <UnitTestResult executionId="3947ce42-f07f-4247-a47f-1a36350e1c06" testId="320e3c11-11d1-b3ef-0d2e-5e474f674ff1" testName="UnitTests.Controllers.ModuleApiControllerTests.CanEdit_DefaultsToFalse" computerName="fv-az448-103" duration="00:00:00.0030000" startTime="2022-07-04T19:25:54.4360317+00:00" endTime="2022-07-04T19:25:54.4360317+00:00" testType="13cdc9d9-ddb5-4fa4-a97d-d965ccfc6d4b" outcome="Passed" testListId="8c84fa94-04c1-424b-9868-57a2d4851a1d" relativeResultsDirectory="3947ce42-f07f-4247-a47f-1a36350e1c06" />
    <UnitTestResult executionId="b4340fa4-57ee-4d5a-a93a-4c2031ad4991" testId="113f48ce-a6a3-c5df-7589-ba5a5fcb9c59" testName="UnitTests.Controllers.ModuleExceptionFilterAttributeTests.NoException_DoesNothing" computerName="fv-az448-103" duration="00:00:00.0010000" startTime="2022-07-04T19:25:55.4300325+00:00" endTime="2022-07-04T19:25:55.4300325+00:00" testType="13cdc9d9-ddb5-4fa4-a97d-d965ccfc6d4b" outcome="Passed" testListId="8c84fa94-04c1-424b-9868-57a2d4851a1d" relativeResultsDirectory="b4340fa4-57ee-4d5a-a93a-4c2031ad4991" />
    <UnitTestResult executionId="947da9d7-6806-4395-a1ac-7ceba7c25b3f" testId="f5652070-1b22-f5a7-3f3f-68b37c9184a8" testName="UnitTests.Services.ItemServiceTests.CreateItem_NoItemThrows" computerName="fv-az448-103" duration="00:00:00.0010000" startTime="2022-07-04T19:25:55.0870345+00:00" endTime="2022-07-04T19:25:55.0870345+00:00" testType="13cdc9d9-ddb5-4fa4-a97d-d965ccfc6d4b" outcome="Passed" testListId="8c84fa94-04c1-424b-9868-57a2d4851a1d" relativeResultsDirectory="947da9d7-6806-4395-a1ac-7ceba7c25b3f" />
    <UnitTestResult executionId="f4b12af8-1709-4f1c-a4ab-85740d307ee7" testId="74c28fcf-aa9b-2bab-0ff6-cfa98a0ddf49" testName="UnitTests.Data.Repositories.GenericRepositoryTests.GetPage_Pages(page: 3, pageSize: 20, expectedItems: 10, expectedPages: 3)" computerName="fv-az448-103" duration="00:00:00.0350000" startTime="2022-07-04T19:25:57.7703007+00:00" endTime="2022-07-04T19:25:57.7703007+00:00" testType="13cdc9d9-ddb5-4fa4-a97d-d965ccfc6d4b" outcome="Passed" testListId="8c84fa94-04c1-424b-9868-57a2d4851a1d" relativeResultsDirectory="f4b12af8-1709-4f1c-a4ab-85740d307ee7" />
    <UnitTestResult executionId="62d2e981-1d5c-4173-b119-dc520e7f0dae" testId="a21637b0-54f8-4fa0-bc3b-95481a9fd90b" testName="UnitTests.Controllers.ModuleExceptionFilterAttributeTests.ArgumentException_BadRequest(exception: System.UnauthorizedAccessException: Unauthorized, expectedStatusCode: Unauthorized)" computerName="fv-az448-103" duration="00:00:00.0010000" startTime="2022-07-04T19:25:55.4290339+00:00" endTime="2022-07-04T19:25:55.4290339+00:00" testType="13cdc9d9-ddb5-4fa4-a97d-d965ccfc6d4b" outcome="Passed" testListId="8c84fa94-04c1-424b-9868-57a2d4851a1d" relativeResultsDirectory="62d2e981-1d5c-4173-b119-dc520e7f0dae" />
    <UnitTestResult executionId="85e415d6-0781-417d-a93c-21f2e06e90d0" testId="588a2c1b-7788-beb2-ade0-06788d455d25" testName="UnitTests.Controllers.ItemControllerTests.CreateItem_Creates" computerName="fv-az448-103" duration="00:00:00.0980000" startTime="2022-07-04T19:25:54.6910310+00:00" endTime="2022-07-04T19:25:54.6910310+00:00" testType="13cdc9d9-ddb5-4fa4-a97d-d965ccfc6d4b" outcome="Passed" testListId="8c84fa94-04c1-424b-9868-57a2d4851a1d" relativeResultsDirectory="85e415d6-0781-417d-a93c-21f2e06e90d0" />
    <UnitTestResult executionId="9a469394-95b9-4af0-8565-4c0cecc0ec2c" testId="a9198ad3-782e-a37c-0b5f-1330f5318f55" testName="UnitTests.Services.ItemServiceTests.CreateItem_Creates" computerName="fv-az448-103" duration="00:00:00.0070000" startTime="2022-07-04T19:25:55.1800324+00:00" endTime="2022-07-04T19:25:55.1800324+00:00" testType="13cdc9d9-ddb5-4fa4-a97d-d965ccfc6d4b" outcome="Passed" testListId="8c84fa94-04c1-424b-9868-57a2d4851a1d" relativeResultsDirectory="9a469394-95b9-4af0-8565-4c0cecc0ec2c" />
    <UnitTestResult executionId="529f94a4-a79e-4671-82fa-80752f5e15c0" testId="e6610648-e456-1c64-d2b1-7e1242b871a8" testName="UnitTests.Services.ItemServiceTests.DeleteItem_Deletes" computerName="fv-az448-103" duration="00:00:00.0020000" startTime="2022-07-04T19:25:55.0880324+00:00" endTime="2022-07-04T19:25:55.0880324+00:00" testType="13cdc9d9-ddb5-4fa4-a97d-d965ccfc6d4b" outcome="Passed" testListId="8c84fa94-04c1-424b-9868-57a2d4851a1d" relativeResultsDirectory="529f94a4-a79e-4671-82fa-80752f5e15c0" />
    <UnitTestResult executionId="31c6e9ed-42ff-46b6-99b8-258ee825dace" testId="a21637b0-54f8-4fa0-bc3b-95481a9fd90b" testName="UnitTests.Controllers.ModuleExceptionFilterAttributeTests.ArgumentException_BadRequest(exception: System.NotImplementedException: Not Implemented, expectedStatusCode: NotImplemented)" computerName="fv-az448-103" duration="00:00:00.0010000" startTime="2022-07-04T19:25:55.4270333+00:00" endTime="2022-07-04T19:25:55.4280332+00:00" testType="13cdc9d9-ddb5-4fa4-a97d-d965ccfc6d4b" outcome="Passed" testListId="8c84fa94-04c1-424b-9868-57a2d4851a1d" relativeResultsDirectory="31c6e9ed-42ff-46b6-99b8-258ee825dace" />
    <UnitTestResult executionId="553b572e-41ea-490c-af4b-b2568619d08a" testId="986d7e6e-d04d-b204-b01c-fbb8f09c7774" testName="UnitTests.Controllers.ServiceRouteMapperTests.RegisterRoutes_RegistersAtLestOneRoute" computerName="fv-az448-103" duration="00:00:00.0070000" startTime="2022-07-04T19:25:55.1840324+00:00" endTime="2022-07-04T19:25:55.1840324+00:00" testType="13cdc9d9-ddb5-4fa4-a97d-d965ccfc6d4b" outcome="Passed" testListId="8c84fa94-04c1-424b-9868-57a2d4851a1d" relativeResultsDirectory="553b572e-41ea-490c-af4b-b2568619d08a" />
    <UnitTestResult executionId="1d75866f-6a17-4aa5-b181-bb0c090209f5" testId="c5867bfe-f023-3ae4-485c-eae070f2ace9" testName="UnitTests.Data.Repositories.GenericRepositoryTests.GetPage_Pages(page: 1, pageSize: 10, expectedItems: 10, expectedPages: 5)" computerName="fv-az448-103" duration="00:00:00.0270000" startTime="2022-07-04T19:25:57.7972995+00:00" endTime="2022-07-04T19:25:57.7972995+00:00" testType="13cdc9d9-ddb5-4fa4-a97d-d965ccfc6d4b" outcome="Passed" testListId="8c84fa94-04c1-424b-9868-57a2d4851a1d" relativeResultsDirectory="1d75866f-6a17-4aa5-b181-bb0c090209f5" />
    <UnitTestResult executionId="6cd6f931-463d-4680-9e4a-f868c8167f79" testId="ac2a99ba-3563-74a9-7d4c-8e91a58cd097" testName="UnitTests.Data.ModuleDbContextTests.DefaultConstructorThrows" computerName="fv-az448-103" duration="00:00:00.2750000" startTime="2022-07-04T19:25:55.0400350+00:00" endTime="2022-07-04T19:25:55.0400350+00:00" testType="13cdc9d9-ddb5-4fa4-a97d-d965ccfc6d4b" outcome="Passed" testListId="8c84fa94-04c1-424b-9868-57a2d4851a1d" relativeResultsDirectory="6cd6f931-463d-4680-9e4a-f868c8167f79" />
    <UnitTestResult executionId="22dddb10-6872-49e6-a495-365cb2fe33bd" testId="263c08b1-704a-f3c2-309e-6dee831dbdc9" testName="UnitTests.Services.ItemServiceTests.UpdateItem_NullDto_Throws" computerName="fv-az448-103" duration="00:00:00.0130000" startTime="2022-07-04T19:25:55.0520319+00:00" endTime="2022-07-04T19:25:55.0520319+00:00" testType="13cdc9d9-ddb5-4fa4-a97d-d965ccfc6d4b" outcome="Passed" testListId="8c84fa94-04c1-424b-9868-57a2d4851a1d" relativeResultsDirectory="22dddb10-6872-49e6-a495-365cb2fe33bd" />
    <UnitTestResult executionId="cacdde76-bd9e-43e1-92be-8e8e2c5c6bb3" testId="99806ad3-88f0-7495-8b3e-3799a4bbb6aa" testName="UnitTests.Services.ItemServiceTests.GetItemsPage_GetsPages(descending: False)" computerName="fv-az448-103" duration="00:00:00.0060000" startTime="2022-07-04T19:25:55.0660335+00:00" endTime="2022-07-04T19:25:55.0660335+00:00" testType="13cdc9d9-ddb5-4fa4-a97d-d965ccfc6d4b" outcome="Passed" testListId="8c84fa94-04c1-424b-9868-57a2d4851a1d" relativeResultsDirectory="cacdde76-bd9e-43e1-92be-8e8e2c5c6bb3" />
    <UnitTestResult executionId="2accd67e-07f5-408b-9269-bf0e74f3c8de" testId="3688eeeb-2a1a-6ffa-a193-543baf24437a" testName="UnitTests.Data.Repositories.GenericRepositoryTests.GetPage_Pages(page: 0, pageSize: 0, expectedItems: 1, expectedPages: 50)" computerName="fv-az448-103" duration="00:00:00.0780000" startTime="2022-07-04T19:25:57.7342982+00:00" endTime="2022-07-04T19:25:57.7342982+00:00" testType="13cdc9d9-ddb5-4fa4-a97d-d965ccfc6d4b" outcome="Passed" testListId="8c84fa94-04c1-424b-9868-57a2d4851a1d" relativeResultsDirectory="2accd67e-07f5-408b-9269-bf0e74f3c8de" />
    <UnitTestResult executionId="0e414ffb-b8b7-4eb2-83ff-6ff28f9b0fab" testId="5f92ec4d-d570-0452-b891-d4cee75db9dd" testName="UnitTests.Controllers.ModuleApiControllerTests.CanEdit_Set_Throws" computerName="fv-az448-103" duration="00:00:00.0150000" startTime="2022-07-04T19:25:54.3832504+00:00" endTime="2022-07-04T19:25:54.3832504+00:00" testType="13cdc9d9-ddb5-4fa4-a97d-d965ccfc6d4b" outcome="Passed" testListId="8c84fa94-04c1-424b-9868-57a2d4851a1d" relativeResultsDirectory="0e414ffb-b8b7-4eb2-83ff-6ff28f9b0fab" />
    <UnitTestResult executionId="dcb8392b-b15c-4a27-8cb0-1c10533e3dee" testId="aec60494-3c2e-8ec9-f948-da5bb2043983" testName="UnitTests.Controllers.ItemControllerTests.UserCanEdit_ReturnsBool(canEdit: True)" computerName="fv-az448-103" duration="00:00:00.0010000" startTime="2022-07-04T19:25:54.6420314+00:00" endTime="2022-07-04T19:25:54.6420314+00:00" testType="13cdc9d9-ddb5-4fa4-a97d-d965ccfc6d4b" outcome="Passed" testListId="8c84fa94-04c1-424b-9868-57a2d4851a1d" relativeResultsDirectory="dcb8392b-b15c-4a27-8cb0-1c10533e3dee" />
    <UnitTestResult executionId="a41aa153-51f1-4804-86a1-b600c428b592" testId="b6579d24-7c4e-c42d-2ead-85e0f30e0a64" testName="UnitTests.Common.Extensions.IQueryableExtensionsTests.Order_OrdersBothWays(descending: True, expected: [3, 2, 1])" computerName="fv-az448-103" duration="00:00:00.0230000" startTime="2022-07-04T19:25:55.4040334+00:00" endTime="2022-07-04T19:25:55.4040334+00:00" testType="13cdc9d9-ddb5-4fa4-a97d-d965ccfc6d4b" outcome="Passed" testListId="8c84fa94-04c1-424b-9868-57a2d4851a1d" relativeResultsDirectory="a41aa153-51f1-4804-86a1-b600c428b592" />
    <UnitTestResult executionId="27db3077-8f7d-4ce0-9a45-b5062b8973a7" testId="a21637b0-54f8-4fa0-bc3b-95481a9fd90b" testName="UnitTests.Controllers.ModuleExceptionFilterAttributeTests.ArgumentException_BadRequest(exception: System.ArgumentNullException: Value cannot be null.&#xD;&#xA;Parameter name: Null, expectedStatusCode: BadRequest)" computerName="fv-az448-103" duration="00:00:00.0020000" startTime="2022-07-04T19:25:55.4260331+00:00" endTime="2022-07-04T19:25:55.4260331+00:00" testType="13cdc9d9-ddb5-4fa4-a97d-d965ccfc6d4b" outcome="Passed" testListId="8c84fa94-04c1-424b-9868-57a2d4851a1d" relativeResultsDirectory="27db3077-8f7d-4ce0-9a45-b5062b8973a7" />
    <UnitTestResult executionId="f870e254-7d74-4670-8524-3675a34d468a" testId="ae39aa62-5ff2-56e7-d00e-ef116d711d51" testName="UnitTests.Data.Repositories.GenericRepositoryTests.Repository_Create_DefaultAudit" computerName="fv-az448-103" duration="00:00:00.0070000" startTime="2022-07-04T19:25:58.8223130+00:00" endTime="2022-07-04T19:25:58.8223130+00:00" testType="13cdc9d9-ddb5-4fa4-a97d-d965ccfc6d4b" outcome="Passed" testListId="8c84fa94-04c1-424b-9868-57a2d4851a1d" relativeResultsDirectory="f870e254-7d74-4670-8524-3675a34d468a" />
    <UnitTestResult executionId="11b5c59f-0068-4607-af58-ccfbf86d2374" testId="0bc54975-0bff-692e-a9b3-fc69f2c95a39" testName="UnitTests.Data.Repositories.GenericRepositoryTests.GenericRepositoryDeletes" computerName="fv-az448-103" duration="00:00:02.3130000" startTime="2022-07-04T19:25:57.4275971+00:00" endTime="2022-07-04T19:25:57.4275971+00:00" testType="13cdc9d9-ddb5-4fa4-a97d-d965ccfc6d4b" outcome="Passed" testListId="8c84fa94-04c1-424b-9868-57a2d4851a1d" relativeResultsDirectory="11b5c59f-0068-4607-af58-ccfbf86d2374" />
    <UnitTestResult executionId="778a6560-7561-4362-b9c1-54760f03ecf0" testId="9168bdef-a759-f4d6-b890-b643e17324cf" testName="UnitTests.Services.LoggingServiceTests.LogginService_TestableConstructorLogsErrorWithException" computerName="fv-az448-103" duration="00:00:00.0020000" startTime="2022-07-04T19:25:55.3950326+00:00" endTime="2022-07-04T19:25:55.3950326+00:00" testType="13cdc9d9-ddb5-4fa4-a97d-d965ccfc6d4b" outcome="Passed" testListId="8c84fa94-04c1-424b-9868-57a2d4851a1d" relativeResultsDirectory="778a6560-7561-4362-b9c1-54760f03ecf0" />
    <UnitTestResult executionId="1132baf9-7385-45da-b86d-4db9875eabae" testId="d6cab32e-cf28-1ba8-73a6-76c46cb62c4a" testName="UnitTests.Data.Repositories.GenericRepositoryTests.Pages_With_Related_Entities" computerName="fv-az448-103" duration="00:00:00.9010000" startTime="2022-07-04T19:25:58.6983099+00:00" endTime="2022-07-04T19:25:58.6983099+00:00" testType="13cdc9d9-ddb5-4fa4-a97d-d965ccfc6d4b" outcome="Passed" testListId="8c84fa94-04c1-424b-9868-57a2d4851a1d" relativeResultsDirectory="1132baf9-7385-45da-b86d-4db9875eabae" />
    <UnitTestResult executionId="ed12db49-639d-4eee-8255-9689db6d7422" testId="315adde5-f36d-a74f-aa46-fb22a0f78cd9" testName="UnitTests.Controllers.ItemControllerTests.UpdateItem_Updates" computerName="fv-az448-103" duration="00:00:00.0610000" startTime="2022-07-04T19:25:54.7660323+00:00" endTime="2022-07-04T19:25:54.7660323+00:00" testType="13cdc9d9-ddb5-4fa4-a97d-d965ccfc6d4b" outcome="Passed" testListId="8c84fa94-04c1-424b-9868-57a2d4851a1d" relativeResultsDirectory="ed12db49-639d-4eee-8255-9689db6d7422" />
    <UnitTestResult executionId="b6d708ce-4498-461d-b471-2eacac50d6db" testId="8ba31d1b-48e3-e04e-cff0-b927c63b4a19" testName="UnitTests.Services.LoggingServiceTests.LoggingService_DefaultConstructorExists" computerName="fv-az448-103" duration="00:00:00.1350000" startTime="2022-07-04T19:25:55.3930325+00:00" endTime="2022-07-04T19:25:55.3930325+00:00" testType="13cdc9d9-ddb5-4fa4-a97d-d965ccfc6d4b" outcome="Passed" testListId="8c84fa94-04c1-424b-9868-57a2d4851a1d" relativeResultsDirectory="b6d708ce-4498-461d-b471-2eacac50d6db" />
    <UnitTestResult executionId="e8e2ded7-8fc2-4d4a-ac00-6e442e299d6f" testId="a21637b0-54f8-4fa0-bc3b-95481a9fd90b" testName="UnitTests.Controllers.ModuleExceptionFilterAttributeTests.ArgumentException_BadRequest(exception: System.ArgumentException: Argument, expectedStatusCode: BadRequest)" computerName="fv-az448-103" duration="00:00:00.0010000" startTime="2022-07-04T19:25:55.4270333+00:00" endTime="2022-07-04T19:25:55.4270333+00:00" testType="13cdc9d9-ddb5-4fa4-a97d-d965ccfc6d4b" outcome="Passed" testListId="8c84fa94-04c1-424b-9868-57a2d4851a1d" relativeResultsDirectory="e8e2ded7-8fc2-4d4a-ac00-6e442e299d6f" />
    <UnitTestResult executionId="4b26397c-6daf-4614-b369-bc71d5f23bfd" testId="19b6234c-c2df-2304-54f9-54b0da4cd6ba" testName="UnitTests.Services.ItemServiceTests.CreateItem_NoNameThrows" computerName="fv-az448-103" duration="00:00:00.0020000" startTime="2022-07-04T19:25:55.0550339+00:00" endTime="2022-07-04T19:25:55.0550339+00:00" testType="13cdc9d9-ddb5-4fa4-a97d-d965ccfc6d4b" outcome="Passed" testListId="8c84fa94-04c1-424b-9868-57a2d4851a1d" relativeResultsDirectory="4b26397c-6daf-4614-b369-bc71d5f23bfd" />
    <UnitTestResult executionId="62d12e85-ddb0-48f9-89c5-9b6c9af27614" testId="248341cb-553e-e275-a8eb-499567f40929" testName="UnitTests.Common.Extensions.IQueryableExtensionsTests.Order_OrdersBothWays(descending: False, expected: [1, 2, 3])" computerName="fv-az448-103" duration="00:00:00.0010000" startTime="2022-07-04T19:25:55.4070337+00:00" endTime="2022-07-04T19:25:55.4070337+00:00" testType="13cdc9d9-ddb5-4fa4-a97d-d965ccfc6d4b" outcome="Passed" testListId="8c84fa94-04c1-424b-9868-57a2d4851a1d" relativeResultsDirectory="62d12e85-ddb0-48f9-89c5-9b6c9af27614" />
    <UnitTestResult executionId="986ecd6d-1680-42e6-ba56-c1d95f306358" testId="130d9133-361f-a0da-f15e-423eb98947ac" testName="UnitTests.Services.ItemServiceTests.UpdateItem_Updates" computerName="fv-az448-103" duration="00:00:00.0210000" startTime="2022-07-04T19:25:55.0860321+00:00" endTime="2022-07-04T19:25:55.0860321+00:00" testType="13cdc9d9-ddb5-4fa4-a97d-d965ccfc6d4b" outcome="Passed" testListId="8c84fa94-04c1-424b-9868-57a2d4851a1d" relativeResultsDirectory="986ecd6d-1680-42e6-ba56-c1d95f306358" />
    <UnitTestResult executionId="63737255-cf9f-441e-b852-fff7efd324bb" testId="bae3532a-4a9e-c4ab-fc66-4dfa22d16170" testName="UnitTests.Controllers.ModuleApiControllerTests.HasUserInfo" computerName="fv-az448-103" duration="00:00:00.0590000" startTime="2022-07-04T19:25:54.4350306+00:00" endTime="2022-07-04T19:25:54.4350306+00:00" testType="13cdc9d9-ddb5-4fa4-a97d-d965ccfc6d4b" outcome="Passed" testListId="8c84fa94-04c1-424b-9868-57a2d4851a1d" relativeResultsDirectory="63737255-cf9f-441e-b852-fff7efd324bb" />
    <UnitTestResult executionId="813bcd25-e62c-487b-8d25-717a18de2467" testId="1a74e347-4470-5271-97ab-1ebaf8693270" testName="UnitTests.Controllers.ModuleExceptionFilterAttributeTests.SystemException_DoesNotExposeDetails" computerName="fv-az448-103" duration="00:00:00.0160000" startTime="2022-07-04T19:25:55.4380356+00:00" endTime="2022-07-04T19:25:55.4380356+00:00" testType="13cdc9d9-ddb5-4fa4-a97d-d965ccfc6d4b" outcome="Passed" testListId="8c84fa94-04c1-424b-9868-57a2d4851a1d" relativeResultsDirectory="813bcd25-e62c-487b-8d25-717a18de2467" />
    <UnitTestResult executionId="967c3962-2fd6-4f2c-a9a1-eae65df05fcb" testId="96a18501-dea4-70b1-d572-baa1bb120da2" testName="UnitTests.Data.Entities.ItemTests.ItemPropertiesPersist(id: 2, name: &quot;Name2&quot;, description: &quot;Description2&quot;)" computerName="fv-az448-103" duration="00:00:00.0010000" startTime="2022-07-04T19:25:54.3912481+00:00" endTime="2022-07-04T19:25:54.3912481+00:00" testType="13cdc9d9-ddb5-4fa4-a97d-d965ccfc6d4b" outcome="Passed" testListId="8c84fa94-04c1-424b-9868-57a2d4851a1d" relativeResultsDirectory="967c3962-2fd6-4f2c-a9a1-eae65df05fcb" />
    <UnitTestResult executionId="75bfe115-7c4f-4f5c-a07c-275d7bfeff5c" testId="478b61ee-7d85-9dbe-985d-08c590f8666a" testName="UnitTests.Controllers.ItemControllerTests.DeleteItem_Deletes(itemId: 1)" computerName="fv-az448-103" duration="00:00:00.0010000" startTime="2022-07-04T19:25:54.7680314+00:00" endTime="2022-07-04T19:25:54.7680314+00:00" testType="13cdc9d9-ddb5-4fa4-a97d-d965ccfc6d4b" outcome="Passed" testListId="8c84fa94-04c1-424b-9868-57a2d4851a1d" relativeResultsDirectory="75bfe115-7c4f-4f5c-a07c-275d7bfeff5c" />
    <UnitTestResult executionId="1cf91e8e-f6ab-4d66-88f5-373db796e080" testId="e55f1742-c16d-5086-2251-ad3372dd48f5" testName="UnitTests.Controllers.ValidateModelAttributeTests.OnActionExecuting_Valid_Works" computerName="fv-az448-103" duration="00:00:00.0550000" startTime="2022-07-04T19:25:54.4370312+00:00" endTime="2022-07-04T19:25:54.4370312+00:00" testType="13cdc9d9-ddb5-4fa4-a97d-d965ccfc6d4b" outcome="Passed" testListId="8c84fa94-04c1-424b-9868-57a2d4851a1d" relativeResultsDirectory="1cf91e8e-f6ab-4d66-88f5-373db796e080" />
    <UnitTestResult executionId="6a5b6c38-ba0a-4ae0-8b68-b4b3acf8351e" testId="d1c63cb7-1f9a-a8bf-a217-a4cbb4e5f73b" testName="UnitTests.Common.GlobalsTests.ModulePrefixIsValid" computerName="fv-az448-103" duration="00:00:00.0010000" startTime="2022-07-04T19:25:54.3952479+00:00" endTime="2022-07-04T19:25:54.3952479+00:00" testType="13cdc9d9-ddb5-4fa4-a97d-d965ccfc6d4b" outcome="Passed" testListId="8c84fa94-04c1-424b-9868-57a2d4851a1d" relativeResultsDirectory="6a5b6c38-ba0a-4ae0-8b68-b4b3acf8351e" />
    <UnitTestResult executionId="131e88c8-dbae-495c-bb30-72b811d96508" testId="61a8ccc9-c5b1-047b-3c97-f777ccc7d30b" testName="UnitTests.Controllers.ValidateModelAttributeTests.OnActionExecuting_Invalid_Works" computerName="fv-az448-103" duration="00:00:00.7880000" startTime="2022-07-04T19:25:55.2210318+00:00" endTime="2022-07-04T19:25:55.2210318+00:00" testType="13cdc9d9-ddb5-4fa4-a97d-d965ccfc6d4b" outcome="Passed" testListId="8c84fa94-04c1-424b-9868-57a2d4851a1d" relativeResultsDirectory="131e88c8-dbae-495c-bb30-72b811d96508" />
    <UnitTestResult executionId="0dd03367-31ff-44c9-a358-e4f28071377f" testId="a21637b0-54f8-4fa0-bc3b-95481a9fd90b" testName="UnitTests.Controllers.ModuleExceptionFilterAttributeTests.ArgumentException_BadRequest(exception: System.TimeoutException: Timed out, expectedStatusCode: RequestTimeout)" computerName="fv-az448-103" duration="00:00:00.0010000" startTime="2022-07-04T19:25:55.4280332+00:00" endTime="2022-07-04T19:25:55.4280332+00:00" testType="13cdc9d9-ddb5-4fa4-a97d-d965ccfc6d4b" outcome="Passed" testListId="8c84fa94-04c1-424b-9868-57a2d4851a1d" relativeResultsDirectory="0dd03367-31ff-44c9-a358-e4f28071377f" />
    <UnitTestResult executionId="0530ce0b-1c8f-4764-abf8-adf293a18922" testId="392ed628-2028-c945-b97e-893658a1e82b" testName="UnitTests.Data.Entities.ItemTests.ItemPropertiesPersist(id: 1, name: &quot;Name1&quot;, description: &quot;Description1&quot;)" computerName="fv-az448-103" duration="00:00:00.0160000" startTime="2022-07-04T19:25:54.3882482+00:00" endTime="2022-07-04T19:25:54.3882482+00:00" testType="13cdc9d9-ddb5-4fa4-a97d-d965ccfc6d4b" outcome="Passed" testListId="8c84fa94-04c1-424b-9868-57a2d4851a1d" relativeResultsDirectory="0530ce0b-1c8f-4764-abf8-adf293a18922" />
    <UnitTestResult executionId="edf966c2-42a1-40f3-bc87-c34319462bf2" testId="e1c7f76f-6195-c844-23c0-304b47fbae66" testName="UnitTests.Data.Repositories.GenericRepositoryTests.Repository_Create_UsesUserId" computerName="fv-az448-103" duration="00:00:00.0080000" startTime="2022-07-04T19:25:57.4355970+00:00" endTime="2022-07-04T19:25:57.4355970+00:00" testType="13cdc9d9-ddb5-4fa4-a97d-d965ccfc6d4b" outcome="Passed" testListId="8c84fa94-04c1-424b-9868-57a2d4851a1d" relativeResultsDirectory="edf966c2-42a1-40f3-bc87-c34319462bf2" />
    <UnitTestResult executionId="c30facf8-0f35-4b00-ad8e-0714502aa3bf" testId="168fc980-36e3-101b-62b1-f5ab71e9fc0d" testName="UnitTests.Controllers.LocalizationControllerTests.GetLocalization_CallsLocalizationService" computerName="fv-az448-103" duration="00:00:00.0110000" startTime="2022-07-04T19:25:55.1820321+00:00" endTime="2022-07-04T19:25:55.1820321+00:00" testType="13cdc9d9-ddb5-4fa4-a97d-d965ccfc6d4b" outcome="Passed" testListId="8c84fa94-04c1-424b-9868-57a2d4851a1d" relativeResultsDirectory="c30facf8-0f35-4b00-ad8e-0714502aa3bf" />
    <UnitTestResult executionId="5ef1babd-dcca-4a04-9bde-524e52b825ae" testId="d6094ca1-b65b-5133-f464-9f7d01f0d023" testName="UnitTests.Controllers.ItemControllerTests.DeleteItem_Deletes(itemId: 10)" computerName="fv-az448-103" duration="00:00:00.0030000" startTime="2022-07-04T19:25:54.7670322+00:00" endTime="2022-07-04T19:25:54.7670322+00:00" testType="13cdc9d9-ddb5-4fa4-a97d-d965ccfc6d4b" outcome="Passed" testListId="8c84fa94-04c1-424b-9868-57a2d4851a1d" relativeResultsDirectory="5ef1babd-dcca-4a04-9bde-524e52b825ae" />
    <UnitTestResult executionId="a3f8264a-0855-44af-88ee-55b8f8f1bf52" testId="0247c7e7-7d1c-099b-2ac8-81a47ff2509a" testName="UnitTests.Controllers.ItemControllerTests.UserCanEdit_ReturnsBool(canEdit: False)" computerName="fv-az448-103" duration="00:00:00.1590000" startTime="2022-07-04T19:25:54.6410302+00:00" endTime="2022-07-04T19:25:54.6410302+00:00" testType="13cdc9d9-ddb5-4fa4-a97d-d965ccfc6d4b" outcome="Passed" testListId="8c84fa94-04c1-424b-9868-57a2d4851a1d" relativeResultsDirectory="a3f8264a-0855-44af-88ee-55b8f8f1bf52" />
    <UnitTestResult executionId="e7295493-72ca-48a7-b23e-8aa1749e076e" testId="e4f8faa7-d0ad-86e6-1579-7bd52372b4c3" testName="UnitTests.Data.Repositories.GenericRepositoryTests.GenericRepositoryConstructs" computerName="fv-az448-103" duration="00:00:00.0010000" startTime="2022-07-04T19:25:57.6572966+00:00" endTime="2022-07-04T19:25:57.6572966+00:00" testType="13cdc9d9-ddb5-4fa4-a97d-d965ccfc6d4b" outcome="Passed" testListId="8c84fa94-04c1-424b-9868-57a2d4851a1d" relativeResultsDirectory="e7295493-72ca-48a7-b23e-8aa1749e076e" />
  </Results>
  <TestDefinitions>
    <UnitTest name="UnitTests.Controllers.ItemControllerTests.DeleteItem_Deletes(itemId: 1)" storage="d:\a\mymodule20220704\mymodule20220704\unittests\bin\unittests.dll" id="478b61ee-7d85-9dbe-985d-08c590f8666a">
      <Execution id="75bfe115-7c4f-4f5c-a07c-275d7bfeff5c" />
      <TestMethod codeBase="D:\a\MyModule20220704\MyModule20220704\UnitTests\bin\UnitTests.dll" adapterTypeName="executor://xunit/VsTestRunner2/net" className="UnitTests.Controllers.ItemControllerTests" name="DeleteItem_Deletes" />
    </UnitTest>
    <UnitTest name="UnitTests.Common.Extensions.IQueryableExtensionsTests.Order_OrdersBothWays(descending: True, expected: [3, 2, 1])" storage="d:\a\mymodule20220704\mymodule20220704\unittests\bin\unittests.dll" id="b6579d24-7c4e-c42d-2ead-85e0f30e0a64">
      <Execution id="a41aa153-51f1-4804-86a1-b600c428b592" />
      <TestMethod codeBase="D:\a\MyModule20220704\MyModule20220704\UnitTests\bin\UnitTests.dll" adapterTypeName="executor://xunit/VsTestRunner2/net" className="UnitTests.Common.Extensions.IQueryableExtensionsTests" name="Order_OrdersBothWays" />
    </UnitTest>
    <UnitTest name="UnitTests.Controllers.ItemControllerTests.UserCanEdit_ReturnsBool(canEdit: False)" storage="d:\a\mymodule20220704\mymodule20220704\unittests\bin\unittests.dll" id="0247c7e7-7d1c-099b-2ac8-81a47ff2509a">
      <Execution id="a3f8264a-0855-44af-88ee-55b8f8f1bf52" />
      <TestMethod codeBase="D:\a\MyModule20220704\MyModule20220704\UnitTests\bin\UnitTests.dll" adapterTypeName="executor://xunit/VsTestRunner2/net" className="UnitTests.Controllers.ItemControllerTests" name="UserCanEdit_ReturnsBool" />
    </UnitTest>
    <UnitTest name="UnitTests.Controllers.LocalizationControllerTests.GetLocalization_CallsLocalizationService" storage="d:\a\mymodule20220704\mymodule20220704\unittests\bin\unittests.dll" id="168fc980-36e3-101b-62b1-f5ab71e9fc0d">
      <Execution id="c30facf8-0f35-4b00-ad8e-0714502aa3bf" />
      <TestMethod codeBase="D:\a\MyModule20220704\MyModule20220704\UnitTests\bin\UnitTests.dll" adapterTypeName="executor://xunit/VsTestRunner2/net" className="UnitTests.Controllers.LocalizationControllerTests" name="GetLocalization_CallsLocalizationService" />
    </UnitTest>
    <UnitTest name="UnitTests.Data.ModuleDbContextTests.DefaultConstructorThrows" storage="d:\a\mymodule20220704\mymodule20220704\unittests\bin\unittests.dll" id="ac2a99ba-3563-74a9-7d4c-8e91a58cd097">
      <Execution id="6cd6f931-463d-4680-9e4a-f868c8167f79" />
      <TestMethod codeBase="D:\a\MyModule20220704\MyModule20220704\UnitTests\bin\UnitTests.dll" adapterTypeName="executor://xunit/VsTestRunner2/net" className="UnitTests.Data.ModuleDbContextTests" name="DefaultConstructorThrows" />
    </UnitTest>
    <UnitTest name="UnitTests.Controllers.ModuleApiControllerTests.CanEdit_DefaultsToFalse" storage="d:\a\mymodule20220704\mymodule20220704\unittests\bin\unittests.dll" id="320e3c11-11d1-b3ef-0d2e-5e474f674ff1">
      <Execution id="3947ce42-f07f-4247-a47f-1a36350e1c06" />
      <TestMethod codeBase="D:\a\MyModule20220704\MyModule20220704\UnitTests\bin\UnitTests.dll" adapterTypeName="executor://xunit/VsTestRunner2/net" className="UnitTests.Controllers.ModuleApiControllerTests" name="CanEdit_DefaultsToFalse" />
    </UnitTest>
    <UnitTest name="UnitTests.Data.Repositories.GenericRepositoryTests.GenericRepositoryCreatesAndGetsById" storage="d:\a\mymodule20220704\mymodule20220704\unittests\bin\unittests.dll" id="e6e0a140-85e7-6935-6160-ab95ecfd3c8a">
      <Execution id="2f90eab9-fab7-4dfb-a4b0-4fb1869322f7" />
      <TestMethod codeBase="D:\a\MyModule20220704\MyModule20220704\UnitTests\bin\UnitTests.dll" adapterTypeName="executor://xunit/VsTestRunner2/net" className="UnitTests.Data.Repositories.GenericRepositoryTests" name="GenericRepositoryCreatesAndGetsById" />
    </UnitTest>
    <UnitTest name="UnitTests.Services.ItemServiceTests.UpdateItem_NoName_Throws(name: &quot; &quot;)" storage="d:\a\mymodule20220704\mymodule20220704\unittests\bin\unittests.dll" id="1c164fbc-1ab1-9884-ccb8-9e84f4c977d0">
      <Execution id="dd6bd37c-9107-4b9e-ac6b-244c09df931d" />
      <TestMethod codeBase="D:\a\MyModule20220704\MyModule20220704\UnitTests\bin\UnitTests.dll" adapterTypeName="executor://xunit/VsTestRunner2/net" className="UnitTests.Services.ItemServiceTests" name="UpdateItem_NoName_Throws" />
    </UnitTest>
    <UnitTest name="UnitTests.Services.ItemServiceTests.GetItemsPage_GetsPages(descending: False)" storage="d:\a\mymodule20220704\mymodule20220704\unittests\bin\unittests.dll" id="99806ad3-88f0-7495-8b3e-3799a4bbb6aa">
      <Execution id="cacdde76-bd9e-43e1-92be-8e8e2c5c6bb3" />
      <TestMethod codeBase="D:\a\MyModule20220704\MyModule20220704\UnitTests\bin\UnitTests.dll" adapterTypeName="executor://xunit/VsTestRunner2/net" className="UnitTests.Services.ItemServiceTests" name="GetItemsPage_GetsPages" />
    </UnitTest>
    <UnitTest name="UnitTests.Data.Repositories.GenericRepositoryTests.Repository_Update_UsesuserId" storage="d:\a\mymodule20220704\mymodule20220704\unittests\bin\unittests.dll" id="0ebf358f-9eac-9438-b418-9c6aa81a6377">
      <Execution id="99695bfe-e857-4552-9ae7-0f1f51f451de" />
      <TestMethod codeBase="D:\a\MyModule20220704\MyModule20220704\UnitTests\bin\UnitTests.dll" adapterTypeName="executor://xunit/VsTestRunner2/net" className="UnitTests.Data.Repositories.GenericRepositoryTests" name="Repository_Update_UsesuserId" />
    </UnitTest>
    <UnitTest name="UnitTests.Services.ItemServiceTests.CreateItem_Creates" storage="d:\a\mymodule20220704\mymodule20220704\unittests\bin\unittests.dll" id="a9198ad3-782e-a37c-0b5f-1330f5318f55">
      <Execution id="9a469394-95b9-4af0-8565-4c0cecc0ec2c" />
      <TestMethod codeBase="D:\a\MyModule20220704\MyModule20220704\UnitTests\bin\UnitTests.dll" adapterTypeName="executor://xunit/VsTestRunner2/net" className="UnitTests.Services.ItemServiceTests" name="CreateItem_Creates" />
    </UnitTest>
    <UnitTest name="UnitTests.Controllers.ValidateModelAttributeTests.OnActionExecuting_Invalid_Works" storage="d:\a\mymodule20220704\mymodule20220704\unittests\bin\unittests.dll" id="61a8ccc9-c5b1-047b-3c97-f777ccc7d30b">
      <Execution id="131e88c8-dbae-495c-bb30-72b811d96508" />
      <TestMethod codeBase="D:\a\MyModule20220704\MyModule20220704\UnitTests\bin\UnitTests.dll" adapterTypeName="executor://xunit/VsTestRunner2/net" className="UnitTests.Controllers.ValidateModelAttributeTests" name="OnActionExecuting_Invalid_Works" />
    </UnitTest>
    <UnitTest name="UnitTests.Data.Repositories.GenericRepositoryTests.GenericRepositoryGet" storage="d:\a\mymodule20220704\mymodule20220704\unittests\bin\unittests.dll" id="ad3412e8-5f64-2020-a5b6-bd4cca8c3b7d">
      <Execution id="89da2d0e-55c4-4ef2-8fc2-b58764acdb71" />
      <TestMethod codeBase="D:\a\MyModule20220704\MyModule20220704\UnitTests\bin\UnitTests.dll" adapterTypeName="executor://xunit/VsTestRunner2/net" className="UnitTests.Data.Repositories.GenericRepositoryTests" name="GenericRepositoryGet" />
    </UnitTest>
    <UnitTest name="UnitTests.Data.Repositories.GenericRepositoryTests.GenericRepositoryUpdate_ThrowsWithNullEntity" storage="d:\a\mymodule20220704\mymodule20220704\unittests\bin\unittests.dll" id="24cfa8b0-48c3-8aab-e4c2-88694c220e2c">
      <Execution id="9371a24d-549c-418e-9272-280785c68d63" />
      <TestMethod codeBase="D:\a\MyModule20220704\MyModule20220704\UnitTests\bin\UnitTests.dll" adapterTypeName="executor://xunit/VsTestRunner2/net" className="UnitTests.Data.Repositories.GenericRepositoryTests" name="GenericRepositoryUpdate_ThrowsWithNullEntity" />
    </UnitTest>
    <UnitTest name="UnitTests.Data.Repositories.GenericRepositoryTests.Pages_With_Related_Entities" storage="d:\a\mymodule20220704\mymodule20220704\unittests\bin\unittests.dll" id="d6cab32e-cf28-1ba8-73a6-76c46cb62c4a">
      <Execution id="1132baf9-7385-45da-b86d-4db9875eabae" />
      <TestMethod codeBase="D:\a\MyModule20220704\MyModule20220704\UnitTests\bin\UnitTests.dll" adapterTypeName="executor://xunit/VsTestRunner2/net" className="UnitTests.Data.Repositories.GenericRepositoryTests" name="Pages_With_Related_Entities" />
    </UnitTest>
    <UnitTest name="UnitTests.Services.LoggingServiceTests.LogginService_TestableConstructorLogsError" storage="d:\a\mymodule20220704\mymodule20220704\unittests\bin\unittests.dll" id="ac1c50bc-98fd-036f-fe0f-d46cb187f90e">
      <Execution id="807599d5-bd09-4f6c-9ade-cef2434e30df" />
      <TestMethod codeBase="D:\a\MyModule20220704\MyModule20220704\UnitTests\bin\UnitTests.dll" adapterTypeName="executor://xunit/VsTestRunner2/net" className="UnitTests.Services.LoggingServiceTests" name="LogginService_TestableConstructorLogsError" />
    </UnitTest>
    <UnitTest name="UnitTests.Data.Repositories.GenericRepositoryTests.GenericRepositoryGetsAll(iterations: 3)" storage="d:\a\mymodule20220704\mymodule20220704\unittests\bin\unittests.dll" id="d15ea2a7-9f9f-b92b-50fa-470898da705d">
      <Execution id="c907322e-c4f2-4cf9-ac54-a40b9d01effa" />
      <TestMethod codeBase="D:\a\MyModule20220704\MyModule20220704\UnitTests\bin\UnitTests.dll" adapterTypeName="executor://xunit/VsTestRunner2/net" className="UnitTests.Data.Repositories.GenericRepositoryTests" name="GenericRepositoryGetsAll" />
    </UnitTest>
    <UnitTest name="UnitTests.Common.GlobalsTests.ModulePrefixIsValid" storage="d:\a\mymodule20220704\mymodule20220704\unittests\bin\unittests.dll" id="d1c63cb7-1f9a-a8bf-a217-a4cbb4e5f73b">
      <Execution id="6a5b6c38-ba0a-4ae0-8b68-b4b3acf8351e" />
      <TestMethod codeBase="D:\a\MyModule20220704\MyModule20220704\UnitTests\bin\UnitTests.dll" adapterTypeName="executor://xunit/VsTestRunner2/net" className="UnitTests.Common.GlobalsTests" name="ModulePrefixIsValid" />
    </UnitTest>
    <UnitTest name="UnitTests.Data.Entities.ItemTests.ItemPropertiesPersist(id: 2, name: &quot;Name2&quot;, description: &quot;Description2&quot;)" storage="d:\a\mymodule20220704\mymodule20220704\unittests\bin\unittests.dll" id="96a18501-dea4-70b1-d572-baa1bb120da2">
      <Execution id="967c3962-2fd6-4f2c-a9a1-eae65df05fcb" />
      <TestMethod codeBase="D:\a\MyModule20220704\MyModule20220704\UnitTests\bin\UnitTests.dll" adapterTypeName="executor://xunit/VsTestRunner2/net" className="UnitTests.Data.Entities.ItemTests" name="ItemPropertiesPersist" />
    </UnitTest>
    <UnitTest name="UnitTests.Controllers.ServiceRouteMapperTests.RegisterRoutes_RegistersAtLestOneRoute" storage="d:\a\mymodule20220704\mymodule20220704\unittests\bin\unittests.dll" id="986d7e6e-d04d-b204-b01c-fbb8f09c7774">
      <Execution id="553b572e-41ea-490c-af4b-b2568619d08a" />
      <TestMethod codeBase="D:\a\MyModule20220704\MyModule20220704\UnitTests\bin\UnitTests.dll" adapterTypeName="executor://xunit/VsTestRunner2/net" className="UnitTests.Controllers.ServiceRouteMapperTests" name="RegisterRoutes_RegistersAtLestOneRoute" />
    </UnitTest>
    <UnitTest name="UnitTests.Controllers.ModuleExceptionFilterAttributeTests.SystemException_DoesNotExposeDetails" storage="d:\a\mymodule20220704\mymodule20220704\unittests\bin\unittests.dll" id="1a74e347-4470-5271-97ab-1ebaf8693270">
      <Execution id="813bcd25-e62c-487b-8d25-717a18de2467" />
      <TestMethod codeBase="D:\a\MyModule20220704\MyModule20220704\UnitTests\bin\UnitTests.dll" adapterTypeName="executor://xunit/VsTestRunner2/net" className="UnitTests.Controllers.ModuleExceptionFilterAttributeTests" name="SystemException_DoesNotExposeDetails" />
    </UnitTest>
    <UnitTest name="UnitTests.Data.Repositories.GenericRepositoryTests.GenericRepositoryConstructs" storage="d:\a\mymodule20220704\mymodule20220704\unittests\bin\unittests.dll" id="e4f8faa7-d0ad-86e6-1579-7bd52372b4c3">
      <Execution id="e7295493-72ca-48a7-b23e-8aa1749e076e" />
      <TestMethod codeBase="D:\a\MyModule20220704\MyModule20220704\UnitTests\bin\UnitTests.dll" adapterTypeName="executor://xunit/VsTestRunner2/net" className="UnitTests.Data.Repositories.GenericRepositoryTests" name="GenericRepositoryConstructs" />
    </UnitTest>
    <UnitTest name="UnitTests.Data.Repositories.GenericRepositoryTests.Repository_DeleteMissing_DoesNotThrow" storage="d:\a\mymodule20220704\mymodule20220704\unittests\bin\unittests.dll" id="f754f777-4449-23e8-f4ec-917f49117de2">
      <Execution id="a97f0b2f-c3ce-4441-9d64-cba619ebcbb2" />
      <TestMethod codeBase="D:\a\MyModule20220704\MyModule20220704\UnitTests\bin\UnitTests.dll" adapterTypeName="executor://xunit/VsTestRunner2/net" className="UnitTests.Data.Repositories.GenericRepositoryTests" name="Repository_DeleteMissing_DoesNotThrow" />
    </UnitTest>
    <UnitTest name="UnitTests.Services.ItemServiceTests.UpdateItem_NoName_Throws(name: null)" storage="d:\a\mymodule20220704\mymodule20220704\unittests\bin\unittests.dll" id="b76e01b1-6afe-f33b-c6a9-ea3347176509">
      <Execution id="a577485d-75b0-4856-86fa-570bb3a3af65" />
      <TestMethod codeBase="D:\a\MyModule20220704\MyModule20220704\UnitTests\bin\UnitTests.dll" adapterTypeName="executor://xunit/VsTestRunner2/net" className="UnitTests.Services.ItemServiceTests" name="UpdateItem_NoName_Throws" />
    </UnitTest>
    <UnitTest name="UnitTests.Services.ItemServiceTests.CreateItem_NoNameThrows" storage="d:\a\mymodule20220704\mymodule20220704\unittests\bin\unittests.dll" id="19b6234c-c2df-2304-54f9-54b0da4cd6ba">
      <Execution id="4b26397c-6daf-4614-b369-bc71d5f23bfd" />
      <TestMethod codeBase="D:\a\MyModule20220704\MyModule20220704\UnitTests\bin\UnitTests.dll" adapterTypeName="executor://xunit/VsTestRunner2/net" className="UnitTests.Services.ItemServiceTests" name="CreateItem_NoNameThrows" />
    </UnitTest>
    <UnitTest name="UnitTests.Services.ItemServiceTests.DeleteItem_Deletes" storage="d:\a\mymodule20220704\mymodule20220704\unittests\bin\unittests.dll" id="e6610648-e456-1c64-d2b1-7e1242b871a8">
      <Execution id="529f94a4-a79e-4671-82fa-80752f5e15c0" />
      <TestMethod codeBase="D:\a\MyModule20220704\MyModule20220704\UnitTests\bin\UnitTests.dll" adapterTypeName="executor://xunit/VsTestRunner2/net" className="UnitTests.Services.ItemServiceTests" name="DeleteItem_Deletes" />
    </UnitTest>
    <UnitTest name="UnitTests.Data.Entities.ItemTests.ItemConstructsProperly" storage="d:\a\mymodule20220704\mymodule20220704\unittests\bin\unittests.dll" id="572fc310-4b67-9555-f147-153d39f2eb82">
      <Execution id="3ce59d30-2021-447d-bddb-bd2ada875702" />
      <TestMethod codeBase="D:\a\MyModule20220704\MyModule20220704\UnitTests\bin\UnitTests.dll" adapterTypeName="executor://xunit/VsTestRunner2/net" className="UnitTests.Data.Entities.ItemTests" name="ItemConstructsProperly" />
    </UnitTest>
    <UnitTest name="UnitTests.Services.ItemServiceTests.UpdateItem_NoName_Throws(name: &quot;&quot;)" storage="d:\a\mymodule20220704\mymodule20220704\unittests\bin\unittests.dll" id="3cbfa5d3-e0f6-eff8-ed5c-556fa1f3e131">
      <Execution id="880c0b37-880c-4f7a-a7c2-10731b9edcee" />
      <TestMethod codeBase="D:\a\MyModule20220704\MyModule20220704\UnitTests\bin\UnitTests.dll" adapterTypeName="executor://xunit/VsTestRunner2/net" className="UnitTests.Services.ItemServiceTests" name="UpdateItem_NoName_Throws" />
    </UnitTest>
    <UnitTest name="UnitTests.Services.LoggingServiceTests.LogginService_TestableConstructorLogsErrorWithException" storage="d:\a\mymodule20220704\mymodule20220704\unittests\bin\unittests.dll" id="9168bdef-a759-f4d6-b890-b643e17324cf">
      <Execution id="778a6560-7561-4362-b9c1-54760f03ecf0" />
      <TestMethod codeBase="D:\a\MyModule20220704\MyModule20220704\UnitTests\bin\UnitTests.dll" adapterTypeName="executor://xunit/VsTestRunner2/net" className="UnitTests.Services.LoggingServiceTests" name="LogginService_TestableConstructorLogsErrorWithException" />
    </UnitTest>
    <UnitTest name="UnitTests.Controllers.ItemControllerTests.UserCanEdit_ReturnsBool(canEdit: True)" storage="d:\a\mymodule20220704\mymodule20220704\unittests\bin\unittests.dll" id="aec60494-3c2e-8ec9-f948-da5bb2043983">
      <Execution id="dcb8392b-b15c-4a27-8cb0-1c10533e3dee" />
      <TestMethod codeBase="D:\a\MyModule20220704\MyModule20220704\UnitTests\bin\UnitTests.dll" adapterTypeName="executor://xunit/VsTestRunner2/net" className="UnitTests.Controllers.ItemControllerTests" name="UserCanEdit_ReturnsBool" />
    </UnitTest>
    <UnitTest name="UnitTests.Controllers.ModuleApiControllerTests.HasUserInfo" storage="d:\a\mymodule20220704\mymodule20220704\unittests\bin\unittests.dll" id="bae3532a-4a9e-c4ab-fc66-4dfa22d16170">
      <Execution id="63737255-cf9f-441e-b852-fff7efd324bb" />
      <TestMethod codeBase="D:\a\MyModule20220704\MyModule20220704\UnitTests\bin\UnitTests.dll" adapterTypeName="executor://xunit/VsTestRunner2/net" className="UnitTests.Controllers.ModuleApiControllerTests" name="HasUserInfo" />
    </UnitTest>
    <UnitTest name="UnitTests.Services.ItemServiceTests.UpdateItem_NoName_Throws(name: &quot;  &quot;)" storage="d:\a\mymodule20220704\mymodule20220704\unittests\bin\unittests.dll" id="92b7b9f6-1294-7ea1-ffa3-91fba85074d4">
      <Execution id="a0b435dc-dca3-4a05-a05d-99852c4a7c1d" />
      <TestMethod codeBase="D:\a\MyModule20220704\MyModule20220704\UnitTests\bin\UnitTests.dll" adapterTypeName="executor://xunit/VsTestRunner2/net" className="UnitTests.Services.ItemServiceTests" name="UpdateItem_NoName_Throws" />
    </UnitTest>
    <UnitTest name="UnitTests.Data.Repositories.GenericRepositoryTests.Repository_Create_DefaultAudit" storage="d:\a\mymodule20220704\mymodule20220704\unittests\bin\unittests.dll" id="ae39aa62-5ff2-56e7-d00e-ef116d711d51">
      <Execution id="f870e254-7d74-4670-8524-3675a34d468a" />
      <TestMethod codeBase="D:\a\MyModule20220704\MyModule20220704\UnitTests\bin\UnitTests.dll" adapterTypeName="executor://xunit/VsTestRunner2/net" className="UnitTests.Data.Repositories.GenericRepositoryTests" name="Repository_Create_DefaultAudit" />
    </UnitTest>
    <UnitTest name="UnitTests.Controllers.ValidateModelAttributeTests.OnActionExecuting_Valid_Works" storage="d:\a\mymodule20220704\mymodule20220704\unittests\bin\unittests.dll" id="e55f1742-c16d-5086-2251-ad3372dd48f5">
      <Execution id="1cf91e8e-f6ab-4d66-88f5-373db796e080" />
      <TestMethod codeBase="D:\a\MyModule20220704\MyModule20220704\UnitTests\bin\UnitTests.dll" adapterTypeName="executor://xunit/VsTestRunner2/net" className="UnitTests.Controllers.ValidateModelAttributeTests" name="OnActionExecuting_Valid_Works" />
    </UnitTest>
    <UnitTest name="UnitTests.Data.Repositories.GenericRepositoryTests.GenericRepositoryGetsAll(iterations: 1)" storage="d:\a\mymodule20220704\mymodule20220704\unittests\bin\unittests.dll" id="d16880d7-fb44-f209-43d9-ba2e0e1875de">
      <Execution id="364d6fa0-0aa6-4266-b0c7-49a9cad5c529" />
      <TestMethod codeBase="D:\a\MyModule20220704\MyModule20220704\UnitTests\bin\UnitTests.dll" adapterTypeName="executor://xunit/VsTestRunner2/net" className="UnitTests.Data.Repositories.GenericRepositoryTests" name="GenericRepositoryGetsAll" />
    </UnitTest>
    <UnitTest name="UnitTests.Services.ItemServiceTests.UpdateItem_NullDto_Throws" storage="d:\a\mymodule20220704\mymodule20220704\unittests\bin\unittests.dll" id="263c08b1-704a-f3c2-309e-6dee831dbdc9">
      <Execution id="22dddb10-6872-49e6-a495-365cb2fe33bd" />
      <TestMethod codeBase="D:\a\MyModule20220704\MyModule20220704\UnitTests\bin\UnitTests.dll" adapterTypeName="executor://xunit/VsTestRunner2/net" className="UnitTests.Services.ItemServiceTests" name="UpdateItem_NullDto_Throws" />
    </UnitTest>
    <UnitTest name="UnitTests.Services.LoggingServiceTests.LoggingService_DefaultConstructorExists" storage="d:\a\mymodule20220704\mymodule20220704\unittests\bin\unittests.dll" id="8ba31d1b-48e3-e04e-cff0-b927c63b4a19">
      <Execution id="b6d708ce-4498-461d-b471-2eacac50d6db" />
      <TestMethod codeBase="D:\a\MyModule20220704\MyModule20220704\UnitTests\bin\UnitTests.dll" adapterTypeName="executor://xunit/VsTestRunner2/net" className="UnitTests.Services.LoggingServiceTests" name="LoggingService_DefaultConstructorExists" />
    </UnitTest>
    <UnitTest name="UnitTests.Data.Repositories.GenericRepositoryTests.GenericRepositoryCreate_ThrowsWithNullEntity" storage="d:\a\mymodule20220704\mymodule20220704\unittests\bin\unittests.dll" id="36689490-09d4-917f-648a-70dcfcfede10">
      <Execution id="16cd7ff8-bb46-47c5-a4c1-f107c28a4087" />
      <TestMethod codeBase="D:\a\MyModule20220704\MyModule20220704\UnitTests\bin\UnitTests.dll" adapterTypeName="executor://xunit/VsTestRunner2/net" className="UnitTests.Data.Repositories.GenericRepositoryTests" name="GenericRepositoryCreate_ThrowsWithNullEntity" />
    </UnitTest>
    <UnitTest name="UnitTests.Controllers.ItemControllerTests.CreateItem_Creates" storage="d:\a\mymodule20220704\mymodule20220704\unittests\bin\unittests.dll" id="588a2c1b-7788-beb2-ade0-06788d455d25">
      <Execution id="85e415d6-0781-417d-a93c-21f2e06e90d0" />
      <TestMethod codeBase="D:\a\MyModule20220704\MyModule20220704\UnitTests\bin\UnitTests.dll" adapterTypeName="executor://xunit/VsTestRunner2/net" className="UnitTests.Controllers.ItemControllerTests" name="CreateItem_Creates" />
    </UnitTest>
    <UnitTest name="UnitTests.Controllers.ModuleApiControllerTests.CanEdit_Set_Throws" storage="d:\a\mymodule20220704\mymodule20220704\unittests\bin\unittests.dll" id="5f92ec4d-d570-0452-b891-d4cee75db9dd">
      <Execution id="0e414ffb-b8b7-4eb2-83ff-6ff28f9b0fab" />
      <TestMethod codeBase="D:\a\MyModule20220704\MyModule20220704\UnitTests\bin\UnitTests.dll" adapterTypeName="executor://xunit/VsTestRunner2/net" className="UnitTests.Controllers.ModuleApiControllerTests" name="CanEdit_Set_Throws" />
    </UnitTest>
    <UnitTest name="UnitTests.Data.Repositories.GenericRepositoryTests.Repository_Create_UsesUserId" storage="d:\a\mymodule20220704\mymodule20220704\unittests\bin\unittests.dll" id="e1c7f76f-6195-c844-23c0-304b47fbae66">
      <Execution id="edf966c2-42a1-40f3-bc87-c34319462bf2" />
      <TestMethod codeBase="D:\a\MyModule20220704\MyModule20220704\UnitTests\bin\UnitTests.dll" adapterTypeName="executor://xunit/VsTestRunner2/net" className="UnitTests.Data.Repositories.GenericRepositoryTests" name="Repository_Create_UsesUserId" />
    </UnitTest>
    <UnitTest name="UnitTests.Controllers.ItemControllerTests.UpdateItem_Updates" storage="d:\a\mymodule20220704\mymodule20220704\unittests\bin\unittests.dll" id="315adde5-f36d-a74f-aa46-fb22a0f78cd9">
      <Execution id="ed12db49-639d-4eee-8255-9689db6d7422" />
      <TestMethod codeBase="D:\a\MyModule20220704\MyModule20220704\UnitTests\bin\UnitTests.dll" adapterTypeName="executor://xunit/VsTestRunner2/net" className="UnitTests.Controllers.ItemControllerTests" name="UpdateItem_Updates" />
    </UnitTest>
    <UnitTest name="UnitTests.Controllers.ModuleExceptionFilterAttributeTests.ArgumentException_BadRequest" storage="d:\a\mymodule20220704\mymodule20220704\unittests\bin\unittests.dll" id="a21637b0-54f8-4fa0-bc3b-95481a9fd90b">
      <Execution id="27db3077-8f7d-4ce0-9a45-b5062b8973a7" />
      <TestMethod codeBase="D:\a\MyModule20220704\MyModule20220704\UnitTests\bin\UnitTests.dll" adapterTypeName="executor://xunit/VsTestRunner2/net" className="UnitTests.Controllers.ModuleExceptionFilterAttributeTests" name="ArgumentException_BadRequest" />
    </UnitTest>
    <UnitTest name="UnitTests.Data.Repositories.GenericRepositoryTests.GetPage_Pages(page: 3, pageSize: 20, expectedItems: 10, expectedPages: 3)" storage="d:\a\mymodule20220704\mymodule20220704\unittests\bin\unittests.dll" id="74c28fcf-aa9b-2bab-0ff6-cfa98a0ddf49">
      <Execution id="f4b12af8-1709-4f1c-a4ab-85740d307ee7" />
      <TestMethod codeBase="D:\a\MyModule20220704\MyModule20220704\UnitTests\bin\UnitTests.dll" adapterTypeName="executor://xunit/VsTestRunner2/net" className="UnitTests.Data.Repositories.GenericRepositoryTests" name="GetPage_Pages" />
    </UnitTest>
    <UnitTest name="UnitTests.Controllers.ModuleExceptionFilterAttributeTests.NoException_DoesNothing" storage="d:\a\mymodule20220704\mymodule20220704\unittests\bin\unittests.dll" id="113f48ce-a6a3-c5df-7589-ba5a5fcb9c59">
      <Execution id="b4340fa4-57ee-4d5a-a93a-4c2031ad4991" />
      <TestMethod codeBase="D:\a\MyModule20220704\MyModule20220704\UnitTests\bin\UnitTests.dll" adapterTypeName="executor://xunit/VsTestRunner2/net" className="UnitTests.Controllers.ModuleExceptionFilterAttributeTests" name="NoException_DoesNothing" />
    </UnitTest>
    <UnitTest name="UnitTests.Controllers.ItemControllerTests.GetItemsPage_GetsProperPages" storage="d:\a\mymodule20220704\mymodule20220704\unittests\bin\unittests.dll" id="1017c6c1-9dd0-57dc-36e7-bb573d02562e">
      <Execution id="c912acea-2b09-4424-8f95-dfa655dbf7a5" />
      <TestMethod codeBase="D:\a\MyModule20220704\MyModule20220704\UnitTests\bin\UnitTests.dll" adapterTypeName="executor://xunit/VsTestRunner2/net" className="UnitTests.Controllers.ItemControllerTests" name="GetItemsPage_GetsProperPages" />
    </UnitTest>
    <UnitTest name="UnitTests.Data.Repositories.GenericRepositoryTests.GenericRepositoryDeletes" storage="d:\a\mymodule20220704\mymodule20220704\unittests\bin\unittests.dll" id="0bc54975-0bff-692e-a9b3-fc69f2c95a39">
      <Execution id="11b5c59f-0068-4607-af58-ccfbf86d2374" />
      <TestMethod codeBase="D:\a\MyModule20220704\MyModule20220704\UnitTests\bin\UnitTests.dll" adapterTypeName="executor://xunit/VsTestRunner2/net" className="UnitTests.Data.Repositories.GenericRepositoryTests" name="GenericRepositoryDeletes" />
    </UnitTest>
    <UnitTest name="UnitTests.Controllers.ItemControllerTests.DeleteItem_Deletes(itemId: 10)" storage="d:\a\mymodule20220704\mymodule20220704\unittests\bin\unittests.dll" id="d6094ca1-b65b-5133-f464-9f7d01f0d023">
      <Execution id="5ef1babd-dcca-4a04-9bde-524e52b825ae" />
      <TestMethod codeBase="D:\a\MyModule20220704\MyModule20220704\UnitTests\bin\UnitTests.dll" adapterTypeName="executor://xunit/VsTestRunner2/net" className="UnitTests.Controllers.ItemControllerTests" name="DeleteItem_Deletes" />
    </UnitTest>
    <UnitTest name="UnitTests.Data.Repositories.GenericRepositoryTests.GenericRepositoryUpdates" storage="d:\a\mymodule20220704\mymodule20220704\unittests\bin\unittests.dll" id="70ede014-c412-e387-bb98-e95b3b42090d">
      <Execution id="605ba623-d80f-4214-9fe9-cda50dd89c63" />
      <TestMethod codeBase="D:\a\MyModule20220704\MyModule20220704\UnitTests\bin\UnitTests.dll" adapterTypeName="executor://xunit/VsTestRunner2/net" className="UnitTests.Data.Repositories.GenericRepositoryTests" name="GenericRepositoryUpdates" />
    </UnitTest>
    <UnitTest name="UnitTests.Data.Repositories.GenericRepositoryTests.Repository_Update_DefaultAudit" storage="d:\a\mymodule20220704\mymodule20220704\unittests\bin\unittests.dll" id="44b00d3a-bad7-aefd-141c-4a35b11463b2">
      <Execution id="67b0317d-6cf5-4449-bd91-6b482c4bb381" />
      <TestMethod codeBase="D:\a\MyModule20220704\MyModule20220704\UnitTests\bin\UnitTests.dll" adapterTypeName="executor://xunit/VsTestRunner2/net" className="UnitTests.Data.Repositories.GenericRepositoryTests" name="Repository_Update_DefaultAudit" />
    </UnitTest>
    <UnitTest name="UnitTests.Services.ItemServiceTests.UpdateItem_Updates" storage="d:\a\mymodule20220704\mymodule20220704\unittests\bin\unittests.dll" id="130d9133-361f-a0da-f15e-423eb98947ac">
      <Execution id="986ecd6d-1680-42e6-ba56-c1d95f306358" />
      <TestMethod codeBase="D:\a\MyModule20220704\MyModule20220704\UnitTests\bin\UnitTests.dll" adapterTypeName="executor://xunit/VsTestRunner2/net" className="UnitTests.Services.ItemServiceTests" name="UpdateItem_Updates" />
    </UnitTest>
    <UnitTest name="UnitTests.Data.Repositories.GenericRepositoryTests.GenericRepositoryGetsAll(iterations: 2)" storage="d:\a\mymodule20220704\mymodule20220704\unittests\bin\unittests.dll" id="ffe5c770-9b99-42c0-ce21-7e50cccf4385">
      <Execution id="a0e1a6ac-2211-449a-b1f2-d41e98940c55" />
      <TestMethod codeBase="D:\a\MyModule20220704\MyModule20220704\UnitTests\bin\UnitTests.dll" adapterTypeName="executor://xunit/VsTestRunner2/net" className="UnitTests.Data.Repositories.GenericRepositoryTests" name="GenericRepositoryGetsAll" />
    </UnitTest>
    <UnitTest name="UnitTests.Data.Repositories.GenericRepositoryTests.GenericRepositoryGetsAll(iterations: 0)" storage="d:\a\mymodule20220704\mymodule20220704\unittests\bin\unittests.dll" id="4fe0dd0f-2fa0-9c42-e816-a6df28150b72">
      <Execution id="104de138-9571-4d56-8684-7a677d39a9c3" />
      <TestMethod codeBase="D:\a\MyModule20220704\MyModule20220704\UnitTests\bin\UnitTests.dll" adapterTypeName="executor://xunit/VsTestRunner2/net" className="UnitTests.Data.Repositories.GenericRepositoryTests" name="GenericRepositoryGetsAll" />
    </UnitTest>
    <UnitTest name="UnitTests.Data.Repositories.GenericRepositoryTests.GetPage_Pages(page: 1, pageSize: 10, expectedItems: 10, expectedPages: 5)" storage="d:\a\mymodule20220704\mymodule20220704\unittests\bin\unittests.dll" id="c5867bfe-f023-3ae4-485c-eae070f2ace9">
      <Execution id="1d75866f-6a17-4aa5-b181-bb0c090209f5" />
      <TestMethod codeBase="D:\a\MyModule20220704\MyModule20220704\UnitTests\bin\UnitTests.dll" adapterTypeName="executor://xunit/VsTestRunner2/net" className="UnitTests.Data.Repositories.GenericRepositoryTests" name="GetPage_Pages" />
    </UnitTest>
    <UnitTest name="UnitTests.Common.Extensions.IQueryableExtensionsTests.Order_OrdersBothWays(descending: False, expected: [1, 2, 3])" storage="d:\a\mymodule20220704\mymodule20220704\unittests\bin\unittests.dll" id="248341cb-553e-e275-a8eb-499567f40929">
      <Execution id="62d12e85-ddb0-48f9-89c5-9b6c9af27614" />
      <TestMethod codeBase="D:\a\MyModule20220704\MyModule20220704\UnitTests\bin\UnitTests.dll" adapterTypeName="executor://xunit/VsTestRunner2/net" className="UnitTests.Common.Extensions.IQueryableExtensionsTests" name="Order_OrdersBothWays" />
    </UnitTest>
    <UnitTest name="UnitTests.Data.Repositories.GenericRepositoryTests.GetPage_Pages(page: 0, pageSize: 0, expectedItems: 1, expectedPages: 50)" storage="d:\a\mymodule20220704\mymodule20220704\unittests\bin\unittests.dll" id="3688eeeb-2a1a-6ffa-a193-543baf24437a">
      <Execution id="2accd67e-07f5-408b-9269-bf0e74f3c8de" />
      <TestMethod codeBase="D:\a\MyModule20220704\MyModule20220704\UnitTests\bin\UnitTests.dll" adapterTypeName="executor://xunit/VsTestRunner2/net" className="UnitTests.Data.Repositories.GenericRepositoryTests" name="GetPage_Pages" />
    </UnitTest>
    <UnitTest name="UnitTests.Services.ItemServiceTests.CreateItem_NoItemThrows" storage="d:\a\mymodule20220704\mymodule20220704\unittests\bin\unittests.dll" id="f5652070-1b22-f5a7-3f3f-68b37c9184a8">
      <Execution id="947da9d7-6806-4395-a1ac-7ceba7c25b3f" />
      <TestMethod codeBase="D:\a\MyModule20220704\MyModule20220704\UnitTests\bin\UnitTests.dll" adapterTypeName="executor://xunit/VsTestRunner2/net" className="UnitTests.Services.ItemServiceTests" name="CreateItem_NoItemThrows" />
    </UnitTest>
    <UnitTest name="UnitTests.Data.Entities.ItemTests.ItemPropertiesPersist(id: 1, name: &quot;Name1&quot;, description: &quot;Description1&quot;)" storage="d:\a\mymodule20220704\mymodule20220704\unittests\bin\unittests.dll" id="392ed628-2028-c945-b97e-893658a1e82b">
      <Execution id="0530ce0b-1c8f-4764-abf8-adf293a18922" />
      <TestMethod codeBase="D:\a\MyModule20220704\MyModule20220704\UnitTests\bin\UnitTests.dll" adapterTypeName="executor://xunit/VsTestRunner2/net" className="UnitTests.Data.Entities.ItemTests" name="ItemPropertiesPersist" />
    </UnitTest>
  </TestDefinitions>
  <TestEntries>
    <TestEntry testId="24cfa8b0-48c3-8aab-e4c2-88694c220e2c" executionId="9371a24d-549c-418e-9272-280785c68d63" testListId="8c84fa94-04c1-424b-9868-57a2d4851a1d" />
    <TestEntry testId="ad3412e8-5f64-2020-a5b6-bd4cca8c3b7d" executionId="89da2d0e-55c4-4ef2-8fc2-b58764acdb71" testListId="8c84fa94-04c1-424b-9868-57a2d4851a1d" />
    <TestEntry testId="ac1c50bc-98fd-036f-fe0f-d46cb187f90e" executionId="807599d5-bd09-4f6c-9ade-cef2434e30df" testListId="8c84fa94-04c1-424b-9868-57a2d4851a1d" />
    <TestEntry testId="0ebf358f-9eac-9438-b418-9c6aa81a6377" executionId="99695bfe-e857-4552-9ae7-0f1f51f451de" testListId="8c84fa94-04c1-424b-9868-57a2d4851a1d" />
    <TestEntry testId="b76e01b1-6afe-f33b-c6a9-ea3347176509" executionId="a577485d-75b0-4856-86fa-570bb3a3af65" testListId="8c84fa94-04c1-424b-9868-57a2d4851a1d" />
    <TestEntry testId="1c164fbc-1ab1-9884-ccb8-9e84f4c977d0" executionId="dd6bd37c-9107-4b9e-ac6b-244c09df931d" testListId="8c84fa94-04c1-424b-9868-57a2d4851a1d" />
    <TestEntry testId="1017c6c1-9dd0-57dc-36e7-bb573d02562e" executionId="c912acea-2b09-4424-8f95-dfa655dbf7a5" testListId="8c84fa94-04c1-424b-9868-57a2d4851a1d" />
    <TestEntry testId="4fe0dd0f-2fa0-9c42-e816-a6df28150b72" executionId="104de138-9571-4d56-8684-7a677d39a9c3" testListId="8c84fa94-04c1-424b-9868-57a2d4851a1d" />
    <TestEntry testId="70ede014-c412-e387-bb98-e95b3b42090d" executionId="605ba623-d80f-4214-9fe9-cda50dd89c63" testListId="8c84fa94-04c1-424b-9868-57a2d4851a1d" />
    <TestEntry testId="92b7b9f6-1294-7ea1-ffa3-91fba85074d4" executionId="a0b435dc-dca3-4a05-a05d-99852c4a7c1d" testListId="8c84fa94-04c1-424b-9868-57a2d4851a1d" />
    <TestEntry testId="ffe5c770-9b99-42c0-ce21-7e50cccf4385" executionId="a0e1a6ac-2211-449a-b1f2-d41e98940c55" testListId="8c84fa94-04c1-424b-9868-57a2d4851a1d" />
    <TestEntry testId="44b00d3a-bad7-aefd-141c-4a35b11463b2" executionId="67b0317d-6cf5-4449-bd91-6b482c4bb381" testListId="8c84fa94-04c1-424b-9868-57a2d4851a1d" />
    <TestEntry testId="f754f777-4449-23e8-f4ec-917f49117de2" executionId="a97f0b2f-c3ce-4441-9d64-cba619ebcbb2" testListId="8c84fa94-04c1-424b-9868-57a2d4851a1d" />
    <TestEntry testId="d16880d7-fb44-f209-43d9-ba2e0e1875de" executionId="364d6fa0-0aa6-4266-b0c7-49a9cad5c529" testListId="8c84fa94-04c1-424b-9868-57a2d4851a1d" />
    <TestEntry testId="e6e0a140-85e7-6935-6160-ab95ecfd3c8a" executionId="2f90eab9-fab7-4dfb-a4b0-4fb1869322f7" testListId="8c84fa94-04c1-424b-9868-57a2d4851a1d" />
    <TestEntry testId="36689490-09d4-917f-648a-70dcfcfede10" executionId="16cd7ff8-bb46-47c5-a4c1-f107c28a4087" testListId="8c84fa94-04c1-424b-9868-57a2d4851a1d" />
    <TestEntry testId="a21637b0-54f8-4fa0-bc3b-95481a9fd90b" executionId="c83f7b6a-0a3c-462e-a875-a5a5200242ec" testListId="8c84fa94-04c1-424b-9868-57a2d4851a1d" />
    <TestEntry testId="d15ea2a7-9f9f-b92b-50fa-470898da705d" executionId="c907322e-c4f2-4cf9-ac54-a40b9d01effa" testListId="8c84fa94-04c1-424b-9868-57a2d4851a1d" />
    <TestEntry testId="3cbfa5d3-e0f6-eff8-ed5c-556fa1f3e131" executionId="880c0b37-880c-4f7a-a7c2-10731b9edcee" testListId="8c84fa94-04c1-424b-9868-57a2d4851a1d" />
    <TestEntry testId="572fc310-4b67-9555-f147-153d39f2eb82" executionId="3ce59d30-2021-447d-bddb-bd2ada875702" testListId="8c84fa94-04c1-424b-9868-57a2d4851a1d" />
    <TestEntry testId="320e3c11-11d1-b3ef-0d2e-5e474f674ff1" executionId="3947ce42-f07f-4247-a47f-1a36350e1c06" testListId="8c84fa94-04c1-424b-9868-57a2d4851a1d" />
    <TestEntry testId="113f48ce-a6a3-c5df-7589-ba5a5fcb9c59" executionId="b4340fa4-57ee-4d5a-a93a-4c2031ad4991" testListId="8c84fa94-04c1-424b-9868-57a2d4851a1d" />
    <TestEntry testId="f5652070-1b22-f5a7-3f3f-68b37c9184a8" executionId="947da9d7-6806-4395-a1ac-7ceba7c25b3f" testListId="8c84fa94-04c1-424b-9868-57a2d4851a1d" />
    <TestEntry testId="74c28fcf-aa9b-2bab-0ff6-cfa98a0ddf49" executionId="f4b12af8-1709-4f1c-a4ab-85740d307ee7" testListId="8c84fa94-04c1-424b-9868-57a2d4851a1d" />
    <TestEntry testId="a21637b0-54f8-4fa0-bc3b-95481a9fd90b" executionId="62d2e981-1d5c-4173-b119-dc520e7f0dae" testListId="8c84fa94-04c1-424b-9868-57a2d4851a1d" />
    <TestEntry testId="588a2c1b-7788-beb2-ade0-06788d455d25" executionId="85e415d6-0781-417d-a93c-21f2e06e90d0" testListId="8c84fa94-04c1-424b-9868-57a2d4851a1d" />
    <TestEntry testId="a9198ad3-782e-a37c-0b5f-1330f5318f55" executionId="9a469394-95b9-4af0-8565-4c0cecc0ec2c" testListId="8c84fa94-04c1-424b-9868-57a2d4851a1d" />
    <TestEntry testId="e6610648-e456-1c64-d2b1-7e1242b871a8" executionId="529f94a4-a79e-4671-82fa-80752f5e15c0" testListId="8c84fa94-04c1-424b-9868-57a2d4851a1d" />
    <TestEntry testId="a21637b0-54f8-4fa0-bc3b-95481a9fd90b" executionId="31c6e9ed-42ff-46b6-99b8-258ee825dace" testListId="8c84fa94-04c1-424b-9868-57a2d4851a1d" />
    <TestEntry testId="986d7e6e-d04d-b204-b01c-fbb8f09c7774" executionId="553b572e-41ea-490c-af4b-b2568619d08a" testListId="8c84fa94-04c1-424b-9868-57a2d4851a1d" />
    <TestEntry testId="c5867bfe-f023-3ae4-485c-eae070f2ace9" executionId="1d75866f-6a17-4aa5-b181-bb0c090209f5" testListId="8c84fa94-04c1-424b-9868-57a2d4851a1d" />
    <TestEntry testId="ac2a99ba-3563-74a9-7d4c-8e91a58cd097" executionId="6cd6f931-463d-4680-9e4a-f868c8167f79" testListId="8c84fa94-04c1-424b-9868-57a2d4851a1d" />
    <TestEntry testId="263c08b1-704a-f3c2-309e-6dee831dbdc9" executionId="22dddb10-6872-49e6-a495-365cb2fe33bd" testListId="8c84fa94-04c1-424b-9868-57a2d4851a1d" />
    <TestEntry testId="99806ad3-88f0-7495-8b3e-3799a4bbb6aa" executionId="cacdde76-bd9e-43e1-92be-8e8e2c5c6bb3" testListId="8c84fa94-04c1-424b-9868-57a2d4851a1d" />
    <TestEntry testId="3688eeeb-2a1a-6ffa-a193-543baf24437a" executionId="2accd67e-07f5-408b-9269-bf0e74f3c8de" testListId="8c84fa94-04c1-424b-9868-57a2d4851a1d" />
    <TestEntry testId="5f92ec4d-d570-0452-b891-d4cee75db9dd" executionId="0e414ffb-b8b7-4eb2-83ff-6ff28f9b0fab" testListId="8c84fa94-04c1-424b-9868-57a2d4851a1d" />
    <TestEntry testId="aec60494-3c2e-8ec9-f948-da5bb2043983" executionId="dcb8392b-b15c-4a27-8cb0-1c10533e3dee" testListId="8c84fa94-04c1-424b-9868-57a2d4851a1d" />
    <TestEntry testId="b6579d24-7c4e-c42d-2ead-85e0f30e0a64" executionId="a41aa153-51f1-4804-86a1-b600c428b592" testListId="8c84fa94-04c1-424b-9868-57a2d4851a1d" />
    <TestEntry testId="a21637b0-54f8-4fa0-bc3b-95481a9fd90b" executionId="27db3077-8f7d-4ce0-9a45-b5062b8973a7" testListId="8c84fa94-04c1-424b-9868-57a2d4851a1d" />
    <TestEntry testId="ae39aa62-5ff2-56e7-d00e-ef116d711d51" executionId="f870e254-7d74-4670-8524-3675a34d468a" testListId="8c84fa94-04c1-424b-9868-57a2d4851a1d" />
    <TestEntry testId="0bc54975-0bff-692e-a9b3-fc69f2c95a39" executionId="11b5c59f-0068-4607-af58-ccfbf86d2374" testListId="8c84fa94-04c1-424b-9868-57a2d4851a1d" />
    <TestEntry testId="9168bdef-a759-f4d6-b890-b643e17324cf" executionId="778a6560-7561-4362-b9c1-54760f03ecf0" testListId="8c84fa94-04c1-424b-9868-57a2d4851a1d" />
    <TestEntry testId="d6cab32e-cf28-1ba8-73a6-76c46cb62c4a" executionId="1132baf9-7385-45da-b86d-4db9875eabae" testListId="8c84fa94-04c1-424b-9868-57a2d4851a1d" />
    <TestEntry testId="315adde5-f36d-a74f-aa46-fb22a0f78cd9" executionId="ed12db49-639d-4eee-8255-9689db6d7422" testListId="8c84fa94-04c1-424b-9868-57a2d4851a1d" />
    <TestEntry testId="8ba31d1b-48e3-e04e-cff0-b927c63b4a19" executionId="b6d708ce-4498-461d-b471-2eacac50d6db" testListId="8c84fa94-04c1-424b-9868-57a2d4851a1d" />
    <TestEntry testId="a21637b0-54f8-4fa0-bc3b-95481a9fd90b" executionId="e8e2ded7-8fc2-4d4a-ac00-6e442e299d6f" testListId="8c84fa94-04c1-424b-9868-57a2d4851a1d" />
    <TestEntry testId="19b6234c-c2df-2304-54f9-54b0da4cd6ba" executionId="4b26397c-6daf-4614-b369-bc71d5f23bfd" testListId="8c84fa94-04c1-424b-9868-57a2d4851a1d" />
    <TestEntry testId="248341cb-553e-e275-a8eb-499567f40929" executionId="62d12e85-ddb0-48f9-89c5-9b6c9af27614" testListId="8c84fa94-04c1-424b-9868-57a2d4851a1d" />
    <TestEntry testId="130d9133-361f-a0da-f15e-423eb98947ac" executionId="986ecd6d-1680-42e6-ba56-c1d95f306358" testListId="8c84fa94-04c1-424b-9868-57a2d4851a1d" />
    <TestEntry testId="bae3532a-4a9e-c4ab-fc66-4dfa22d16170" executionId="63737255-cf9f-441e-b852-fff7efd324bb" testListId="8c84fa94-04c1-424b-9868-57a2d4851a1d" />
    <TestEntry testId="1a74e347-4470-5271-97ab-1ebaf8693270" executionId="813bcd25-e62c-487b-8d25-717a18de2467" testListId="8c84fa94-04c1-424b-9868-57a2d4851a1d" />
    <TestEntry testId="96a18501-dea4-70b1-d572-baa1bb120da2" executionId="967c3962-2fd6-4f2c-a9a1-eae65df05fcb" testListId="8c84fa94-04c1-424b-9868-57a2d4851a1d" />
    <TestEntry testId="478b61ee-7d85-9dbe-985d-08c590f8666a" executionId="75bfe115-7c4f-4f5c-a07c-275d7bfeff5c" testListId="8c84fa94-04c1-424b-9868-57a2d4851a1d" />
    <TestEntry testId="e55f1742-c16d-5086-2251-ad3372dd48f5" executionId="1cf91e8e-f6ab-4d66-88f5-373db796e080" testListId="8c84fa94-04c1-424b-9868-57a2d4851a1d" />
    <TestEntry testId="d1c63cb7-1f9a-a8bf-a217-a4cbb4e5f73b" executionId="6a5b6c38-ba0a-4ae0-8b68-b4b3acf8351e" testListId="8c84fa94-04c1-424b-9868-57a2d4851a1d" />
    <TestEntry testId="61a8ccc9-c5b1-047b-3c97-f777ccc7d30b" executionId="131e88c8-dbae-495c-bb30-72b811d96508" testListId="8c84fa94-04c1-424b-9868-57a2d4851a1d" />
    <TestEntry testId="a21637b0-54f8-4fa0-bc3b-95481a9fd90b" executionId="0dd03367-31ff-44c9-a358-e4f28071377f" testListId="8c84fa94-04c1-424b-9868-57a2d4851a1d" />
    <TestEntry testId="392ed628-2028-c945-b97e-893658a1e82b" executionId="0530ce0b-1c8f-4764-abf8-adf293a18922" testListId="8c84fa94-04c1-424b-9868-57a2d4851a1d" />
    <TestEntry testId="e1c7f76f-6195-c844-23c0-304b47fbae66" executionId="edf966c2-42a1-40f3-bc87-c34319462bf2" testListId="8c84fa94-04c1-424b-9868-57a2d4851a1d" />
    <TestEntry testId="168fc980-36e3-101b-62b1-f5ab71e9fc0d" executionId="c30facf8-0f35-4b00-ad8e-0714502aa3bf" testListId="8c84fa94-04c1-424b-9868-57a2d4851a1d" />
    <TestEntry testId="d6094ca1-b65b-5133-f464-9f7d01f0d023" executionId="5ef1babd-dcca-4a04-9bde-524e52b825ae" testListId="8c84fa94-04c1-424b-9868-57a2d4851a1d" />
    <TestEntry testId="0247c7e7-7d1c-099b-2ac8-81a47ff2509a" executionId="a3f8264a-0855-44af-88ee-55b8f8f1bf52" testListId="8c84fa94-04c1-424b-9868-57a2d4851a1d" />
    <TestEntry testId="e4f8faa7-d0ad-86e6-1579-7bd52372b4c3" executionId="e7295493-72ca-48a7-b23e-8aa1749e076e" testListId="8c84fa94-04c1-424b-9868-57a2d4851a1d" />
  </TestEntries>
  <TestLists>
    <TestList name="Results Not in a List" id="8c84fa94-04c1-424b-9868-57a2d4851a1d" />
    <TestList name="All Loaded Results" id="19431567-8539-422a-85d7-44ee4e166bda" />
  </TestLists>
  <ResultSummary outcome="Completed">
    <Counters total="63" executed="63" passed="63" failed="0" error="0" timeout="0" aborted="0" inconclusive="0" passedButRunAborted="0" notRunnable="0" notExecuted="0" disconnected="0" warning="0" completed="0" inProgress="0" pending="0" />
    <Output>
      <StdOut>[xUnit.net 00:00:00.00] xUnit.net VSTest Adapter v2.4.3+1b45f5407b (32-bit Desktop .NET 4.0.30319.42000)&#xD;
[xUnit.net 00:00:00.86]   Discovering: UnitTests&#xD;
[xUnit.net 00:00:01.02]   Discovered:  UnitTests&#xD;
[xUnit.net 00:00:01.03]   Starting:    UnitTests&#xD;
[xUnit.net 00:00:05.62]   Finished:    UnitTests&#xD;
</StdOut>
    </Output>
  </ResultSummary>
</TestRun>