<?xml version="1.0" encoding="utf-8"?>
<TestRun id="e36e4ab8-3077-4fcb-8d9d-95c581d0543a" name="runneradmin@fv-az365-556 2022-07-04 20:56:49" runUser="fv-az365-556\runneradmin" xmlns="http://microsoft.com/schemas/VisualStudio/TeamTest/2010">
  <Times creation="2022-07-04T20:56:49.3367685+00:00" queuing="2022-07-04T20:56:49.3367688+00:00" start="2022-07-04T20:56:47.3132549+00:00" finish="2022-07-04T20:56:53.6980677+00:00" />
  <TestSettings name="default" id="114f88d1-7d43-4b96-a4d0-b6e679f063f9">
    <Deployment runDeploymentRoot="runneradmin_fv-az365-556_2022-07-04_20_56_49" />
  </TestSettings>
  <Results>
    <UnitTestResult executionId="025b360a-6190-4dd5-811c-680760c4d893" testId="9168bdef-a759-f4d6-b890-b643e17324cf" testName="UnitTests.Services.LoggingServiceTests.LogginService_TestableConstructorLogsErrorWithException" computerName="fv-az365-556" duration="00:00:00.0010000" startTime="2022-07-04T20:56:49.8541348+00:00" endTime="2022-07-04T20:56:49.8541348+00:00" testType="13cdc9d9-ddb5-4fa4-a97d-d965ccfc6d4b" outcome="Passed" testListId="8c84fa94-04c1-424b-9868-57a2d4851a1d" relativeResultsDirectory="025b360a-6190-4dd5-811c-680760c4d893" />
    <UnitTestResult executionId="e13f3a1e-a5e3-41c4-b0d3-d0f2e69cec79" testId="ae39aa62-5ff2-56e7-d00e-ef116d711d51" testName="UnitTests.Data.Repositories.GenericRepositoryTests.Repository_Create_DefaultAudit" computerName="fv-az365-556" duration="00:00:00.0070000" startTime="2022-07-04T20:56:53.5675608+00:00" endTime="2022-07-04T20:56:53.5675608+00:00" testType="13cdc9d9-ddb5-4fa4-a97d-d965ccfc6d4b" outcome="Passed" testListId="8c84fa94-04c1-424b-9868-57a2d4851a1d" relativeResultsDirectory="e13f3a1e-a5e3-41c4-b0d3-d0f2e69cec79" />
    <UnitTestResult executionId="20790a5d-3318-4933-b396-d2f8dc3bff0c" testId="b6579d24-7c4e-c42d-2ead-85e0f30e0a64" testName="UnitTests.Common.Extensions.IQueryableExtensionsTests.Order_OrdersBothWays(descending: True, expected: [3, 2, 1])" computerName="fv-az365-556" duration="00:00:00.0950000" startTime="2022-07-04T20:56:49.1919671+00:00" endTime="2022-07-04T20:56:49.1919671+00:00" testType="13cdc9d9-ddb5-4fa4-a97d-d965ccfc6d4b" outcome="Passed" testListId="8c84fa94-04c1-424b-9868-57a2d4851a1d" relativeResultsDirectory="20790a5d-3318-4933-b396-d2f8dc3bff0c" />
    <UnitTestResult executionId="2ac2f6bd-0ccc-46ab-8fa4-4af94f0af80c" testId="d1c63cb7-1f9a-a8bf-a217-a4cbb4e5f73b" testName="UnitTests.Common.GlobalsTests.ModulePrefixIsValid" computerName="fv-az365-556" duration="00:00:00.0010000" startTime="2022-07-04T20:56:49.4619747+00:00" endTime="2022-07-04T20:56:49.4619747+00:00" testType="13cdc9d9-ddb5-4fa4-a97d-d965ccfc6d4b" outcome="Passed" testListId="8c84fa94-04c1-424b-9868-57a2d4851a1d" relativeResultsDirectory="2ac2f6bd-0ccc-46ab-8fa4-4af94f0af80c" />
    <UnitTestResult executionId="0c574b1f-65e3-42dc-82f3-c1f22f31551f" testId="d16880d7-fb44-f209-43d9-ba2e0e1875de" testName="UnitTests.Data.Repositories.GenericRepositoryTests.GenericRepositoryGetsAll(iterations: 1)" computerName="fv-az365-556" duration="00:00:00.0210000" startTime="2022-07-04T20:56:52.1646962+00:00" endTime="2022-07-04T20:56:52.1646962+00:00" testType="13cdc9d9-ddb5-4fa4-a97d-d965ccfc6d4b" outcome="Passed" testListId="8c84fa94-04c1-424b-9868-57a2d4851a1d" relativeResultsDirectory="0c574b1f-65e3-42dc-82f3-c1f22f31551f" />
    <UnitTestResult executionId="d01635f2-cce2-45fe-8bac-72d5f377d141" testId="a21637b0-54f8-4fa0-bc3b-95481a9fd90b" testName="UnitTests.Controllers.ModuleExceptionFilterAttributeTests.ArgumentException_BadRequest(exception: System.UnauthorizedAccessException: Unauthorized, expectedStatusCode: Unauthorized)" computerName="fv-az365-556" duration="00:00:00.0010000" startTime="2022-07-04T20:56:49.7801323+00:00" endTime="2022-07-04T20:56:49.7801323+00:00" testType="13cdc9d9-ddb5-4fa4-a97d-d965ccfc6d4b" outcome="Passed" testListId="8c84fa94-04c1-424b-9868-57a2d4851a1d" relativeResultsDirectory="d01635f2-cce2-45fe-8bac-72d5f377d141" />
    <UnitTestResult executionId="20f17ec3-27cc-4f7b-a052-51003a2cb016" testId="986d7e6e-d04d-b204-b01c-fbb8f09c7774" testName="UnitTests.Controllers.ServiceRouteMapperTests.RegisterRoutes_RegistersAtLestOneRoute" computerName="fv-az365-556" duration="00:00:00.0080000" startTime="2022-07-04T20:56:49.5835436+00:00" endTime="2022-07-04T20:56:49.5835436+00:00" testType="13cdc9d9-ddb5-4fa4-a97d-d965ccfc6d4b" outcome="Passed" testListId="8c84fa94-04c1-424b-9868-57a2d4851a1d" relativeResultsDirectory="20f17ec3-27cc-4f7b-a052-51003a2cb016" />
    <UnitTestResult executionId="c2df048c-2aca-4d65-86c6-d6f10e2ae61f" testId="263c08b1-704a-f3c2-309e-6dee831dbdc9" testName="UnitTests.Services.ItemServiceTests.UpdateItem_NullDto_Throws" computerName="fv-az365-556" duration="00:00:00.2580000" startTime="2022-07-04T20:56:49.3749730+00:00" endTime="2022-07-04T20:56:49.3749730+00:00" testType="13cdc9d9-ddb5-4fa4-a97d-d965ccfc6d4b" outcome="Passed" testListId="8c84fa94-04c1-424b-9868-57a2d4851a1d" relativeResultsDirectory="c2df048c-2aca-4d65-86c6-d6f10e2ae61f" />
    <UnitTestResult executionId="ed377e16-c3ee-4195-b228-16773ba00f45" testId="0247c7e7-7d1c-099b-2ac8-81a47ff2509a" testName="UnitTests.Controllers.ItemControllerTests.UserCanEdit_ReturnsBool(canEdit: False)" computerName="fv-az365-556" duration="00:00:00.0070000" startTime="2022-07-04T20:56:49.8131321+00:00" endTime="2022-07-04T20:56:49.8131321+00:00" testType="13cdc9d9-ddb5-4fa4-a97d-d965ccfc6d4b" outcome="Passed" testListId="8c84fa94-04c1-424b-9868-57a2d4851a1d" relativeResultsDirectory="ed377e16-c3ee-4195-b228-16773ba00f45" />
    <UnitTestResult executionId="d5ac3e90-0606-49e6-b208-8d4d5f6a0b3d" testId="1017c6c1-9dd0-57dc-36e7-bb573d02562e" testName="UnitTests.Controllers.ItemControllerTests.GetItemsPage_GetsProperPages" computerName="fv-az365-556" duration="00:00:00.0060000" startTime="2022-07-04T20:56:49.8341351+00:00" endTime="2022-07-04T20:56:49.8341351+00:00" testType="13cdc9d9-ddb5-4fa4-a97d-d965ccfc6d4b" outcome="Passed" testListId="8c84fa94-04c1-424b-9868-57a2d4851a1d" relativeResultsDirectory="d5ac3e90-0606-49e6-b208-8d4d5f6a0b3d" />
    <UnitTestResult executionId="e0963d3a-aeed-4228-a1b1-f431184f7ac7" testId="96a18501-dea4-70b1-d572-baa1bb120da2" testName="UnitTests.Data.Entities.ItemTests.ItemPropertiesPersist(id: 2, name: &quot;Name2&quot;, description: &quot;Description2&quot;)" computerName="fv-az365-556" duration="00:00:00.0010000" startTime="2022-07-04T20:56:49.1249649+00:00" endTime="2022-07-04T20:56:49.1249649+00:00" testType="13cdc9d9-ddb5-4fa4-a97d-d965ccfc6d4b" outcome="Passed" testListId="8c84fa94-04c1-424b-9868-57a2d4851a1d" relativeResultsDirectory="e0963d3a-aeed-4228-a1b1-f431184f7ac7" />
    <UnitTestResult executionId="fa01815d-f5e1-4b77-af1b-f8e7e9ab1db8" testId="d6094ca1-b65b-5133-f464-9f7d01f0d023" testName="UnitTests.Controllers.ItemControllerTests.DeleteItem_Deletes(itemId: 10)" computerName="fv-az365-556" duration="00:00:00.0020000" startTime="2022-07-04T20:56:49.8391359+00:00" endTime="2022-07-04T20:56:49.8391359+00:00" testType="13cdc9d9-ddb5-4fa4-a97d-d965ccfc6d4b" outcome="Passed" testListId="8c84fa94-04c1-424b-9868-57a2d4851a1d" relativeResultsDirectory="fa01815d-f5e1-4b77-af1b-f8e7e9ab1db8" />
    <UnitTestResult executionId="ca0013a1-7531-4601-b86e-3774ec031821" testId="130d9133-361f-a0da-f15e-423eb98947ac" testName="UnitTests.Services.ItemServiceTests.UpdateItem_Updates" computerName="fv-az365-556" duration="00:00:00.0430000" startTime="2022-07-04T20:56:49.4499758+00:00" endTime="2022-07-04T20:56:49.4499758+00:00" testType="13cdc9d9-ddb5-4fa4-a97d-d965ccfc6d4b" outcome="Passed" testListId="8c84fa94-04c1-424b-9868-57a2d4851a1d" relativeResultsDirectory="ca0013a1-7531-4601-b86e-3774ec031821" />
    <UnitTestResult executionId="b822ce64-98c9-45ac-91b6-e463e0a05e3b" testId="a21637b0-54f8-4fa0-bc3b-95481a9fd90b" testName="UnitTests.Controllers.ModuleExceptionFilterAttributeTests.ArgumentException_BadRequest(exception: System.ArgumentException: Argument, expectedStatusCode: BadRequest)" computerName="fv-az365-556" duration="00:00:00.0010000" startTime="2022-07-04T20:56:49.7781318+00:00" endTime="2022-07-04T20:56:49.7781318+00:00" testType="13cdc9d9-ddb5-4fa4-a97d-d965ccfc6d4b" outcome="Passed" testListId="8c84fa94-04c1-424b-9868-57a2d4851a1d" relativeResultsDirectory="b822ce64-98c9-45ac-91b6-e463e0a05e3b" />
    <UnitTestResult executionId="8f4f2111-e43c-4e98-b12e-bf849d2f64d3" testId="8ba31d1b-48e3-e04e-cff0-b927c63b4a19" testName="UnitTests.Services.LoggingServiceTests.LoggingService_DefaultConstructorExists" computerName="fv-az365-556" duration="00:00:00.0010000" startTime="2022-07-04T20:56:49.8421330+00:00" endTime="2022-07-04T20:56:49.8421330+00:00" testType="13cdc9d9-ddb5-4fa4-a97d-d965ccfc6d4b" outcome="Passed" testListId="8c84fa94-04c1-424b-9868-57a2d4851a1d" relativeResultsDirectory="8f4f2111-e43c-4e98-b12e-bf849d2f64d3" />
    <UnitTestResult executionId="74cbda79-518b-42b4-9bae-eb3d7e3461ab" testId="a21637b0-54f8-4fa0-bc3b-95481a9fd90b" testName="UnitTests.Controllers.ModuleExceptionFilterAttributeTests.ArgumentException_BadRequest(exception: System.TimeoutException: Timed out, expectedStatusCode: RequestTimeout)" computerName="fv-az365-556" duration="00:00:00.0010000" startTime="2022-07-04T20:56:49.7791312+00:00" endTime="2022-07-04T20:56:49.7791312+00:00" testType="13cdc9d9-ddb5-4fa4-a97d-d965ccfc6d4b" outcome="Passed" testListId="8c84fa94-04c1-424b-9868-57a2d4851a1d" relativeResultsDirectory="74cbda79-518b-42b4-9bae-eb3d7e3461ab" />
    <UnitTestResult executionId="356aa7e9-40e8-4e9d-bf49-b52d27ffdc1b" testId="ffe5c770-9b99-42c0-ce21-7e50cccf4385" testName="UnitTests.Data.Repositories.GenericRepositoryTests.GenericRepositoryGetsAll(iterations: 2)" computerName="fv-az365-556" duration="00:00:00.0090000" startTime="2022-07-04T20:56:52.1286925+00:00" endTime="2022-07-04T20:56:52.1286925+00:00" testType="13cdc9d9-ddb5-4fa4-a97d-d965ccfc6d4b" outcome="Passed" testListId="8c84fa94-04c1-424b-9868-57a2d4851a1d" relativeResultsDirectory="356aa7e9-40e8-4e9d-bf49-b52d27ffdc1b" />
    <UnitTestResult executionId="d86681b3-8dcc-41ec-9be0-1b31f85b7ac6" testId="99806ad3-88f0-7495-8b3e-3799a4bbb6aa" testName="UnitTests.Services.ItemServiceTests.GetItemsPage_GetsPages(descending: False)" computerName="fv-az365-556" duration="00:00:00.0200000" startTime="2022-07-04T20:56:49.4069742+00:00" endTime="2022-07-04T20:56:49.4069742+00:00" testType="13cdc9d9-ddb5-4fa4-a97d-d965ccfc6d4b" outcome="Passed" testListId="8c84fa94-04c1-424b-9868-57a2d4851a1d" relativeResultsDirectory="d86681b3-8dcc-41ec-9be0-1b31f85b7ac6" />
    <UnitTestResult executionId="4f64b924-0e54-40ea-976c-28bda37e798a" testId="5f92ec4d-d570-0452-b891-d4cee75db9dd" testName="UnitTests.Controllers.ModuleApiControllerTests.CanEdit_Set_Throws" computerName="fv-az365-556" duration="00:00:00.0030000" startTime="2022-07-04T20:56:49.1949658+00:00" endTime="2022-07-04T20:56:49.1949658+00:00" testType="13cdc9d9-ddb5-4fa4-a97d-d965ccfc6d4b" outcome="Passed" testListId="8c84fa94-04c1-424b-9868-57a2d4851a1d" relativeResultsDirectory="4f64b924-0e54-40ea-976c-28bda37e798a" />
    <UnitTestResult executionId="459a3e3b-3b64-466d-846c-b7aca7be522f" testId="ac1c50bc-98fd-036f-fe0f-d46cb187f90e" testName="UnitTests.Services.LoggingServiceTests.LogginService_TestableConstructorLogsError" computerName="fv-az365-556" duration="00:00:00.0130000" startTime="2022-07-04T20:56:49.8531347+00:00" endTime="2022-07-04T20:56:49.8531347+00:00" testType="13cdc9d9-ddb5-4fa4-a97d-d965ccfc6d4b" outcome="Passed" testListId="8c84fa94-04c1-424b-9868-57a2d4851a1d" relativeResultsDirectory="459a3e3b-3b64-466d-846c-b7aca7be522f" />
    <UnitTestResult executionId="13d9a343-3faa-4ae9-a353-2330ab86dfe2" testId="478b61ee-7d85-9dbe-985d-08c590f8666a" testName="UnitTests.Controllers.ItemControllerTests.DeleteItem_Deletes(itemId: 1)" computerName="fv-az365-556" duration="00:00:00.0010000" startTime="2022-07-04T20:56:49.8401360+00:00" endTime="2022-07-04T20:56:49.8401360+00:00" testType="13cdc9d9-ddb5-4fa4-a97d-d965ccfc6d4b" outcome="Passed" testListId="8c84fa94-04c1-424b-9868-57a2d4851a1d" relativeResultsDirectory="13d9a343-3faa-4ae9-a353-2330ab86dfe2" />
    <UnitTestResult executionId="e6e3bfa6-786d-4aeb-9ef7-ad8522704446" testId="24cfa8b0-48c3-8aab-e4c2-88694c220e2c" testName="UnitTests.Data.Repositories.GenericRepositoryTests.GenericRepositoryUpdate_ThrowsWithNullEntity" computerName="fv-az365-556" duration="00:00:00.0010000" startTime="2022-07-04T20:56:53.5615627+00:00" endTime="2022-07-04T20:56:53.5615627+00:00" testType="13cdc9d9-ddb5-4fa4-a97d-d965ccfc6d4b" outcome="Passed" testListId="8c84fa94-04c1-424b-9868-57a2d4851a1d" relativeResultsDirectory="e6e3bfa6-786d-4aeb-9ef7-ad8522704446" />
    <UnitTestResult executionId="4d7f839f-89e9-43bf-8dec-1fb1da90e0d5" testId="248341cb-553e-e275-a8eb-499567f40929" testName="UnitTests.Common.Extensions.IQueryableExtensionsTests.Order_OrdersBothWays(descending: False, expected: [1, 2, 3])" computerName="fv-az365-556" duration="00:00:00.0010000" startTime="2022-07-04T20:56:49.1929665+00:00" endTime="2022-07-04T20:56:49.1929665+00:00" testType="13cdc9d9-ddb5-4fa4-a97d-d965ccfc6d4b" outcome="Passed" testListId="8c84fa94-04c1-424b-9868-57a2d4851a1d" relativeResultsDirectory="4d7f839f-89e9-43bf-8dec-1fb1da90e0d5" />
    <UnitTestResult executionId="f13c2762-eb9f-497f-a679-c9f8511711d7" testId="36689490-09d4-917f-648a-70dcfcfede10" testName="UnitTests.Data.Repositories.GenericRepositoryTests.GenericRepositoryCreate_ThrowsWithNullEntity" computerName="fv-az365-556" duration="00:00:00.0010000" startTime="2022-07-04T20:56:52.0656922+00:00" endTime="2022-07-04T20:56:52.0656922+00:00" testType="13cdc9d9-ddb5-4fa4-a97d-d965ccfc6d4b" outcome="Passed" testListId="8c84fa94-04c1-424b-9868-57a2d4851a1d" relativeResultsDirectory="f13c2762-eb9f-497f-a679-c9f8511711d7" />
    <UnitTestResult executionId="a0247148-7d33-4e5b-8f9e-32b235e16cc2" testId="61a8ccc9-c5b1-047b-3c97-f777ccc7d30b" testName="UnitTests.Controllers.ValidateModelAttributeTests.OnActionExecuting_Invalid_Works" computerName="fv-az365-556" duration="00:00:00.5340000" startTime="2022-07-04T20:56:50.3924675+00:00" endTime="2022-07-04T20:56:50.3924675+00:00" testType="13cdc9d9-ddb5-4fa4-a97d-d965ccfc6d4b" outcome="Passed" testListId="8c84fa94-04c1-424b-9868-57a2d4851a1d" relativeResultsDirectory="a0247148-7d33-4e5b-8f9e-32b235e16cc2" />
    <UnitTestResult executionId="a86fc211-3028-46a6-a0a3-e04e966382af" testId="e4f8faa7-d0ad-86e6-1579-7bd52372b4c3" testName="UnitTests.Data.Repositories.GenericRepositoryTests.GenericRepositoryConstructs" computerName="fv-az365-556" duration="00:00:00.0010000" startTime="2022-07-04T20:56:52.1746964+00:00" endTime="2022-07-04T20:56:52.1746964+00:00" testType="13cdc9d9-ddb5-4fa4-a97d-d965ccfc6d4b" outcome="Passed" testListId="8c84fa94-04c1-424b-9868-57a2d4851a1d" relativeResultsDirectory="a86fc211-3028-46a6-a0a3-e04e966382af" />
    <UnitTestResult executionId="1e4a95ce-c23a-425b-b7a3-168c4f463924" testId="f754f777-4449-23e8-f4ec-917f49117de2" testName="UnitTests.Data.Repositories.GenericRepositoryTests.Repository_DeleteMissing_DoesNotThrow" computerName="fv-az365-556" duration="00:00:00.0080000" startTime="2022-07-04T20:56:52.1726948+00:00" endTime="2022-07-04T20:56:52.1726948+00:00" testType="13cdc9d9-ddb5-4fa4-a97d-d965ccfc6d4b" outcome="Passed" testListId="8c84fa94-04c1-424b-9868-57a2d4851a1d" relativeResultsDirectory="1e4a95ce-c23a-425b-b7a3-168c4f463924" />
    <UnitTestResult executionId="c206f49c-bb75-45c0-b613-4b64064076df" testId="392ed628-2028-c945-b97e-893658a1e82b" testName="UnitTests.Data.Entities.ItemTests.ItemPropertiesPersist(id: 1, name: &quot;Name1&quot;, description: &quot;Description1&quot;)" computerName="fv-az365-556" duration="00:00:00.0170000" startTime="2022-07-04T20:56:49.1169644+00:00" endTime="2022-07-04T20:56:49.1169644+00:00" testType="13cdc9d9-ddb5-4fa4-a97d-d965ccfc6d4b" outcome="Passed" testListId="8c84fa94-04c1-424b-9868-57a2d4851a1d" relativeResultsDirectory="c206f49c-bb75-45c0-b613-4b64064076df" />
    <UnitTestResult executionId="5e20e11f-661c-4a28-b198-9a6021f9f20e" testId="aec60494-3c2e-8ec9-f948-da5bb2043983" testName="UnitTests.Controllers.ItemControllerTests.UserCanEdit_ReturnsBool(canEdit: True)" computerName="fv-az365-556" duration="00:00:00.0010000" startTime="2022-07-04T20:56:49.8151323+00:00" endTime="2022-07-04T20:56:49.8151323+00:00" testType="13cdc9d9-ddb5-4fa4-a97d-d965ccfc6d4b" outcome="Passed" testListId="8c84fa94-04c1-424b-9868-57a2d4851a1d" relativeResultsDirectory="5e20e11f-661c-4a28-b198-9a6021f9f20e" />
    <UnitTestResult executionId="09022fb4-f2f1-49fe-a633-de89ca4a2ec3" testId="588a2c1b-7788-beb2-ade0-06788d455d25" testName="UnitTests.Controllers.ItemControllerTests.CreateItem_Creates" computerName="fv-az365-556" duration="00:00:00.0040000" startTime="2022-07-04T20:56:49.8281337+00:00" endTime="2022-07-04T20:56:49.8281337+00:00" testType="13cdc9d9-ddb5-4fa4-a97d-d965ccfc6d4b" outcome="Passed" testListId="8c84fa94-04c1-424b-9868-57a2d4851a1d" relativeResultsDirectory="09022fb4-f2f1-49fe-a633-de89ca4a2ec3" />
    <UnitTestResult executionId="d7e4458f-5ac8-4574-bb05-64a41058a158" testId="572fc310-4b67-9555-f147-153d39f2eb82" testName="UnitTests.Data.Entities.ItemTests.ItemConstructsProperly" computerName="fv-az365-556" duration="00:00:00.0010000" startTime="2022-07-04T20:56:49.1259649+00:00" endTime="2022-07-04T20:56:49.1259649+00:00" testType="13cdc9d9-ddb5-4fa4-a97d-d965ccfc6d4b" outcome="Passed" testListId="8c84fa94-04c1-424b-9868-57a2d4851a1d" relativeResultsDirectory="d7e4458f-5ac8-4574-bb05-64a41058a158" />
    <UnitTestResult executionId="15440ec4-e0b7-4fa7-aaca-7344f825c6e3" testId="4fe0dd0f-2fa0-9c42-e816-a6df28150b72" testName="UnitTests.Data.Repositories.GenericRepositoryTests.GenericRepositoryGetsAll(iterations: 0)" computerName="fv-az365-556" duration="00:00:00.0060000" startTime="2022-07-04T20:56:52.1346932+00:00" endTime="2022-07-04T20:56:52.1346932+00:00" testType="13cdc9d9-ddb5-4fa4-a97d-d965ccfc6d4b" outcome="Passed" testListId="8c84fa94-04c1-424b-9868-57a2d4851a1d" relativeResultsDirectory="15440ec4-e0b7-4fa7-aaca-7344f825c6e3" />
    <UnitTestResult executionId="6da92e01-1cb7-4809-82df-41dd94318fa5" testId="c5867bfe-f023-3ae4-485c-eae070f2ace9" testName="UnitTests.Data.Repositories.GenericRepositoryTests.GetPage_Pages(page: 1, pageSize: 10, expectedItems: 10, expectedPages: 5)" computerName="fv-az365-556" duration="00:00:00.0250000" startTime="2022-07-04T20:56:52.3056990+00:00" endTime="2022-07-04T20:56:52.3056990+00:00" testType="13cdc9d9-ddb5-4fa4-a97d-d965ccfc6d4b" outcome="Passed" testListId="8c84fa94-04c1-424b-9868-57a2d4851a1d" relativeResultsDirectory="6da92e01-1cb7-4809-82df-41dd94318fa5" />
    <UnitTestResult executionId="c15624ce-2c53-4c3e-8da7-89954bc02edd" testId="b76e01b1-6afe-f33b-c6a9-ea3347176509" testName="UnitTests.Services.ItemServiceTests.UpdateItem_NoName_Throws(name: null)" computerName="fv-az365-556" duration="00:00:00.0010000" startTime="2022-07-04T20:56:49.3809730+00:00" endTime="2022-07-04T20:56:49.3809730+00:00" testType="13cdc9d9-ddb5-4fa4-a97d-d965ccfc6d4b" outcome="Passed" testListId="8c84fa94-04c1-424b-9868-57a2d4851a1d" relativeResultsDirectory="c15624ce-2c53-4c3e-8da7-89954bc02edd" />
    <UnitTestResult executionId="b982bf9d-ed16-4a7a-a4bc-08684a2b20a5" testId="315adde5-f36d-a74f-aa46-fb22a0f78cd9" testName="UnitTests.Controllers.ItemControllerTests.UpdateItem_Updates" computerName="fv-az365-556" duration="00:00:00.0030000" startTime="2022-07-04T20:56:49.8361349+00:00" endTime="2022-07-04T20:56:49.8361349+00:00" testType="13cdc9d9-ddb5-4fa4-a97d-d965ccfc6d4b" outcome="Passed" testListId="8c84fa94-04c1-424b-9868-57a2d4851a1d" relativeResultsDirectory="b982bf9d-ed16-4a7a-a4bc-08684a2b20a5" />
    <UnitTestResult executionId="caf2f5d8-5778-4c33-9787-05ffaad8f2f2" testId="ad3412e8-5f64-2020-a5b6-bd4cca8c3b7d" testName="UnitTests.Data.Repositories.GenericRepositoryTests.GenericRepositoryGet" computerName="fv-az365-556" duration="00:00:00.0980000" startTime="2022-07-04T20:56:52.0636914+00:00" endTime="2022-07-04T20:56:52.0636914+00:00" testType="13cdc9d9-ddb5-4fa4-a97d-d965ccfc6d4b" outcome="Passed" testListId="8c84fa94-04c1-424b-9868-57a2d4851a1d" relativeResultsDirectory="caf2f5d8-5778-4c33-9787-05ffaad8f2f2" />
    <UnitTestResult executionId="533aba9f-697e-4c33-9cfc-00932cfbdd48" testId="70ede014-c412-e387-bb98-e95b3b42090d" testName="UnitTests.Data.Repositories.GenericRepositoryTests.GenericRepositoryUpdates" computerName="fv-az365-556" duration="00:00:00.0330000" startTime="2022-07-04T20:56:52.1196929+00:00" endTime="2022-07-04T20:56:52.1196929+00:00" testType="13cdc9d9-ddb5-4fa4-a97d-d965ccfc6d4b" outcome="Passed" testListId="8c84fa94-04c1-424b-9868-57a2d4851a1d" relativeResultsDirectory="533aba9f-697e-4c33-9cfc-00932cfbdd48" />
    <UnitTestResult executionId="d4ae28c5-6f84-4b55-8cbc-72b99f0f0aba" testId="a9198ad3-782e-a37c-0b5f-1330f5318f55" testName="UnitTests.Services.ItemServiceTests.CreateItem_Creates" computerName="fv-az365-556" duration="00:00:00.0090000" startTime="2022-07-04T20:56:49.4609758+00:00" endTime="2022-07-04T20:56:49.4609758+00:00" testType="13cdc9d9-ddb5-4fa4-a97d-d965ccfc6d4b" outcome="Passed" testListId="8c84fa94-04c1-424b-9868-57a2d4851a1d" relativeResultsDirectory="d4ae28c5-6f84-4b55-8cbc-72b99f0f0aba" />
    <UnitTestResult executionId="e5a57777-292d-4034-841d-8859bda4947a" testId="74c28fcf-aa9b-2bab-0ff6-cfa98a0ddf49" testName="UnitTests.Data.Repositories.GenericRepositoryTests.GetPage_Pages(page: 3, pageSize: 20, expectedItems: 10, expectedPages: 3)" computerName="fv-az365-556" duration="00:00:00.0320000" startTime="2022-07-04T20:56:52.2806984+00:00" endTime="2022-07-04T20:56:52.2806984+00:00" testType="13cdc9d9-ddb5-4fa4-a97d-d965ccfc6d4b" outcome="Passed" testListId="8c84fa94-04c1-424b-9868-57a2d4851a1d" relativeResultsDirectory="e5a57777-292d-4034-841d-8859bda4947a" />
    <UnitTestResult executionId="e377ccf1-3b3b-4c36-9cfc-1982c70eccaa" testId="e6e0a140-85e7-6935-6160-ab95ecfd3c8a" testName="UnitTests.Data.Repositories.GenericRepositoryTests.GenericRepositoryCreatesAndGetsById" computerName="fv-az365-556" duration="00:00:00.0330000" startTime="2022-07-04T20:56:53.6005615+00:00" endTime="2022-07-04T20:56:53.6005615+00:00" testType="13cdc9d9-ddb5-4fa4-a97d-d965ccfc6d4b" outcome="Passed" testListId="8c84fa94-04c1-424b-9868-57a2d4851a1d" relativeResultsDirectory="e377ccf1-3b3b-4c36-9cfc-1982c70eccaa" />
    <UnitTestResult executionId="05efd9fe-7eed-4056-83ca-485fc7e0651b" testId="3688eeeb-2a1a-6ffa-a193-543baf24437a" testName="UnitTests.Data.Repositories.GenericRepositoryTests.GetPage_Pages(page: 0, pageSize: 0, expectedItems: 1, expectedPages: 50)" computerName="fv-az365-556" duration="00:00:00.0750000" startTime="2022-07-04T20:56:52.2486974+00:00" endTime="2022-07-04T20:56:52.2486974+00:00" testType="13cdc9d9-ddb5-4fa4-a97d-d965ccfc6d4b" outcome="Passed" testListId="8c84fa94-04c1-424b-9868-57a2d4851a1d" relativeResultsDirectory="05efd9fe-7eed-4056-83ca-485fc7e0651b" />
    <UnitTestResult executionId="1ac1f391-8738-444c-aeb2-43707059df1a" testId="92b7b9f6-1294-7ea1-ffa3-91fba85074d4" testName="UnitTests.Services.ItemServiceTests.UpdateItem_NoName_Throws(name: &quot;  &quot;)" computerName="fv-az365-556" duration="00:00:00.0010000" startTime="2022-07-04T20:56:49.3829720+00:00" endTime="2022-07-04T20:56:49.3829720+00:00" testType="13cdc9d9-ddb5-4fa4-a97d-d965ccfc6d4b" outcome="Passed" testListId="8c84fa94-04c1-424b-9868-57a2d4851a1d" relativeResultsDirectory="1ac1f391-8738-444c-aeb2-43707059df1a" />
    <UnitTestResult executionId="9d2ab644-e1f8-425a-8b96-57e19ae9e272" testId="d6cab32e-cf28-1ba8-73a6-76c46cb62c4a" testName="UnitTests.Data.Repositories.GenericRepositoryTests.Pages_With_Related_Entities" computerName="fv-az365-556" duration="00:00:01.1250000" startTime="2022-07-04T20:56:53.4302351+00:00" endTime="2022-07-04T20:56:53.4302351+00:00" testType="13cdc9d9-ddb5-4fa4-a97d-d965ccfc6d4b" outcome="Passed" testListId="8c84fa94-04c1-424b-9868-57a2d4851a1d" relativeResultsDirectory="9d2ab644-e1f8-425a-8b96-57e19ae9e272" />
    <UnitTestResult executionId="d0616c10-05f7-4b5c-99e7-ecd9f8b9b76b" testId="e1c7f76f-6195-c844-23c0-304b47fbae66" testName="UnitTests.Data.Repositories.GenericRepositoryTests.Repository_Create_UsesUserId" computerName="fv-az365-556" duration="00:00:00.0070000" startTime="2022-07-04T20:56:51.9656883+00:00" endTime="2022-07-04T20:56:51.9656883+00:00" testType="13cdc9d9-ddb5-4fa4-a97d-d965ccfc6d4b" outcome="Passed" testListId="8c84fa94-04c1-424b-9868-57a2d4851a1d" relativeResultsDirectory="d0616c10-05f7-4b5c-99e7-ecd9f8b9b76b" />
    <UnitTestResult executionId="8230d8e2-749e-4982-a8f8-356d6b10fa27" testId="bae3532a-4a9e-c4ab-fc66-4dfa22d16170" testName="UnitTests.Controllers.ModuleApiControllerTests.HasUserInfo" computerName="fv-az365-556" duration="00:00:00.0620000" startTime="2022-07-04T20:56:49.2469689+00:00" endTime="2022-07-04T20:56:49.2469689+00:00" testType="13cdc9d9-ddb5-4fa4-a97d-d965ccfc6d4b" outcome="Passed" testListId="8c84fa94-04c1-424b-9868-57a2d4851a1d" relativeResultsDirectory="8230d8e2-749e-4982-a8f8-356d6b10fa27" />
    <UnitTestResult executionId="28346b51-3ee6-45b3-be56-3a839574a5c3" testId="ac2a99ba-3563-74a9-7d4c-8e91a58cd097" testName="UnitTests.Data.ModuleDbContextTests.DefaultConstructorThrows" computerName="fv-az365-556" duration="00:00:00.1150000" startTime="2022-07-04T20:56:49.5755427+00:00" endTime="2022-07-04T20:56:49.5755427+00:00" testType="13cdc9d9-ddb5-4fa4-a97d-d965ccfc6d4b" outcome="Passed" testListId="8c84fa94-04c1-424b-9868-57a2d4851a1d" relativeResultsDirectory="28346b51-3ee6-45b3-be56-3a839574a5c3" />
    <UnitTestResult executionId="e1a14dd5-c7d9-415d-b260-e3af99382f9e" testId="44b00d3a-bad7-aefd-141c-4a35b11463b2" testName="UnitTests.Data.Repositories.GenericRepositoryTests.Repository_Update_DefaultAudit" computerName="fv-az365-556" duration="00:00:00.1300000" startTime="2022-07-04T20:56:53.5605627+00:00" endTime="2022-07-04T20:56:53.5605627+00:00" testType="13cdc9d9-ddb5-4fa4-a97d-d965ccfc6d4b" outcome="Passed" testListId="8c84fa94-04c1-424b-9868-57a2d4851a1d" relativeResultsDirectory="e1a14dd5-c7d9-415d-b260-e3af99382f9e" />
    <UnitTestResult executionId="e1f0ccd5-48b7-44c2-a5c0-fc6727f0ed34" testId="320e3c11-11d1-b3ef-0d2e-5e474f674ff1" testName="UnitTests.Controllers.ModuleApiControllerTests.CanEdit_DefaultsToFalse" computerName="fv-az365-556" duration="00:00:00.0030000" startTime="2022-07-04T20:56:49.2479691+00:00" endTime="2022-07-04T20:56:49.2479691+00:00" testType="13cdc9d9-ddb5-4fa4-a97d-d965ccfc6d4b" outcome="Passed" testListId="8c84fa94-04c1-424b-9868-57a2d4851a1d" relativeResultsDirectory="e1f0ccd5-48b7-44c2-a5c0-fc6727f0ed34" />
    <UnitTestResult executionId="20beb6ea-20d2-4b85-af7b-d42dd008cb4a" testId="e6610648-e456-1c64-d2b1-7e1242b871a8" testName="UnitTests.Services.ItemServiceTests.DeleteItem_Deletes" computerName="fv-az365-556" duration="00:00:00.0010000" startTime="2022-07-04T20:56:49.4539759+00:00" endTime="2022-07-04T20:56:49.4539759+00:00" testType="13cdc9d9-ddb5-4fa4-a97d-d965ccfc6d4b" outcome="Passed" testListId="8c84fa94-04c1-424b-9868-57a2d4851a1d" relativeResultsDirectory="20beb6ea-20d2-4b85-af7b-d42dd008cb4a" />
    <UnitTestResult executionId="e2f6699e-6ee8-4d40-acdf-3c7069608431" testId="f5652070-1b22-f5a7-3f3f-68b37c9184a8" testName="UnitTests.Services.ItemServiceTests.CreateItem_NoItemThrows" computerName="fv-az365-556" duration="00:00:00.0010000" startTime="2022-07-04T20:56:49.4519748+00:00" endTime="2022-07-04T20:56:49.4519748+00:00" testType="13cdc9d9-ddb5-4fa4-a97d-d965ccfc6d4b" outcome="Passed" testListId="8c84fa94-04c1-424b-9868-57a2d4851a1d" relativeResultsDirectory="e2f6699e-6ee8-4d40-acdf-3c7069608431" />
    <UnitTestResult executionId="51168de9-bfcc-4ac9-a84f-6e3991c2c180" testId="d15ea2a7-9f9f-b92b-50fa-470898da705d" testName="UnitTests.Data.Repositories.GenericRepositoryTests.GenericRepositoryGetsAll(iterations: 3)" computerName="fv-az365-556" duration="00:00:00.0080000" startTime="2022-07-04T20:56:52.1426935+00:00" endTime="2022-07-04T20:56:52.1426935+00:00" testType="13cdc9d9-ddb5-4fa4-a97d-d965ccfc6d4b" outcome="Passed" testListId="8c84fa94-04c1-424b-9868-57a2d4851a1d" relativeResultsDirectory="51168de9-bfcc-4ac9-a84f-6e3991c2c180" />
    <UnitTestResult executionId="3683e9ec-9ea4-47c0-94b6-53df9358062b" testId="1a74e347-4470-5271-97ab-1ebaf8693270" testName="UnitTests.Controllers.ModuleExceptionFilterAttributeTests.SystemException_DoesNotExposeDetails" computerName="fv-az365-556" duration="00:00:00.0200000" startTime="2022-07-04T20:56:49.7931335+00:00" endTime="2022-07-04T20:56:49.7931335+00:00" testType="13cdc9d9-ddb5-4fa4-a97d-d965ccfc6d4b" outcome="Passed" testListId="8c84fa94-04c1-424b-9868-57a2d4851a1d" relativeResultsDirectory="3683e9ec-9ea4-47c0-94b6-53df9358062b" />
    <UnitTestResult executionId="60787fd3-ec7a-4f84-97f1-93e19dd6b650" testId="3cbfa5d3-e0f6-eff8-ed5c-556fa1f3e131" testName="UnitTests.Services.ItemServiceTests.UpdateItem_NoName_Throws(name: &quot;&quot;)" computerName="fv-az365-556" duration="00:00:00.0010000" startTime="2022-07-04T20:56:49.3849733+00:00" endTime="2022-07-04T20:56:49.3849733+00:00" testType="13cdc9d9-ddb5-4fa4-a97d-d965ccfc6d4b" outcome="Passed" testListId="8c84fa94-04c1-424b-9868-57a2d4851a1d" relativeResultsDirectory="60787fd3-ec7a-4f84-97f1-93e19dd6b650" />
    <UnitTestResult executionId="f637150e-28d3-4984-9c75-329268568e98" testId="a21637b0-54f8-4fa0-bc3b-95481a9fd90b" testName="UnitTests.Controllers.ModuleExceptionFilterAttributeTests.ArgumentException_BadRequest(exception: System.NotImplementedException: Not Implemented, expectedStatusCode: NotImplemented)" computerName="fv-az365-556" duration="00:00:00.0010000" startTime="2022-07-04T20:56:49.7781318+00:00" endTime="2022-07-04T20:56:49.7781318+00:00" testType="13cdc9d9-ddb5-4fa4-a97d-d965ccfc6d4b" outcome="Passed" testListId="8c84fa94-04c1-424b-9868-57a2d4851a1d" relativeResultsDirectory="f637150e-28d3-4984-9c75-329268568e98" />
    <UnitTestResult executionId="a18e4145-e853-4013-822e-45efd0118401" testId="e55f1742-c16d-5086-2251-ad3372dd48f5" testName="UnitTests.Controllers.ValidateModelAttributeTests.OnActionExecuting_Valid_Works" computerName="fv-az365-556" duration="00:00:00.0030000" startTime="2022-07-04T20:56:49.8581349+00:00" endTime="2022-07-04T20:56:49.8581349+00:00" testType="13cdc9d9-ddb5-4fa4-a97d-d965ccfc6d4b" outcome="Passed" testListId="8c84fa94-04c1-424b-9868-57a2d4851a1d" relativeResultsDirectory="a18e4145-e853-4013-822e-45efd0118401" />
    <UnitTestResult executionId="cea35ed3-bafd-4e7a-8109-f4fe7b2448fa" testId="1c164fbc-1ab1-9884-ccb8-9e84f4c977d0" testName="UnitTests.Services.ItemServiceTests.UpdateItem_NoName_Throws(name: &quot; &quot;)" computerName="fv-az365-556" duration="00:00:00.0010000" startTime="2022-07-04T20:56:49.3819731+00:00" endTime="2022-07-04T20:56:49.3819731+00:00" testType="13cdc9d9-ddb5-4fa4-a97d-d965ccfc6d4b" outcome="Passed" testListId="8c84fa94-04c1-424b-9868-57a2d4851a1d" relativeResultsDirectory="cea35ed3-bafd-4e7a-8109-f4fe7b2448fa" />
    <UnitTestResult executionId="578e63bc-656e-435e-bf19-1c79eb120ec4" testId="0bc54975-0bff-692e-a9b3-fc69f2c95a39" testName="UnitTests.Data.Repositories.GenericRepositoryTests.GenericRepositoryDeletes" computerName="fv-az365-556" duration="00:00:02.7120000" startTime="2022-07-04T20:56:51.9586902+00:00" endTime="2022-07-04T20:56:51.9586902+00:00" testType="13cdc9d9-ddb5-4fa4-a97d-d965ccfc6d4b" outcome="Passed" testListId="8c84fa94-04c1-424b-9868-57a2d4851a1d" relativeResultsDirectory="578e63bc-656e-435e-bf19-1c79eb120ec4" />
    <UnitTestResult executionId="e327b317-2344-4d90-a895-f67925b71f35" testId="19b6234c-c2df-2304-54f9-54b0da4cd6ba" testName="UnitTests.Services.ItemServiceTests.CreateItem_NoNameThrows" computerName="fv-az365-556" duration="00:00:00.0110000" startTime="2022-07-04T20:56:49.3779728+00:00" endTime="2022-07-04T20:56:49.3779728+00:00" testType="13cdc9d9-ddb5-4fa4-a97d-d965ccfc6d4b" outcome="Passed" testListId="8c84fa94-04c1-424b-9868-57a2d4851a1d" relativeResultsDirectory="e327b317-2344-4d90-a895-f67925b71f35" />
    <UnitTestResult executionId="30e3074f-c498-478e-87a1-817b50506b2d" testId="0ebf358f-9eac-9438-b418-9c6aa81a6377" testName="UnitTests.Data.Repositories.GenericRepositoryTests.Repository_Update_UsesuserId" computerName="fv-az365-556" duration="00:00:00.0210000" startTime="2022-07-04T20:56:52.0866920+00:00" endTime="2022-07-04T20:56:52.0866920+00:00" testType="13cdc9d9-ddb5-4fa4-a97d-d965ccfc6d4b" outcome="Passed" testListId="8c84fa94-04c1-424b-9868-57a2d4851a1d" relativeResultsDirectory="30e3074f-c498-478e-87a1-817b50506b2d" />
    <UnitTestResult executionId="e18a7b58-93de-4470-8957-67ff7ac0c1cf" testId="168fc980-36e3-101b-62b1-f5ab71e9fc0d" testName="UnitTests.Controllers.LocalizationControllerTests.GetLocalization_CallsLocalizationService" computerName="fv-az365-556" duration="00:00:00.0080000" startTime="2022-07-04T20:56:49.8031329+00:00" endTime="2022-07-04T20:56:49.8031329+00:00" testType="13cdc9d9-ddb5-4fa4-a97d-d965ccfc6d4b" outcome="Passed" testListId="8c84fa94-04c1-424b-9868-57a2d4851a1d" relativeResultsDirectory="e18a7b58-93de-4470-8957-67ff7ac0c1cf" />
    <UnitTestResult executionId="efb97585-b671-4aad-8a62-68d15c1ca96d" testId="a21637b0-54f8-4fa0-bc3b-95481a9fd90b" testName="UnitTests.Controllers.ModuleExceptionFilterAttributeTests.ArgumentException_BadRequest(exception: System.ArgumentNullException: Value cannot be null.&#xD;&#xA;Parameter name: Null, expectedStatusCode: BadRequest)" computerName="fv-az365-556" duration="00:00:00.1710000" startTime="2022-07-04T20:56:49.7771337+00:00" endTime="2022-07-04T20:56:49.7771337+00:00" testType="13cdc9d9-ddb5-4fa4-a97d-d965ccfc6d4b" outcome="Passed" testListId="8c84fa94-04c1-424b-9868-57a2d4851a1d" relativeResultsDirectory="efb97585-b671-4aad-8a62-68d15c1ca96d" />
    <UnitTestResult executionId="76d175aa-8572-4ea5-bb9e-f76498dc232e" testId="a21637b0-54f8-4fa0-bc3b-95481a9fd90b" testName="UnitTests.Controllers.ModuleExceptionFilterAttributeTests.ArgumentException_BadRequest(exception: System.ArgumentOutOfRangeException: Specified argument was out of the range of valid values.&#xD;&#xA;Parameter name: Out of range, expectedStatusCode: BadRequest)" computerName="fv-az365-556" duration="00:00:00.0010000" startTime="2022-07-04T20:56:49.7771337+00:00" endTime="2022-07-04T20:56:49.7771337+00:00" testType="13cdc9d9-ddb5-4fa4-a97d-d965ccfc6d4b" outcome="Passed" testListId="8c84fa94-04c1-424b-9868-57a2d4851a1d" relativeResultsDirectory="76d175aa-8572-4ea5-bb9e-f76498dc232e" />
    <UnitTestResult executionId="7ba9c7ab-dc61-425e-98eb-4fe63d8ef956" testId="113f48ce-a6a3-c5df-7589-ba5a5fcb9c59" testName="UnitTests.Controllers.ModuleExceptionFilterAttributeTests.NoException_DoesNothing" computerName="fv-az365-556" duration="00:00:00.0010000" startTime="2022-07-04T20:56:49.7811317+00:00" endTime="2022-07-04T20:56:49.7811317+00:00" testType="13cdc9d9-ddb5-4fa4-a97d-d965ccfc6d4b" outcome="Passed" testListId="8c84fa94-04c1-424b-9868-57a2d4851a1d" relativeResultsDirectory="7ba9c7ab-dc61-425e-98eb-4fe63d8ef956" />
  </Results>
  <TestDefinitions>
    <UnitTest name="UnitTests.Controllers.ItemControllerTests.DeleteItem_Deletes(itemId: 1)" storage="d:\a\mymodule20220704\mymodule20220704\unittests\bin\unittests.dll" id="478b61ee-7d85-9dbe-985d-08c590f8666a">
      <Execution id="13d9a343-3faa-4ae9-a353-2330ab86dfe2" />
      <TestMethod codeBase="D:\a\MyModule20220704\MyModule20220704\UnitTests\bin\UnitTests.dll" adapterTypeName="executor://xunit/VsTestRunner2/net" className="UnitTests.Controllers.ItemControllerTests" name="DeleteItem_Deletes" />
    </UnitTest>
    <UnitTest name="UnitTests.Common.Extensions.IQueryableExtensionsTests.Order_OrdersBothWays(descending: True, expected: [3, 2, 1])" storage="d:\a\mymodule20220704\mymodule20220704\unittests\bin\unittests.dll" id="b6579d24-7c4e-c42d-2ead-85e0f30e0a64">
      <Execution id="20790a5d-3318-4933-b396-d2f8dc3bff0c" />
      <TestMethod codeBase="D:\a\MyModule20220704\MyModule20220704\UnitTests\bin\UnitTests.dll" adapterTypeName="executor://xunit/VsTestRunner2/net" className="UnitTests.Common.Extensions.IQueryableExtensionsTests" name="Order_OrdersBothWays" />
    </UnitTest>
    <UnitTest name="UnitTests.Controllers.ItemControllerTests.UserCanEdit_ReturnsBool(canEdit: False)" storage="d:\a\mymodule20220704\mymodule20220704\unittests\bin\unittests.dll" id="0247c7e7-7d1c-099b-2ac8-81a47ff2509a">
      <Execution id="ed377e16-c3ee-4195-b228-16773ba00f45" />
      <TestMethod codeBase="D:\a\MyModule20220704\MyModule20220704\UnitTests\bin\UnitTests.dll" adapterTypeName="executor://xunit/VsTestRunner2/net" className="UnitTests.Controllers.ItemControllerTests" name="UserCanEdit_ReturnsBool" />
    </UnitTest>
    <UnitTest name="UnitTests.Controllers.LocalizationControllerTests.GetLocalization_CallsLocalizationService" storage="d:\a\mymodule20220704\mymodule20220704\unittests\bin\unittests.dll" id="168fc980-36e3-101b-62b1-f5ab71e9fc0d">
      <Execution id="e18a7b58-93de-4470-8957-67ff7ac0c1cf" />
      <TestMethod codeBase="D:\a\MyModule20220704\MyModule20220704\UnitTests\bin\UnitTests.dll" adapterTypeName="executor://xunit/VsTestRunner2/net" className="UnitTests.Controllers.LocalizationControllerTests" name="GetLocalization_CallsLocalizationService" />
    </UnitTest>
    <UnitTest name="UnitTests.Data.ModuleDbContextTests.DefaultConstructorThrows" storage="d:\a\mymodule20220704\mymodule20220704\unittests\bin\unittests.dll" id="ac2a99ba-3563-74a9-7d4c-8e91a58cd097">
      <Execution id="28346b51-3ee6-45b3-be56-3a839574a5c3" />
      <TestMethod codeBase="D:\a\MyModule20220704\MyModule20220704\UnitTests\bin\UnitTests.dll" adapterTypeName="executor://xunit/VsTestRunner2/net" className="UnitTests.Data.ModuleDbContextTests" name="DefaultConstructorThrows" />
    </UnitTest>
    <UnitTest name="UnitTests.Controllers.ModuleApiControllerTests.CanEdit_DefaultsToFalse" storage="d:\a\mymodule20220704\mymodule20220704\unittests\bin\unittests.dll" id="320e3c11-11d1-b3ef-0d2e-5e474f674ff1">
      <Execution id="e1f0ccd5-48b7-44c2-a5c0-fc6727f0ed34" />
      <TestMethod codeBase="D:\a\MyModule20220704\MyModule20220704\UnitTests\bin\UnitTests.dll" adapterTypeName="executor://xunit/VsTestRunner2/net" className="UnitTests.Controllers.ModuleApiControllerTests" name="CanEdit_DefaultsToFalse" />
    </UnitTest>
    <UnitTest name="UnitTests.Data.Repositories.GenericRepositoryTests.GenericRepositoryCreatesAndGetsById" storage="d:\a\mymodule20220704\mymodule20220704\unittests\bin\unittests.dll" id="e6e0a140-85e7-6935-6160-ab95ecfd3c8a">
      <Execution id="e377ccf1-3b3b-4c36-9cfc-1982c70eccaa" />
      <TestMethod codeBase="D:\a\MyModule20220704\MyModule20220704\UnitTests\bin\UnitTests.dll" adapterTypeName="executor://xunit/VsTestRunner2/net" className="UnitTests.Data.Repositories.GenericRepositoryTests" name="GenericRepositoryCreatesAndGetsById" />
    </UnitTest>
    <UnitTest name="UnitTests.Services.ItemServiceTests.UpdateItem_NoName_Throws(name: &quot; &quot;)" storage="d:\a\mymodule20220704\mymodule20220704\unittests\bin\unittests.dll" id="1c164fbc-1ab1-9884-ccb8-9e84f4c977d0">
      <Execution id="cea35ed3-bafd-4e7a-8109-f4fe7b2448fa" />
      <TestMethod codeBase="D:\a\MyModule20220704\MyModule20220704\UnitTests\bin\UnitTests.dll" adapterTypeName="executor://xunit/VsTestRunner2/net" className="UnitTests.Services.ItemServiceTests" name="UpdateItem_NoName_Throws" />
    </UnitTest>
    <UnitTest name="UnitTests.Services.ItemServiceTests.GetItemsPage_GetsPages(descending: False)" storage="d:\a\mymodule20220704\mymodule20220704\unittests\bin\unittests.dll" id="99806ad3-88f0-7495-8b3e-3799a4bbb6aa">
      <Execution id="d86681b3-8dcc-41ec-9be0-1b31f85b7ac6" />
      <TestMethod codeBase="D:\a\MyModule20220704\MyModule20220704\UnitTests\bin\UnitTests.dll" adapterTypeName="executor://xunit/VsTestRunner2/net" className="UnitTests.Services.ItemServiceTests" name="GetItemsPage_GetsPages" />
    </UnitTest>
    <UnitTest name="UnitTests.Data.Repositories.GenericRepositoryTests.Repository_Update_UsesuserId" storage="d:\a\mymodule20220704\mymodule20220704\unittests\bin\unittests.dll" id="0ebf358f-9eac-9438-b418-9c6aa81a6377">
      <Execution id="30e3074f-c498-478e-87a1-817b50506b2d" />
      <TestMethod codeBase="D:\a\MyModule20220704\MyModule20220704\UnitTests\bin\UnitTests.dll" adapterTypeName="executor://xunit/VsTestRunner2/net" className="UnitTests.Data.Repositories.GenericRepositoryTests" name="Repository_Update_UsesuserId" />
    </UnitTest>
    <UnitTest name="UnitTests.Services.ItemServiceTests.CreateItem_Creates" storage="d:\a\mymodule20220704\mymodule20220704\unittests\bin\unittests.dll" id="a9198ad3-782e-a37c-0b5f-1330f5318f55">
      <Execution id="d4ae28c5-6f84-4b55-8cbc-72b99f0f0aba" />
      <TestMethod codeBase="D:\a\MyModule20220704\MyModule20220704\UnitTests\bin\UnitTests.dll" adapterTypeName="executor://xunit/VsTestRunner2/net" className="UnitTests.Services.ItemServiceTests" name="CreateItem_Creates" />
    </UnitTest>
    <UnitTest name="UnitTests.Controllers.ValidateModelAttributeTests.OnActionExecuting_Invalid_Works" storage="d:\a\mymodule20220704\mymodule20220704\unittests\bin\unittests.dll" id="61a8ccc9-c5b1-047b-3c97-f777ccc7d30b">
      <Execution id="a0247148-7d33-4e5b-8f9e-32b235e16cc2" />
      <TestMethod codeBase="D:\a\MyModule20220704\MyModule20220704\UnitTests\bin\UnitTests.dll" adapterTypeName="executor://xunit/VsTestRunner2/net" className="UnitTests.Controllers.ValidateModelAttributeTests" name="OnActionExecuting_Invalid_Works" />
    </UnitTest>
    <UnitTest name="UnitTests.Data.Repositories.GenericRepositoryTests.GenericRepositoryGet" storage="d:\a\mymodule20220704\mymodule20220704\unittests\bin\unittests.dll" id="ad3412e8-5f64-2020-a5b6-bd4cca8c3b7d">
      <Execution id="caf2f5d8-5778-4c33-9787-05ffaad8f2f2" />
      <TestMethod codeBase="D:\a\MyModule20220704\MyModule20220704\UnitTests\bin\UnitTests.dll" adapterTypeName="executor://xunit/VsTestRunner2/net" className="UnitTests.Data.Repositories.GenericRepositoryTests" name="GenericRepositoryGet" />
    </UnitTest>
    <UnitTest name="UnitTests.Data.Repositories.GenericRepositoryTests.GenericRepositoryUpdate_ThrowsWithNullEntity" storage="d:\a\mymodule20220704\mymodule20220704\unittests\bin\unittests.dll" id="24cfa8b0-48c3-8aab-e4c2-88694c220e2c">
      <Execution id="e6e3bfa6-786d-4aeb-9ef7-ad8522704446" />
      <TestMethod codeBase="D:\a\MyModule20220704\MyModule20220704\UnitTests\bin\UnitTests.dll" adapterTypeName="executor://xunit/VsTestRunner2/net" className="UnitTests.Data.Repositories.GenericRepositoryTests" name="GenericRepositoryUpdate_ThrowsWithNullEntity" />
    </UnitTest>
    <UnitTest name="UnitTests.Data.Repositories.GenericRepositoryTests.Pages_With_Related_Entities" storage="d:\a\mymodule20220704\mymodule20220704\unittests\bin\unittests.dll" id="d6cab32e-cf28-1ba8-73a6-76c46cb62c4a">
      <Execution id="9d2ab644-e1f8-425a-8b96-57e19ae9e272" />
      <TestMethod codeBase="D:\a\MyModule20220704\MyModule20220704\UnitTests\bin\UnitTests.dll" adapterTypeName="executor://xunit/VsTestRunner2/net" className="UnitTests.Data.Repositories.GenericRepositoryTests" name="Pages_With_Related_Entities" />
    </UnitTest>
    <UnitTest name="UnitTests.Services.LoggingServiceTests.LogginService_TestableConstructorLogsError" storage="d:\a\mymodule20220704\mymodule20220704\unittests\bin\unittests.dll" id="ac1c50bc-98fd-036f-fe0f-d46cb187f90e">
      <Execution id="459a3e3b-3b64-466d-846c-b7aca7be522f" />
      <TestMethod codeBase="D:\a\MyModule20220704\MyModule20220704\UnitTests\bin\UnitTests.dll" adapterTypeName="executor://xunit/VsTestRunner2/net" className="UnitTests.Services.LoggingServiceTests" name="LogginService_TestableConstructorLogsError" />
    </UnitTest>
    <UnitTest name="UnitTests.Data.Repositories.GenericRepositoryTests.GenericRepositoryGetsAll(iterations: 3)" storage="d:\a\mymodule20220704\mymodule20220704\unittests\bin\unittests.dll" id="d15ea2a7-9f9f-b92b-50fa-470898da705d">
      <Execution id="51168de9-bfcc-4ac9-a84f-6e3991c2c180" />
      <TestMethod codeBase="D:\a\MyModule20220704\MyModule20220704\UnitTests\bin\UnitTests.dll" adapterTypeName="executor://xunit/VsTestRunner2/net" className="UnitTests.Data.Repositories.GenericRepositoryTests" name="GenericRepositoryGetsAll" />
    </UnitTest>
    <UnitTest name="UnitTests.Common.GlobalsTests.ModulePrefixIsValid" storage="d:\a\mymodule20220704\mymodule20220704\unittests\bin\unittests.dll" id="d1c63cb7-1f9a-a8bf-a217-a4cbb4e5f73b">
      <Execution id="2ac2f6bd-0ccc-46ab-8fa4-4af94f0af80c" />
      <TestMethod codeBase="D:\a\MyModule20220704\MyModule20220704\UnitTests\bin\UnitTests.dll" adapterTypeName="executor://xunit/VsTestRunner2/net" className="UnitTests.Common.GlobalsTests" name="ModulePrefixIsValid" />
    </UnitTest>
    <UnitTest name="UnitTests.Data.Entities.ItemTests.ItemPropertiesPersist(id: 2, name: &quot;Name2&quot;, description: &quot;Description2&quot;)" storage="d:\a\mymodule20220704\mymodule20220704\unittests\bin\unittests.dll" id="96a18501-dea4-70b1-d572-baa1bb120da2">
      <Execution id="e0963d3a-aeed-4228-a1b1-f431184f7ac7" />
      <TestMethod codeBase="D:\a\MyModule20220704\MyModule20220704\UnitTests\bin\UnitTests.dll" adapterTypeName="executor://xunit/VsTestRunner2/net" className="UnitTests.Data.Entities.ItemTests" name="ItemPropertiesPersist" />
    </UnitTest>
    <UnitTest name="UnitTests.Controllers.ServiceRouteMapperTests.RegisterRoutes_RegistersAtLestOneRoute" storage="d:\a\mymodule20220704\mymodule20220704\unittests\bin\unittests.dll" id="986d7e6e-d04d-b204-b01c-fbb8f09c7774">
      <Execution id="20f17ec3-27cc-4f7b-a052-51003a2cb016" />
      <TestMethod codeBase="D:\a\MyModule20220704\MyModule20220704\UnitTests\bin\UnitTests.dll" adapterTypeName="executor://xunit/VsTestRunner2/net" className="UnitTests.Controllers.ServiceRouteMapperTests" name="RegisterRoutes_RegistersAtLestOneRoute" />
    </UnitTest>
    <UnitTest name="UnitTests.Controllers.ModuleExceptionFilterAttributeTests.SystemException_DoesNotExposeDetails" storage="d:\a\mymodule20220704\mymodule20220704\unittests\bin\unittests.dll" id="1a74e347-4470-5271-97ab-1ebaf8693270">
      <Execution id="3683e9ec-9ea4-47c0-94b6-53df9358062b" />
      <TestMethod codeBase="D:\a\MyModule20220704\MyModule20220704\UnitTests\bin\UnitTests.dll" adapterTypeName="executor://xunit/VsTestRunner2/net" className="UnitTests.Controllers.ModuleExceptionFilterAttributeTests" name="SystemException_DoesNotExposeDetails" />
    </UnitTest>
    <UnitTest name="UnitTests.Data.Repositories.GenericRepositoryTests.GenericRepositoryConstructs" storage="d:\a\mymodule20220704\mymodule20220704\unittests\bin\unittests.dll" id="e4f8faa7-d0ad-86e6-1579-7bd52372b4c3">
      <Execution id="a86fc211-3028-46a6-a0a3-e04e966382af" />
      <TestMethod codeBase="D:\a\MyModule20220704\MyModule20220704\UnitTests\bin\UnitTests.dll" adapterTypeName="executor://xunit/VsTestRunner2/net" className="UnitTests.Data.Repositories.GenericRepositoryTests" name="GenericRepositoryConstructs" />
    </UnitTest>
    <UnitTest name="UnitTests.Data.Repositories.GenericRepositoryTests.Repository_DeleteMissing_DoesNotThrow" storage="d:\a\mymodule20220704\mymodule20220704\unittests\bin\unittests.dll" id="f754f777-4449-23e8-f4ec-917f49117de2">
      <Execution id="1e4a95ce-c23a-425b-b7a3-168c4f463924" />
      <TestMethod codeBase="D:\a\MyModule20220704\MyModule20220704\UnitTests\bin\UnitTests.dll" adapterTypeName="executor://xunit/VsTestRunner2/net" className="UnitTests.Data.Repositories.GenericRepositoryTests" name="Repository_DeleteMissing_DoesNotThrow" />
    </UnitTest>
    <UnitTest name="UnitTests.Services.ItemServiceTests.UpdateItem_NoName_Throws(name: null)" storage="d:\a\mymodule20220704\mymodule20220704\unittests\bin\unittests.dll" id="b76e01b1-6afe-f33b-c6a9-ea3347176509">
      <Execution id="c15624ce-2c53-4c3e-8da7-89954bc02edd" />
      <TestMethod codeBase="D:\a\MyModule20220704\MyModule20220704\UnitTests\bin\UnitTests.dll" adapterTypeName="executor://xunit/VsTestRunner2/net" className="UnitTests.Services.ItemServiceTests" name="UpdateItem_NoName_Throws" />
    </UnitTest>
    <UnitTest name="UnitTests.Services.ItemServiceTests.CreateItem_NoNameThrows" storage="d:\a\mymodule20220704\mymodule20220704\unittests\bin\unittests.dll" id="19b6234c-c2df-2304-54f9-54b0da4cd6ba">
      <Execution id="e327b317-2344-4d90-a895-f67925b71f35" />
      <TestMethod codeBase="D:\a\MyModule20220704\MyModule20220704\UnitTests\bin\UnitTests.dll" adapterTypeName="executor://xunit/VsTestRunner2/net" className="UnitTests.Services.ItemServiceTests" name="CreateItem_NoNameThrows" />
    </UnitTest>
    <UnitTest name="UnitTests.Services.ItemServiceTests.DeleteItem_Deletes" storage="d:\a\mymodule20220704\mymodule20220704\unittests\bin\unittests.dll" id="e6610648-e456-1c64-d2b1-7e1242b871a8">
      <Execution id="20beb6ea-20d2-4b85-af7b-d42dd008cb4a" />
      <TestMethod codeBase="D:\a\MyModule20220704\MyModule20220704\UnitTests\bin\UnitTests.dll" adapterTypeName="executor://xunit/VsTestRunner2/net" className="UnitTests.Services.ItemServiceTests" name="DeleteItem_Deletes" />
    </UnitTest>
    <UnitTest name="UnitTests.Data.Entities.ItemTests.ItemConstructsProperly" storage="d:\a\mymodule20220704\mymodule20220704\unittests\bin\unittests.dll" id="572fc310-4b67-9555-f147-153d39f2eb82">
      <Execution id="d7e4458f-5ac8-4574-bb05-64a41058a158" />
      <TestMethod codeBase="D:\a\MyModule20220704\MyModule20220704\UnitTests\bin\UnitTests.dll" adapterTypeName="executor://xunit/VsTestRunner2/net" className="UnitTests.Data.Entities.ItemTests" name="ItemConstructsProperly" />
    </UnitTest>
    <UnitTest name="UnitTests.Services.ItemServiceTests.UpdateItem_NoName_Throws(name: &quot;&quot;)" storage="d:\a\mymodule20220704\mymodule20220704\unittests\bin\unittests.dll" id="3cbfa5d3-e0f6-eff8-ed5c-556fa1f3e131">
      <Execution id="60787fd3-ec7a-4f84-97f1-93e19dd6b650" />
      <TestMethod codeBase="D:\a\MyModule20220704\MyModule20220704\UnitTests\bin\UnitTests.dll" adapterTypeName="executor://xunit/VsTestRunner2/net" className="UnitTests.Services.ItemServiceTests" name="UpdateItem_NoName_Throws" />
    </UnitTest>
    <UnitTest name="UnitTests.Services.LoggingServiceTests.LogginService_TestableConstructorLogsErrorWithException" storage="d:\a\mymodule20220704\mymodule20220704\unittests\bin\unittests.dll" id="9168bdef-a759-f4d6-b890-b643e17324cf">
      <Execution id="025b360a-6190-4dd5-811c-680760c4d893" />
      <TestMethod codeBase="D:\a\MyModule20220704\MyModule20220704\UnitTests\bin\UnitTests.dll" adapterTypeName="executor://xunit/VsTestRunner2/net" className="UnitTests.Services.LoggingServiceTests" name="LogginService_TestableConstructorLogsErrorWithException" />
    </UnitTest>
    <UnitTest name="UnitTests.Controllers.ItemControllerTests.UserCanEdit_ReturnsBool(canEdit: True)" storage="d:\a\mymodule20220704\mymodule20220704\unittests\bin\unittests.dll" id="aec60494-3c2e-8ec9-f948-da5bb2043983">
      <Execution id="5e20e11f-661c-4a28-b198-9a6021f9f20e" />
      <TestMethod codeBase="D:\a\MyModule20220704\MyModule20220704\UnitTests\bin\UnitTests.dll" adapterTypeName="executor://xunit/VsTestRunner2/net" className="UnitTests.Controllers.ItemControllerTests" name="UserCanEdit_ReturnsBool" />
    </UnitTest>
    <UnitTest name="UnitTests.Controllers.ModuleApiControllerTests.HasUserInfo" storage="d:\a\mymodule20220704\mymodule20220704\unittests\bin\unittests.dll" id="bae3532a-4a9e-c4ab-fc66-4dfa22d16170">
      <Execution id="8230d8e2-749e-4982-a8f8-356d6b10fa27" />
      <TestMethod codeBase="D:\a\MyModule20220704\MyModule20220704\UnitTests\bin\UnitTests.dll" adapterTypeName="executor://xunit/VsTestRunner2/net" className="UnitTests.Controllers.ModuleApiControllerTests" name="HasUserInfo" />
    </UnitTest>
    <UnitTest name="UnitTests.Services.ItemServiceTests.UpdateItem_NoName_Throws(name: &quot;  &quot;)" storage="d:\a\mymodule20220704\mymodule20220704\unittests\bin\unittests.dll" id="92b7b9f6-1294-7ea1-ffa3-91fba85074d4">
      <Execution id="1ac1f391-8738-444c-aeb2-43707059df1a" />
      <TestMethod codeBase="D:\a\MyModule20220704\MyModule20220704\UnitTests\bin\UnitTests.dll" adapterTypeName="executor://xunit/VsTestRunner2/net" className="UnitTests.Services.ItemServiceTests" name="UpdateItem_NoName_Throws" />
    </UnitTest>
    <UnitTest name="UnitTests.Data.Repositories.GenericRepositoryTests.Repository_Create_DefaultAudit" storage="d:\a\mymodule20220704\mymodule20220704\unittests\bin\unittests.dll" id="ae39aa62-5ff2-56e7-d00e-ef116d711d51">
      <Execution id="e13f3a1e-a5e3-41c4-b0d3-d0f2e69cec79" />
      <TestMethod codeBase="D:\a\MyModule20220704\MyModule20220704\UnitTests\bin\UnitTests.dll" adapterTypeName="executor://xunit/VsTestRunner2/net" className="UnitTests.Data.Repositories.GenericRepositoryTests" name="Repository_Create_DefaultAudit" />
    </UnitTest>
    <UnitTest name="UnitTests.Controllers.ValidateModelAttributeTests.OnActionExecuting_Valid_Works" storage="d:\a\mymodule20220704\mymodule20220704\unittests\bin\unittests.dll" id="e55f1742-c16d-5086-2251-ad3372dd48f5">
      <Execution id="a18e4145-e853-4013-822e-45efd0118401" />
      <TestMethod codeBase="D:\a\MyModule20220704\MyModule20220704\UnitTests\bin\UnitTests.dll" adapterTypeName="executor://xunit/VsTestRunner2/net" className="UnitTests.Controllers.ValidateModelAttributeTests" name="OnActionExecuting_Valid_Works" />
    </UnitTest>
    <UnitTest name="UnitTests.Data.Repositories.GenericRepositoryTests.GenericRepositoryGetsAll(iterations: 1)" storage="d:\a\mymodule20220704\mymodule20220704\unittests\bin\unittests.dll" id="d16880d7-fb44-f209-43d9-ba2e0e1875de">
      <Execution id="0c574b1f-65e3-42dc-82f3-c1f22f31551f" />
      <TestMethod codeBase="D:\a\MyModule20220704\MyModule20220704\UnitTests\bin\UnitTests.dll" adapterTypeName="executor://xunit/VsTestRunner2/net" className="UnitTests.Data.Repositories.GenericRepositoryTests" name="GenericRepositoryGetsAll" />
    </UnitTest>
    <UnitTest name="UnitTests.Services.ItemServiceTests.UpdateItem_NullDto_Throws" storage="d:\a\mymodule20220704\mymodule20220704\unittests\bin\unittests.dll" id="263c08b1-704a-f3c2-309e-6dee831dbdc9">
      <Execution id="c2df048c-2aca-4d65-86c6-d6f10e2ae61f" />
      <TestMethod codeBase="D:\a\MyModule20220704\MyModule20220704\UnitTests\bin\UnitTests.dll" adapterTypeName="executor://xunit/VsTestRunner2/net" className="UnitTests.Services.ItemServiceTests" name="UpdateItem_NullDto_Throws" />
    </UnitTest>
    <UnitTest name="UnitTests.Services.LoggingServiceTests.LoggingService_DefaultConstructorExists" storage="d:\a\mymodule20220704\mymodule20220704\unittests\bin\unittests.dll" id="8ba31d1b-48e3-e04e-cff0-b927c63b4a19">
      <Execution id="8f4f2111-e43c-4e98-b12e-bf849d2f64d3" />
      <TestMethod codeBase="D:\a\MyModule20220704\MyModule20220704\UnitTests\bin\UnitTests.dll" adapterTypeName="executor://xunit/VsTestRunner2/net" className="UnitTests.Services.LoggingServiceTests" name="LoggingService_DefaultConstructorExists" />
    </UnitTest>
    <UnitTest name="UnitTests.Data.Repositories.GenericRepositoryTests.GenericRepositoryCreate_ThrowsWithNullEntity" storage="d:\a\mymodule20220704\mymodule20220704\unittests\bin\unittests.dll" id="36689490-09d4-917f-648a-70dcfcfede10">
      <Execution id="f13c2762-eb9f-497f-a679-c9f8511711d7" />
      <TestMethod codeBase="D:\a\MyModule20220704\MyModule20220704\UnitTests\bin\UnitTests.dll" adapterTypeName="executor://xunit/VsTestRunner2/net" className="UnitTests.Data.Repositories.GenericRepositoryTests" name="GenericRepositoryCreate_ThrowsWithNullEntity" />
    </UnitTest>
    <UnitTest name="UnitTests.Controllers.ItemControllerTests.CreateItem_Creates" storage="d:\a\mymodule20220704\mymodule20220704\unittests\bin\unittests.dll" id="588a2c1b-7788-beb2-ade0-06788d455d25">
      <Execution id="09022fb4-f2f1-49fe-a633-de89ca4a2ec3" />
      <TestMethod codeBase="D:\a\MyModule20220704\MyModule20220704\UnitTests\bin\UnitTests.dll" adapterTypeName="executor://xunit/VsTestRunner2/net" className="UnitTests.Controllers.ItemControllerTests" name="CreateItem_Creates" />
    </UnitTest>
    <UnitTest name="UnitTests.Controllers.ModuleApiControllerTests.CanEdit_Set_Throws" storage="d:\a\mymodule20220704\mymodule20220704\unittests\bin\unittests.dll" id="5f92ec4d-d570-0452-b891-d4cee75db9dd">
      <Execution id="4f64b924-0e54-40ea-976c-28bda37e798a" />
      <TestMethod codeBase="D:\a\MyModule20220704\MyModule20220704\UnitTests\bin\UnitTests.dll" adapterTypeName="executor://xunit/VsTestRunner2/net" className="UnitTests.Controllers.ModuleApiControllerTests" name="CanEdit_Set_Throws" />
    </UnitTest>
    <UnitTest name="UnitTests.Data.Repositories.GenericRepositoryTests.Repository_Create_UsesUserId" storage="d:\a\mymodule20220704\mymodule20220704\unittests\bin\unittests.dll" id="e1c7f76f-6195-c844-23c0-304b47fbae66">
      <Execution id="d0616c10-05f7-4b5c-99e7-ecd9f8b9b76b" />
      <TestMethod codeBase="D:\a\MyModule20220704\MyModule20220704\UnitTests\bin\UnitTests.dll" adapterTypeName="executor://xunit/VsTestRunner2/net" className="UnitTests.Data.Repositories.GenericRepositoryTests" name="Repository_Create_UsesUserId" />
    </UnitTest>
    <UnitTest name="UnitTests.Controllers.ItemControllerTests.UpdateItem_Updates" storage="d:\a\mymodule20220704\mymodule20220704\unittests\bin\unittests.dll" id="315adde5-f36d-a74f-aa46-fb22a0f78cd9">
      <Execution id="b982bf9d-ed16-4a7a-a4bc-08684a2b20a5" />
      <TestMethod codeBase="D:\a\MyModule20220704\MyModule20220704\UnitTests\bin\UnitTests.dll" adapterTypeName="executor://xunit/VsTestRunner2/net" className="UnitTests.Controllers.ItemControllerTests" name="UpdateItem_Updates" />
    </UnitTest>
    <UnitTest name="UnitTests.Controllers.ModuleExceptionFilterAttributeTests.ArgumentException_BadRequest" storage="d:\a\mymodule20220704\mymodule20220704\unittests\bin\unittests.dll" id="a21637b0-54f8-4fa0-bc3b-95481a9fd90b">
      <Execution id="efb97585-b671-4aad-8a62-68d15c1ca96d" />
      <TestMethod codeBase="D:\a\MyModule20220704\MyModule20220704\UnitTests\bin\UnitTests.dll" adapterTypeName="executor://xunit/VsTestRunner2/net" className="UnitTests.Controllers.ModuleExceptionFilterAttributeTests" name="ArgumentException_BadRequest" />
    </UnitTest>
    <UnitTest name="UnitTests.Data.Repositories.GenericRepositoryTests.GetPage_Pages(page: 3, pageSize: 20, expectedItems: 10, expectedPages: 3)" storage="d:\a\mymodule20220704\mymodule20220704\unittests\bin\unittests.dll" id="74c28fcf-aa9b-2bab-0ff6-cfa98a0ddf49">
      <Execution id="e5a57777-292d-4034-841d-8859bda4947a" />
      <TestMethod codeBase="D:\a\MyModule20220704\MyModule20220704\UnitTests\bin\UnitTests.dll" adapterTypeName="executor://xunit/VsTestRunner2/net" className="UnitTests.Data.Repositories.GenericRepositoryTests" name="GetPage_Pages" />
    </UnitTest>
    <UnitTest name="UnitTests.Controllers.ModuleExceptionFilterAttributeTests.NoException_DoesNothing" storage="d:\a\mymodule20220704\mymodule20220704\unittests\bin\unittests.dll" id="113f48ce-a6a3-c5df-7589-ba5a5fcb9c59">
      <Execution id="7ba9c7ab-dc61-425e-98eb-4fe63d8ef956" />
      <TestMethod codeBase="D:\a\MyModule20220704\MyModule20220704\UnitTests\bin\UnitTests.dll" adapterTypeName="executor://xunit/VsTestRunner2/net" className="UnitTests.Controllers.ModuleExceptionFilterAttributeTests" name="NoException_DoesNothing" />
    </UnitTest>
    <UnitTest name="UnitTests.Controllers.ItemControllerTests.GetItemsPage_GetsProperPages" storage="d:\a\mymodule20220704\mymodule20220704\unittests\bin\unittests.dll" id="1017c6c1-9dd0-57dc-36e7-bb573d02562e">
      <Execution id="d5ac3e90-0606-49e6-b208-8d4d5f6a0b3d" />
      <TestMethod codeBase="D:\a\MyModule20220704\MyModule20220704\UnitTests\bin\UnitTests.dll" adapterTypeName="executor://xunit/VsTestRunner2/net" className="UnitTests.Controllers.ItemControllerTests" name="GetItemsPage_GetsProperPages" />
    </UnitTest>
    <UnitTest name="UnitTests.Data.Repositories.GenericRepositoryTests.GenericRepositoryDeletes" storage="d:\a\mymodule20220704\mymodule20220704\unittests\bin\unittests.dll" id="0bc54975-0bff-692e-a9b3-fc69f2c95a39">
      <Execution id="578e63bc-656e-435e-bf19-1c79eb120ec4" />
      <TestMethod codeBase="D:\a\MyModule20220704\MyModule20220704\UnitTests\bin\UnitTests.dll" adapterTypeName="executor://xunit/VsTestRunner2/net" className="UnitTests.Data.Repositories.GenericRepositoryTests" name="GenericRepositoryDeletes" />
    </UnitTest>
    <UnitTest name="UnitTests.Controllers.ItemControllerTests.DeleteItem_Deletes(itemId: 10)" storage="d:\a\mymodule20220704\mymodule20220704\unittests\bin\unittests.dll" id="d6094ca1-b65b-5133-f464-9f7d01f0d023">
      <Execution id="fa01815d-f5e1-4b77-af1b-f8e7e9ab1db8" />
      <TestMethod codeBase="D:\a\MyModule20220704\MyModule20220704\UnitTests\bin\UnitTests.dll" adapterTypeName="executor://xunit/VsTestRunner2/net" className="UnitTests.Controllers.ItemControllerTests" name="DeleteItem_Deletes" />
    </UnitTest>
    <UnitTest name="UnitTests.Data.Repositories.GenericRepositoryTests.GenericRepositoryUpdates" storage="d:\a\mymodule20220704\mymodule20220704\unittests\bin\unittests.dll" id="70ede014-c412-e387-bb98-e95b3b42090d">
      <Execution id="533aba9f-697e-4c33-9cfc-00932cfbdd48" />
      <TestMethod codeBase="D:\a\MyModule20220704\MyModule20220704\UnitTests\bin\UnitTests.dll" adapterTypeName="executor://xunit/VsTestRunner2/net" className="UnitTests.Data.Repositories.GenericRepositoryTests" name="GenericRepositoryUpdates" />
    </UnitTest>
    <UnitTest name="UnitTests.Data.Repositories.GenericRepositoryTests.Repository_Update_DefaultAudit" storage="d:\a\mymodule20220704\mymodule20220704\unittests\bin\unittests.dll" id="44b00d3a-bad7-aefd-141c-4a35b11463b2">
      <Execution id="e1a14dd5-c7d9-415d-b260-e3af99382f9e" />
      <TestMethod codeBase="D:\a\MyModule20220704\MyModule20220704\UnitTests\bin\UnitTests.dll" adapterTypeName="executor://xunit/VsTestRunner2/net" className="UnitTests.Data.Repositories.GenericRepositoryTests" name="Repository_Update_DefaultAudit" />
    </UnitTest>
    <UnitTest name="UnitTests.Services.ItemServiceTests.UpdateItem_Updates" storage="d:\a\mymodule20220704\mymodule20220704\unittests\bin\unittests.dll" id="130d9133-361f-a0da-f15e-423eb98947ac">
      <Execution id="ca0013a1-7531-4601-b86e-3774ec031821" />
      <TestMethod codeBase="D:\a\MyModule20220704\MyModule20220704\UnitTests\bin\UnitTests.dll" adapterTypeName="executor://xunit/VsTestRunner2/net" className="UnitTests.Services.ItemServiceTests" name="UpdateItem_Updates" />
    </UnitTest>
    <UnitTest name="UnitTests.Data.Repositories.GenericRepositoryTests.GenericRepositoryGetsAll(iterations: 2)" storage="d:\a\mymodule20220704\mymodule20220704\unittests\bin\unittests.dll" id="ffe5c770-9b99-42c0-ce21-7e50cccf4385">
      <Execution id="356aa7e9-40e8-4e9d-bf49-b52d27ffdc1b" />
      <TestMethod codeBase="D:\a\MyModule20220704\MyModule20220704\UnitTests\bin\UnitTests.dll" adapterTypeName="executor://xunit/VsTestRunner2/net" className="UnitTests.Data.Repositories.GenericRepositoryTests" name="GenericRepositoryGetsAll" />
    </UnitTest>
    <UnitTest name="UnitTests.Data.Repositories.GenericRepositoryTests.GenericRepositoryGetsAll(iterations: 0)" storage="d:\a\mymodule20220704\mymodule20220704\unittests\bin\unittests.dll" id="4fe0dd0f-2fa0-9c42-e816-a6df28150b72">
      <Execution id="15440ec4-e0b7-4fa7-aaca-7344f825c6e3" />
      <TestMethod codeBase="D:\a\MyModule20220704\MyModule20220704\UnitTests\bin\UnitTests.dll" adapterTypeName="executor://xunit/VsTestRunner2/net" className="UnitTests.Data.Repositories.GenericRepositoryTests" name="GenericRepositoryGetsAll" />
    </UnitTest>
    <UnitTest name="UnitTests.Data.Repositories.GenericRepositoryTests.GetPage_Pages(page: 1, pageSize: 10, expectedItems: 10, expectedPages: 5)" storage="d:\a\mymodule20220704\mymodule20220704\unittests\bin\unittests.dll" id="c5867bfe-f023-3ae4-485c-eae070f2ace9">
      <Execution id="6da92e01-1cb7-4809-82df-41dd94318fa5" />
      <TestMethod codeBase="D:\a\MyModule20220704\MyModule20220704\UnitTests\bin\UnitTests.dll" adapterTypeName="executor://xunit/VsTestRunner2/net" className="UnitTests.Data.Repositories.GenericRepositoryTests" name="GetPage_Pages" />
    </UnitTest>
    <UnitTest name="UnitTests.Common.Extensions.IQueryableExtensionsTests.Order_OrdersBothWays(descending: False, expected: [1, 2, 3])" storage="d:\a\mymodule20220704\mymodule20220704\unittests\bin\unittests.dll" id="248341cb-553e-e275-a8eb-499567f40929">
      <Execution id="4d7f839f-89e9-43bf-8dec-1fb1da90e0d5" />
      <TestMethod codeBase="D:\a\MyModule20220704\MyModule20220704\UnitTests\bin\UnitTests.dll" adapterTypeName="executor://xunit/VsTestRunner2/net" className="UnitTests.Common.Extensions.IQueryableExtensionsTests" name="Order_OrdersBothWays" />
    </UnitTest>
    <UnitTest name="UnitTests.Data.Repositories.GenericRepositoryTests.GetPage_Pages(page: 0, pageSize: 0, expectedItems: 1, expectedPages: 50)" storage="d:\a\mymodule20220704\mymodule20220704\unittests\bin\unittests.dll" id="3688eeeb-2a1a-6ffa-a193-543baf24437a">
      <Execution id="05efd9fe-7eed-4056-83ca-485fc7e0651b" />
      <TestMethod codeBase="D:\a\MyModule20220704\MyModule20220704\UnitTests\bin\UnitTests.dll" adapterTypeName="executor://xunit/VsTestRunner2/net" className="UnitTests.Data.Repositories.GenericRepositoryTests" name="GetPage_Pages" />
    </UnitTest>
    <UnitTest name="UnitTests.Services.ItemServiceTests.CreateItem_NoItemThrows" storage="d:\a\mymodule20220704\mymodule20220704\unittests\bin\unittests.dll" id="f5652070-1b22-f5a7-3f3f-68b37c9184a8">
      <Execution id="e2f6699e-6ee8-4d40-acdf-3c7069608431" />
      <TestMethod codeBase="D:\a\MyModule20220704\MyModule20220704\UnitTests\bin\UnitTests.dll" adapterTypeName="executor://xunit/VsTestRunner2/net" className="UnitTests.Services.ItemServiceTests" name="CreateItem_NoItemThrows" />
    </UnitTest>
    <UnitTest name="UnitTests.Data.Entities.ItemTests.ItemPropertiesPersist(id: 1, name: &quot;Name1&quot;, description: &quot;Description1&quot;)" storage="d:\a\mymodule20220704\mymodule20220704\unittests\bin\unittests.dll" id="392ed628-2028-c945-b97e-893658a1e82b">
      <Execution id="c206f49c-bb75-45c0-b613-4b64064076df" />
      <TestMethod codeBase="D:\a\MyModule20220704\MyModule20220704\UnitTests\bin\UnitTests.dll" adapterTypeName="executor://xunit/VsTestRunner2/net" className="UnitTests.Data.Entities.ItemTests" name="ItemPropertiesPersist" />
    </UnitTest>
  </TestDefinitions>
  <TestEntries>
    <TestEntry testId="9168bdef-a759-f4d6-b890-b643e17324cf" executionId="025b360a-6190-4dd5-811c-680760c4d893" testListId="8c84fa94-04c1-424b-9868-57a2d4851a1d" />
    <TestEntry testId="ae39aa62-5ff2-56e7-d00e-ef116d711d51" executionId="e13f3a1e-a5e3-41c4-b0d3-d0f2e69cec79" testListId="8c84fa94-04c1-424b-9868-57a2d4851a1d" />
    <TestEntry testId="b6579d24-7c4e-c42d-2ead-85e0f30e0a64" executionId="20790a5d-3318-4933-b396-d2f8dc3bff0c" testListId="8c84fa94-04c1-424b-9868-57a2d4851a1d" />
    <TestEntry testId="d1c63cb7-1f9a-a8bf-a217-a4cbb4e5f73b" executionId="2ac2f6bd-0ccc-46ab-8fa4-4af94f0af80c" testListId="8c84fa94-04c1-424b-9868-57a2d4851a1d" />
    <TestEntry testId="d16880d7-fb44-f209-43d9-ba2e0e1875de" executionId="0c574b1f-65e3-42dc-82f3-c1f22f31551f" testListId="8c84fa94-04c1-424b-9868-57a2d4851a1d" />
    <TestEntry testId="a21637b0-54f8-4fa0-bc3b-95481a9fd90b" executionId="d01635f2-cce2-45fe-8bac-72d5f377d141" testListId="8c84fa94-04c1-424b-9868-57a2d4851a1d" />
    <TestEntry testId="986d7e6e-d04d-b204-b01c-fbb8f09c7774" executionId="20f17ec3-27cc-4f7b-a052-51003a2cb016" testListId="8c84fa94-04c1-424b-9868-57a2d4851a1d" />
    <TestEntry testId="263c08b1-704a-f3c2-309e-6dee831dbdc9" executionId="c2df048c-2aca-4d65-86c6-d6f10e2ae61f" testListId="8c84fa94-04c1-424b-9868-57a2d4851a1d" />
    <TestEntry testId="0247c7e7-7d1c-099b-2ac8-81a47ff2509a" executionId="ed377e16-c3ee-4195-b228-16773ba00f45" testListId="8c84fa94-04c1-424b-9868-57a2d4851a1d" />
    <TestEntry testId="1017c6c1-9dd0-57dc-36e7-bb573d02562e" executionId="d5ac3e90-0606-49e6-b208-8d4d5f6a0b3d" testListId="8c84fa94-04c1-424b-9868-57a2d4851a1d" />
    <TestEntry testId="96a18501-dea4-70b1-d572-baa1bb120da2" executionId="e0963d3a-aeed-4228-a1b1-f431184f7ac7" testListId="8c84fa94-04c1-424b-9868-57a2d4851a1d" />
    <TestEntry testId="d6094ca1-b65b-5133-f464-9f7d01f0d023" executionId="fa01815d-f5e1-4b77-af1b-f8e7e9ab1db8" testListId="8c84fa94-04c1-424b-9868-57a2d4851a1d" />
    <TestEntry testId="130d9133-361f-a0da-f15e-423eb98947ac" executionId="ca0013a1-7531-4601-b86e-3774ec031821" testListId="8c84fa94-04c1-424b-9868-57a2d4851a1d" />
    <TestEntry testId="a21637b0-54f8-4fa0-bc3b-95481a9fd90b" executionId="b822ce64-98c9-45ac-91b6-e463e0a05e3b" testListId="8c84fa94-04c1-424b-9868-57a2d4851a1d" />
    <TestEntry testId="8ba31d1b-48e3-e04e-cff0-b927c63b4a19" executionId="8f4f2111-e43c-4e98-b12e-bf849d2f64d3" testListId="8c84fa94-04c1-424b-9868-57a2d4851a1d" />
    <TestEntry testId="a21637b0-54f8-4fa0-bc3b-95481a9fd90b" executionId="74cbda79-518b-42b4-9bae-eb3d7e3461ab" testListId="8c84fa94-04c1-424b-9868-57a2d4851a1d" />
    <TestEntry testId="ffe5c770-9b99-42c0-ce21-7e50cccf4385" executionId="356aa7e9-40e8-4e9d-bf49-b52d27ffdc1b" testListId="8c84fa94-04c1-424b-9868-57a2d4851a1d" />
    <TestEntry testId="99806ad3-88f0-7495-8b3e-3799a4bbb6aa" executionId="d86681b3-8dcc-41ec-9be0-1b31f85b7ac6" testListId="8c84fa94-04c1-424b-9868-57a2d4851a1d" />
    <TestEntry testId="5f92ec4d-d570-0452-b891-d4cee75db9dd" executionId="4f64b924-0e54-40ea-976c-28bda37e798a" testListId="8c84fa94-04c1-424b-9868-57a2d4851a1d" />
    <TestEntry testId="ac1c50bc-98fd-036f-fe0f-d46cb187f90e" executionId="459a3e3b-3b64-466d-846c-b7aca7be522f" testListId="8c84fa94-04c1-424b-9868-57a2d4851a1d" />
    <TestEntry testId="478b61ee-7d85-9dbe-985d-08c590f8666a" executionId="13d9a343-3faa-4ae9-a353-2330ab86dfe2" testListId="8c84fa94-04c1-424b-9868-57a2d4851a1d" />
    <TestEntry testId="24cfa8b0-48c3-8aab-e4c2-88694c220e2c" executionId="e6e3bfa6-786d-4aeb-9ef7-ad8522704446" testListId="8c84fa94-04c1-424b-9868-57a2d4851a1d" />
    <TestEntry testId="248341cb-553e-e275-a8eb-499567f40929" executionId="4d7f839f-89e9-43bf-8dec-1fb1da90e0d5" testListId="8c84fa94-04c1-424b-9868-57a2d4851a1d" />
    <TestEntry testId="36689490-09d4-917f-648a-70dcfcfede10" executionId="f13c2762-eb9f-497f-a679-c9f8511711d7" testListId="8c84fa94-04c1-424b-9868-57a2d4851a1d" />
    <TestEntry testId="61a8ccc9-c5b1-047b-3c97-f777ccc7d30b" executionId="a0247148-7d33-4e5b-8f9e-32b235e16cc2" testListId="8c84fa94-04c1-424b-9868-57a2d4851a1d" />
    <TestEntry testId="e4f8faa7-d0ad-86e6-1579-7bd52372b4c3" executionId="a86fc211-3028-46a6-a0a3-e04e966382af" testListId="8c84fa94-04c1-424b-9868-57a2d4851a1d" />
    <TestEntry testId="f754f777-4449-23e8-f4ec-917f49117de2" executionId="1e4a95ce-c23a-425b-b7a3-168c4f463924" testListId="8c84fa94-04c1-424b-9868-57a2d4851a1d" />
    <TestEntry testId="392ed628-2028-c945-b97e-893658a1e82b" executionId="c206f49c-bb75-45c0-b613-4b64064076df" testListId="8c84fa94-04c1-424b-9868-57a2d4851a1d" />
    <TestEntry testId="aec60494-3c2e-8ec9-f948-da5bb2043983" executionId="5e20e11f-661c-4a28-b198-9a6021f9f20e" testListId="8c84fa94-04c1-424b-9868-57a2d4851a1d" />
    <TestEntry testId="588a2c1b-7788-beb2-ade0-06788d455d25" executionId="09022fb4-f2f1-49fe-a633-de89ca4a2ec3" testListId="8c84fa94-04c1-424b-9868-57a2d4851a1d" />
    <TestEntry testId="572fc310-4b67-9555-f147-153d39f2eb82" executionId="d7e4458f-5ac8-4574-bb05-64a41058a158" testListId="8c84fa94-04c1-424b-9868-57a2d4851a1d" />
    <TestEntry testId="4fe0dd0f-2fa0-9c42-e816-a6df28150b72" executionId="15440ec4-e0b7-4fa7-aaca-7344f825c6e3" testListId="8c84fa94-04c1-424b-9868-57a2d4851a1d" />
    <TestEntry testId="c5867bfe-f023-3ae4-485c-eae070f2ace9" executionId="6da92e01-1cb7-4809-82df-41dd94318fa5" testListId="8c84fa94-04c1-424b-9868-57a2d4851a1d" />
    <TestEntry testId="b76e01b1-6afe-f33b-c6a9-ea3347176509" executionId="c15624ce-2c53-4c3e-8da7-89954bc02edd" testListId="8c84fa94-04c1-424b-9868-57a2d4851a1d" />
    <TestEntry testId="315adde5-f36d-a74f-aa46-fb22a0f78cd9" executionId="b982bf9d-ed16-4a7a-a4bc-08684a2b20a5" testListId="8c84fa94-04c1-424b-9868-57a2d4851a1d" />
    <TestEntry testId="ad3412e8-5f64-2020-a5b6-bd4cca8c3b7d" executionId="caf2f5d8-5778-4c33-9787-05ffaad8f2f2" testListId="8c84fa94-04c1-424b-9868-57a2d4851a1d" />
    <TestEntry testId="70ede014-c412-e387-bb98-e95b3b42090d" executionId="533aba9f-697e-4c33-9cfc-00932cfbdd48" testListId="8c84fa94-04c1-424b-9868-57a2d4851a1d" />
    <TestEntry testId="a9198ad3-782e-a37c-0b5f-1330f5318f55" executionId="d4ae28c5-6f84-4b55-8cbc-72b99f0f0aba" testListId="8c84fa94-04c1-424b-9868-57a2d4851a1d" />
    <TestEntry testId="74c28fcf-aa9b-2bab-0ff6-cfa98a0ddf49" executionId="e5a57777-292d-4034-841d-8859bda4947a" testListId="8c84fa94-04c1-424b-9868-57a2d4851a1d" />
    <TestEntry testId="e6e0a140-85e7-6935-6160-ab95ecfd3c8a" executionId="e377ccf1-3b3b-4c36-9cfc-1982c70eccaa" testListId="8c84fa94-04c1-424b-9868-57a2d4851a1d" />
    <TestEntry testId="3688eeeb-2a1a-6ffa-a193-543baf24437a" executionId="05efd9fe-7eed-4056-83ca-485fc7e0651b" testListId="8c84fa94-04c1-424b-9868-57a2d4851a1d" />
    <TestEntry testId="92b7b9f6-1294-7ea1-ffa3-91fba85074d4" executionId="1ac1f391-8738-444c-aeb2-43707059df1a" testListId="8c84fa94-04c1-424b-9868-57a2d4851a1d" />
    <TestEntry testId="d6cab32e-cf28-1ba8-73a6-76c46cb62c4a" executionId="9d2ab644-e1f8-425a-8b96-57e19ae9e272" testListId="8c84fa94-04c1-424b-9868-57a2d4851a1d" />
    <TestEntry testId="e1c7f76f-6195-c844-23c0-304b47fbae66" executionId="d0616c10-05f7-4b5c-99e7-ecd9f8b9b76b" testListId="8c84fa94-04c1-424b-9868-57a2d4851a1d" />
    <TestEntry testId="bae3532a-4a9e-c4ab-fc66-4dfa22d16170" executionId="8230d8e2-749e-4982-a8f8-356d6b10fa27" testListId="8c84fa94-04c1-424b-9868-57a2d4851a1d" />
    <TestEntry testId="ac2a99ba-3563-74a9-7d4c-8e91a58cd097" executionId="28346b51-3ee6-45b3-be56-3a839574a5c3" testListId="8c84fa94-04c1-424b-9868-57a2d4851a1d" />
    <TestEntry testId="44b00d3a-bad7-aefd-141c-4a35b11463b2" executionId="e1a14dd5-c7d9-415d-b260-e3af99382f9e" testListId="8c84fa94-04c1-424b-9868-57a2d4851a1d" />
    <TestEntry testId="320e3c11-11d1-b3ef-0d2e-5e474f674ff1" executionId="e1f0ccd5-48b7-44c2-a5c0-fc6727f0ed34" testListId="8c84fa94-04c1-424b-9868-57a2d4851a1d" />
    <TestEntry testId="e6610648-e456-1c64-d2b1-7e1242b871a8" executionId="20beb6ea-20d2-4b85-af7b-d42dd008cb4a" testListId="8c84fa94-04c1-424b-9868-57a2d4851a1d" />
    <TestEntry testId="f5652070-1b22-f5a7-3f3f-68b37c9184a8" executionId="e2f6699e-6ee8-4d40-acdf-3c7069608431" testListId="8c84fa94-04c1-424b-9868-57a2d4851a1d" />
    <TestEntry testId="d15ea2a7-9f9f-b92b-50fa-470898da705d" executionId="51168de9-bfcc-4ac9-a84f-6e3991c2c180" testListId="8c84fa94-04c1-424b-9868-57a2d4851a1d" />
    <TestEntry testId="1a74e347-4470-5271-97ab-1ebaf8693270" executionId="3683e9ec-9ea4-47c0-94b6-53df9358062b" testListId="8c84fa94-04c1-424b-9868-57a2d4851a1d" />
    <TestEntry testId="3cbfa5d3-e0f6-eff8-ed5c-556fa1f3e131" executionId="60787fd3-ec7a-4f84-97f1-93e19dd6b650" testListId="8c84fa94-04c1-424b-9868-57a2d4851a1d" />
    <TestEntry testId="a21637b0-54f8-4fa0-bc3b-95481a9fd90b" executionId="f637150e-28d3-4984-9c75-329268568e98" testListId="8c84fa94-04c1-424b-9868-57a2d4851a1d" />
    <TestEntry testId="e55f1742-c16d-5086-2251-ad3372dd48f5" executionId="a18e4145-e853-4013-822e-45efd0118401" testListId="8c84fa94-04c1-424b-9868-57a2d4851a1d" />
    <TestEntry testId="1c164fbc-1ab1-9884-ccb8-9e84f4c977d0" executionId="cea35ed3-bafd-4e7a-8109-f4fe7b2448fa" testListId="8c84fa94-04c1-424b-9868-57a2d4851a1d" />
    <TestEntry testId="0bc54975-0bff-692e-a9b3-fc69f2c95a39" executionId="578e63bc-656e-435e-bf19-1c79eb120ec4" testListId="8c84fa94-04c1-424b-9868-57a2d4851a1d" />
    <TestEntry testId="19b6234c-c2df-2304-54f9-54b0da4cd6ba" executionId="e327b317-2344-4d90-a895-f67925b71f35" testListId="8c84fa94-04c1-424b-9868-57a2d4851a1d" />
    <TestEntry testId="0ebf358f-9eac-9438-b418-9c6aa81a6377" executionId="30e3074f-c498-478e-87a1-817b50506b2d" testListId="8c84fa94-04c1-424b-9868-57a2d4851a1d" />
    <TestEntry testId="168fc980-36e3-101b-62b1-f5ab71e9fc0d" executionId="e18a7b58-93de-4470-8957-67ff7ac0c1cf" testListId="8c84fa94-04c1-424b-9868-57a2d4851a1d" />
    <TestEntry testId="a21637b0-54f8-4fa0-bc3b-95481a9fd90b" executionId="efb97585-b671-4aad-8a62-68d15c1ca96d" testListId="8c84fa94-04c1-424b-9868-57a2d4851a1d" />
    <TestEntry testId="a21637b0-54f8-4fa0-bc3b-95481a9fd90b" executionId="76d175aa-8572-4ea5-bb9e-f76498dc232e" testListId="8c84fa94-04c1-424b-9868-57a2d4851a1d" />
    <TestEntry testId="113f48ce-a6a3-c5df-7589-ba5a5fcb9c59" executionId="7ba9c7ab-dc61-425e-98eb-4fe63d8ef956" testListId="8c84fa94-04c1-424b-9868-57a2d4851a1d" />
  </TestEntries>
  <TestLists>
    <TestList name="Results Not in a List" id="8c84fa94-04c1-424b-9868-57a2d4851a1d" />
    <TestList name="All Loaded Results" id="19431567-8539-422a-85d7-44ee4e166bda" />
  </TestLists>
  <ResultSummary outcome="Completed">
    <Counters total="63" executed="63" passed="63" failed="0" error="0" timeout="0" aborted="0" inconclusive="0" passedButRunAborted="0" notRunnable="0" notExecuted="0" disconnected="0" warning="0" completed="0" inProgress="0" pending="0" />
    <Output>
      <StdOut>[xUnit.net 00:00:00.00] xUnit.net VSTest Adapter v2.4.5+1caef2f33e (32-bit Desktop .NET 4.0.30319.42000)&#xD;
[xUnit.net 00:00:00.85]   Discovering: UnitTests&#xD;
[xUnit.net 00:00:01.03]   Discovered:  UnitTests&#xD;
[xUnit.net 00:00:01.03]   Starting:    UnitTests&#xD;
[xUnit.net 00:00:05.65]   Finished:    UnitTests&#xD;
</StdOut>
    </Output>
  </ResultSummary>
</TestRun>