<?xml version="1.0" encoding="utf-8"?>
<TestRun id="5930edc4-3092-495d-a980-99c162f05596" name="runneradmin@fv-az270-743 2022-07-04 21:11:40" runUser="fv-az270-743\runneradmin" xmlns="http://microsoft.com/schemas/VisualStudio/TeamTest/2010">
  <Times creation="2022-07-04T21:11:40.4255120+00:00" queuing="2022-07-04T21:11:40.4255122+00:00" start="2022-07-04T21:11:38.3207243+00:00" finish="2022-07-04T21:11:44.8191351+00:00" />
  <TestSettings name="default" id="de90218c-4340-433f-b929-3f5150d5602f">
    <Deployment runDeploymentRoot="runneradmin_fv-az270-743_2022-07-04_21_11_40" />
  </TestSettings>
  <Results>
    <UnitTestResult executionId="9329162f-5fb3-43df-9c9a-a3d15ee4bf86" testId="263c08b1-704a-f3c2-309e-6dee831dbdc9" testName="UnitTests.Services.ItemServiceTests.UpdateItem_NullDto_Throws" computerName="fv-az270-743" duration="00:00:00.0270000" startTime="2022-07-04T21:11:41.0777241+00:00" endTime="2022-07-04T21:11:41.0777241+00:00" testType="13cdc9d9-ddb5-4fa4-a97d-d965ccfc6d4b" outcome="Passed" testListId="8c84fa94-04c1-424b-9868-57a2d4851a1d" relativeResultsDirectory="9329162f-5fb3-43df-9c9a-a3d15ee4bf86" />
    <UnitTestResult executionId="1695c019-3949-4fef-b436-100ff7163c56" testId="bae3532a-4a9e-c4ab-fc66-4dfa22d16170" testName="UnitTests.Controllers.ModuleApiControllerTests.HasUserInfo" computerName="fv-az270-743" duration="00:00:00.0010000" startTime="2022-07-04T21:11:40.3340560+00:00" endTime="2022-07-04T21:11:40.3340560+00:00" testType="13cdc9d9-ddb5-4fa4-a97d-d965ccfc6d4b" outcome="Passed" testListId="8c84fa94-04c1-424b-9868-57a2d4851a1d" relativeResultsDirectory="1695c019-3949-4fef-b436-100ff7163c56" />
    <UnitTestResult executionId="fb1ab4a2-2010-4aea-948f-4ca59de6528a" testId="f5652070-1b22-f5a7-3f3f-68b37c9184a8" testName="UnitTests.Services.ItemServiceTests.CreateItem_NoItemThrows" computerName="fv-az270-743" duration="00:00:00.0010000" startTime="2022-07-04T21:11:41.0897236+00:00" endTime="2022-07-04T21:11:41.0897236+00:00" testType="13cdc9d9-ddb5-4fa4-a97d-d965ccfc6d4b" outcome="Passed" testListId="8c84fa94-04c1-424b-9868-57a2d4851a1d" relativeResultsDirectory="fb1ab4a2-2010-4aea-948f-4ca59de6528a" />
    <UnitTestResult executionId="27f76266-a3e4-457d-8480-d7db93dd99e6" testId="d6094ca1-b65b-5133-f464-9f7d01f0d023" testName="UnitTests.Controllers.ItemControllerTests.DeleteItem_Deletes(itemId: 10)" computerName="fv-az270-743" duration="00:00:00.0020000" startTime="2022-07-04T21:11:41.1691611+00:00" endTime="2022-07-04T21:11:41.1691611+00:00" testType="13cdc9d9-ddb5-4fa4-a97d-d965ccfc6d4b" outcome="Passed" testListId="8c84fa94-04c1-424b-9868-57a2d4851a1d" relativeResultsDirectory="27f76266-a3e4-457d-8480-d7db93dd99e6" />
    <UnitTestResult executionId="269e4742-a934-4494-8054-a1f75c8a1ded" testId="315adde5-f36d-a74f-aa46-fb22a0f78cd9" testName="UnitTests.Controllers.ItemControllerTests.UpdateItem_Updates" computerName="fv-az270-743" duration="00:00:00.0030000" startTime="2022-07-04T21:11:41.1671613+00:00" endTime="2022-07-04T21:11:41.1671613+00:00" testType="13cdc9d9-ddb5-4fa4-a97d-d965ccfc6d4b" outcome="Passed" testListId="8c84fa94-04c1-424b-9868-57a2d4851a1d" relativeResultsDirectory="269e4742-a934-4494-8054-a1f75c8a1ded" />
    <UnitTestResult executionId="af22c894-e18c-45bc-b4f4-34f0e97ad5d5" testId="1017c6c1-9dd0-57dc-36e7-bb573d02562e" testName="UnitTests.Controllers.ItemControllerTests.GetItemsPage_GetsProperPages" computerName="fv-az270-743" duration="00:00:00.0060000" startTime="2022-07-04T21:11:41.1641612+00:00" endTime="2022-07-04T21:11:41.1641612+00:00" testType="13cdc9d9-ddb5-4fa4-a97d-d965ccfc6d4b" outcome="Passed" testListId="8c84fa94-04c1-424b-9868-57a2d4851a1d" relativeResultsDirectory="af22c894-e18c-45bc-b4f4-34f0e97ad5d5" />
    <UnitTestResult executionId="5008636b-7fe3-422c-8877-92facd51a65e" testId="c5867bfe-f023-3ae4-485c-eae070f2ace9" testName="UnitTests.Data.Repositories.GenericRepositoryTests.GetPage_Pages(page: 1, pageSize: 10, expectedItems: 10, expectedPages: 5)" computerName="fv-az270-743" duration="00:00:00.0250000" startTime="2022-07-04T21:11:43.4697914+00:00" endTime="2022-07-04T21:11:43.4697914+00:00" testType="13cdc9d9-ddb5-4fa4-a97d-d965ccfc6d4b" outcome="Passed" testListId="8c84fa94-04c1-424b-9868-57a2d4851a1d" relativeResultsDirectory="5008636b-7fe3-422c-8877-92facd51a65e" />
    <UnitTestResult executionId="e7c8c146-7f8f-4a18-adcf-4783b435c12b" testId="ad3412e8-5f64-2020-a5b6-bd4cca8c3b7d" testName="UnitTests.Data.Repositories.GenericRepositoryTests.GenericRepositoryGet" computerName="fv-az270-743" duration="00:00:00.0980000" startTime="2022-07-04T21:11:43.2255194+00:00" endTime="2022-07-04T21:11:43.2255194+00:00" testType="13cdc9d9-ddb5-4fa4-a97d-d965ccfc6d4b" outcome="Passed" testListId="8c84fa94-04c1-424b-9868-57a2d4851a1d" relativeResultsDirectory="e7c8c146-7f8f-4a18-adcf-4783b435c12b" />
    <UnitTestResult executionId="6811a26a-4e21-4f8a-aa18-ff73eb45342d" testId="0247c7e7-7d1c-099b-2ac8-81a47ff2509a" testName="UnitTests.Controllers.ItemControllerTests.UserCanEdit_ReturnsBool(canEdit: False)" computerName="fv-az270-743" duration="00:00:00.0070000" startTime="2022-07-04T21:11:41.1541600+00:00" endTime="2022-07-04T21:11:41.1541600+00:00" testType="13cdc9d9-ddb5-4fa4-a97d-d965ccfc6d4b" outcome="Passed" testListId="8c84fa94-04c1-424b-9868-57a2d4851a1d" relativeResultsDirectory="6811a26a-4e21-4f8a-aa18-ff73eb45342d" />
    <UnitTestResult executionId="27f3c2a7-0a2d-4cb9-8b17-c7acd7dc76ea" testId="f754f777-4449-23e8-f4ec-917f49117de2" testName="UnitTests.Data.Repositories.GenericRepositoryTests.Repository_DeleteMissing_DoesNotThrow" computerName="fv-az270-743" duration="00:00:00.0080000" startTime="2022-07-04T21:11:43.3372517+00:00" endTime="2022-07-04T21:11:43.3372517+00:00" testType="13cdc9d9-ddb5-4fa4-a97d-d965ccfc6d4b" outcome="Passed" testListId="8c84fa94-04c1-424b-9868-57a2d4851a1d" relativeResultsDirectory="27f3c2a7-0a2d-4cb9-8b17-c7acd7dc76ea" />
    <UnitTestResult executionId="bcd00e02-057f-4b4c-a1a9-da6e14fac199" testId="b76e01b1-6afe-f33b-c6a9-ea3347176509" testName="UnitTests.Services.ItemServiceTests.UpdateItem_NoName_Throws(name: null)" computerName="fv-az270-743" duration="00:00:00.0010000" startTime="2022-07-04T21:11:41.0807231+00:00" endTime="2022-07-04T21:11:41.0807231+00:00" testType="13cdc9d9-ddb5-4fa4-a97d-d965ccfc6d4b" outcome="Passed" testListId="8c84fa94-04c1-424b-9868-57a2d4851a1d" relativeResultsDirectory="bcd00e02-057f-4b4c-a1a9-da6e14fac199" />
    <UnitTestResult executionId="9974ea30-6266-421a-830f-d8c6437d9663" testId="70ede014-c412-e387-bb98-e95b3b42090d" testName="UnitTests.Data.Repositories.GenericRepositoryTests.GenericRepositoryUpdates" computerName="fv-az270-743" duration="00:00:00.0340000" startTime="2022-07-04T21:11:43.2813286+00:00" endTime="2022-07-04T21:11:43.2813286+00:00" testType="13cdc9d9-ddb5-4fa4-a97d-d965ccfc6d4b" outcome="Passed" testListId="8c84fa94-04c1-424b-9868-57a2d4851a1d" relativeResultsDirectory="9974ea30-6266-421a-830f-d8c6437d9663" />
    <UnitTestResult executionId="fbebe818-2d09-41c8-a826-b2ca7cdb3a4e" testId="588a2c1b-7788-beb2-ade0-06788d455d25" testName="UnitTests.Controllers.ItemControllerTests.CreateItem_Creates" computerName="fv-az270-743" duration="00:00:00.0030000" startTime="2022-07-04T21:11:41.1571610+00:00" endTime="2022-07-04T21:11:41.1571610+00:00" testType="13cdc9d9-ddb5-4fa4-a97d-d965ccfc6d4b" outcome="Passed" testListId="8c84fa94-04c1-424b-9868-57a2d4851a1d" relativeResultsDirectory="fbebe818-2d09-41c8-a826-b2ca7cdb3a4e" />
    <UnitTestResult executionId="eb9357fd-c0fc-40b2-8c00-31122b5d7ac4" testId="113f48ce-a6a3-c5df-7589-ba5a5fcb9c59" testName="UnitTests.Controllers.ModuleExceptionFilterAttributeTests.NoException_DoesNothing" computerName="fv-az270-743" duration="00:00:00.0010000" startTime="2022-07-04T21:11:40.9501899+00:00" endTime="2022-07-04T21:11:40.9501899+00:00" testType="13cdc9d9-ddb5-4fa4-a97d-d965ccfc6d4b" outcome="Passed" testListId="8c84fa94-04c1-424b-9868-57a2d4851a1d" relativeResultsDirectory="eb9357fd-c0fc-40b2-8c00-31122b5d7ac4" />
    <UnitTestResult executionId="7e6e3ad9-5812-470f-9b3e-38c0eba990c9" testId="74c28fcf-aa9b-2bab-0ff6-cfa98a0ddf49" testName="UnitTests.Data.Repositories.GenericRepositoryTests.GetPage_Pages(page: 3, pageSize: 20, expectedItems: 10, expectedPages: 3)" computerName="fv-az270-743" duration="00:00:00.0330000" startTime="2022-07-04T21:11:43.4442511+00:00" endTime="2022-07-04T21:11:43.4442511+00:00" testType="13cdc9d9-ddb5-4fa4-a97d-d965ccfc6d4b" outcome="Passed" testListId="8c84fa94-04c1-424b-9868-57a2d4851a1d" relativeResultsDirectory="7e6e3ad9-5812-470f-9b3e-38c0eba990c9" />
    <UnitTestResult executionId="fba26120-d2ca-41b3-bc44-4671d1acda46" testId="e4f8faa7-d0ad-86e6-1579-7bd52372b4c3" testName="UnitTests.Data.Repositories.GenericRepositoryTests.GenericRepositoryConstructs" computerName="fv-az270-743" duration="00:00:00.0010000" startTime="2022-07-04T21:11:43.3382514+00:00" endTime="2022-07-04T21:11:43.3382514+00:00" testType="13cdc9d9-ddb5-4fa4-a97d-d965ccfc6d4b" outcome="Passed" testListId="8c84fa94-04c1-424b-9868-57a2d4851a1d" relativeResultsDirectory="fba26120-d2ca-41b3-bc44-4671d1acda46" />
    <UnitTestResult executionId="f73e9436-2f29-40fc-8076-2a64a940118d" testId="a21637b0-54f8-4fa0-bc3b-95481a9fd90b" testName="UnitTests.Controllers.ModuleExceptionFilterAttributeTests.ArgumentException_BadRequest(exception: System.NotImplementedException: Not Implemented, expectedStatusCode: NotImplemented)" computerName="fv-az270-743" duration="00:00:00.0010000" startTime="2022-07-04T21:11:40.9481894+00:00" endTime="2022-07-04T21:11:40.9481894+00:00" testType="13cdc9d9-ddb5-4fa4-a97d-d965ccfc6d4b" outcome="Passed" testListId="8c84fa94-04c1-424b-9868-57a2d4851a1d" relativeResultsDirectory="f73e9436-2f29-40fc-8076-2a64a940118d" />
    <UnitTestResult executionId="7eadabe3-2e8d-4d90-80c7-240632867177" testId="24cfa8b0-48c3-8aab-e4c2-88694c220e2c" testName="UnitTests.Data.Repositories.GenericRepositoryTests.GenericRepositoryUpdate_ThrowsWithNullEntity" computerName="fv-az270-743" duration="00:00:00.0010000" startTime="2022-07-04T21:11:44.6825900+00:00" endTime="2022-07-04T21:11:44.6825900+00:00" testType="13cdc9d9-ddb5-4fa4-a97d-d965ccfc6d4b" outcome="Passed" testListId="8c84fa94-04c1-424b-9868-57a2d4851a1d" relativeResultsDirectory="7eadabe3-2e8d-4d90-80c7-240632867177" />
    <UnitTestResult executionId="b13f9f1a-1432-48f9-9ee6-d961293df7a2" testId="392ed628-2028-c945-b97e-893658a1e82b" testName="UnitTests.Data.Entities.ItemTests.ItemPropertiesPersist(id: 1, name: &quot;Name1&quot;, description: &quot;Description1&quot;)" computerName="fv-az270-743" duration="00:00:00.0040000" startTime="2022-07-04T21:11:40.7321932+00:00" endTime="2022-07-04T21:11:40.7321932+00:00" testType="13cdc9d9-ddb5-4fa4-a97d-d965ccfc6d4b" outcome="Passed" testListId="8c84fa94-04c1-424b-9868-57a2d4851a1d" relativeResultsDirectory="b13f9f1a-1432-48f9-9ee6-d961293df7a2" />
    <UnitTestResult executionId="7cf204d3-d121-43e3-8f57-d445bd2fd47b" testId="478b61ee-7d85-9dbe-985d-08c590f8666a" testName="UnitTests.Controllers.ItemControllerTests.DeleteItem_Deletes(itemId: 1)" computerName="fv-az270-743" duration="00:00:00.0010000" startTime="2022-07-04T21:11:41.1701617+00:00" endTime="2022-07-04T21:11:41.1701617+00:00" testType="13cdc9d9-ddb5-4fa4-a97d-d965ccfc6d4b" outcome="Passed" testListId="8c84fa94-04c1-424b-9868-57a2d4851a1d" relativeResultsDirectory="7cf204d3-d121-43e3-8f57-d445bd2fd47b" />
    <UnitTestResult executionId="6c5d9e85-0b72-45bf-a128-caf2407a53e0" testId="d1c63cb7-1f9a-a8bf-a217-a4cbb4e5f73b" testName="UnitTests.Common.GlobalsTests.ModulePrefixIsValid" computerName="fv-az270-743" duration="00:00:00.0010000" startTime="2022-07-04T21:11:40.7291939+00:00" endTime="2022-07-04T21:11:40.7291939+00:00" testType="13cdc9d9-ddb5-4fa4-a97d-d965ccfc6d4b" outcome="Passed" testListId="8c84fa94-04c1-424b-9868-57a2d4851a1d" relativeResultsDirectory="6c5d9e85-0b72-45bf-a128-caf2407a53e0" />
    <UnitTestResult executionId="68d3d8a1-8307-4cb1-b467-0740f0c75e5c" testId="130d9133-361f-a0da-f15e-423eb98947ac" testName="UnitTests.Services.ItemServiceTests.UpdateItem_Updates" computerName="fv-az270-743" duration="00:00:00.0210000" startTime="2022-07-04T21:11:41.0887239+00:00" endTime="2022-07-04T21:11:41.0887239+00:00" testType="13cdc9d9-ddb5-4fa4-a97d-d965ccfc6d4b" outcome="Passed" testListId="8c84fa94-04c1-424b-9868-57a2d4851a1d" relativeResultsDirectory="68d3d8a1-8307-4cb1-b467-0740f0c75e5c" />
    <UnitTestResult executionId="74f4d08e-9f04-49ca-b669-0211f04f0e9a" testId="ac1c50bc-98fd-036f-fe0f-d46cb187f90e" testName="UnitTests.Services.LoggingServiceTests.LogginService_TestableConstructorLogsError" computerName="fv-az270-743" duration="00:00:00.2110000" startTime="2022-07-04T21:11:40.7161937+00:00" endTime="2022-07-04T21:11:40.7161937+00:00" testType="13cdc9d9-ddb5-4fa4-a97d-d965ccfc6d4b" outcome="Passed" testListId="8c84fa94-04c1-424b-9868-57a2d4851a1d" relativeResultsDirectory="74f4d08e-9f04-49ca-b669-0211f04f0e9a" />
    <UnitTestResult executionId="b430445c-542f-425e-8b6e-3585d6356ff8" testId="1a74e347-4470-5271-97ab-1ebaf8693270" testName="UnitTests.Controllers.ModuleExceptionFilterAttributeTests.SystemException_DoesNotExposeDetails" computerName="fv-az270-743" duration="00:00:00.0150000" startTime="2022-07-04T21:11:40.9571896+00:00" endTime="2022-07-04T21:11:40.9571896+00:00" testType="13cdc9d9-ddb5-4fa4-a97d-d965ccfc6d4b" outcome="Passed" testListId="8c84fa94-04c1-424b-9868-57a2d4851a1d" relativeResultsDirectory="b430445c-542f-425e-8b6e-3585d6356ff8" />
    <UnitTestResult executionId="534479c6-cbea-48b0-af11-e5746e0991d0" testId="3688eeeb-2a1a-6ffa-a193-543baf24437a" testName="UnitTests.Data.Repositories.GenericRepositoryTests.GetPage_Pages(page: 0, pageSize: 0, expectedItems: 1, expectedPages: 50)" computerName="fv-az270-743" duration="00:00:00.0750000" startTime="2022-07-04T21:11:43.4122531+00:00" endTime="2022-07-04T21:11:43.4122531+00:00" testType="13cdc9d9-ddb5-4fa4-a97d-d965ccfc6d4b" outcome="Passed" testListId="8c84fa94-04c1-424b-9868-57a2d4851a1d" relativeResultsDirectory="534479c6-cbea-48b0-af11-e5746e0991d0" />
    <UnitTestResult executionId="02255ae9-e50e-4578-af8c-f626a904ba32" testId="aec60494-3c2e-8ec9-f948-da5bb2043983" testName="UnitTests.Controllers.ItemControllerTests.UserCanEdit_ReturnsBool(canEdit: True)" computerName="fv-az270-743" duration="00:00:00.0010000" startTime="2022-07-04T21:11:41.1551624+00:00" endTime="2022-07-04T21:11:41.1551624+00:00" testType="13cdc9d9-ddb5-4fa4-a97d-d965ccfc6d4b" outcome="Passed" testListId="8c84fa94-04c1-424b-9868-57a2d4851a1d" relativeResultsDirectory="02255ae9-e50e-4578-af8c-f626a904ba32" />
    <UnitTestResult executionId="58d0479e-79c2-443f-9aee-7151110d3f26" testId="e55f1742-c16d-5086-2251-ad3372dd48f5" testName="UnitTests.Controllers.ValidateModelAttributeTests.OnActionExecuting_Valid_Works" computerName="fv-az270-743" duration="00:00:00.0390000" startTime="2022-07-04T21:11:40.0960605+00:00" endTime="2022-07-04T21:11:40.0960605+00:00" testType="13cdc9d9-ddb5-4fa4-a97d-d965ccfc6d4b" outcome="Passed" testListId="8c84fa94-04c1-424b-9868-57a2d4851a1d" relativeResultsDirectory="58d0479e-79c2-443f-9aee-7151110d3f26" />
    <UnitTestResult executionId="58de419f-d961-44ea-ba77-fbeca342d089" testId="a21637b0-54f8-4fa0-bc3b-95481a9fd90b" testName="UnitTests.Controllers.ModuleExceptionFilterAttributeTests.ArgumentException_BadRequest(exception: System.ArgumentException: Argument, expectedStatusCode: BadRequest)" computerName="fv-az270-743" duration="00:00:00.0010000" startTime="2022-07-04T21:11:40.9471894+00:00" endTime="2022-07-04T21:11:40.9471894+00:00" testType="13cdc9d9-ddb5-4fa4-a97d-d965ccfc6d4b" outcome="Passed" testListId="8c84fa94-04c1-424b-9868-57a2d4851a1d" relativeResultsDirectory="58de419f-d961-44ea-ba77-fbeca342d089" />
    <UnitTestResult executionId="882e68b5-61ef-4991-b68a-a81dc821b677" testId="19b6234c-c2df-2304-54f9-54b0da4cd6ba" testName="UnitTests.Services.ItemServiceTests.CreateItem_NoNameThrows" computerName="fv-az270-743" duration="00:00:00.0020000" startTime="2022-07-04T21:11:41.0787245+00:00" endTime="2022-07-04T21:11:41.0787245+00:00" testType="13cdc9d9-ddb5-4fa4-a97d-d965ccfc6d4b" outcome="Passed" testListId="8c84fa94-04c1-424b-9868-57a2d4851a1d" relativeResultsDirectory="882e68b5-61ef-4991-b68a-a81dc821b677" />
    <UnitTestResult executionId="2298c479-8472-498b-b25e-ffb18d55f62d" testId="d15ea2a7-9f9f-b92b-50fa-470898da705d" testName="UnitTests.Data.Repositories.GenericRepositoryTests.GenericRepositoryGetsAll(iterations: 3)" computerName="fv-az270-743" duration="00:00:00.0080000" startTime="2022-07-04T21:11:43.3072511+00:00" endTime="2022-07-04T21:11:43.3072511+00:00" testType="13cdc9d9-ddb5-4fa4-a97d-d965ccfc6d4b" outcome="Passed" testListId="8c84fa94-04c1-424b-9868-57a2d4851a1d" relativeResultsDirectory="2298c479-8472-498b-b25e-ffb18d55f62d" />
    <UnitTestResult executionId="b4cf1ed4-9d29-4f12-9eb8-ead7262da139" testId="ae39aa62-5ff2-56e7-d00e-ef116d711d51" testName="UnitTests.Data.Repositories.GenericRepositoryTests.Repository_Create_DefaultAudit" computerName="fv-az270-743" duration="00:00:00.0060000" startTime="2022-07-04T21:11:44.6885901+00:00" endTime="2022-07-04T21:11:44.6885901+00:00" testType="13cdc9d9-ddb5-4fa4-a97d-d965ccfc6d4b" outcome="Passed" testListId="8c84fa94-04c1-424b-9868-57a2d4851a1d" relativeResultsDirectory="b4cf1ed4-9d29-4f12-9eb8-ead7262da139" />
    <UnitTestResult executionId="d282e8fb-327f-4840-b75e-0b6b1a0b88aa" testId="0bc54975-0bff-692e-a9b3-fc69f2c95a39" testName="UnitTests.Data.Repositories.GenericRepositoryTests.GenericRepositoryDeletes" computerName="fv-az270-743" duration="00:00:02.3870000" startTime="2022-07-04T21:11:43.1215008+00:00" endTime="2022-07-04T21:11:43.1215008+00:00" testType="13cdc9d9-ddb5-4fa4-a97d-d965ccfc6d4b" outcome="Passed" testListId="8c84fa94-04c1-424b-9868-57a2d4851a1d" relativeResultsDirectory="d282e8fb-327f-4840-b75e-0b6b1a0b88aa" />
    <UnitTestResult executionId="5c6ec731-801e-4bfb-8d2e-fe4f1e3abe77" testId="e6e0a140-85e7-6935-6160-ab95ecfd3c8a" testName="UnitTests.Data.Repositories.GenericRepositoryTests.GenericRepositoryCreatesAndGetsById" computerName="fv-az270-743" duration="00:00:00.0330000" startTime="2022-07-04T21:11:44.7215888+00:00" endTime="2022-07-04T21:11:44.7215888+00:00" testType="13cdc9d9-ddb5-4fa4-a97d-d965ccfc6d4b" outcome="Passed" testListId="8c84fa94-04c1-424b-9868-57a2d4851a1d" relativeResultsDirectory="5c6ec731-801e-4bfb-8d2e-fe4f1e3abe77" />
    <UnitTestResult executionId="beb765ac-7dda-4760-8bab-6d564db42daf" testId="168fc980-36e3-101b-62b1-f5ab71e9fc0d" testName="UnitTests.Controllers.LocalizationControllerTests.GetLocalization_CallsLocalizationService" computerName="fv-az270-743" duration="00:00:00.0690000" startTime="2022-07-04T21:11:41.0317252+00:00" endTime="2022-07-04T21:11:41.0317252+00:00" testType="13cdc9d9-ddb5-4fa4-a97d-d965ccfc6d4b" outcome="Passed" testListId="8c84fa94-04c1-424b-9868-57a2d4851a1d" relativeResultsDirectory="beb765ac-7dda-4760-8bab-6d564db42daf" />
    <UnitTestResult executionId="54893a82-f309-40cb-9991-1e409f35d106" testId="5f92ec4d-d570-0452-b891-d4cee75db9dd" testName="UnitTests.Controllers.ModuleApiControllerTests.CanEdit_Set_Throws" computerName="fv-az270-743" duration="00:00:00.0020000" startTime="2022-07-04T21:11:40.3320556+00:00" endTime="2022-07-04T21:11:40.3320556+00:00" testType="13cdc9d9-ddb5-4fa4-a97d-d965ccfc6d4b" outcome="Passed" testListId="8c84fa94-04c1-424b-9868-57a2d4851a1d" relativeResultsDirectory="54893a82-f309-40cb-9991-1e409f35d106" />
    <UnitTestResult executionId="9cd05c51-01c6-49a8-ae15-a3c1ca62df33" testId="a21637b0-54f8-4fa0-bc3b-95481a9fd90b" testName="UnitTests.Controllers.ModuleExceptionFilterAttributeTests.ArgumentException_BadRequest(exception: System.UnauthorizedAccessException: Unauthorized, expectedStatusCode: Unauthorized)" computerName="fv-az270-743" duration="00:00:00.0010000" startTime="2022-07-04T21:11:40.9491895+00:00" endTime="2022-07-04T21:11:40.9491895+00:00" testType="13cdc9d9-ddb5-4fa4-a97d-d965ccfc6d4b" outcome="Passed" testListId="8c84fa94-04c1-424b-9868-57a2d4851a1d" relativeResultsDirectory="9cd05c51-01c6-49a8-ae15-a3c1ca62df33" />
    <UnitTestResult executionId="30094025-6910-4d8a-bcfd-b81167c74731" testId="44b00d3a-bad7-aefd-141c-4a35b11463b2" testName="UnitTests.Data.Repositories.GenericRepositoryTests.Repository_Update_DefaultAudit" computerName="fv-az270-743" duration="00:00:00.1230000" startTime="2022-07-04T21:11:44.6815900+00:00" endTime="2022-07-04T21:11:44.6815900+00:00" testType="13cdc9d9-ddb5-4fa4-a97d-d965ccfc6d4b" outcome="Passed" testListId="8c84fa94-04c1-424b-9868-57a2d4851a1d" relativeResultsDirectory="30094025-6910-4d8a-bcfd-b81167c74731" />
    <UnitTestResult executionId="40863657-dfc9-4b37-9db5-39c19858c74a" testId="61a8ccc9-c5b1-047b-3c97-f777ccc7d30b" testName="UnitTests.Controllers.ValidateModelAttributeTests.OnActionExecuting_Invalid_Works" computerName="fv-az270-743" duration="00:00:00.8310000" startTime="2022-07-04T21:11:40.9161906+00:00" endTime="2022-07-04T21:11:40.9161906+00:00" testType="13cdc9d9-ddb5-4fa4-a97d-d965ccfc6d4b" outcome="Passed" testListId="8c84fa94-04c1-424b-9868-57a2d4851a1d" relativeResultsDirectory="40863657-dfc9-4b37-9db5-39c19858c74a" />
    <UnitTestResult executionId="e8cf5f4e-72f4-469c-afe7-06e1f5131b41" testId="d16880d7-fb44-f209-43d9-ba2e0e1875de" testName="UnitTests.Data.Repositories.GenericRepositoryTests.GenericRepositoryGetsAll(iterations: 1)" computerName="fv-az270-743" duration="00:00:00.0210000" startTime="2022-07-04T21:11:43.3282513+00:00" endTime="2022-07-04T21:11:43.3282513+00:00" testType="13cdc9d9-ddb5-4fa4-a97d-d965ccfc6d4b" outcome="Passed" testListId="8c84fa94-04c1-424b-9868-57a2d4851a1d" relativeResultsDirectory="e8cf5f4e-72f4-469c-afe7-06e1f5131b41" />
    <UnitTestResult executionId="9dd86480-b214-458d-9995-832eb6fc8b32" testId="9168bdef-a759-f4d6-b890-b643e17324cf" testName="UnitTests.Services.LoggingServiceTests.LogginService_TestableConstructorLogsErrorWithException" computerName="fv-az270-743" duration="00:00:00.0120000" startTime="2022-07-04T21:11:40.7271943+00:00" endTime="2022-07-04T21:11:40.7271943+00:00" testType="13cdc9d9-ddb5-4fa4-a97d-d965ccfc6d4b" outcome="Passed" testListId="8c84fa94-04c1-424b-9868-57a2d4851a1d" relativeResultsDirectory="9dd86480-b214-458d-9995-832eb6fc8b32" />
    <UnitTestResult executionId="c9aa6d3c-a53d-47f7-800b-fb8da6b4fe88" testId="8ba31d1b-48e3-e04e-cff0-b927c63b4a19" testName="UnitTests.Services.LoggingServiceTests.LoggingService_DefaultConstructorExists" computerName="fv-az270-743" duration="00:00:00.1750000" startTime="2022-07-04T21:11:40.5044798+00:00" endTime="2022-07-04T21:11:40.5044798+00:00" testType="13cdc9d9-ddb5-4fa4-a97d-d965ccfc6d4b" outcome="Passed" testListId="8c84fa94-04c1-424b-9868-57a2d4851a1d" relativeResultsDirectory="c9aa6d3c-a53d-47f7-800b-fb8da6b4fe88" />
    <UnitTestResult executionId="9e3d3834-584d-45b6-a060-6836bc1b83af" testId="1c164fbc-1ab1-9884-ccb8-9e84f4c977d0" testName="UnitTests.Services.ItemServiceTests.UpdateItem_NoName_Throws(name: &quot; &quot;)" computerName="fv-az270-743" duration="00:00:00.0010000" startTime="2022-07-04T21:11:41.0817239+00:00" endTime="2022-07-04T21:11:41.0817239+00:00" testType="13cdc9d9-ddb5-4fa4-a97d-d965ccfc6d4b" outcome="Passed" testListId="8c84fa94-04c1-424b-9868-57a2d4851a1d" relativeResultsDirectory="9e3d3834-584d-45b6-a060-6836bc1b83af" />
    <UnitTestResult executionId="047a0358-3dfb-4c7e-8e32-1eacd1d10830" testId="a21637b0-54f8-4fa0-bc3b-95481a9fd90b" testName="UnitTests.Controllers.ModuleExceptionFilterAttributeTests.ArgumentException_BadRequest(exception: System.ArgumentOutOfRangeException: Specified argument was out of the range of valid values.&#xD;&#xA;Parameter name: Out of range, expectedStatusCode: BadRequest)" computerName="fv-az270-743" duration="00:00:00.0010000" startTime="2022-07-04T21:11:40.9471894+00:00" endTime="2022-07-04T21:11:40.9471894+00:00" testType="13cdc9d9-ddb5-4fa4-a97d-d965ccfc6d4b" outcome="Passed" testListId="8c84fa94-04c1-424b-9868-57a2d4851a1d" relativeResultsDirectory="047a0358-3dfb-4c7e-8e32-1eacd1d10830" />
    <UnitTestResult executionId="30a34405-b37f-4dae-877f-636d813d1c6b" testId="ffe5c770-9b99-42c0-ce21-7e50cccf4385" testName="UnitTests.Data.Repositories.GenericRepositoryTests.GenericRepositoryGetsAll(iterations: 2)" computerName="fv-az270-743" duration="00:00:00.0100000" startTime="2022-07-04T21:11:43.2930790+00:00" endTime="2022-07-04T21:11:43.2930790+00:00" testType="13cdc9d9-ddb5-4fa4-a97d-d965ccfc6d4b" outcome="Passed" testListId="8c84fa94-04c1-424b-9868-57a2d4851a1d" relativeResultsDirectory="30a34405-b37f-4dae-877f-636d813d1c6b" />
    <UnitTestResult executionId="fb027a32-f6c7-4f68-8a47-0e27b17c1df8" testId="ac2a99ba-3563-74a9-7d4c-8e91a58cd097" testName="UnitTests.Data.ModuleDbContextTests.DefaultConstructorThrows" computerName="fv-az270-743" duration="00:00:00.2740000" startTime="2022-07-04T21:11:40.3300563+00:00" endTime="2022-07-04T21:11:40.3300563+00:00" testType="13cdc9d9-ddb5-4fa4-a97d-d965ccfc6d4b" outcome="Passed" testListId="8c84fa94-04c1-424b-9868-57a2d4851a1d" relativeResultsDirectory="fb027a32-f6c7-4f68-8a47-0e27b17c1df8" />
    <UnitTestResult executionId="856439b0-2a38-4d6d-8443-538ba55cea8f" testId="a21637b0-54f8-4fa0-bc3b-95481a9fd90b" testName="UnitTests.Controllers.ModuleExceptionFilterAttributeTests.ArgumentException_BadRequest(exception: System.ArgumentNullException: Value cannot be null.&#xD;&#xA;Parameter name: Null, expectedStatusCode: BadRequest)" computerName="fv-az270-743" duration="00:00:00.0030000" startTime="2022-07-04T21:11:40.9461890+00:00" endTime="2022-07-04T21:11:40.9461890+00:00" testType="13cdc9d9-ddb5-4fa4-a97d-d965ccfc6d4b" outcome="Passed" testListId="8c84fa94-04c1-424b-9868-57a2d4851a1d" relativeResultsDirectory="856439b0-2a38-4d6d-8443-538ba55cea8f" />
    <UnitTestResult executionId="900960f1-0478-4be7-8a35-17912f6011e9" testId="248341cb-553e-e275-a8eb-499567f40929" testName="UnitTests.Common.Extensions.IQueryableExtensionsTests.Order_OrdersBothWays(descending: False, expected: [1, 2, 3])" computerName="fv-az270-743" duration="00:00:00.0010000" startTime="2022-07-04T21:11:41.1391619+00:00" endTime="2022-07-04T21:11:41.1391619+00:00" testType="13cdc9d9-ddb5-4fa4-a97d-d965ccfc6d4b" outcome="Passed" testListId="8c84fa94-04c1-424b-9868-57a2d4851a1d" relativeResultsDirectory="900960f1-0478-4be7-8a35-17912f6011e9" />
    <UnitTestResult executionId="f0e695d3-47e8-4703-94ae-12c49d2d4b93" testId="d6cab32e-cf28-1ba8-73a6-76c46cb62c4a" testName="UnitTests.Data.Repositories.GenericRepositoryTests.Pages_With_Related_Entities" computerName="fv-az270-743" duration="00:00:01.0880000" startTime="2022-07-04T21:11:44.5580885+00:00" endTime="2022-07-04T21:11:44.5580885+00:00" testType="13cdc9d9-ddb5-4fa4-a97d-d965ccfc6d4b" outcome="Passed" testListId="8c84fa94-04c1-424b-9868-57a2d4851a1d" relativeResultsDirectory="f0e695d3-47e8-4703-94ae-12c49d2d4b93" />
    <UnitTestResult executionId="e6b622a5-f3d4-4531-99ff-2509d4db5abf" testId="a9198ad3-782e-a37c-0b5f-1330f5318f55" testName="UnitTests.Services.ItemServiceTests.CreateItem_Creates" computerName="fv-az270-743" duration="00:00:00.0280000" startTime="2022-07-04T21:11:41.1191624+00:00" endTime="2022-07-04T21:11:41.1191624+00:00" testType="13cdc9d9-ddb5-4fa4-a97d-d965ccfc6d4b" outcome="Passed" testListId="8c84fa94-04c1-424b-9868-57a2d4851a1d" relativeResultsDirectory="e6b622a5-f3d4-4531-99ff-2509d4db5abf" />
    <UnitTestResult executionId="cb829bdb-7db5-4b3c-8054-7feff1d389dc" testId="b6579d24-7c4e-c42d-2ead-85e0f30e0a64" testName="UnitTests.Common.Extensions.IQueryableExtensionsTests.Order_OrdersBothWays(descending: True, expected: [3, 2, 1])" computerName="fv-az270-743" duration="00:00:00.0190000" startTime="2022-07-04T21:11:41.1381617+00:00" endTime="2022-07-04T21:11:41.1381617+00:00" testType="13cdc9d9-ddb5-4fa4-a97d-d965ccfc6d4b" outcome="Passed" testListId="8c84fa94-04c1-424b-9868-57a2d4851a1d" relativeResultsDirectory="cb829bdb-7db5-4b3c-8054-7feff1d389dc" />
    <UnitTestResult executionId="ab3c578f-0e90-468b-8f62-ba77b26aa18c" testId="4fe0dd0f-2fa0-9c42-e816-a6df28150b72" testName="UnitTests.Data.Repositories.GenericRepositoryTests.GenericRepositoryGetsAll(iterations: 0)" computerName="fv-az270-743" duration="00:00:00.0060000" startTime="2022-07-04T21:11:43.2992434+00:00" endTime="2022-07-04T21:11:43.2992434+00:00" testType="13cdc9d9-ddb5-4fa4-a97d-d965ccfc6d4b" outcome="Passed" testListId="8c84fa94-04c1-424b-9868-57a2d4851a1d" relativeResultsDirectory="ab3c578f-0e90-468b-8f62-ba77b26aa18c" />
    <UnitTestResult executionId="1794c4f3-8c5b-4db3-9482-3590886ac570" testId="986d7e6e-d04d-b204-b01c-fbb8f09c7774" testName="UnitTests.Controllers.ServiceRouteMapperTests.RegisterRoutes_RegistersAtLestOneRoute" computerName="fv-az270-743" duration="00:00:00.0070000" startTime="2022-07-04T21:11:41.1471616+00:00" endTime="2022-07-04T21:11:41.1471616+00:00" testType="13cdc9d9-ddb5-4fa4-a97d-d965ccfc6d4b" outcome="Passed" testListId="8c84fa94-04c1-424b-9868-57a2d4851a1d" relativeResultsDirectory="1794c4f3-8c5b-4db3-9482-3590886ac570" />
    <UnitTestResult executionId="faacd25e-aedd-41fc-9335-3b23a5fe80a4" testId="e6610648-e456-1c64-d2b1-7e1242b871a8" testName="UnitTests.Services.ItemServiceTests.DeleteItem_Deletes" computerName="fv-az270-743" duration="00:00:00.0020000" startTime="2022-07-04T21:11:41.1007243+00:00" endTime="2022-07-04T21:11:41.1007243+00:00" testType="13cdc9d9-ddb5-4fa4-a97d-d965ccfc6d4b" outcome="Passed" testListId="8c84fa94-04c1-424b-9868-57a2d4851a1d" relativeResultsDirectory="faacd25e-aedd-41fc-9335-3b23a5fe80a4" />
    <UnitTestResult executionId="e7dbb80e-ae1c-452c-a802-7d52fbb654b5" testId="3cbfa5d3-e0f6-eff8-ed5c-556fa1f3e131" testName="UnitTests.Services.ItemServiceTests.UpdateItem_NoName_Throws(name: &quot;&quot;)" computerName="fv-az270-743" duration="00:00:00.0010000" startTime="2022-07-04T21:11:41.0837234+00:00" endTime="2022-07-04T21:11:41.0837234+00:00" testType="13cdc9d9-ddb5-4fa4-a97d-d965ccfc6d4b" outcome="Passed" testListId="8c84fa94-04c1-424b-9868-57a2d4851a1d" relativeResultsDirectory="e7dbb80e-ae1c-452c-a802-7d52fbb654b5" />
    <UnitTestResult executionId="c7fd2685-831a-4bcf-b57b-4b4b4ba0dc0e" testId="36689490-09d4-917f-648a-70dcfcfede10" testName="UnitTests.Data.Repositories.GenericRepositoryTests.GenericRepositoryCreate_ThrowsWithNullEntity" computerName="fv-az270-743" duration="00:00:00.0010000" startTime="2022-07-04T21:11:43.2274981+00:00" endTime="2022-07-04T21:11:43.2274981+00:00" testType="13cdc9d9-ddb5-4fa4-a97d-d965ccfc6d4b" outcome="Passed" testListId="8c84fa94-04c1-424b-9868-57a2d4851a1d" relativeResultsDirectory="c7fd2685-831a-4bcf-b57b-4b4b4ba0dc0e" />
    <UnitTestResult executionId="ef66c784-79c8-498b-8716-31670b5c86d3" testId="572fc310-4b67-9555-f147-153d39f2eb82" testName="UnitTests.Data.Entities.ItemTests.ItemConstructsProperly" computerName="fv-az270-743" duration="00:00:00.0010000" startTime="2022-07-04T21:11:40.7341935+00:00" endTime="2022-07-04T21:11:40.7341935+00:00" testType="13cdc9d9-ddb5-4fa4-a97d-d965ccfc6d4b" outcome="Passed" testListId="8c84fa94-04c1-424b-9868-57a2d4851a1d" relativeResultsDirectory="ef66c784-79c8-498b-8716-31670b5c86d3" />
    <UnitTestResult executionId="beed6924-af10-4965-bfe3-23832101b3cd" testId="0ebf358f-9eac-9438-b418-9c6aa81a6377" testName="UnitTests.Data.Repositories.GenericRepositoryTests.Repository_Update_UsesuserId" computerName="fv-az270-743" duration="00:00:00.0210000" startTime="2022-07-04T21:11:43.2474977+00:00" endTime="2022-07-04T21:11:43.2474977+00:00" testType="13cdc9d9-ddb5-4fa4-a97d-d965ccfc6d4b" outcome="Passed" testListId="8c84fa94-04c1-424b-9868-57a2d4851a1d" relativeResultsDirectory="beed6924-af10-4965-bfe3-23832101b3cd" />
    <UnitTestResult executionId="f11aecaa-c048-44ed-b496-8644dbe91141" testId="a21637b0-54f8-4fa0-bc3b-95481a9fd90b" testName="UnitTests.Controllers.ModuleExceptionFilterAttributeTests.ArgumentException_BadRequest(exception: System.TimeoutException: Timed out, expectedStatusCode: RequestTimeout)" computerName="fv-az270-743" duration="00:00:00.0010000" startTime="2022-07-04T21:11:40.9481894+00:00" endTime="2022-07-04T21:11:40.9481894+00:00" testType="13cdc9d9-ddb5-4fa4-a97d-d965ccfc6d4b" outcome="Passed" testListId="8c84fa94-04c1-424b-9868-57a2d4851a1d" relativeResultsDirectory="f11aecaa-c048-44ed-b496-8644dbe91141" />
    <UnitTestResult executionId="6302ca1c-fa06-4db1-bf25-fe50b2daff31" testId="320e3c11-11d1-b3ef-0d2e-5e474f674ff1" testName="UnitTests.Controllers.ModuleApiControllerTests.CanEdit_DefaultsToFalse" computerName="fv-az270-743" duration="00:00:00.0020000" startTime="2022-07-04T21:11:40.3350560+00:00" endTime="2022-07-04T21:11:40.3350560+00:00" testType="13cdc9d9-ddb5-4fa4-a97d-d965ccfc6d4b" outcome="Passed" testListId="8c84fa94-04c1-424b-9868-57a2d4851a1d" relativeResultsDirectory="6302ca1c-fa06-4db1-bf25-fe50b2daff31" />
    <UnitTestResult executionId="7da133f2-daa9-4ce9-a8a0-a8eaae894db5" testId="92b7b9f6-1294-7ea1-ffa3-91fba85074d4" testName="UnitTests.Services.ItemServiceTests.UpdateItem_NoName_Throws(name: &quot;  &quot;)" computerName="fv-az270-743" duration="00:00:00.0010000" startTime="2022-07-04T21:11:41.0827235+00:00" endTime="2022-07-04T21:11:41.0827235+00:00" testType="13cdc9d9-ddb5-4fa4-a97d-d965ccfc6d4b" outcome="Passed" testListId="8c84fa94-04c1-424b-9868-57a2d4851a1d" relativeResultsDirectory="7da133f2-daa9-4ce9-a8a0-a8eaae894db5" />
    <UnitTestResult executionId="c2aa1489-af2b-407a-aee5-b0a648d46976" testId="96a18501-dea4-70b1-d572-baa1bb120da2" testName="UnitTests.Data.Entities.ItemTests.ItemPropertiesPersist(id: 2, name: &quot;Name2&quot;, description: &quot;Description2&quot;)" computerName="fv-az270-743" duration="00:00:00.0010000" startTime="2022-07-04T21:11:40.7331938+00:00" endTime="2022-07-04T21:11:40.7331938+00:00" testType="13cdc9d9-ddb5-4fa4-a97d-d965ccfc6d4b" outcome="Passed" testListId="8c84fa94-04c1-424b-9868-57a2d4851a1d" relativeResultsDirectory="c2aa1489-af2b-407a-aee5-b0a648d46976" />
    <UnitTestResult executionId="4f0d4e1c-a1c1-4576-a5fd-13911d2b5fb9" testId="99806ad3-88f0-7495-8b3e-3799a4bbb6aa" testName="UnitTests.Services.ItemServiceTests.GetItemsPage_GetsPages(descending: False)" computerName="fv-az270-743" duration="00:00:00.0080000" startTime="2022-07-04T21:11:41.0857268+00:00" endTime="2022-07-04T21:11:41.0857268+00:00" testType="13cdc9d9-ddb5-4fa4-a97d-d965ccfc6d4b" outcome="Passed" testListId="8c84fa94-04c1-424b-9868-57a2d4851a1d" relativeResultsDirectory="4f0d4e1c-a1c1-4576-a5fd-13911d2b5fb9" />
    <UnitTestResult executionId="d3366f15-29e9-4633-80c1-9d6ec6a958ae" testId="e1c7f76f-6195-c844-23c0-304b47fbae66" testName="UnitTests.Data.Repositories.GenericRepositoryTests.Repository_Create_UsesUserId" computerName="fv-az270-743" duration="00:00:00.0070000" startTime="2022-07-04T21:11:43.1284992+00:00" endTime="2022-07-04T21:11:43.1284992+00:00" testType="13cdc9d9-ddb5-4fa4-a97d-d965ccfc6d4b" outcome="Passed" testListId="8c84fa94-04c1-424b-9868-57a2d4851a1d" relativeResultsDirectory="d3366f15-29e9-4633-80c1-9d6ec6a958ae" />
  </Results>
  <TestDefinitions>
    <UnitTest name="UnitTests.Controllers.ItemControllerTests.DeleteItem_Deletes(itemId: 1)" storage="d:\a\mymodule20220704\mymodule20220704\unittests\bin\unittests.dll" id="478b61ee-7d85-9dbe-985d-08c590f8666a">
      <Execution id="7cf204d3-d121-43e3-8f57-d445bd2fd47b" />
      <TestMethod codeBase="D:\a\MyModule20220704\MyModule20220704\UnitTests\bin\UnitTests.dll" adapterTypeName="executor://xunit/VsTestRunner2/net" className="UnitTests.Controllers.ItemControllerTests" name="DeleteItem_Deletes" />
    </UnitTest>
    <UnitTest name="UnitTests.Common.Extensions.IQueryableExtensionsTests.Order_OrdersBothWays(descending: True, expected: [3, 2, 1])" storage="d:\a\mymodule20220704\mymodule20220704\unittests\bin\unittests.dll" id="b6579d24-7c4e-c42d-2ead-85e0f30e0a64">
      <Execution id="cb829bdb-7db5-4b3c-8054-7feff1d389dc" />
      <TestMethod codeBase="D:\a\MyModule20220704\MyModule20220704\UnitTests\bin\UnitTests.dll" adapterTypeName="executor://xunit/VsTestRunner2/net" className="UnitTests.Common.Extensions.IQueryableExtensionsTests" name="Order_OrdersBothWays" />
    </UnitTest>
    <UnitTest name="UnitTests.Controllers.ItemControllerTests.UserCanEdit_ReturnsBool(canEdit: False)" storage="d:\a\mymodule20220704\mymodule20220704\unittests\bin\unittests.dll" id="0247c7e7-7d1c-099b-2ac8-81a47ff2509a">
      <Execution id="6811a26a-4e21-4f8a-aa18-ff73eb45342d" />
      <TestMethod codeBase="D:\a\MyModule20220704\MyModule20220704\UnitTests\bin\UnitTests.dll" adapterTypeName="executor://xunit/VsTestRunner2/net" className="UnitTests.Controllers.ItemControllerTests" name="UserCanEdit_ReturnsBool" />
    </UnitTest>
    <UnitTest name="UnitTests.Controllers.LocalizationControllerTests.GetLocalization_CallsLocalizationService" storage="d:\a\mymodule20220704\mymodule20220704\unittests\bin\unittests.dll" id="168fc980-36e3-101b-62b1-f5ab71e9fc0d">
      <Execution id="beb765ac-7dda-4760-8bab-6d564db42daf" />
      <TestMethod codeBase="D:\a\MyModule20220704\MyModule20220704\UnitTests\bin\UnitTests.dll" adapterTypeName="executor://xunit/VsTestRunner2/net" className="UnitTests.Controllers.LocalizationControllerTests" name="GetLocalization_CallsLocalizationService" />
    </UnitTest>
    <UnitTest name="UnitTests.Data.ModuleDbContextTests.DefaultConstructorThrows" storage="d:\a\mymodule20220704\mymodule20220704\unittests\bin\unittests.dll" id="ac2a99ba-3563-74a9-7d4c-8e91a58cd097">
      <Execution id="fb027a32-f6c7-4f68-8a47-0e27b17c1df8" />
      <TestMethod codeBase="D:\a\MyModule20220704\MyModule20220704\UnitTests\bin\UnitTests.dll" adapterTypeName="executor://xunit/VsTestRunner2/net" className="UnitTests.Data.ModuleDbContextTests" name="DefaultConstructorThrows" />
    </UnitTest>
    <UnitTest name="UnitTests.Controllers.ModuleApiControllerTests.CanEdit_DefaultsToFalse" storage="d:\a\mymodule20220704\mymodule20220704\unittests\bin\unittests.dll" id="320e3c11-11d1-b3ef-0d2e-5e474f674ff1">
      <Execution id="6302ca1c-fa06-4db1-bf25-fe50b2daff31" />
      <TestMethod codeBase="D:\a\MyModule20220704\MyModule20220704\UnitTests\bin\UnitTests.dll" adapterTypeName="executor://xunit/VsTestRunner2/net" className="UnitTests.Controllers.ModuleApiControllerTests" name="CanEdit_DefaultsToFalse" />
    </UnitTest>
    <UnitTest name="UnitTests.Data.Repositories.GenericRepositoryTests.GenericRepositoryCreatesAndGetsById" storage="d:\a\mymodule20220704\mymodule20220704\unittests\bin\unittests.dll" id="e6e0a140-85e7-6935-6160-ab95ecfd3c8a">
      <Execution id="5c6ec731-801e-4bfb-8d2e-fe4f1e3abe77" />
      <TestMethod codeBase="D:\a\MyModule20220704\MyModule20220704\UnitTests\bin\UnitTests.dll" adapterTypeName="executor://xunit/VsTestRunner2/net" className="UnitTests.Data.Repositories.GenericRepositoryTests" name="GenericRepositoryCreatesAndGetsById" />
    </UnitTest>
    <UnitTest name="UnitTests.Services.ItemServiceTests.UpdateItem_NoName_Throws(name: &quot; &quot;)" storage="d:\a\mymodule20220704\mymodule20220704\unittests\bin\unittests.dll" id="1c164fbc-1ab1-9884-ccb8-9e84f4c977d0">
      <Execution id="9e3d3834-584d-45b6-a060-6836bc1b83af" />
      <TestMethod codeBase="D:\a\MyModule20220704\MyModule20220704\UnitTests\bin\UnitTests.dll" adapterTypeName="executor://xunit/VsTestRunner2/net" className="UnitTests.Services.ItemServiceTests" name="UpdateItem_NoName_Throws" />
    </UnitTest>
    <UnitTest name="UnitTests.Services.ItemServiceTests.GetItemsPage_GetsPages(descending: False)" storage="d:\a\mymodule20220704\mymodule20220704\unittests\bin\unittests.dll" id="99806ad3-88f0-7495-8b3e-3799a4bbb6aa">
      <Execution id="4f0d4e1c-a1c1-4576-a5fd-13911d2b5fb9" />
      <TestMethod codeBase="D:\a\MyModule20220704\MyModule20220704\UnitTests\bin\UnitTests.dll" adapterTypeName="executor://xunit/VsTestRunner2/net" className="UnitTests.Services.ItemServiceTests" name="GetItemsPage_GetsPages" />
    </UnitTest>
    <UnitTest name="UnitTests.Data.Repositories.GenericRepositoryTests.Repository_Update_UsesuserId" storage="d:\a\mymodule20220704\mymodule20220704\unittests\bin\unittests.dll" id="0ebf358f-9eac-9438-b418-9c6aa81a6377">
      <Execution id="beed6924-af10-4965-bfe3-23832101b3cd" />
      <TestMethod codeBase="D:\a\MyModule20220704\MyModule20220704\UnitTests\bin\UnitTests.dll" adapterTypeName="executor://xunit/VsTestRunner2/net" className="UnitTests.Data.Repositories.GenericRepositoryTests" name="Repository_Update_UsesuserId" />
    </UnitTest>
    <UnitTest name="UnitTests.Services.ItemServiceTests.CreateItem_Creates" storage="d:\a\mymodule20220704\mymodule20220704\unittests\bin\unittests.dll" id="a9198ad3-782e-a37c-0b5f-1330f5318f55">
      <Execution id="e6b622a5-f3d4-4531-99ff-2509d4db5abf" />
      <TestMethod codeBase="D:\a\MyModule20220704\MyModule20220704\UnitTests\bin\UnitTests.dll" adapterTypeName="executor://xunit/VsTestRunner2/net" className="UnitTests.Services.ItemServiceTests" name="CreateItem_Creates" />
    </UnitTest>
    <UnitTest name="UnitTests.Controllers.ValidateModelAttributeTests.OnActionExecuting_Invalid_Works" storage="d:\a\mymodule20220704\mymodule20220704\unittests\bin\unittests.dll" id="61a8ccc9-c5b1-047b-3c97-f777ccc7d30b">
      <Execution id="40863657-dfc9-4b37-9db5-39c19858c74a" />
      <TestMethod codeBase="D:\a\MyModule20220704\MyModule20220704\UnitTests\bin\UnitTests.dll" adapterTypeName="executor://xunit/VsTestRunner2/net" className="UnitTests.Controllers.ValidateModelAttributeTests" name="OnActionExecuting_Invalid_Works" />
    </UnitTest>
    <UnitTest name="UnitTests.Data.Repositories.GenericRepositoryTests.GenericRepositoryGet" storage="d:\a\mymodule20220704\mymodule20220704\unittests\bin\unittests.dll" id="ad3412e8-5f64-2020-a5b6-bd4cca8c3b7d">
      <Execution id="e7c8c146-7f8f-4a18-adcf-4783b435c12b" />
      <TestMethod codeBase="D:\a\MyModule20220704\MyModule20220704\UnitTests\bin\UnitTests.dll" adapterTypeName="executor://xunit/VsTestRunner2/net" className="UnitTests.Data.Repositories.GenericRepositoryTests" name="GenericRepositoryGet" />
    </UnitTest>
    <UnitTest name="UnitTests.Data.Repositories.GenericRepositoryTests.GenericRepositoryUpdate_ThrowsWithNullEntity" storage="d:\a\mymodule20220704\mymodule20220704\unittests\bin\unittests.dll" id="24cfa8b0-48c3-8aab-e4c2-88694c220e2c">
      <Execution id="7eadabe3-2e8d-4d90-80c7-240632867177" />
      <TestMethod codeBase="D:\a\MyModule20220704\MyModule20220704\UnitTests\bin\UnitTests.dll" adapterTypeName="executor://xunit/VsTestRunner2/net" className="UnitTests.Data.Repositories.GenericRepositoryTests" name="GenericRepositoryUpdate_ThrowsWithNullEntity" />
    </UnitTest>
    <UnitTest name="UnitTests.Data.Repositories.GenericRepositoryTests.Pages_With_Related_Entities" storage="d:\a\mymodule20220704\mymodule20220704\unittests\bin\unittests.dll" id="d6cab32e-cf28-1ba8-73a6-76c46cb62c4a">
      <Execution id="f0e695d3-47e8-4703-94ae-12c49d2d4b93" />
      <TestMethod codeBase="D:\a\MyModule20220704\MyModule20220704\UnitTests\bin\UnitTests.dll" adapterTypeName="executor://xunit/VsTestRunner2/net" className="UnitTests.Data.Repositories.GenericRepositoryTests" name="Pages_With_Related_Entities" />
    </UnitTest>
    <UnitTest name="UnitTests.Services.LoggingServiceTests.LogginService_TestableConstructorLogsError" storage="d:\a\mymodule20220704\mymodule20220704\unittests\bin\unittests.dll" id="ac1c50bc-98fd-036f-fe0f-d46cb187f90e">
      <Execution id="74f4d08e-9f04-49ca-b669-0211f04f0e9a" />
      <TestMethod codeBase="D:\a\MyModule20220704\MyModule20220704\UnitTests\bin\UnitTests.dll" adapterTypeName="executor://xunit/VsTestRunner2/net" className="UnitTests.Services.LoggingServiceTests" name="LogginService_TestableConstructorLogsError" />
    </UnitTest>
    <UnitTest name="UnitTests.Data.Repositories.GenericRepositoryTests.GenericRepositoryGetsAll(iterations: 3)" storage="d:\a\mymodule20220704\mymodule20220704\unittests\bin\unittests.dll" id="d15ea2a7-9f9f-b92b-50fa-470898da705d">
      <Execution id="2298c479-8472-498b-b25e-ffb18d55f62d" />
      <TestMethod codeBase="D:\a\MyModule20220704\MyModule20220704\UnitTests\bin\UnitTests.dll" adapterTypeName="executor://xunit/VsTestRunner2/net" className="UnitTests.Data.Repositories.GenericRepositoryTests" name="GenericRepositoryGetsAll" />
    </UnitTest>
    <UnitTest name="UnitTests.Common.GlobalsTests.ModulePrefixIsValid" storage="d:\a\mymodule20220704\mymodule20220704\unittests\bin\unittests.dll" id="d1c63cb7-1f9a-a8bf-a217-a4cbb4e5f73b">
      <Execution id="6c5d9e85-0b72-45bf-a128-caf2407a53e0" />
      <TestMethod codeBase="D:\a\MyModule20220704\MyModule20220704\UnitTests\bin\UnitTests.dll" adapterTypeName="executor://xunit/VsTestRunner2/net" className="UnitTests.Common.GlobalsTests" name="ModulePrefixIsValid" />
    </UnitTest>
    <UnitTest name="UnitTests.Data.Entities.ItemTests.ItemPropertiesPersist(id: 2, name: &quot;Name2&quot;, description: &quot;Description2&quot;)" storage="d:\a\mymodule20220704\mymodule20220704\unittests\bin\unittests.dll" id="96a18501-dea4-70b1-d572-baa1bb120da2">
      <Execution id="c2aa1489-af2b-407a-aee5-b0a648d46976" />
      <TestMethod codeBase="D:\a\MyModule20220704\MyModule20220704\UnitTests\bin\UnitTests.dll" adapterTypeName="executor://xunit/VsTestRunner2/net" className="UnitTests.Data.Entities.ItemTests" name="ItemPropertiesPersist" />
    </UnitTest>
    <UnitTest name="UnitTests.Controllers.ServiceRouteMapperTests.RegisterRoutes_RegistersAtLestOneRoute" storage="d:\a\mymodule20220704\mymodule20220704\unittests\bin\unittests.dll" id="986d7e6e-d04d-b204-b01c-fbb8f09c7774">
      <Execution id="1794c4f3-8c5b-4db3-9482-3590886ac570" />
      <TestMethod codeBase="D:\a\MyModule20220704\MyModule20220704\UnitTests\bin\UnitTests.dll" adapterTypeName="executor://xunit/VsTestRunner2/net" className="UnitTests.Controllers.ServiceRouteMapperTests" name="RegisterRoutes_RegistersAtLestOneRoute" />
    </UnitTest>
    <UnitTest name="UnitTests.Controllers.ModuleExceptionFilterAttributeTests.SystemException_DoesNotExposeDetails" storage="d:\a\mymodule20220704\mymodule20220704\unittests\bin\unittests.dll" id="1a74e347-4470-5271-97ab-1ebaf8693270">
      <Execution id="b430445c-542f-425e-8b6e-3585d6356ff8" />
      <TestMethod codeBase="D:\a\MyModule20220704\MyModule20220704\UnitTests\bin\UnitTests.dll" adapterTypeName="executor://xunit/VsTestRunner2/net" className="UnitTests.Controllers.ModuleExceptionFilterAttributeTests" name="SystemException_DoesNotExposeDetails" />
    </UnitTest>
    <UnitTest name="UnitTests.Data.Repositories.GenericRepositoryTests.GenericRepositoryConstructs" storage="d:\a\mymodule20220704\mymodule20220704\unittests\bin\unittests.dll" id="e4f8faa7-d0ad-86e6-1579-7bd52372b4c3">
      <Execution id="fba26120-d2ca-41b3-bc44-4671d1acda46" />
      <TestMethod codeBase="D:\a\MyModule20220704\MyModule20220704\UnitTests\bin\UnitTests.dll" adapterTypeName="executor://xunit/VsTestRunner2/net" className="UnitTests.Data.Repositories.GenericRepositoryTests" name="GenericRepositoryConstructs" />
    </UnitTest>
    <UnitTest name="UnitTests.Data.Repositories.GenericRepositoryTests.Repository_DeleteMissing_DoesNotThrow" storage="d:\a\mymodule20220704\mymodule20220704\unittests\bin\unittests.dll" id="f754f777-4449-23e8-f4ec-917f49117de2">
      <Execution id="27f3c2a7-0a2d-4cb9-8b17-c7acd7dc76ea" />
      <TestMethod codeBase="D:\a\MyModule20220704\MyModule20220704\UnitTests\bin\UnitTests.dll" adapterTypeName="executor://xunit/VsTestRunner2/net" className="UnitTests.Data.Repositories.GenericRepositoryTests" name="Repository_DeleteMissing_DoesNotThrow" />
    </UnitTest>
    <UnitTest name="UnitTests.Services.ItemServiceTests.UpdateItem_NoName_Throws(name: null)" storage="d:\a\mymodule20220704\mymodule20220704\unittests\bin\unittests.dll" id="b76e01b1-6afe-f33b-c6a9-ea3347176509">
      <Execution id="bcd00e02-057f-4b4c-a1a9-da6e14fac199" />
      <TestMethod codeBase="D:\a\MyModule20220704\MyModule20220704\UnitTests\bin\UnitTests.dll" adapterTypeName="executor://xunit/VsTestRunner2/net" className="UnitTests.Services.ItemServiceTests" name="UpdateItem_NoName_Throws" />
    </UnitTest>
    <UnitTest name="UnitTests.Services.ItemServiceTests.CreateItem_NoNameThrows" storage="d:\a\mymodule20220704\mymodule20220704\unittests\bin\unittests.dll" id="19b6234c-c2df-2304-54f9-54b0da4cd6ba">
      <Execution id="882e68b5-61ef-4991-b68a-a81dc821b677" />
      <TestMethod codeBase="D:\a\MyModule20220704\MyModule20220704\UnitTests\bin\UnitTests.dll" adapterTypeName="executor://xunit/VsTestRunner2/net" className="UnitTests.Services.ItemServiceTests" name="CreateItem_NoNameThrows" />
    </UnitTest>
    <UnitTest name="UnitTests.Services.ItemServiceTests.DeleteItem_Deletes" storage="d:\a\mymodule20220704\mymodule20220704\unittests\bin\unittests.dll" id="e6610648-e456-1c64-d2b1-7e1242b871a8">
      <Execution id="faacd25e-aedd-41fc-9335-3b23a5fe80a4" />
      <TestMethod codeBase="D:\a\MyModule20220704\MyModule20220704\UnitTests\bin\UnitTests.dll" adapterTypeName="executor://xunit/VsTestRunner2/net" className="UnitTests.Services.ItemServiceTests" name="DeleteItem_Deletes" />
    </UnitTest>
    <UnitTest name="UnitTests.Data.Entities.ItemTests.ItemConstructsProperly" storage="d:\a\mymodule20220704\mymodule20220704\unittests\bin\unittests.dll" id="572fc310-4b67-9555-f147-153d39f2eb82">
      <Execution id="ef66c784-79c8-498b-8716-31670b5c86d3" />
      <TestMethod codeBase="D:\a\MyModule20220704\MyModule20220704\UnitTests\bin\UnitTests.dll" adapterTypeName="executor://xunit/VsTestRunner2/net" className="UnitTests.Data.Entities.ItemTests" name="ItemConstructsProperly" />
    </UnitTest>
    <UnitTest name="UnitTests.Services.ItemServiceTests.UpdateItem_NoName_Throws(name: &quot;&quot;)" storage="d:\a\mymodule20220704\mymodule20220704\unittests\bin\unittests.dll" id="3cbfa5d3-e0f6-eff8-ed5c-556fa1f3e131">
      <Execution id="e7dbb80e-ae1c-452c-a802-7d52fbb654b5" />
      <TestMethod codeBase="D:\a\MyModule20220704\MyModule20220704\UnitTests\bin\UnitTests.dll" adapterTypeName="executor://xunit/VsTestRunner2/net" className="UnitTests.Services.ItemServiceTests" name="UpdateItem_NoName_Throws" />
    </UnitTest>
    <UnitTest name="UnitTests.Services.LoggingServiceTests.LogginService_TestableConstructorLogsErrorWithException" storage="d:\a\mymodule20220704\mymodule20220704\unittests\bin\unittests.dll" id="9168bdef-a759-f4d6-b890-b643e17324cf">
      <Execution id="9dd86480-b214-458d-9995-832eb6fc8b32" />
      <TestMethod codeBase="D:\a\MyModule20220704\MyModule20220704\UnitTests\bin\UnitTests.dll" adapterTypeName="executor://xunit/VsTestRunner2/net" className="UnitTests.Services.LoggingServiceTests" name="LogginService_TestableConstructorLogsErrorWithException" />
    </UnitTest>
    <UnitTest name="UnitTests.Controllers.ItemControllerTests.UserCanEdit_ReturnsBool(canEdit: True)" storage="d:\a\mymodule20220704\mymodule20220704\unittests\bin\unittests.dll" id="aec60494-3c2e-8ec9-f948-da5bb2043983">
      <Execution id="02255ae9-e50e-4578-af8c-f626a904ba32" />
      <TestMethod codeBase="D:\a\MyModule20220704\MyModule20220704\UnitTests\bin\UnitTests.dll" adapterTypeName="executor://xunit/VsTestRunner2/net" className="UnitTests.Controllers.ItemControllerTests" name="UserCanEdit_ReturnsBool" />
    </UnitTest>
    <UnitTest name="UnitTests.Controllers.ModuleApiControllerTests.HasUserInfo" storage="d:\a\mymodule20220704\mymodule20220704\unittests\bin\unittests.dll" id="bae3532a-4a9e-c4ab-fc66-4dfa22d16170">
      <Execution id="1695c019-3949-4fef-b436-100ff7163c56" />
      <TestMethod codeBase="D:\a\MyModule20220704\MyModule20220704\UnitTests\bin\UnitTests.dll" adapterTypeName="executor://xunit/VsTestRunner2/net" className="UnitTests.Controllers.ModuleApiControllerTests" name="HasUserInfo" />
    </UnitTest>
    <UnitTest name="UnitTests.Services.ItemServiceTests.UpdateItem_NoName_Throws(name: &quot;  &quot;)" storage="d:\a\mymodule20220704\mymodule20220704\unittests\bin\unittests.dll" id="92b7b9f6-1294-7ea1-ffa3-91fba85074d4">
      <Execution id="7da133f2-daa9-4ce9-a8a0-a8eaae894db5" />
      <TestMethod codeBase="D:\a\MyModule20220704\MyModule20220704\UnitTests\bin\UnitTests.dll" adapterTypeName="executor://xunit/VsTestRunner2/net" className="UnitTests.Services.ItemServiceTests" name="UpdateItem_NoName_Throws" />
    </UnitTest>
    <UnitTest name="UnitTests.Data.Repositories.GenericRepositoryTests.Repository_Create_DefaultAudit" storage="d:\a\mymodule20220704\mymodule20220704\unittests\bin\unittests.dll" id="ae39aa62-5ff2-56e7-d00e-ef116d711d51">
      <Execution id="b4cf1ed4-9d29-4f12-9eb8-ead7262da139" />
      <TestMethod codeBase="D:\a\MyModule20220704\MyModule20220704\UnitTests\bin\UnitTests.dll" adapterTypeName="executor://xunit/VsTestRunner2/net" className="UnitTests.Data.Repositories.GenericRepositoryTests" name="Repository_Create_DefaultAudit" />
    </UnitTest>
    <UnitTest name="UnitTests.Controllers.ValidateModelAttributeTests.OnActionExecuting_Valid_Works" storage="d:\a\mymodule20220704\mymodule20220704\unittests\bin\unittests.dll" id="e55f1742-c16d-5086-2251-ad3372dd48f5">
      <Execution id="58d0479e-79c2-443f-9aee-7151110d3f26" />
      <TestMethod codeBase="D:\a\MyModule20220704\MyModule20220704\UnitTests\bin\UnitTests.dll" adapterTypeName="executor://xunit/VsTestRunner2/net" className="UnitTests.Controllers.ValidateModelAttributeTests" name="OnActionExecuting_Valid_Works" />
    </UnitTest>
    <UnitTest name="UnitTests.Data.Repositories.GenericRepositoryTests.GenericRepositoryGetsAll(iterations: 1)" storage="d:\a\mymodule20220704\mymodule20220704\unittests\bin\unittests.dll" id="d16880d7-fb44-f209-43d9-ba2e0e1875de">
      <Execution id="e8cf5f4e-72f4-469c-afe7-06e1f5131b41" />
      <TestMethod codeBase="D:\a\MyModule20220704\MyModule20220704\UnitTests\bin\UnitTests.dll" adapterTypeName="executor://xunit/VsTestRunner2/net" className="UnitTests.Data.Repositories.GenericRepositoryTests" name="GenericRepositoryGetsAll" />
    </UnitTest>
    <UnitTest name="UnitTests.Services.ItemServiceTests.UpdateItem_NullDto_Throws" storage="d:\a\mymodule20220704\mymodule20220704\unittests\bin\unittests.dll" id="263c08b1-704a-f3c2-309e-6dee831dbdc9">
      <Execution id="9329162f-5fb3-43df-9c9a-a3d15ee4bf86" />
      <TestMethod codeBase="D:\a\MyModule20220704\MyModule20220704\UnitTests\bin\UnitTests.dll" adapterTypeName="executor://xunit/VsTestRunner2/net" className="UnitTests.Services.ItemServiceTests" name="UpdateItem_NullDto_Throws" />
    </UnitTest>
    <UnitTest name="UnitTests.Services.LoggingServiceTests.LoggingService_DefaultConstructorExists" storage="d:\a\mymodule20220704\mymodule20220704\unittests\bin\unittests.dll" id="8ba31d1b-48e3-e04e-cff0-b927c63b4a19">
      <Execution id="c9aa6d3c-a53d-47f7-800b-fb8da6b4fe88" />
      <TestMethod codeBase="D:\a\MyModule20220704\MyModule20220704\UnitTests\bin\UnitTests.dll" adapterTypeName="executor://xunit/VsTestRunner2/net" className="UnitTests.Services.LoggingServiceTests" name="LoggingService_DefaultConstructorExists" />
    </UnitTest>
    <UnitTest name="UnitTests.Data.Repositories.GenericRepositoryTests.GenericRepositoryCreate_ThrowsWithNullEntity" storage="d:\a\mymodule20220704\mymodule20220704\unittests\bin\unittests.dll" id="36689490-09d4-917f-648a-70dcfcfede10">
      <Execution id="c7fd2685-831a-4bcf-b57b-4b4b4ba0dc0e" />
      <TestMethod codeBase="D:\a\MyModule20220704\MyModule20220704\UnitTests\bin\UnitTests.dll" adapterTypeName="executor://xunit/VsTestRunner2/net" className="UnitTests.Data.Repositories.GenericRepositoryTests" name="GenericRepositoryCreate_ThrowsWithNullEntity" />
    </UnitTest>
    <UnitTest name="UnitTests.Controllers.ItemControllerTests.CreateItem_Creates" storage="d:\a\mymodule20220704\mymodule20220704\unittests\bin\unittests.dll" id="588a2c1b-7788-beb2-ade0-06788d455d25">
      <Execution id="fbebe818-2d09-41c8-a826-b2ca7cdb3a4e" />
      <TestMethod codeBase="D:\a\MyModule20220704\MyModule20220704\UnitTests\bin\UnitTests.dll" adapterTypeName="executor://xunit/VsTestRunner2/net" className="UnitTests.Controllers.ItemControllerTests" name="CreateItem_Creates" />
    </UnitTest>
    <UnitTest name="UnitTests.Controllers.ModuleApiControllerTests.CanEdit_Set_Throws" storage="d:\a\mymodule20220704\mymodule20220704\unittests\bin\unittests.dll" id="5f92ec4d-d570-0452-b891-d4cee75db9dd">
      <Execution id="54893a82-f309-40cb-9991-1e409f35d106" />
      <TestMethod codeBase="D:\a\MyModule20220704\MyModule20220704\UnitTests\bin\UnitTests.dll" adapterTypeName="executor://xunit/VsTestRunner2/net" className="UnitTests.Controllers.ModuleApiControllerTests" name="CanEdit_Set_Throws" />
    </UnitTest>
    <UnitTest name="UnitTests.Data.Repositories.GenericRepositoryTests.Repository_Create_UsesUserId" storage="d:\a\mymodule20220704\mymodule20220704\unittests\bin\unittests.dll" id="e1c7f76f-6195-c844-23c0-304b47fbae66">
      <Execution id="d3366f15-29e9-4633-80c1-9d6ec6a958ae" />
      <TestMethod codeBase="D:\a\MyModule20220704\MyModule20220704\UnitTests\bin\UnitTests.dll" adapterTypeName="executor://xunit/VsTestRunner2/net" className="UnitTests.Data.Repositories.GenericRepositoryTests" name="Repository_Create_UsesUserId" />
    </UnitTest>
    <UnitTest name="UnitTests.Controllers.ItemControllerTests.UpdateItem_Updates" storage="d:\a\mymodule20220704\mymodule20220704\unittests\bin\unittests.dll" id="315adde5-f36d-a74f-aa46-fb22a0f78cd9">
      <Execution id="269e4742-a934-4494-8054-a1f75c8a1ded" />
      <TestMethod codeBase="D:\a\MyModule20220704\MyModule20220704\UnitTests\bin\UnitTests.dll" adapterTypeName="executor://xunit/VsTestRunner2/net" className="UnitTests.Controllers.ItemControllerTests" name="UpdateItem_Updates" />
    </UnitTest>
    <UnitTest name="UnitTests.Controllers.ModuleExceptionFilterAttributeTests.ArgumentException_BadRequest" storage="d:\a\mymodule20220704\mymodule20220704\unittests\bin\unittests.dll" id="a21637b0-54f8-4fa0-bc3b-95481a9fd90b">
      <Execution id="856439b0-2a38-4d6d-8443-538ba55cea8f" />
      <TestMethod codeBase="D:\a\MyModule20220704\MyModule20220704\UnitTests\bin\UnitTests.dll" adapterTypeName="executor://xunit/VsTestRunner2/net" className="UnitTests.Controllers.ModuleExceptionFilterAttributeTests" name="ArgumentException_BadRequest" />
    </UnitTest>
    <UnitTest name="UnitTests.Data.Repositories.GenericRepositoryTests.GetPage_Pages(page: 3, pageSize: 20, expectedItems: 10, expectedPages: 3)" storage="d:\a\mymodule20220704\mymodule20220704\unittests\bin\unittests.dll" id="74c28fcf-aa9b-2bab-0ff6-cfa98a0ddf49">
      <Execution id="7e6e3ad9-5812-470f-9b3e-38c0eba990c9" />
      <TestMethod codeBase="D:\a\MyModule20220704\MyModule20220704\UnitTests\bin\UnitTests.dll" adapterTypeName="executor://xunit/VsTestRunner2/net" className="UnitTests.Data.Repositories.GenericRepositoryTests" name="GetPage_Pages" />
    </UnitTest>
    <UnitTest name="UnitTests.Controllers.ModuleExceptionFilterAttributeTests.NoException_DoesNothing" storage="d:\a\mymodule20220704\mymodule20220704\unittests\bin\unittests.dll" id="113f48ce-a6a3-c5df-7589-ba5a5fcb9c59">
      <Execution id="eb9357fd-c0fc-40b2-8c00-31122b5d7ac4" />
      <TestMethod codeBase="D:\a\MyModule20220704\MyModule20220704\UnitTests\bin\UnitTests.dll" adapterTypeName="executor://xunit/VsTestRunner2/net" className="UnitTests.Controllers.ModuleExceptionFilterAttributeTests" name="NoException_DoesNothing" />
    </UnitTest>
    <UnitTest name="UnitTests.Controllers.ItemControllerTests.GetItemsPage_GetsProperPages" storage="d:\a\mymodule20220704\mymodule20220704\unittests\bin\unittests.dll" id="1017c6c1-9dd0-57dc-36e7-bb573d02562e">
      <Execution id="af22c894-e18c-45bc-b4f4-34f0e97ad5d5" />
      <TestMethod codeBase="D:\a\MyModule20220704\MyModule20220704\UnitTests\bin\UnitTests.dll" adapterTypeName="executor://xunit/VsTestRunner2/net" className="UnitTests.Controllers.ItemControllerTests" name="GetItemsPage_GetsProperPages" />
    </UnitTest>
    <UnitTest name="UnitTests.Data.Repositories.GenericRepositoryTests.GenericRepositoryDeletes" storage="d:\a\mymodule20220704\mymodule20220704\unittests\bin\unittests.dll" id="0bc54975-0bff-692e-a9b3-fc69f2c95a39">
      <Execution id="d282e8fb-327f-4840-b75e-0b6b1a0b88aa" />
      <TestMethod codeBase="D:\a\MyModule20220704\MyModule20220704\UnitTests\bin\UnitTests.dll" adapterTypeName="executor://xunit/VsTestRunner2/net" className="UnitTests.Data.Repositories.GenericRepositoryTests" name="GenericRepositoryDeletes" />
    </UnitTest>
    <UnitTest name="UnitTests.Controllers.ItemControllerTests.DeleteItem_Deletes(itemId: 10)" storage="d:\a\mymodule20220704\mymodule20220704\unittests\bin\unittests.dll" id="d6094ca1-b65b-5133-f464-9f7d01f0d023">
      <Execution id="27f76266-a3e4-457d-8480-d7db93dd99e6" />
      <TestMethod codeBase="D:\a\MyModule20220704\MyModule20220704\UnitTests\bin\UnitTests.dll" adapterTypeName="executor://xunit/VsTestRunner2/net" className="UnitTests.Controllers.ItemControllerTests" name="DeleteItem_Deletes" />
    </UnitTest>
    <UnitTest name="UnitTests.Data.Repositories.GenericRepositoryTests.GenericRepositoryUpdates" storage="d:\a\mymodule20220704\mymodule20220704\unittests\bin\unittests.dll" id="70ede014-c412-e387-bb98-e95b3b42090d">
      <Execution id="9974ea30-6266-421a-830f-d8c6437d9663" />
      <TestMethod codeBase="D:\a\MyModule20220704\MyModule20220704\UnitTests\bin\UnitTests.dll" adapterTypeName="executor://xunit/VsTestRunner2/net" className="UnitTests.Data.Repositories.GenericRepositoryTests" name="GenericRepositoryUpdates" />
    </UnitTest>
    <UnitTest name="UnitTests.Data.Repositories.GenericRepositoryTests.Repository_Update_DefaultAudit" storage="d:\a\mymodule20220704\mymodule20220704\unittests\bin\unittests.dll" id="44b00d3a-bad7-aefd-141c-4a35b11463b2">
      <Execution id="30094025-6910-4d8a-bcfd-b81167c74731" />
      <TestMethod codeBase="D:\a\MyModule20220704\MyModule20220704\UnitTests\bin\UnitTests.dll" adapterTypeName="executor://xunit/VsTestRunner2/net" className="UnitTests.Data.Repositories.GenericRepositoryTests" name="Repository_Update_DefaultAudit" />
    </UnitTest>
    <UnitTest name="UnitTests.Services.ItemServiceTests.UpdateItem_Updates" storage="d:\a\mymodule20220704\mymodule20220704\unittests\bin\unittests.dll" id="130d9133-361f-a0da-f15e-423eb98947ac">
      <Execution id="68d3d8a1-8307-4cb1-b467-0740f0c75e5c" />
      <TestMethod codeBase="D:\a\MyModule20220704\MyModule20220704\UnitTests\bin\UnitTests.dll" adapterTypeName="executor://xunit/VsTestRunner2/net" className="UnitTests.Services.ItemServiceTests" name="UpdateItem_Updates" />
    </UnitTest>
    <UnitTest name="UnitTests.Data.Repositories.GenericRepositoryTests.GenericRepositoryGetsAll(iterations: 2)" storage="d:\a\mymodule20220704\mymodule20220704\unittests\bin\unittests.dll" id="ffe5c770-9b99-42c0-ce21-7e50cccf4385">
      <Execution id="30a34405-b37f-4dae-877f-636d813d1c6b" />
      <TestMethod codeBase="D:\a\MyModule20220704\MyModule20220704\UnitTests\bin\UnitTests.dll" adapterTypeName="executor://xunit/VsTestRunner2/net" className="UnitTests.Data.Repositories.GenericRepositoryTests" name="GenericRepositoryGetsAll" />
    </UnitTest>
    <UnitTest name="UnitTests.Data.Repositories.GenericRepositoryTests.GenericRepositoryGetsAll(iterations: 0)" storage="d:\a\mymodule20220704\mymodule20220704\unittests\bin\unittests.dll" id="4fe0dd0f-2fa0-9c42-e816-a6df28150b72">
      <Execution id="ab3c578f-0e90-468b-8f62-ba77b26aa18c" />
      <TestMethod codeBase="D:\a\MyModule20220704\MyModule20220704\UnitTests\bin\UnitTests.dll" adapterTypeName="executor://xunit/VsTestRunner2/net" className="UnitTests.Data.Repositories.GenericRepositoryTests" name="GenericRepositoryGetsAll" />
    </UnitTest>
    <UnitTest name="UnitTests.Data.Repositories.GenericRepositoryTests.GetPage_Pages(page: 1, pageSize: 10, expectedItems: 10, expectedPages: 5)" storage="d:\a\mymodule20220704\mymodule20220704\unittests\bin\unittests.dll" id="c5867bfe-f023-3ae4-485c-eae070f2ace9">
      <Execution id="5008636b-7fe3-422c-8877-92facd51a65e" />
      <TestMethod codeBase="D:\a\MyModule20220704\MyModule20220704\UnitTests\bin\UnitTests.dll" adapterTypeName="executor://xunit/VsTestRunner2/net" className="UnitTests.Data.Repositories.GenericRepositoryTests" name="GetPage_Pages" />
    </UnitTest>
    <UnitTest name="UnitTests.Common.Extensions.IQueryableExtensionsTests.Order_OrdersBothWays(descending: False, expected: [1, 2, 3])" storage="d:\a\mymodule20220704\mymodule20220704\unittests\bin\unittests.dll" id="248341cb-553e-e275-a8eb-499567f40929">
      <Execution id="900960f1-0478-4be7-8a35-17912f6011e9" />
      <TestMethod codeBase="D:\a\MyModule20220704\MyModule20220704\UnitTests\bin\UnitTests.dll" adapterTypeName="executor://xunit/VsTestRunner2/net" className="UnitTests.Common.Extensions.IQueryableExtensionsTests" name="Order_OrdersBothWays" />
    </UnitTest>
    <UnitTest name="UnitTests.Data.Repositories.GenericRepositoryTests.GetPage_Pages(page: 0, pageSize: 0, expectedItems: 1, expectedPages: 50)" storage="d:\a\mymodule20220704\mymodule20220704\unittests\bin\unittests.dll" id="3688eeeb-2a1a-6ffa-a193-543baf24437a">
      <Execution id="534479c6-cbea-48b0-af11-e5746e0991d0" />
      <TestMethod codeBase="D:\a\MyModule20220704\MyModule20220704\UnitTests\bin\UnitTests.dll" adapterTypeName="executor://xunit/VsTestRunner2/net" className="UnitTests.Data.Repositories.GenericRepositoryTests" name="GetPage_Pages" />
    </UnitTest>
    <UnitTest name="UnitTests.Services.ItemServiceTests.CreateItem_NoItemThrows" storage="d:\a\mymodule20220704\mymodule20220704\unittests\bin\unittests.dll" id="f5652070-1b22-f5a7-3f3f-68b37c9184a8">
      <Execution id="fb1ab4a2-2010-4aea-948f-4ca59de6528a" />
      <TestMethod codeBase="D:\a\MyModule20220704\MyModule20220704\UnitTests\bin\UnitTests.dll" adapterTypeName="executor://xunit/VsTestRunner2/net" className="UnitTests.Services.ItemServiceTests" name="CreateItem_NoItemThrows" />
    </UnitTest>
    <UnitTest name="UnitTests.Data.Entities.ItemTests.ItemPropertiesPersist(id: 1, name: &quot;Name1&quot;, description: &quot;Description1&quot;)" storage="d:\a\mymodule20220704\mymodule20220704\unittests\bin\unittests.dll" id="392ed628-2028-c945-b97e-893658a1e82b">
      <Execution id="b13f9f1a-1432-48f9-9ee6-d961293df7a2" />
      <TestMethod codeBase="D:\a\MyModule20220704\MyModule20220704\UnitTests\bin\UnitTests.dll" adapterTypeName="executor://xunit/VsTestRunner2/net" className="UnitTests.Data.Entities.ItemTests" name="ItemPropertiesPersist" />
    </UnitTest>
  </TestDefinitions>
  <TestEntries>
    <TestEntry testId="263c08b1-704a-f3c2-309e-6dee831dbdc9" executionId="9329162f-5fb3-43df-9c9a-a3d15ee4bf86" testListId="8c84fa94-04c1-424b-9868-57a2d4851a1d" />
    <TestEntry testId="bae3532a-4a9e-c4ab-fc66-4dfa22d16170" executionId="1695c019-3949-4fef-b436-100ff7163c56" testListId="8c84fa94-04c1-424b-9868-57a2d4851a1d" />
    <TestEntry testId="f5652070-1b22-f5a7-3f3f-68b37c9184a8" executionId="fb1ab4a2-2010-4aea-948f-4ca59de6528a" testListId="8c84fa94-04c1-424b-9868-57a2d4851a1d" />
    <TestEntry testId="d6094ca1-b65b-5133-f464-9f7d01f0d023" executionId="27f76266-a3e4-457d-8480-d7db93dd99e6" testListId="8c84fa94-04c1-424b-9868-57a2d4851a1d" />
    <TestEntry testId="315adde5-f36d-a74f-aa46-fb22a0f78cd9" executionId="269e4742-a934-4494-8054-a1f75c8a1ded" testListId="8c84fa94-04c1-424b-9868-57a2d4851a1d" />
    <TestEntry testId="1017c6c1-9dd0-57dc-36e7-bb573d02562e" executionId="af22c894-e18c-45bc-b4f4-34f0e97ad5d5" testListId="8c84fa94-04c1-424b-9868-57a2d4851a1d" />
    <TestEntry testId="c5867bfe-f023-3ae4-485c-eae070f2ace9" executionId="5008636b-7fe3-422c-8877-92facd51a65e" testListId="8c84fa94-04c1-424b-9868-57a2d4851a1d" />
    <TestEntry testId="ad3412e8-5f64-2020-a5b6-bd4cca8c3b7d" executionId="e7c8c146-7f8f-4a18-adcf-4783b435c12b" testListId="8c84fa94-04c1-424b-9868-57a2d4851a1d" />
    <TestEntry testId="0247c7e7-7d1c-099b-2ac8-81a47ff2509a" executionId="6811a26a-4e21-4f8a-aa18-ff73eb45342d" testListId="8c84fa94-04c1-424b-9868-57a2d4851a1d" />
    <TestEntry testId="f754f777-4449-23e8-f4ec-917f49117de2" executionId="27f3c2a7-0a2d-4cb9-8b17-c7acd7dc76ea" testListId="8c84fa94-04c1-424b-9868-57a2d4851a1d" />
    <TestEntry testId="b76e01b1-6afe-f33b-c6a9-ea3347176509" executionId="bcd00e02-057f-4b4c-a1a9-da6e14fac199" testListId="8c84fa94-04c1-424b-9868-57a2d4851a1d" />
    <TestEntry testId="70ede014-c412-e387-bb98-e95b3b42090d" executionId="9974ea30-6266-421a-830f-d8c6437d9663" testListId="8c84fa94-04c1-424b-9868-57a2d4851a1d" />
    <TestEntry testId="588a2c1b-7788-beb2-ade0-06788d455d25" executionId="fbebe818-2d09-41c8-a826-b2ca7cdb3a4e" testListId="8c84fa94-04c1-424b-9868-57a2d4851a1d" />
    <TestEntry testId="113f48ce-a6a3-c5df-7589-ba5a5fcb9c59" executionId="eb9357fd-c0fc-40b2-8c00-31122b5d7ac4" testListId="8c84fa94-04c1-424b-9868-57a2d4851a1d" />
    <TestEntry testId="74c28fcf-aa9b-2bab-0ff6-cfa98a0ddf49" executionId="7e6e3ad9-5812-470f-9b3e-38c0eba990c9" testListId="8c84fa94-04c1-424b-9868-57a2d4851a1d" />
    <TestEntry testId="e4f8faa7-d0ad-86e6-1579-7bd52372b4c3" executionId="fba26120-d2ca-41b3-bc44-4671d1acda46" testListId="8c84fa94-04c1-424b-9868-57a2d4851a1d" />
    <TestEntry testId="a21637b0-54f8-4fa0-bc3b-95481a9fd90b" executionId="f73e9436-2f29-40fc-8076-2a64a940118d" testListId="8c84fa94-04c1-424b-9868-57a2d4851a1d" />
    <TestEntry testId="24cfa8b0-48c3-8aab-e4c2-88694c220e2c" executionId="7eadabe3-2e8d-4d90-80c7-240632867177" testListId="8c84fa94-04c1-424b-9868-57a2d4851a1d" />
    <TestEntry testId="392ed628-2028-c945-b97e-893658a1e82b" executionId="b13f9f1a-1432-48f9-9ee6-d961293df7a2" testListId="8c84fa94-04c1-424b-9868-57a2d4851a1d" />
    <TestEntry testId="478b61ee-7d85-9dbe-985d-08c590f8666a" executionId="7cf204d3-d121-43e3-8f57-d445bd2fd47b" testListId="8c84fa94-04c1-424b-9868-57a2d4851a1d" />
    <TestEntry testId="d1c63cb7-1f9a-a8bf-a217-a4cbb4e5f73b" executionId="6c5d9e85-0b72-45bf-a128-caf2407a53e0" testListId="8c84fa94-04c1-424b-9868-57a2d4851a1d" />
    <TestEntry testId="130d9133-361f-a0da-f15e-423eb98947ac" executionId="68d3d8a1-8307-4cb1-b467-0740f0c75e5c" testListId="8c84fa94-04c1-424b-9868-57a2d4851a1d" />
    <TestEntry testId="ac1c50bc-98fd-036f-fe0f-d46cb187f90e" executionId="74f4d08e-9f04-49ca-b669-0211f04f0e9a" testListId="8c84fa94-04c1-424b-9868-57a2d4851a1d" />
    <TestEntry testId="1a74e347-4470-5271-97ab-1ebaf8693270" executionId="b430445c-542f-425e-8b6e-3585d6356ff8" testListId="8c84fa94-04c1-424b-9868-57a2d4851a1d" />
    <TestEntry testId="3688eeeb-2a1a-6ffa-a193-543baf24437a" executionId="534479c6-cbea-48b0-af11-e5746e0991d0" testListId="8c84fa94-04c1-424b-9868-57a2d4851a1d" />
    <TestEntry testId="aec60494-3c2e-8ec9-f948-da5bb2043983" executionId="02255ae9-e50e-4578-af8c-f626a904ba32" testListId="8c84fa94-04c1-424b-9868-57a2d4851a1d" />
    <TestEntry testId="e55f1742-c16d-5086-2251-ad3372dd48f5" executionId="58d0479e-79c2-443f-9aee-7151110d3f26" testListId="8c84fa94-04c1-424b-9868-57a2d4851a1d" />
    <TestEntry testId="a21637b0-54f8-4fa0-bc3b-95481a9fd90b" executionId="58de419f-d961-44ea-ba77-fbeca342d089" testListId="8c84fa94-04c1-424b-9868-57a2d4851a1d" />
    <TestEntry testId="19b6234c-c2df-2304-54f9-54b0da4cd6ba" executionId="882e68b5-61ef-4991-b68a-a81dc821b677" testListId="8c84fa94-04c1-424b-9868-57a2d4851a1d" />
    <TestEntry testId="d15ea2a7-9f9f-b92b-50fa-470898da705d" executionId="2298c479-8472-498b-b25e-ffb18d55f62d" testListId="8c84fa94-04c1-424b-9868-57a2d4851a1d" />
    <TestEntry testId="ae39aa62-5ff2-56e7-d00e-ef116d711d51" executionId="b4cf1ed4-9d29-4f12-9eb8-ead7262da139" testListId="8c84fa94-04c1-424b-9868-57a2d4851a1d" />
    <TestEntry testId="0bc54975-0bff-692e-a9b3-fc69f2c95a39" executionId="d282e8fb-327f-4840-b75e-0b6b1a0b88aa" testListId="8c84fa94-04c1-424b-9868-57a2d4851a1d" />
    <TestEntry testId="e6e0a140-85e7-6935-6160-ab95ecfd3c8a" executionId="5c6ec731-801e-4bfb-8d2e-fe4f1e3abe77" testListId="8c84fa94-04c1-424b-9868-57a2d4851a1d" />
    <TestEntry testId="168fc980-36e3-101b-62b1-f5ab71e9fc0d" executionId="beb765ac-7dda-4760-8bab-6d564db42daf" testListId="8c84fa94-04c1-424b-9868-57a2d4851a1d" />
    <TestEntry testId="5f92ec4d-d570-0452-b891-d4cee75db9dd" executionId="54893a82-f309-40cb-9991-1e409f35d106" testListId="8c84fa94-04c1-424b-9868-57a2d4851a1d" />
    <TestEntry testId="a21637b0-54f8-4fa0-bc3b-95481a9fd90b" executionId="9cd05c51-01c6-49a8-ae15-a3c1ca62df33" testListId="8c84fa94-04c1-424b-9868-57a2d4851a1d" />
    <TestEntry testId="44b00d3a-bad7-aefd-141c-4a35b11463b2" executionId="30094025-6910-4d8a-bcfd-b81167c74731" testListId="8c84fa94-04c1-424b-9868-57a2d4851a1d" />
    <TestEntry testId="61a8ccc9-c5b1-047b-3c97-f777ccc7d30b" executionId="40863657-dfc9-4b37-9db5-39c19858c74a" testListId="8c84fa94-04c1-424b-9868-57a2d4851a1d" />
    <TestEntry testId="d16880d7-fb44-f209-43d9-ba2e0e1875de" executionId="e8cf5f4e-72f4-469c-afe7-06e1f5131b41" testListId="8c84fa94-04c1-424b-9868-57a2d4851a1d" />
    <TestEntry testId="9168bdef-a759-f4d6-b890-b643e17324cf" executionId="9dd86480-b214-458d-9995-832eb6fc8b32" testListId="8c84fa94-04c1-424b-9868-57a2d4851a1d" />
    <TestEntry testId="8ba31d1b-48e3-e04e-cff0-b927c63b4a19" executionId="c9aa6d3c-a53d-47f7-800b-fb8da6b4fe88" testListId="8c84fa94-04c1-424b-9868-57a2d4851a1d" />
    <TestEntry testId="1c164fbc-1ab1-9884-ccb8-9e84f4c977d0" executionId="9e3d3834-584d-45b6-a060-6836bc1b83af" testListId="8c84fa94-04c1-424b-9868-57a2d4851a1d" />
    <TestEntry testId="a21637b0-54f8-4fa0-bc3b-95481a9fd90b" executionId="047a0358-3dfb-4c7e-8e32-1eacd1d10830" testListId="8c84fa94-04c1-424b-9868-57a2d4851a1d" />
    <TestEntry testId="ffe5c770-9b99-42c0-ce21-7e50cccf4385" executionId="30a34405-b37f-4dae-877f-636d813d1c6b" testListId="8c84fa94-04c1-424b-9868-57a2d4851a1d" />
    <TestEntry testId="ac2a99ba-3563-74a9-7d4c-8e91a58cd097" executionId="fb027a32-f6c7-4f68-8a47-0e27b17c1df8" testListId="8c84fa94-04c1-424b-9868-57a2d4851a1d" />
    <TestEntry testId="a21637b0-54f8-4fa0-bc3b-95481a9fd90b" executionId="856439b0-2a38-4d6d-8443-538ba55cea8f" testListId="8c84fa94-04c1-424b-9868-57a2d4851a1d" />
    <TestEntry testId="248341cb-553e-e275-a8eb-499567f40929" executionId="900960f1-0478-4be7-8a35-17912f6011e9" testListId="8c84fa94-04c1-424b-9868-57a2d4851a1d" />
    <TestEntry testId="d6cab32e-cf28-1ba8-73a6-76c46cb62c4a" executionId="f0e695d3-47e8-4703-94ae-12c49d2d4b93" testListId="8c84fa94-04c1-424b-9868-57a2d4851a1d" />
    <TestEntry testId="a9198ad3-782e-a37c-0b5f-1330f5318f55" executionId="e6b622a5-f3d4-4531-99ff-2509d4db5abf" testListId="8c84fa94-04c1-424b-9868-57a2d4851a1d" />
    <TestEntry testId="b6579d24-7c4e-c42d-2ead-85e0f30e0a64" executionId="cb829bdb-7db5-4b3c-8054-7feff1d389dc" testListId="8c84fa94-04c1-424b-9868-57a2d4851a1d" />
    <TestEntry testId="4fe0dd0f-2fa0-9c42-e816-a6df28150b72" executionId="ab3c578f-0e90-468b-8f62-ba77b26aa18c" testListId="8c84fa94-04c1-424b-9868-57a2d4851a1d" />
    <TestEntry testId="986d7e6e-d04d-b204-b01c-fbb8f09c7774" executionId="1794c4f3-8c5b-4db3-9482-3590886ac570" testListId="8c84fa94-04c1-424b-9868-57a2d4851a1d" />
    <TestEntry testId="e6610648-e456-1c64-d2b1-7e1242b871a8" executionId="faacd25e-aedd-41fc-9335-3b23a5fe80a4" testListId="8c84fa94-04c1-424b-9868-57a2d4851a1d" />
    <TestEntry testId="3cbfa5d3-e0f6-eff8-ed5c-556fa1f3e131" executionId="e7dbb80e-ae1c-452c-a802-7d52fbb654b5" testListId="8c84fa94-04c1-424b-9868-57a2d4851a1d" />
    <TestEntry testId="36689490-09d4-917f-648a-70dcfcfede10" executionId="c7fd2685-831a-4bcf-b57b-4b4b4ba0dc0e" testListId="8c84fa94-04c1-424b-9868-57a2d4851a1d" />
    <TestEntry testId="572fc310-4b67-9555-f147-153d39f2eb82" executionId="ef66c784-79c8-498b-8716-31670b5c86d3" testListId="8c84fa94-04c1-424b-9868-57a2d4851a1d" />
    <TestEntry testId="0ebf358f-9eac-9438-b418-9c6aa81a6377" executionId="beed6924-af10-4965-bfe3-23832101b3cd" testListId="8c84fa94-04c1-424b-9868-57a2d4851a1d" />
    <TestEntry testId="a21637b0-54f8-4fa0-bc3b-95481a9fd90b" executionId="f11aecaa-c048-44ed-b496-8644dbe91141" testListId="8c84fa94-04c1-424b-9868-57a2d4851a1d" />
    <TestEntry testId="320e3c11-11d1-b3ef-0d2e-5e474f674ff1" executionId="6302ca1c-fa06-4db1-bf25-fe50b2daff31" testListId="8c84fa94-04c1-424b-9868-57a2d4851a1d" />
    <TestEntry testId="92b7b9f6-1294-7ea1-ffa3-91fba85074d4" executionId="7da133f2-daa9-4ce9-a8a0-a8eaae894db5" testListId="8c84fa94-04c1-424b-9868-57a2d4851a1d" />
    <TestEntry testId="96a18501-dea4-70b1-d572-baa1bb120da2" executionId="c2aa1489-af2b-407a-aee5-b0a648d46976" testListId="8c84fa94-04c1-424b-9868-57a2d4851a1d" />
    <TestEntry testId="99806ad3-88f0-7495-8b3e-3799a4bbb6aa" executionId="4f0d4e1c-a1c1-4576-a5fd-13911d2b5fb9" testListId="8c84fa94-04c1-424b-9868-57a2d4851a1d" />
    <TestEntry testId="e1c7f76f-6195-c844-23c0-304b47fbae66" executionId="d3366f15-29e9-4633-80c1-9d6ec6a958ae" testListId="8c84fa94-04c1-424b-9868-57a2d4851a1d" />
  </TestEntries>
  <TestLists>
    <TestList name="Results Not in a List" id="8c84fa94-04c1-424b-9868-57a2d4851a1d" />
    <TestList name="All Loaded Results" id="19431567-8539-422a-85d7-44ee4e166bda" />
  </TestLists>
  <ResultSummary outcome="Completed">
    <Counters total="63" executed="63" passed="63" failed="0" error="0" timeout="0" aborted="0" inconclusive="0" passedButRunAborted="0" notRunnable="0" notExecuted="0" disconnected="0" warning="0" completed="0" inProgress="0" pending="0" />
    <Output>
      <StdOut>[xUnit.net 00:00:00.00] xUnit.net VSTest Adapter v2.4.5+1caef2f33e (32-bit Desktop .NET 4.0.30319.42000)&#xD;
[xUnit.net 00:00:00.84]   Discovering: UnitTests&#xD;
[xUnit.net 00:00:01.00]   Discovered:  UnitTests&#xD;
[xUnit.net 00:00:01.01]   Starting:    UnitTests&#xD;
[xUnit.net 00:00:05.78]   Finished:    UnitTests&#xD;
</StdOut>
    </Output>
  </ResultSummary>
</TestRun>