<?xml version="1.0" encoding="utf-8"?>
<TestRun id="aa618b50-a3be-40c4-8b56-f49180690a30" name="runneradmin@fv-az270-743 2022-07-04 21:11:21" runUser="fv-az270-743\runneradmin" xmlns="http://microsoft.com/schemas/VisualStudio/TeamTest/2010">
  <Times creation="2022-07-04T21:11:21.9191181+00:00" queuing="2022-07-04T21:11:21.9191183+00:00" start="2022-07-04T21:11:05.5808080+00:00" finish="2022-07-04T21:11:25.3683143+00:00" />
  <TestSettings name="default" id="56e22e36-caf8-4320-834c-c626deb2939d">
    <Deployment runDeploymentRoot="runneradmin_fv-az270-743_2022-07-04_21_11_21" />
  </TestSettings>
  <Results>
    <UnitTestResult executionId="e173fd5d-741b-40c2-a219-932df03e0713" testId="74f30272-fd7f-9b4e-507d-1c94cc60bb29" testName="IntegrationTests.Controllers.ItemControllerTests.GetItemsPage_Query_Filters(query: &quot;1&quot;, expectedResults: 20)" computerName="fv-az270-743" duration="00:00:00.0380000" startTime="2022-07-04T21:11:24.5320385+00:00" endTime="2022-07-04T21:11:24.5320385+00:00" testType="13cdc9d9-ddb5-4fa4-a97d-d965ccfc6d4b" outcome="Passed" testListId="8c84fa94-04c1-424b-9868-57a2d4851a1d" relativeResultsDirectory="e173fd5d-741b-40c2-a219-932df03e0713" />
    <UnitTestResult executionId="88870b74-c8b6-4f61-9fb8-e2a855f63561" testId="6274cd22-d848-61dd-8233-d29a2f361a38" testName="IntegrationTests.Controllers.ItemControllerTests.GetItemsPage_Query_Filters(query: &quot;Name 1&quot;, expectedResults: 12)" computerName="fv-az270-743" duration="00:00:00.0350000" startTime="2022-07-04T21:11:24.5670368+00:00" endTime="2022-07-04T21:11:24.5670368+00:00" testType="13cdc9d9-ddb5-4fa4-a97d-d965ccfc6d4b" outcome="Passed" testListId="8c84fa94-04c1-424b-9868-57a2d4851a1d" relativeResultsDirectory="88870b74-c8b6-4f61-9fb8-e2a855f63561" />
    <UnitTestResult executionId="fed8a79e-e512-4320-ab65-8b011ed2c900" testId="43169439-e722-3696-654b-e380ed8f351d" testName="IntegrationTests.Controllers.ItemControllerTests.EditItem_Saves" computerName="fv-az270-743" duration="00:00:00.0620000" startTime="2022-07-04T21:11:24.9850317+00:00" endTime="2022-07-04T21:11:24.9850317+00:00" testType="13cdc9d9-ddb5-4fa4-a97d-d965ccfc6d4b" outcome="Passed" testListId="8c84fa94-04c1-424b-9868-57a2d4851a1d" relativeResultsDirectory="fed8a79e-e512-4320-ab65-8b011ed2c900" />
    <UnitTestResult executionId="e94bf425-a872-4548-a002-c4ce20445b78" testId="64ce4809-e3f8-8d8e-c808-2938f18aa4d4" testName="IntegrationTests.Controllers.ItemControllerTests.GetItemsPage_Query_Filters(query: &quot;Name 2&quot;, expectedResults: 11)" computerName="fv-az270-743" duration="00:00:00.0290000" startTime="2022-07-04T21:11:24.6660369+00:00" endTime="2022-07-04T21:11:24.6660369+00:00" testType="13cdc9d9-ddb5-4fa4-a97d-d965ccfc6d4b" outcome="Passed" testListId="8c84fa94-04c1-424b-9868-57a2d4851a1d" relativeResultsDirectory="e94bf425-a872-4548-a002-c4ce20445b78" />
    <UnitTestResult executionId="e28e7c0e-2f6b-4efd-af0e-279987381953" testId="c6abb489-2666-fd84-85be-69873a4c76cc" testName="IntegrationTests.Controllers.ItemControllerTests.CreateItem_Creates(name: &quot;name1&quot;, description: &quot;description1&quot;)" computerName="fv-az270-743" duration="00:00:00.0100000" startTime="2022-07-04T21:11:24.7350346+00:00" endTime="2022-07-04T21:11:24.7350346+00:00" testType="13cdc9d9-ddb5-4fa4-a97d-d965ccfc6d4b" outcome="Passed" testListId="8c84fa94-04c1-424b-9868-57a2d4851a1d" relativeResultsDirectory="e28e7c0e-2f6b-4efd-af0e-279987381953" />
    <UnitTestResult executionId="32513b48-0fc3-4295-bdc3-49c06270100b" testId="9609bc3b-2435-1be2-e2f3-2c6b217c770c" testName="IntegrationTests.Controllers.ItemControllerTests.GetItemsPage_Query_Filters(query: &quot;Missing&quot;, expectedResults: 0)" computerName="fv-az270-743" duration="00:00:00.0350000" startTime="2022-07-04T21:11:24.6020361+00:00" endTime="2022-07-04T21:11:24.6020361+00:00" testType="13cdc9d9-ddb5-4fa4-a97d-d965ccfc6d4b" outcome="Passed" testListId="8c84fa94-04c1-424b-9868-57a2d4851a1d" relativeResultsDirectory="32513b48-0fc3-4295-bdc3-49c06270100b" />
    <UnitTestResult executionId="299c6461-ec21-4b40-a830-02d98ef8d898" testId="1ec97a71-0b29-f7c5-72ce-8cf48efa2e36" testName="IntegrationTests.Controllers.ItemControllerTests.CreateItem_Creates(name: &quot;name2&quot;, description: &quot;description2&quot;)" computerName="fv-az270-743" duration="00:00:00.0250000" startTime="2022-07-04T21:11:24.7250346+00:00" endTime="2022-07-04T21:11:24.7250346+00:00" testType="13cdc9d9-ddb5-4fa4-a97d-d965ccfc6d4b" outcome="Passed" testListId="8c84fa94-04c1-424b-9868-57a2d4851a1d" relativeResultsDirectory="299c6461-ec21-4b40-a830-02d98ef8d898" />
    <UnitTestResult executionId="1056d839-8f93-4378-a51b-fb59878df24f" testId="0a429b0b-08a8-36a6-5969-3c31a35cc366" testName="IntegrationTests.Controllers.ItemControllerTests.GetItemsPage_GetsProperPages(amount: 9, expectedPages: 1)" computerName="fv-az270-743" duration="00:00:00.0160000" startTime="2022-07-04T21:11:24.8900317+00:00" endTime="2022-07-04T21:11:24.8900317+00:00" testType="13cdc9d9-ddb5-4fa4-a97d-d965ccfc6d4b" outcome="Passed" testListId="8c84fa94-04c1-424b-9868-57a2d4851a1d" relativeResultsDirectory="1056d839-8f93-4378-a51b-fb59878df24f" />
    <UnitTestResult executionId="c958cbb3-ef74-476e-9fb3-af4dd794d191" testId="b5a2bbb3-e25b-0d71-cef7-0187c592a682" testName="IntegrationTests.Controllers.ItemControllerTests.GetItemsPage_Query_Filters(query: &quot;Name 100&quot;, expectedResults: 1)" computerName="fv-az270-743" duration="00:00:00.0350000" startTime="2022-07-04T21:11:24.6370373+00:00" endTime="2022-07-04T21:11:24.6370373+00:00" testType="13cdc9d9-ddb5-4fa4-a97d-d965ccfc6d4b" outcome="Passed" testListId="8c84fa94-04c1-424b-9868-57a2d4851a1d" relativeResultsDirectory="c958cbb3-ef74-476e-9fb3-af4dd794d191" />
    <UnitTestResult executionId="db33e482-4701-4c1b-b615-326606c2eeae" testId="3b96b54e-967c-6e8f-1ced-4ff4d8370be3" testName="IntegrationTests.Controllers.ItemControllerTests.GetItemsPage_Query_Filters(query: &quot;&quot;, expectedResults: 100)" computerName="fv-az270-743" duration="00:00:00.0450000" startTime="2022-07-04T21:11:24.4940402+00:00" endTime="2022-07-04T21:11:24.4940402+00:00" testType="13cdc9d9-ddb5-4fa4-a97d-d965ccfc6d4b" outcome="Passed" testListId="8c84fa94-04c1-424b-9868-57a2d4851a1d" relativeResultsDirectory="db33e482-4701-4c1b-b615-326606c2eeae" />
    <UnitTestResult executionId="6feee5e8-1d44-4c25-b868-7fd4c0d210a0" testId="69a7a014-6241-5f0a-e55d-960890e56595" testName="IntegrationTests.Controllers.ServiceRouteMapperTests.RegisterRoutes_RegistersAtLestOneRoute" computerName="fv-az270-743" duration="00:00:02.2880000" startTime="2022-07-04T21:11:20.8349240+00:00" endTime="2022-07-04T21:11:20.8349240+00:00" testType="13cdc9d9-ddb5-4fa4-a97d-d965ccfc6d4b" outcome="Passed" testListId="8c84fa94-04c1-424b-9868-57a2d4851a1d" relativeResultsDirectory="6feee5e8-1d44-4c25-b868-7fd4c0d210a0" />
    <UnitTestResult executionId="2fdd0112-4d73-40ee-9f80-65f63f6565a8" testId="945f4fce-c15e-e09c-9dbf-5879cde58a78" testName="IntegrationTests.Controllers.ItemControllerTests.GetItemsPage_Page0_DefaultsToPage1" computerName="fv-az270-743" duration="00:00:00.0160000" startTime="2022-07-04T21:11:25.0020317+00:00" endTime="2022-07-04T21:11:25.0020317+00:00" testType="13cdc9d9-ddb5-4fa4-a97d-d965ccfc6d4b" outcome="Passed" testListId="8c84fa94-04c1-424b-9868-57a2d4851a1d" relativeResultsDirectory="2fdd0112-4d73-40ee-9f80-65f63f6565a8" />
    <UnitTestResult executionId="25474962-dd05-4f4f-ba22-0b294675cfd8" testId="06f0962d-466b-0634-113e-f3863f9b599c" testName="IntegrationTests.Controllers.ItemControllerTests.GetItemsPage_GetsProperPages(amount: 99, expectedPages: 10)" computerName="fv-az270-743" duration="00:00:00.0330000" startTime="2022-07-04T21:11:24.8570343+00:00" endTime="2022-07-04T21:11:24.8570343+00:00" testType="13cdc9d9-ddb5-4fa4-a97d-d965ccfc6d4b" outcome="Passed" testListId="8c84fa94-04c1-424b-9868-57a2d4851a1d" relativeResultsDirectory="25474962-dd05-4f4f-ba22-0b294675cfd8" />
    <UnitTestResult executionId="6446a94e-bfbb-4b20-b9de-94153af88b7f" testId="31a1a77c-5b35-2c19-9bdc-0ee23e06e8f3" testName="IntegrationTests.Controllers.ItemControllerTests.GetItemsPage_GetsProperPages(amount: 10, expectedPages: 1)" computerName="fv-az270-743" duration="00:00:00.0170000" startTime="2022-07-04T21:11:24.8740334+00:00" endTime="2022-07-04T21:11:24.8740334+00:00" testType="13cdc9d9-ddb5-4fa4-a97d-d965ccfc6d4b" outcome="Passed" testListId="8c84fa94-04c1-424b-9868-57a2d4851a1d" relativeResultsDirectory="6446a94e-bfbb-4b20-b9de-94153af88b7f" />
    <UnitTestResult executionId="d25f6f75-25fe-42bb-8841-b5a1b105bbbb" testId="c6d15831-7dbe-24e6-d39b-4f317a873a34" testName="IntegrationTests.Controllers.ItemControllerTests.GetItemsPage_GetsProperPages(amount: 1, expectedPages: 1)" computerName="fv-az270-743" duration="00:00:00.0250000" startTime="2022-07-04T21:11:24.8240357+00:00" endTime="2022-07-04T21:11:24.8240357+00:00" testType="13cdc9d9-ddb5-4fa4-a97d-d965ccfc6d4b" outcome="Passed" testListId="8c84fa94-04c1-424b-9868-57a2d4851a1d" relativeResultsDirectory="d25f6f75-25fe-42bb-8841-b5a1b105bbbb" />
    <UnitTestResult executionId="02ddc259-5c1b-4408-859b-5bf8cf57b3cd" testId="d18898e3-6995-0d27-8e53-1ced81186e2d" testName="IntegrationTests.Controllers.ItemControllerTests.GetItemsPage_PageSize0_DefaultsTo1" computerName="fv-az270-743" duration="00:00:00.0170000" startTime="2022-07-04T21:11:25.0940309+00:00" endTime="2022-07-04T21:11:25.0940309+00:00" testType="13cdc9d9-ddb5-4fa4-a97d-d965ccfc6d4b" outcome="Passed" testListId="8c84fa94-04c1-424b-9868-57a2d4851a1d" relativeResultsDirectory="02ddc259-5c1b-4408-859b-5bf8cf57b3cd" />
    <UnitTestResult executionId="26c35152-f52c-4d62-b88b-286333adc96f" testId="fe1c9811-4463-ef95-5296-cdd71ab090b8" testName="IntegrationTests.Controllers.ItemControllerTests.DeleteItem_DeletesMissingItem" computerName="fv-az270-743" duration="00:00:00.0140000" startTime="2022-07-04T21:11:25.1260287+00:00" endTime="2022-07-04T21:11:25.1260287+00:00" testType="13cdc9d9-ddb5-4fa4-a97d-d965ccfc6d4b" outcome="Passed" testListId="8c84fa94-04c1-424b-9868-57a2d4851a1d" relativeResultsDirectory="26c35152-f52c-4d62-b88b-286333adc96f" />
    <UnitTestResult executionId="e4a3398d-7998-429c-9471-3463d512d708" testId="1450a0ab-3596-66d8-8d08-6506bbe1f61b" testName="IntegrationTests.Controllers.ItemControllerTests.GetItemsPage_50Items_GetsProperly" computerName="fv-az270-743" duration="00:00:00.0320000" startTime="2022-07-04T21:11:24.7680354+00:00" endTime="2022-07-04T21:11:24.7680354+00:00" testType="13cdc9d9-ddb5-4fa4-a97d-d965ccfc6d4b" outcome="Passed" testListId="8c84fa94-04c1-424b-9868-57a2d4851a1d" relativeResultsDirectory="e4a3398d-7998-429c-9471-3463d512d708" />
    <UnitTestResult executionId="ed867068-68e3-40c1-b429-e435b2a9eb4a" testId="75b07048-5201-d631-649a-c012e65b7444" testName="IntegrationTests.Controllers.ItemControllerTests.GetItemsPage_Query_Filters(query: &quot;Name 10&quot;, expectedResults: 2)" computerName="fv-az270-743" duration="00:00:00.0340000" startTime="2022-07-04T21:11:24.7000368+00:00" endTime="2022-07-04T21:11:24.7000368+00:00" testType="13cdc9d9-ddb5-4fa4-a97d-d965ccfc6d4b" outcome="Passed" testListId="8c84fa94-04c1-424b-9868-57a2d4851a1d" relativeResultsDirectory="ed867068-68e3-40c1-b429-e435b2a9eb4a" />
    <UnitTestResult executionId="db7034ee-800a-4908-8575-fc855605c949" testId="35a21cfd-ad2b-b819-14e0-5151fe414a07" testName="IntegrationTests.Controllers.ItemControllerTests.GetItemsPage_GetsProperPages(amount: 101, expectedPages: 11)" computerName="fv-az270-743" duration="00:00:00.0330000" startTime="2022-07-04T21:11:24.9240323+00:00" endTime="2022-07-04T21:11:24.9240323+00:00" testType="13cdc9d9-ddb5-4fa4-a97d-d965ccfc6d4b" outcome="Passed" testListId="8c84fa94-04c1-424b-9868-57a2d4851a1d" relativeResultsDirectory="db7034ee-800a-4908-8575-fc855605c949" />
    <UnitTestResult executionId="b37b8674-a575-4abf-b3b2-2c1c653a0097" testId="2f8521ee-e0ca-eac4-b453-aa86236fc9b9" testName="IntegrationTests.Controllers.ItemControllerTests.GetItemsPage_SortsDescending" computerName="fv-az270-743" duration="00:00:00.0160000" startTime="2022-07-04T21:11:25.1100285+00:00" endTime="2022-07-04T21:11:25.1100285+00:00" testType="13cdc9d9-ddb5-4fa4-a97d-d965ccfc6d4b" outcome="Passed" testListId="8c84fa94-04c1-424b-9868-57a2d4851a1d" relativeResultsDirectory="b37b8674-a575-4abf-b3b2-2c1c653a0097" />
    <UnitTestResult executionId="73bee6d9-5f4a-4e66-bd9e-1023965f61a0" testId="b2691cfb-5962-80d6-34ac-12efb31ff88e" testName="IntegrationTests.Controllers.ItemControllerTests.DeleteItem_Deletes" computerName="fv-az270-743" duration="00:00:00.0730000" startTime="2022-07-04T21:11:25.0770317+00:00" endTime="2022-07-04T21:11:25.0770317+00:00" testType="13cdc9d9-ddb5-4fa4-a97d-d965ccfc6d4b" outcome="Passed" testListId="8c84fa94-04c1-424b-9868-57a2d4851a1d" relativeResultsDirectory="73bee6d9-5f4a-4e66-bd9e-1023965f61a0" />
    <UnitTestResult executionId="4615ff8e-881a-42eb-b21f-ba3d346a759d" testId="eb8cb345-7707-0e07-1566-f6a04ceb2670" testName="IntegrationTests.Controllers.ItemControllerTests.CanEdit_Defaults_To_False" computerName="fv-az270-743" duration="00:00:00.0310000" startTime="2022-07-04T21:11:24.7980351+00:00" endTime="2022-07-04T21:11:24.7980351+00:00" testType="13cdc9d9-ddb5-4fa4-a97d-d965ccfc6d4b" outcome="Passed" testListId="8c84fa94-04c1-424b-9868-57a2d4851a1d" relativeResultsDirectory="4615ff8e-881a-42eb-b21f-ba3d346a759d" />
    <UnitTestResult executionId="15f6cccb-907e-4408-929b-d34aa2f37030" testId="4fd078d7-61ec-6e3f-be79-cf322012a0cd" testName="IntegrationTests.Controllers.ItemControllerTests.GetItemsPage_SortsAscending" computerName="fv-az270-743" duration="00:00:05.9630000" startTime="2022-07-04T21:11:24.4490412+00:00" endTime="2022-07-04T21:11:24.4490412+00:00" testType="13cdc9d9-ddb5-4fa4-a97d-d965ccfc6d4b" outcome="Passed" testListId="8c84fa94-04c1-424b-9868-57a2d4851a1d" relativeResultsDirectory="15f6cccb-907e-4408-929b-d34aa2f37030" />
  </Results>
  <TestDefinitions>
    <UnitTest name="IntegrationTests.Controllers.ItemControllerTests.GetItemsPage_Query_Filters(query: &quot;Name 10&quot;, expectedResults: 2)" storage="d:\a\mymodule20220704\mymodule20220704\integrationtests\bin\integrationtests.dll" id="75b07048-5201-d631-649a-c012e65b7444">
      <Execution id="ed867068-68e3-40c1-b429-e435b2a9eb4a" />
      <TestMethod codeBase="D:\a\MyModule20220704\MyModule20220704\IntegrationTests\bin\IntegrationTests.dll" adapterTypeName="executor://xunit/VsTestRunner2/net" className="IntegrationTests.Controllers.ItemControllerTests" name="GetItemsPage_Query_Filters" />
    </UnitTest>
    <UnitTest name="IntegrationTests.Controllers.ItemControllerTests.GetItemsPage_Query_Filters(query: &quot;1&quot;, expectedResults: 20)" storage="d:\a\mymodule20220704\mymodule20220704\integrationtests\bin\integrationtests.dll" id="74f30272-fd7f-9b4e-507d-1c94cc60bb29">
      <Execution id="e173fd5d-741b-40c2-a219-932df03e0713" />
      <TestMethod codeBase="D:\a\MyModule20220704\MyModule20220704\IntegrationTests\bin\IntegrationTests.dll" adapterTypeName="executor://xunit/VsTestRunner2/net" className="IntegrationTests.Controllers.ItemControllerTests" name="GetItemsPage_Query_Filters" />
    </UnitTest>
    <UnitTest name="IntegrationTests.Controllers.ItemControllerTests.GetItemsPage_GetsProperPages(amount: 99, expectedPages: 10)" storage="d:\a\mymodule20220704\mymodule20220704\integrationtests\bin\integrationtests.dll" id="06f0962d-466b-0634-113e-f3863f9b599c">
      <Execution id="25474962-dd05-4f4f-ba22-0b294675cfd8" />
      <TestMethod codeBase="D:\a\MyModule20220704\MyModule20220704\IntegrationTests\bin\IntegrationTests.dll" adapterTypeName="executor://xunit/VsTestRunner2/net" className="IntegrationTests.Controllers.ItemControllerTests" name="GetItemsPage_GetsProperPages" />
    </UnitTest>
    <UnitTest name="IntegrationTests.Controllers.ItemControllerTests.DeleteItem_DeletesMissingItem" storage="d:\a\mymodule20220704\mymodule20220704\integrationtests\bin\integrationtests.dll" id="fe1c9811-4463-ef95-5296-cdd71ab090b8">
      <Execution id="26c35152-f52c-4d62-b88b-286333adc96f" />
      <TestMethod codeBase="D:\a\MyModule20220704\MyModule20220704\IntegrationTests\bin\IntegrationTests.dll" adapterTypeName="executor://xunit/VsTestRunner2/net" className="IntegrationTests.Controllers.ItemControllerTests" name="DeleteItem_DeletesMissingItem" />
    </UnitTest>
    <UnitTest name="IntegrationTests.Controllers.ItemControllerTests.EditItem_Saves" storage="d:\a\mymodule20220704\mymodule20220704\integrationtests\bin\integrationtests.dll" id="43169439-e722-3696-654b-e380ed8f351d">
      <Execution id="fed8a79e-e512-4320-ab65-8b011ed2c900" />
      <TestMethod codeBase="D:\a\MyModule20220704\MyModule20220704\IntegrationTests\bin\IntegrationTests.dll" adapterTypeName="executor://xunit/VsTestRunner2/net" className="IntegrationTests.Controllers.ItemControllerTests" name="EditItem_Saves" />
    </UnitTest>
    <UnitTest name="IntegrationTests.Controllers.ItemControllerTests.CreateItem_Creates(name: &quot;name1&quot;, description: &quot;description1&quot;)" storage="d:\a\mymodule20220704\mymodule20220704\integrationtests\bin\integrationtests.dll" id="c6abb489-2666-fd84-85be-69873a4c76cc">
      <Execution id="e28e7c0e-2f6b-4efd-af0e-279987381953" />
      <TestMethod codeBase="D:\a\MyModule20220704\MyModule20220704\IntegrationTests\bin\IntegrationTests.dll" adapterTypeName="executor://xunit/VsTestRunner2/net" className="IntegrationTests.Controllers.ItemControllerTests" name="CreateItem_Creates" />
    </UnitTest>
    <UnitTest name="IntegrationTests.Controllers.ItemControllerTests.GetItemsPage_Query_Filters(query: &quot;&quot;, expectedResults: 100)" storage="d:\a\mymodule20220704\mymodule20220704\integrationtests\bin\integrationtests.dll" id="3b96b54e-967c-6e8f-1ced-4ff4d8370be3">
      <Execution id="db33e482-4701-4c1b-b615-326606c2eeae" />
      <TestMethod codeBase="D:\a\MyModule20220704\MyModule20220704\IntegrationTests\bin\IntegrationTests.dll" adapterTypeName="executor://xunit/VsTestRunner2/net" className="IntegrationTests.Controllers.ItemControllerTests" name="GetItemsPage_Query_Filters" />
    </UnitTest>
    <UnitTest name="IntegrationTests.Controllers.ItemControllerTests.GetItemsPage_SortsDescending" storage="d:\a\mymodule20220704\mymodule20220704\integrationtests\bin\integrationtests.dll" id="2f8521ee-e0ca-eac4-b453-aa86236fc9b9">
      <Execution id="b37b8674-a575-4abf-b3b2-2c1c653a0097" />
      <TestMethod codeBase="D:\a\MyModule20220704\MyModule20220704\IntegrationTests\bin\IntegrationTests.dll" adapterTypeName="executor://xunit/VsTestRunner2/net" className="IntegrationTests.Controllers.ItemControllerTests" name="GetItemsPage_SortsDescending" />
    </UnitTest>
    <UnitTest name="IntegrationTests.Controllers.ItemControllerTests.GetItemsPage_Page0_DefaultsToPage1" storage="d:\a\mymodule20220704\mymodule20220704\integrationtests\bin\integrationtests.dll" id="945f4fce-c15e-e09c-9dbf-5879cde58a78">
      <Execution id="2fdd0112-4d73-40ee-9f80-65f63f6565a8" />
      <TestMethod codeBase="D:\a\MyModule20220704\MyModule20220704\IntegrationTests\bin\IntegrationTests.dll" adapterTypeName="executor://xunit/VsTestRunner2/net" className="IntegrationTests.Controllers.ItemControllerTests" name="GetItemsPage_Page0_DefaultsToPage1" />
    </UnitTest>
    <UnitTest name="IntegrationTests.Controllers.ItemControllerTests.GetItemsPage_50Items_GetsProperly" storage="d:\a\mymodule20220704\mymodule20220704\integrationtests\bin\integrationtests.dll" id="1450a0ab-3596-66d8-8d08-6506bbe1f61b">
      <Execution id="e4a3398d-7998-429c-9471-3463d512d708" />
      <TestMethod codeBase="D:\a\MyModule20220704\MyModule20220704\IntegrationTests\bin\IntegrationTests.dll" adapterTypeName="executor://xunit/VsTestRunner2/net" className="IntegrationTests.Controllers.ItemControllerTests" name="GetItemsPage_50Items_GetsProperly" />
    </UnitTest>
    <UnitTest name="IntegrationTests.Controllers.ItemControllerTests.GetItemsPage_GetsProperPages(amount: 101, expectedPages: 11)" storage="d:\a\mymodule20220704\mymodule20220704\integrationtests\bin\integrationtests.dll" id="35a21cfd-ad2b-b819-14e0-5151fe414a07">
      <Execution id="db7034ee-800a-4908-8575-fc855605c949" />
      <TestMethod codeBase="D:\a\MyModule20220704\MyModule20220704\IntegrationTests\bin\IntegrationTests.dll" adapterTypeName="executor://xunit/VsTestRunner2/net" className="IntegrationTests.Controllers.ItemControllerTests" name="GetItemsPage_GetsProperPages" />
    </UnitTest>
    <UnitTest name="IntegrationTests.Controllers.ItemControllerTests.GetItemsPage_GetsProperPages(amount: 1, expectedPages: 1)" storage="d:\a\mymodule20220704\mymodule20220704\integrationtests\bin\integrationtests.dll" id="c6d15831-7dbe-24e6-d39b-4f317a873a34">
      <Execution id="d25f6f75-25fe-42bb-8841-b5a1b105bbbb" />
      <TestMethod codeBase="D:\a\MyModule20220704\MyModule20220704\IntegrationTests\bin\IntegrationTests.dll" adapterTypeName="executor://xunit/VsTestRunner2/net" className="IntegrationTests.Controllers.ItemControllerTests" name="GetItemsPage_GetsProperPages" />
    </UnitTest>
    <UnitTest name="IntegrationTests.Controllers.ItemControllerTests.CreateItem_Creates(name: &quot;name2&quot;, description: &quot;description2&quot;)" storage="d:\a\mymodule20220704\mymodule20220704\integrationtests\bin\integrationtests.dll" id="1ec97a71-0b29-f7c5-72ce-8cf48efa2e36">
      <Execution id="299c6461-ec21-4b40-a830-02d98ef8d898" />
      <TestMethod codeBase="D:\a\MyModule20220704\MyModule20220704\IntegrationTests\bin\IntegrationTests.dll" adapterTypeName="executor://xunit/VsTestRunner2/net" className="IntegrationTests.Controllers.ItemControllerTests" name="CreateItem_Creates" />
    </UnitTest>
    <UnitTest name="IntegrationTests.Controllers.ItemControllerTests.GetItemsPage_SortsAscending" storage="d:\a\mymodule20220704\mymodule20220704\integrationtests\bin\integrationtests.dll" id="4fd078d7-61ec-6e3f-be79-cf322012a0cd">
      <Execution id="15f6cccb-907e-4408-929b-d34aa2f37030" />
      <TestMethod codeBase="D:\a\MyModule20220704\MyModule20220704\IntegrationTests\bin\IntegrationTests.dll" adapterTypeName="executor://xunit/VsTestRunner2/net" className="IntegrationTests.Controllers.ItemControllerTests" name="GetItemsPage_SortsAscending" />
    </UnitTest>
    <UnitTest name="IntegrationTests.Controllers.ItemControllerTests.GetItemsPage_PageSize0_DefaultsTo1" storage="d:\a\mymodule20220704\mymodule20220704\integrationtests\bin\integrationtests.dll" id="d18898e3-6995-0d27-8e53-1ced81186e2d">
      <Execution id="02ddc259-5c1b-4408-859b-5bf8cf57b3cd" />
      <TestMethod codeBase="D:\a\MyModule20220704\MyModule20220704\IntegrationTests\bin\IntegrationTests.dll" adapterTypeName="executor://xunit/VsTestRunner2/net" className="IntegrationTests.Controllers.ItemControllerTests" name="GetItemsPage_PageSize0_DefaultsTo1" />
    </UnitTest>
    <UnitTest name="IntegrationTests.Controllers.ItemControllerTests.GetItemsPage_GetsProperPages(amount: 9, expectedPages: 1)" storage="d:\a\mymodule20220704\mymodule20220704\integrationtests\bin\integrationtests.dll" id="0a429b0b-08a8-36a6-5969-3c31a35cc366">
      <Execution id="1056d839-8f93-4378-a51b-fb59878df24f" />
      <TestMethod codeBase="D:\a\MyModule20220704\MyModule20220704\IntegrationTests\bin\IntegrationTests.dll" adapterTypeName="executor://xunit/VsTestRunner2/net" className="IntegrationTests.Controllers.ItemControllerTests" name="GetItemsPage_GetsProperPages" />
    </UnitTest>
    <UnitTest name="IntegrationTests.Controllers.ItemControllerTests.GetItemsPage_GetsProperPages(amount: 10, expectedPages: 1)" storage="d:\a\mymodule20220704\mymodule20220704\integrationtests\bin\integrationtests.dll" id="31a1a77c-5b35-2c19-9bdc-0ee23e06e8f3">
      <Execution id="6446a94e-bfbb-4b20-b9de-94153af88b7f" />
      <TestMethod codeBase="D:\a\MyModule20220704\MyModule20220704\IntegrationTests\bin\IntegrationTests.dll" adapterTypeName="executor://xunit/VsTestRunner2/net" className="IntegrationTests.Controllers.ItemControllerTests" name="GetItemsPage_GetsProperPages" />
    </UnitTest>
    <UnitTest name="IntegrationTests.Controllers.ItemControllerTests.GetItemsPage_Query_Filters(query: &quot;Missing&quot;, expectedResults: 0)" storage="d:\a\mymodule20220704\mymodule20220704\integrationtests\bin\integrationtests.dll" id="9609bc3b-2435-1be2-e2f3-2c6b217c770c">
      <Execution id="32513b48-0fc3-4295-bdc3-49c06270100b" />
      <TestMethod codeBase="D:\a\MyModule20220704\MyModule20220704\IntegrationTests\bin\IntegrationTests.dll" adapterTypeName="executor://xunit/VsTestRunner2/net" className="IntegrationTests.Controllers.ItemControllerTests" name="GetItemsPage_Query_Filters" />
    </UnitTest>
    <UnitTest name="IntegrationTests.Controllers.ItemControllerTests.DeleteItem_Deletes" storage="d:\a\mymodule20220704\mymodule20220704\integrationtests\bin\integrationtests.dll" id="b2691cfb-5962-80d6-34ac-12efb31ff88e">
      <Execution id="73bee6d9-5f4a-4e66-bd9e-1023965f61a0" />
      <TestMethod codeBase="D:\a\MyModule20220704\MyModule20220704\IntegrationTests\bin\IntegrationTests.dll" adapterTypeName="executor://xunit/VsTestRunner2/net" className="IntegrationTests.Controllers.ItemControllerTests" name="DeleteItem_Deletes" />
    </UnitTest>
    <UnitTest name="IntegrationTests.Controllers.ItemControllerTests.GetItemsPage_Query_Filters(query: &quot;Name 2&quot;, expectedResults: 11)" storage="d:\a\mymodule20220704\mymodule20220704\integrationtests\bin\integrationtests.dll" id="64ce4809-e3f8-8d8e-c808-2938f18aa4d4">
      <Execution id="e94bf425-a872-4548-a002-c4ce20445b78" />
      <TestMethod codeBase="D:\a\MyModule20220704\MyModule20220704\IntegrationTests\bin\IntegrationTests.dll" adapterTypeName="executor://xunit/VsTestRunner2/net" className="IntegrationTests.Controllers.ItemControllerTests" name="GetItemsPage_Query_Filters" />
    </UnitTest>
    <UnitTest name="IntegrationTests.Controllers.ItemControllerTests.GetItemsPage_Query_Filters(query: &quot;Name 100&quot;, expectedResults: 1)" storage="d:\a\mymodule20220704\mymodule20220704\integrationtests\bin\integrationtests.dll" id="b5a2bbb3-e25b-0d71-cef7-0187c592a682">
      <Execution id="c958cbb3-ef74-476e-9fb3-af4dd794d191" />
      <TestMethod codeBase="D:\a\MyModule20220704\MyModule20220704\IntegrationTests\bin\IntegrationTests.dll" adapterTypeName="executor://xunit/VsTestRunner2/net" className="IntegrationTests.Controllers.ItemControllerTests" name="GetItemsPage_Query_Filters" />
    </UnitTest>
    <UnitTest name="IntegrationTests.Controllers.ServiceRouteMapperTests.RegisterRoutes_RegistersAtLestOneRoute" storage="d:\a\mymodule20220704\mymodule20220704\integrationtests\bin\integrationtests.dll" id="69a7a014-6241-5f0a-e55d-960890e56595">
      <Execution id="6feee5e8-1d44-4c25-b868-7fd4c0d210a0" />
      <TestMethod codeBase="D:\a\MyModule20220704\MyModule20220704\IntegrationTests\bin\IntegrationTests.dll" adapterTypeName="executor://xunit/VsTestRunner2/net" className="IntegrationTests.Controllers.ServiceRouteMapperTests" name="RegisterRoutes_RegistersAtLestOneRoute" />
    </UnitTest>
    <UnitTest name="IntegrationTests.Controllers.ItemControllerTests.GetItemsPage_Query_Filters(query: &quot;Name 1&quot;, expectedResults: 12)" storage="d:\a\mymodule20220704\mymodule20220704\integrationtests\bin\integrationtests.dll" id="6274cd22-d848-61dd-8233-d29a2f361a38">
      <Execution id="88870b74-c8b6-4f61-9fb8-e2a855f63561" />
      <TestMethod codeBase="D:\a\MyModule20220704\MyModule20220704\IntegrationTests\bin\IntegrationTests.dll" adapterTypeName="executor://xunit/VsTestRunner2/net" className="IntegrationTests.Controllers.ItemControllerTests" name="GetItemsPage_Query_Filters" />
    </UnitTest>
    <UnitTest name="IntegrationTests.Controllers.ItemControllerTests.CanEdit_Defaults_To_False" storage="d:\a\mymodule20220704\mymodule20220704\integrationtests\bin\integrationtests.dll" id="eb8cb345-7707-0e07-1566-f6a04ceb2670">
      <Execution id="4615ff8e-881a-42eb-b21f-ba3d346a759d" />
      <TestMethod codeBase="D:\a\MyModule20220704\MyModule20220704\IntegrationTests\bin\IntegrationTests.dll" adapterTypeName="executor://xunit/VsTestRunner2/net" className="IntegrationTests.Controllers.ItemControllerTests" name="CanEdit_Defaults_To_False" />
    </UnitTest>
  </TestDefinitions>
  <TestEntries>
    <TestEntry testId="74f30272-fd7f-9b4e-507d-1c94cc60bb29" executionId="e173fd5d-741b-40c2-a219-932df03e0713" testListId="8c84fa94-04c1-424b-9868-57a2d4851a1d" />
    <TestEntry testId="6274cd22-d848-61dd-8233-d29a2f361a38" executionId="88870b74-c8b6-4f61-9fb8-e2a855f63561" testListId="8c84fa94-04c1-424b-9868-57a2d4851a1d" />
    <TestEntry testId="43169439-e722-3696-654b-e380ed8f351d" executionId="fed8a79e-e512-4320-ab65-8b011ed2c900" testListId="8c84fa94-04c1-424b-9868-57a2d4851a1d" />
    <TestEntry testId="64ce4809-e3f8-8d8e-c808-2938f18aa4d4" executionId="e94bf425-a872-4548-a002-c4ce20445b78" testListId="8c84fa94-04c1-424b-9868-57a2d4851a1d" />
    <TestEntry testId="c6abb489-2666-fd84-85be-69873a4c76cc" executionId="e28e7c0e-2f6b-4efd-af0e-279987381953" testListId="8c84fa94-04c1-424b-9868-57a2d4851a1d" />
    <TestEntry testId="9609bc3b-2435-1be2-e2f3-2c6b217c770c" executionId="32513b48-0fc3-4295-bdc3-49c06270100b" testListId="8c84fa94-04c1-424b-9868-57a2d4851a1d" />
    <TestEntry testId="1ec97a71-0b29-f7c5-72ce-8cf48efa2e36" executionId="299c6461-ec21-4b40-a830-02d98ef8d898" testListId="8c84fa94-04c1-424b-9868-57a2d4851a1d" />
    <TestEntry testId="0a429b0b-08a8-36a6-5969-3c31a35cc366" executionId="1056d839-8f93-4378-a51b-fb59878df24f" testListId="8c84fa94-04c1-424b-9868-57a2d4851a1d" />
    <TestEntry testId="b5a2bbb3-e25b-0d71-cef7-0187c592a682" executionId="c958cbb3-ef74-476e-9fb3-af4dd794d191" testListId="8c84fa94-04c1-424b-9868-57a2d4851a1d" />
    <TestEntry testId="3b96b54e-967c-6e8f-1ced-4ff4d8370be3" executionId="db33e482-4701-4c1b-b615-326606c2eeae" testListId="8c84fa94-04c1-424b-9868-57a2d4851a1d" />
    <TestEntry testId="69a7a014-6241-5f0a-e55d-960890e56595" executionId="6feee5e8-1d44-4c25-b868-7fd4c0d210a0" testListId="8c84fa94-04c1-424b-9868-57a2d4851a1d" />
    <TestEntry testId="945f4fce-c15e-e09c-9dbf-5879cde58a78" executionId="2fdd0112-4d73-40ee-9f80-65f63f6565a8" testListId="8c84fa94-04c1-424b-9868-57a2d4851a1d" />
    <TestEntry testId="06f0962d-466b-0634-113e-f3863f9b599c" executionId="25474962-dd05-4f4f-ba22-0b294675cfd8" testListId="8c84fa94-04c1-424b-9868-57a2d4851a1d" />
    <TestEntry testId="31a1a77c-5b35-2c19-9bdc-0ee23e06e8f3" executionId="6446a94e-bfbb-4b20-b9de-94153af88b7f" testListId="8c84fa94-04c1-424b-9868-57a2d4851a1d" />
    <TestEntry testId="c6d15831-7dbe-24e6-d39b-4f317a873a34" executionId="d25f6f75-25fe-42bb-8841-b5a1b105bbbb" testListId="8c84fa94-04c1-424b-9868-57a2d4851a1d" />
    <TestEntry testId="d18898e3-6995-0d27-8e53-1ced81186e2d" executionId="02ddc259-5c1b-4408-859b-5bf8cf57b3cd" testListId="8c84fa94-04c1-424b-9868-57a2d4851a1d" />
    <TestEntry testId="fe1c9811-4463-ef95-5296-cdd71ab090b8" executionId="26c35152-f52c-4d62-b88b-286333adc96f" testListId="8c84fa94-04c1-424b-9868-57a2d4851a1d" />
    <TestEntry testId="1450a0ab-3596-66d8-8d08-6506bbe1f61b" executionId="e4a3398d-7998-429c-9471-3463d512d708" testListId="8c84fa94-04c1-424b-9868-57a2d4851a1d" />
    <TestEntry testId="75b07048-5201-d631-649a-c012e65b7444" executionId="ed867068-68e3-40c1-b429-e435b2a9eb4a" testListId="8c84fa94-04c1-424b-9868-57a2d4851a1d" />
    <TestEntry testId="35a21cfd-ad2b-b819-14e0-5151fe414a07" executionId="db7034ee-800a-4908-8575-fc855605c949" testListId="8c84fa94-04c1-424b-9868-57a2d4851a1d" />
    <TestEntry testId="2f8521ee-e0ca-eac4-b453-aa86236fc9b9" executionId="b37b8674-a575-4abf-b3b2-2c1c653a0097" testListId="8c84fa94-04c1-424b-9868-57a2d4851a1d" />
    <TestEntry testId="b2691cfb-5962-80d6-34ac-12efb31ff88e" executionId="73bee6d9-5f4a-4e66-bd9e-1023965f61a0" testListId="8c84fa94-04c1-424b-9868-57a2d4851a1d" />
    <TestEntry testId="eb8cb345-7707-0e07-1566-f6a04ceb2670" executionId="4615ff8e-881a-42eb-b21f-ba3d346a759d" testListId="8c84fa94-04c1-424b-9868-57a2d4851a1d" />
    <TestEntry testId="4fd078d7-61ec-6e3f-be79-cf322012a0cd" executionId="15f6cccb-907e-4408-929b-d34aa2f37030" testListId="8c84fa94-04c1-424b-9868-57a2d4851a1d" />
  </TestEntries>
  <TestLists>
    <TestList name="Results Not in a List" id="8c84fa94-04c1-424b-9868-57a2d4851a1d" />
    <TestList name="All Loaded Results" id="19431567-8539-422a-85d7-44ee4e166bda" />
  </TestLists>
  <ResultSummary outcome="Completed">
    <Counters total="24" executed="24" passed="24" failed="0" error="0" timeout="0" aborted="0" inconclusive="0" passedButRunAborted="0" notRunnable="0" notExecuted="0" disconnected="0" warning="0" completed="0" inProgress="0" pending="0" />
    <Output>
      <StdOut>[xUnit.net 00:00:00.05] xUnit.net VSTest Adapter v2.4.5+1caef2f33e (32-bit Desktop .NET 4.0.30319.42000)&#xD;
[xUnit.net 00:00:01.81]   Discovering: IntegrationTests&#xD;
[xUnit.net 00:00:02.27]   Discovered:  IntegrationTests&#xD;
[xUnit.net 00:00:02.27]   Starting:    IntegrationTests&#xD;
[xUnit.net 00:00:09.16]   Finished:    IntegrationTests&#xD;
</StdOut>
    </Output>
  </ResultSummary>
</TestRun>