<?xml version="1.0" encoding="utf-8"?>
<TestRun id="6d7f493e-b389-4ccf-a1fe-33d309d3fe6a" name="runneradmin@fv-az448-103 2022-07-04 19:25:37" runUser="fv-az448-103\runneradmin" xmlns="http://microsoft.com/schemas/VisualStudio/TeamTest/2010">
  <Times creation="2022-07-04T19:25:37.0111267+00:00" queuing="2022-07-04T19:25:37.0111271+00:00" start="2022-07-04T19:25:23.7112887+00:00" finish="2022-07-04T19:25:40.9419571+00:00" />
  <TestSettings name="default" id="f50b5554-d176-47e9-ba6c-aeda70a3e5da">
    <Deployment runDeploymentRoot="runneradmin_fv-az448-103_2022-07-04_19_25_37" />
  </TestSettings>
  <Results>
    <UnitTestResult executionId="4e05424f-ebb0-4433-a2d8-f8f828dda382" testId="43169439-e722-3696-654b-e380ed8f351d" testName="IntegrationTests.Controllers.ItemControllerTests.EditItem_Saves" computerName="fv-az448-103" duration="00:00:00.0630000" startTime="2022-07-04T19:25:40.5715873+00:00" endTime="2022-07-04T19:25:40.5715873+00:00" testType="13cdc9d9-ddb5-4fa4-a97d-d965ccfc6d4b" outcome="Passed" testListId="8c84fa94-04c1-424b-9868-57a2d4851a1d" relativeResultsDirectory="4e05424f-ebb0-4433-a2d8-f8f828dda382" />
    <UnitTestResult executionId="7ccb1dbb-b825-4ce5-a6b2-fb2ae81147e9" testId="31a1a77c-5b35-2c19-9bdc-0ee23e06e8f3" testName="IntegrationTests.Controllers.ItemControllerTests.GetItemsPage_GetsProperPages(amount: 10, expectedPages: 1)" computerName="fv-az448-103" duration="00:00:00.0180000" startTime="2022-07-04T19:25:40.4545851+00:00" endTime="2022-07-04T19:25:40.4545851+00:00" testType="13cdc9d9-ddb5-4fa4-a97d-d965ccfc6d4b" outcome="Passed" testListId="8c84fa94-04c1-424b-9868-57a2d4851a1d" relativeResultsDirectory="7ccb1dbb-b825-4ce5-a6b2-fb2ae81147e9" />
    <UnitTestResult executionId="f22f0a53-529c-4a0a-8fb9-c8f3f567eba6" testId="d18898e3-6995-0d27-8e53-1ced81186e2d" testName="IntegrationTests.Controllers.ItemControllerTests.GetItemsPage_PageSize0_DefaultsTo1" computerName="fv-az448-103" duration="00:00:00.0180000" startTime="2022-07-04T19:25:40.6845865+00:00" endTime="2022-07-04T19:25:40.6845865+00:00" testType="13cdc9d9-ddb5-4fa4-a97d-d965ccfc6d4b" outcome="Passed" testListId="8c84fa94-04c1-424b-9868-57a2d4851a1d" relativeResultsDirectory="f22f0a53-529c-4a0a-8fb9-c8f3f567eba6" />
    <UnitTestResult executionId="7f38ebc0-27ac-4d7a-b618-061f868f42c0" testId="c6abb489-2666-fd84-85be-69873a4c76cc" testName="IntegrationTests.Controllers.ItemControllerTests.CreateItem_Creates(name: &quot;name1&quot;, description: &quot;description1&quot;)" computerName="fv-az448-103" duration="00:00:00.0120000" startTime="2022-07-04T19:25:40.3229084+00:00" endTime="2022-07-04T19:25:40.3229084+00:00" testType="13cdc9d9-ddb5-4fa4-a97d-d965ccfc6d4b" outcome="Passed" testListId="8c84fa94-04c1-424b-9868-57a2d4851a1d" relativeResultsDirectory="7f38ebc0-27ac-4d7a-b618-061f868f42c0" />
    <UnitTestResult executionId="98181a4a-2e86-4ea9-87e4-341288e707d2" testId="fe1c9811-4463-ef95-5296-cdd71ab090b8" testName="IntegrationTests.Controllers.ItemControllerTests.DeleteItem_DeletesMissingItem" computerName="fv-az448-103" duration="00:00:00.0150000" startTime="2022-07-04T19:25:40.7215868+00:00" endTime="2022-07-04T19:25:40.7215868+00:00" testType="13cdc9d9-ddb5-4fa4-a97d-d965ccfc6d4b" outcome="Passed" testListId="8c84fa94-04c1-424b-9868-57a2d4851a1d" relativeResultsDirectory="98181a4a-2e86-4ea9-87e4-341288e707d2" />
    <UnitTestResult executionId="0d251bd3-6b02-4cf8-ba7a-d05ca0c38e45" testId="c6d15831-7dbe-24e6-d39b-4f317a873a34" testName="IntegrationTests.Controllers.ItemControllerTests.GetItemsPage_GetsProperPages(amount: 1, expectedPages: 1)" computerName="fv-az448-103" duration="00:00:00.0270000" startTime="2022-07-04T19:25:40.4009114+00:00" endTime="2022-07-04T19:25:40.4009114+00:00" testType="13cdc9d9-ddb5-4fa4-a97d-d965ccfc6d4b" outcome="Passed" testListId="8c84fa94-04c1-424b-9868-57a2d4851a1d" relativeResultsDirectory="0d251bd3-6b02-4cf8-ba7a-d05ca0c38e45" />
    <UnitTestResult executionId="3f6793e4-93e2-4c3e-ae00-ef23dc7097cc" testId="1450a0ab-3596-66d8-8d08-6506bbe1f61b" testName="IntegrationTests.Controllers.ItemControllerTests.GetItemsPage_50Items_GetsProperly" computerName="fv-az448-103" duration="00:00:00.0370000" startTime="2022-07-04T19:25:40.3599073+00:00" endTime="2022-07-04T19:25:40.3599073+00:00" testType="13cdc9d9-ddb5-4fa4-a97d-d965ccfc6d4b" outcome="Passed" testListId="8c84fa94-04c1-424b-9868-57a2d4851a1d" relativeResultsDirectory="3f6793e4-93e2-4c3e-ae00-ef23dc7097cc" />
    <UnitTestResult executionId="9297695c-1b45-4e6f-9c19-b1926c4ed408" testId="b2691cfb-5962-80d6-34ac-12efb31ff88e" testName="IntegrationTests.Controllers.ItemControllerTests.DeleteItem_Deletes" computerName="fv-az448-103" duration="00:00:00.0770000" startTime="2022-07-04T19:25:40.6665882+00:00" endTime="2022-07-04T19:25:40.6665882+00:00" testType="13cdc9d9-ddb5-4fa4-a97d-d965ccfc6d4b" outcome="Passed" testListId="8c84fa94-04c1-424b-9868-57a2d4851a1d" relativeResultsDirectory="9297695c-1b45-4e6f-9c19-b1926c4ed408" />
    <UnitTestResult executionId="fc7a3b9d-56ff-4893-90dc-c91eddc143ab" testId="35a21cfd-ad2b-b819-14e0-5151fe414a07" testName="IntegrationTests.Controllers.ItemControllerTests.GetItemsPage_GetsProperPages(amount: 101, expectedPages: 11)" computerName="fv-az448-103" duration="00:00:00.0360000" startTime="2022-07-04T19:25:40.5095879+00:00" endTime="2022-07-04T19:25:40.5095879+00:00" testType="13cdc9d9-ddb5-4fa4-a97d-d965ccfc6d4b" outcome="Passed" testListId="8c84fa94-04c1-424b-9868-57a2d4851a1d" relativeResultsDirectory="fc7a3b9d-56ff-4893-90dc-c91eddc143ab" />
    <UnitTestResult executionId="b7f591c5-890d-4ee6-ae74-9dbce12c0bb5" testId="1ec97a71-0b29-f7c5-72ce-8cf48efa2e36" testName="IntegrationTests.Controllers.ItemControllerTests.CreateItem_Creates(name: &quot;name2&quot;, description: &quot;description2&quot;)" computerName="fv-az448-103" duration="00:00:00.0250000" startTime="2022-07-04T19:25:40.3119098+00:00" endTime="2022-07-04T19:25:40.3119098+00:00" testType="13cdc9d9-ddb5-4fa4-a97d-d965ccfc6d4b" outcome="Passed" testListId="8c84fa94-04c1-424b-9868-57a2d4851a1d" relativeResultsDirectory="b7f591c5-890d-4ee6-ae74-9dbce12c0bb5" />
    <UnitTestResult executionId="d6a74eec-dda2-4aff-9ea4-0444be4c7f97" testId="b5a2bbb3-e25b-0d71-cef7-0187c592a682" testName="IntegrationTests.Controllers.ItemControllerTests.GetItemsPage_Query_Filters(query: &quot;Name 100&quot;, expectedResults: 1)" computerName="fv-az448-103" duration="00:00:00.0360000" startTime="2022-07-04T19:25:40.2183662+00:00" endTime="2022-07-04T19:25:40.2183662+00:00" testType="13cdc9d9-ddb5-4fa4-a97d-d965ccfc6d4b" outcome="Passed" testListId="8c84fa94-04c1-424b-9868-57a2d4851a1d" relativeResultsDirectory="d6a74eec-dda2-4aff-9ea4-0444be4c7f97" />
    <UnitTestResult executionId="d8fe4ef1-f007-4bff-af0b-e35a17456dc2" testId="75b07048-5201-d631-649a-c012e65b7444" testName="IntegrationTests.Controllers.ItemControllerTests.GetItemsPage_Query_Filters(query: &quot;Name 10&quot;, expectedResults: 2)" computerName="fv-az448-103" duration="00:00:00.0370000" startTime="2022-07-04T19:25:40.2863663+00:00" endTime="2022-07-04T19:25:40.2863663+00:00" testType="13cdc9d9-ddb5-4fa4-a97d-d965ccfc6d4b" outcome="Passed" testListId="8c84fa94-04c1-424b-9868-57a2d4851a1d" relativeResultsDirectory="d8fe4ef1-f007-4bff-af0b-e35a17456dc2" />
    <UnitTestResult executionId="ceb3cdb6-5df3-4033-b191-0364c99bfd36" testId="945f4fce-c15e-e09c-9dbf-5879cde58a78" testName="IntegrationTests.Controllers.ItemControllerTests.GetItemsPage_Page0_DefaultsToPage1" computerName="fv-az448-103" duration="00:00:00.0170000" startTime="2022-07-04T19:25:40.5895879+00:00" endTime="2022-07-04T19:25:40.5895879+00:00" testType="13cdc9d9-ddb5-4fa4-a97d-d965ccfc6d4b" outcome="Passed" testListId="8c84fa94-04c1-424b-9868-57a2d4851a1d" relativeResultsDirectory="ceb3cdb6-5df3-4033-b191-0364c99bfd36" />
    <UnitTestResult executionId="12656016-092f-4755-b461-49efcb7b4ab4" testId="0a429b0b-08a8-36a6-5969-3c31a35cc366" testName="IntegrationTests.Controllers.ItemControllerTests.GetItemsPage_GetsProperPages(amount: 9, expectedPages: 1)" computerName="fv-az448-103" duration="00:00:00.0170000" startTime="2022-07-04T19:25:40.4715859+00:00" endTime="2022-07-04T19:25:40.4715859+00:00" testType="13cdc9d9-ddb5-4fa4-a97d-d965ccfc6d4b" outcome="Passed" testListId="8c84fa94-04c1-424b-9868-57a2d4851a1d" relativeResultsDirectory="12656016-092f-4755-b461-49efcb7b4ab4" />
    <UnitTestResult executionId="4c818a6e-e876-4811-af8d-2f5dc076763e" testId="9609bc3b-2435-1be2-e2f3-2c6b217c770c" testName="IntegrationTests.Controllers.ItemControllerTests.GetItemsPage_Query_Filters(query: &quot;Missing&quot;, expectedResults: 0)" computerName="fv-az448-103" duration="00:00:00.0370000" startTime="2022-07-04T19:25:40.1823662+00:00" endTime="2022-07-04T19:25:40.1823662+00:00" testType="13cdc9d9-ddb5-4fa4-a97d-d965ccfc6d4b" outcome="Passed" testListId="8c84fa94-04c1-424b-9868-57a2d4851a1d" relativeResultsDirectory="4c818a6e-e876-4811-af8d-2f5dc076763e" />
    <UnitTestResult executionId="056a1989-1df9-41aa-9db5-f568959157f5" testId="3b96b54e-967c-6e8f-1ced-4ff4d8370be3" testName="IntegrationTests.Controllers.ItemControllerTests.GetItemsPage_Query_Filters(query: &quot;&quot;, expectedResults: 100)" computerName="fv-az448-103" duration="00:00:00.0620000" startTime="2022-07-04T19:25:40.0653665+00:00" endTime="2022-07-04T19:25:40.0653665+00:00" testType="13cdc9d9-ddb5-4fa4-a97d-d965ccfc6d4b" outcome="Passed" testListId="8c84fa94-04c1-424b-9868-57a2d4851a1d" relativeResultsDirectory="056a1989-1df9-41aa-9db5-f568959157f5" />
    <UnitTestResult executionId="bfecc8ca-2574-458d-b209-2040465f20bd" testId="69a7a014-6241-5f0a-e55d-960890e56595" testName="IntegrationTests.Controllers.ServiceRouteMapperTests.RegisterRoutes_RegistersAtLestOneRoute" computerName="fv-az448-103" duration="00:00:01.3820000" startTime="2022-07-04T19:25:36.4743543+00:00" endTime="2022-07-04T19:25:36.4743543+00:00" testType="13cdc9d9-ddb5-4fa4-a97d-d965ccfc6d4b" outcome="Passed" testListId="8c84fa94-04c1-424b-9868-57a2d4851a1d" relativeResultsDirectory="bfecc8ca-2574-458d-b209-2040465f20bd" />
    <UnitTestResult executionId="a6c1d7e4-f4f2-43e4-a1aa-192d29dcad4e" testId="4fd078d7-61ec-6e3f-be79-cf322012a0cd" testName="IntegrationTests.Controllers.ItemControllerTests.GetItemsPage_SortsAscending" computerName="fv-az448-103" duration="00:00:04.9430000" startTime="2022-07-04T19:25:40.0033663+00:00" endTime="2022-07-04T19:25:40.0033663+00:00" testType="13cdc9d9-ddb5-4fa4-a97d-d965ccfc6d4b" outcome="Passed" testListId="8c84fa94-04c1-424b-9868-57a2d4851a1d" relativeResultsDirectory="a6c1d7e4-f4f2-43e4-a1aa-192d29dcad4e" />
    <UnitTestResult executionId="ed046407-c236-40fa-b4f7-62c1b4d586db" testId="eb8cb345-7707-0e07-1566-f6a04ceb2670" testName="IntegrationTests.Controllers.ItemControllerTests.CanEdit_Defaults_To_False" computerName="fv-az448-103" duration="00:00:00.0130000" startTime="2022-07-04T19:25:40.3729105+00:00" endTime="2022-07-04T19:25:40.3729105+00:00" testType="13cdc9d9-ddb5-4fa4-a97d-d965ccfc6d4b" outcome="Passed" testListId="8c84fa94-04c1-424b-9868-57a2d4851a1d" relativeResultsDirectory="ed046407-c236-40fa-b4f7-62c1b4d586db" />
    <UnitTestResult executionId="4256043b-adb6-4799-be8a-152ceef68b28" testId="06f0962d-466b-0634-113e-f3863f9b599c" testName="IntegrationTests.Controllers.ItemControllerTests.GetItemsPage_GetsProperPages(amount: 99, expectedPages: 10)" computerName="fv-az448-103" duration="00:00:00.0360000" startTime="2022-07-04T19:25:40.4365868+00:00" endTime="2022-07-04T19:25:40.4365868+00:00" testType="13cdc9d9-ddb5-4fa4-a97d-d965ccfc6d4b" outcome="Passed" testListId="8c84fa94-04c1-424b-9868-57a2d4851a1d" relativeResultsDirectory="4256043b-adb6-4799-be8a-152ceef68b28" />
    <UnitTestResult executionId="6aaa5d94-429c-4309-b4a7-7901e50592f6" testId="74f30272-fd7f-9b4e-507d-1c94cc60bb29" testName="IntegrationTests.Controllers.ItemControllerTests.GetItemsPage_Query_Filters(query: &quot;1&quot;, expectedResults: 20)" computerName="fv-az448-103" duration="00:00:00.0420000" startTime="2022-07-04T19:25:40.1073663+00:00" endTime="2022-07-04T19:25:40.1073663+00:00" testType="13cdc9d9-ddb5-4fa4-a97d-d965ccfc6d4b" outcome="Passed" testListId="8c84fa94-04c1-424b-9868-57a2d4851a1d" relativeResultsDirectory="6aaa5d94-429c-4309-b4a7-7901e50592f6" />
    <UnitTestResult executionId="8549481b-2777-402a-8aa6-01b6a1d1ab6f" testId="2f8521ee-e0ca-eac4-b453-aa86236fc9b9" testName="IntegrationTests.Controllers.ItemControllerTests.GetItemsPage_SortsDescending" computerName="fv-az448-103" duration="00:00:00.0170000" startTime="2022-07-04T19:25:40.7015852+00:00" endTime="2022-07-04T19:25:40.7015852+00:00" testType="13cdc9d9-ddb5-4fa4-a97d-d965ccfc6d4b" outcome="Passed" testListId="8c84fa94-04c1-424b-9868-57a2d4851a1d" relativeResultsDirectory="8549481b-2777-402a-8aa6-01b6a1d1ab6f" />
    <UnitTestResult executionId="08ec6919-4e9b-4945-bb35-a261bf601aa2" testId="64ce4809-e3f8-8d8e-c808-2938f18aa4d4" testName="IntegrationTests.Controllers.ItemControllerTests.GetItemsPage_Query_Filters(query: &quot;Name 2&quot;, expectedResults: 11)" computerName="fv-az448-103" duration="00:00:00.0300000" startTime="2022-07-04T19:25:40.2493673+00:00" endTime="2022-07-04T19:25:40.2493673+00:00" testType="13cdc9d9-ddb5-4fa4-a97d-d965ccfc6d4b" outcome="Passed" testListId="8c84fa94-04c1-424b-9868-57a2d4851a1d" relativeResultsDirectory="08ec6919-4e9b-4945-bb35-a261bf601aa2" />
    <UnitTestResult executionId="4ba14f72-71d5-4e05-9d2b-47a2afd339a7" testId="6274cd22-d848-61dd-8233-d29a2f361a38" testName="IntegrationTests.Controllers.ItemControllerTests.GetItemsPage_Query_Filters(query: &quot;Name 1&quot;, expectedResults: 12)" computerName="fv-az448-103" duration="00:00:00.0380000" startTime="2022-07-04T19:25:40.1453648+00:00" endTime="2022-07-04T19:25:40.1453648+00:00" testType="13cdc9d9-ddb5-4fa4-a97d-d965ccfc6d4b" outcome="Passed" testListId="8c84fa94-04c1-424b-9868-57a2d4851a1d" relativeResultsDirectory="4ba14f72-71d5-4e05-9d2b-47a2afd339a7" />
  </Results>
  <TestDefinitions>
    <UnitTest name="IntegrationTests.Controllers.ItemControllerTests.GetItemsPage_Query_Filters(query: &quot;Name 10&quot;, expectedResults: 2)" storage="d:\a\mymodule20220704\mymodule20220704\integrationtests\bin\integrationtests.dll" id="75b07048-5201-d631-649a-c012e65b7444">
      <Execution id="d8fe4ef1-f007-4bff-af0b-e35a17456dc2" />
      <TestMethod codeBase="D:\a\MyModule20220704\MyModule20220704\IntegrationTests\bin\IntegrationTests.dll" adapterTypeName="executor://xunit/VsTestRunner2/net" className="IntegrationTests.Controllers.ItemControllerTests" name="GetItemsPage_Query_Filters" />
    </UnitTest>
    <UnitTest name="IntegrationTests.Controllers.ItemControllerTests.GetItemsPage_Query_Filters(query: &quot;1&quot;, expectedResults: 20)" storage="d:\a\mymodule20220704\mymodule20220704\integrationtests\bin\integrationtests.dll" id="74f30272-fd7f-9b4e-507d-1c94cc60bb29">
      <Execution id="6aaa5d94-429c-4309-b4a7-7901e50592f6" />
      <TestMethod codeBase="D:\a\MyModule20220704\MyModule20220704\IntegrationTests\bin\IntegrationTests.dll" adapterTypeName="executor://xunit/VsTestRunner2/net" className="IntegrationTests.Controllers.ItemControllerTests" name="GetItemsPage_Query_Filters" />
    </UnitTest>
    <UnitTest name="IntegrationTests.Controllers.ItemControllerTests.GetItemsPage_GetsProperPages(amount: 99, expectedPages: 10)" storage="d:\a\mymodule20220704\mymodule20220704\integrationtests\bin\integrationtests.dll" id="06f0962d-466b-0634-113e-f3863f9b599c">
      <Execution id="4256043b-adb6-4799-be8a-152ceef68b28" />
      <TestMethod codeBase="D:\a\MyModule20220704\MyModule20220704\IntegrationTests\bin\IntegrationTests.dll" adapterTypeName="executor://xunit/VsTestRunner2/net" className="IntegrationTests.Controllers.ItemControllerTests" name="GetItemsPage_GetsProperPages" />
    </UnitTest>
    <UnitTest name="IntegrationTests.Controllers.ItemControllerTests.DeleteItem_DeletesMissingItem" storage="d:\a\mymodule20220704\mymodule20220704\integrationtests\bin\integrationtests.dll" id="fe1c9811-4463-ef95-5296-cdd71ab090b8">
      <Execution id="98181a4a-2e86-4ea9-87e4-341288e707d2" />
      <TestMethod codeBase="D:\a\MyModule20220704\MyModule20220704\IntegrationTests\bin\IntegrationTests.dll" adapterTypeName="executor://xunit/VsTestRunner2/net" className="IntegrationTests.Controllers.ItemControllerTests" name="DeleteItem_DeletesMissingItem" />
    </UnitTest>
    <UnitTest name="IntegrationTests.Controllers.ItemControllerTests.EditItem_Saves" storage="d:\a\mymodule20220704\mymodule20220704\integrationtests\bin\integrationtests.dll" id="43169439-e722-3696-654b-e380ed8f351d">
      <Execution id="4e05424f-ebb0-4433-a2d8-f8f828dda382" />
      <TestMethod codeBase="D:\a\MyModule20220704\MyModule20220704\IntegrationTests\bin\IntegrationTests.dll" adapterTypeName="executor://xunit/VsTestRunner2/net" className="IntegrationTests.Controllers.ItemControllerTests" name="EditItem_Saves" />
    </UnitTest>
    <UnitTest name="IntegrationTests.Controllers.ItemControllerTests.CreateItem_Creates(name: &quot;name1&quot;, description: &quot;description1&quot;)" storage="d:\a\mymodule20220704\mymodule20220704\integrationtests\bin\integrationtests.dll" id="c6abb489-2666-fd84-85be-69873a4c76cc">
      <Execution id="7f38ebc0-27ac-4d7a-b618-061f868f42c0" />
      <TestMethod codeBase="D:\a\MyModule20220704\MyModule20220704\IntegrationTests\bin\IntegrationTests.dll" adapterTypeName="executor://xunit/VsTestRunner2/net" className="IntegrationTests.Controllers.ItemControllerTests" name="CreateItem_Creates" />
    </UnitTest>
    <UnitTest name="IntegrationTests.Controllers.ItemControllerTests.GetItemsPage_Query_Filters(query: &quot;&quot;, expectedResults: 100)" storage="d:\a\mymodule20220704\mymodule20220704\integrationtests\bin\integrationtests.dll" id="3b96b54e-967c-6e8f-1ced-4ff4d8370be3">
      <Execution id="056a1989-1df9-41aa-9db5-f568959157f5" />
      <TestMethod codeBase="D:\a\MyModule20220704\MyModule20220704\IntegrationTests\bin\IntegrationTests.dll" adapterTypeName="executor://xunit/VsTestRunner2/net" className="IntegrationTests.Controllers.ItemControllerTests" name="GetItemsPage_Query_Filters" />
    </UnitTest>
    <UnitTest name="IntegrationTests.Controllers.ItemControllerTests.GetItemsPage_SortsDescending" storage="d:\a\mymodule20220704\mymodule20220704\integrationtests\bin\integrationtests.dll" id="2f8521ee-e0ca-eac4-b453-aa86236fc9b9">
      <Execution id="8549481b-2777-402a-8aa6-01b6a1d1ab6f" />
      <TestMethod codeBase="D:\a\MyModule20220704\MyModule20220704\IntegrationTests\bin\IntegrationTests.dll" adapterTypeName="executor://xunit/VsTestRunner2/net" className="IntegrationTests.Controllers.ItemControllerTests" name="GetItemsPage_SortsDescending" />
    </UnitTest>
    <UnitTest name="IntegrationTests.Controllers.ItemControllerTests.GetItemsPage_Page0_DefaultsToPage1" storage="d:\a\mymodule20220704\mymodule20220704\integrationtests\bin\integrationtests.dll" id="945f4fce-c15e-e09c-9dbf-5879cde58a78">
      <Execution id="ceb3cdb6-5df3-4033-b191-0364c99bfd36" />
      <TestMethod codeBase="D:\a\MyModule20220704\MyModule20220704\IntegrationTests\bin\IntegrationTests.dll" adapterTypeName="executor://xunit/VsTestRunner2/net" className="IntegrationTests.Controllers.ItemControllerTests" name="GetItemsPage_Page0_DefaultsToPage1" />
    </UnitTest>
    <UnitTest name="IntegrationTests.Controllers.ItemControllerTests.GetItemsPage_50Items_GetsProperly" storage="d:\a\mymodule20220704\mymodule20220704\integrationtests\bin\integrationtests.dll" id="1450a0ab-3596-66d8-8d08-6506bbe1f61b">
      <Execution id="3f6793e4-93e2-4c3e-ae00-ef23dc7097cc" />
      <TestMethod codeBase="D:\a\MyModule20220704\MyModule20220704\IntegrationTests\bin\IntegrationTests.dll" adapterTypeName="executor://xunit/VsTestRunner2/net" className="IntegrationTests.Controllers.ItemControllerTests" name="GetItemsPage_50Items_GetsProperly" />
    </UnitTest>
    <UnitTest name="IntegrationTests.Controllers.ItemControllerTests.GetItemsPage_GetsProperPages(amount: 101, expectedPages: 11)" storage="d:\a\mymodule20220704\mymodule20220704\integrationtests\bin\integrationtests.dll" id="35a21cfd-ad2b-b819-14e0-5151fe414a07">
      <Execution id="fc7a3b9d-56ff-4893-90dc-c91eddc143ab" />
      <TestMethod codeBase="D:\a\MyModule20220704\MyModule20220704\IntegrationTests\bin\IntegrationTests.dll" adapterTypeName="executor://xunit/VsTestRunner2/net" className="IntegrationTests.Controllers.ItemControllerTests" name="GetItemsPage_GetsProperPages" />
    </UnitTest>
    <UnitTest name="IntegrationTests.Controllers.ItemControllerTests.GetItemsPage_GetsProperPages(amount: 1, expectedPages: 1)" storage="d:\a\mymodule20220704\mymodule20220704\integrationtests\bin\integrationtests.dll" id="c6d15831-7dbe-24e6-d39b-4f317a873a34">
      <Execution id="0d251bd3-6b02-4cf8-ba7a-d05ca0c38e45" />
      <TestMethod codeBase="D:\a\MyModule20220704\MyModule20220704\IntegrationTests\bin\IntegrationTests.dll" adapterTypeName="executor://xunit/VsTestRunner2/net" className="IntegrationTests.Controllers.ItemControllerTests" name="GetItemsPage_GetsProperPages" />
    </UnitTest>
    <UnitTest name="IntegrationTests.Controllers.ItemControllerTests.CreateItem_Creates(name: &quot;name2&quot;, description: &quot;description2&quot;)" storage="d:\a\mymodule20220704\mymodule20220704\integrationtests\bin\integrationtests.dll" id="1ec97a71-0b29-f7c5-72ce-8cf48efa2e36">
      <Execution id="b7f591c5-890d-4ee6-ae74-9dbce12c0bb5" />
      <TestMethod codeBase="D:\a\MyModule20220704\MyModule20220704\IntegrationTests\bin\IntegrationTests.dll" adapterTypeName="executor://xunit/VsTestRunner2/net" className="IntegrationTests.Controllers.ItemControllerTests" name="CreateItem_Creates" />
    </UnitTest>
    <UnitTest name="IntegrationTests.Controllers.ItemControllerTests.GetItemsPage_SortsAscending" storage="d:\a\mymodule20220704\mymodule20220704\integrationtests\bin\integrationtests.dll" id="4fd078d7-61ec-6e3f-be79-cf322012a0cd">
      <Execution id="a6c1d7e4-f4f2-43e4-a1aa-192d29dcad4e" />
      <TestMethod codeBase="D:\a\MyModule20220704\MyModule20220704\IntegrationTests\bin\IntegrationTests.dll" adapterTypeName="executor://xunit/VsTestRunner2/net" className="IntegrationTests.Controllers.ItemControllerTests" name="GetItemsPage_SortsAscending" />
    </UnitTest>
    <UnitTest name="IntegrationTests.Controllers.ItemControllerTests.GetItemsPage_PageSize0_DefaultsTo1" storage="d:\a\mymodule20220704\mymodule20220704\integrationtests\bin\integrationtests.dll" id="d18898e3-6995-0d27-8e53-1ced81186e2d">
      <Execution id="f22f0a53-529c-4a0a-8fb9-c8f3f567eba6" />
      <TestMethod codeBase="D:\a\MyModule20220704\MyModule20220704\IntegrationTests\bin\IntegrationTests.dll" adapterTypeName="executor://xunit/VsTestRunner2/net" className="IntegrationTests.Controllers.ItemControllerTests" name="GetItemsPage_PageSize0_DefaultsTo1" />
    </UnitTest>
    <UnitTest name="IntegrationTests.Controllers.ItemControllerTests.GetItemsPage_GetsProperPages(amount: 9, expectedPages: 1)" storage="d:\a\mymodule20220704\mymodule20220704\integrationtests\bin\integrationtests.dll" id="0a429b0b-08a8-36a6-5969-3c31a35cc366">
      <Execution id="12656016-092f-4755-b461-49efcb7b4ab4" />
      <TestMethod codeBase="D:\a\MyModule20220704\MyModule20220704\IntegrationTests\bin\IntegrationTests.dll" adapterTypeName="executor://xunit/VsTestRunner2/net" className="IntegrationTests.Controllers.ItemControllerTests" name="GetItemsPage_GetsProperPages" />
    </UnitTest>
    <UnitTest name="IntegrationTests.Controllers.ItemControllerTests.GetItemsPage_GetsProperPages(amount: 10, expectedPages: 1)" storage="d:\a\mymodule20220704\mymodule20220704\integrationtests\bin\integrationtests.dll" id="31a1a77c-5b35-2c19-9bdc-0ee23e06e8f3">
      <Execution id="7ccb1dbb-b825-4ce5-a6b2-fb2ae81147e9" />
      <TestMethod codeBase="D:\a\MyModule20220704\MyModule20220704\IntegrationTests\bin\IntegrationTests.dll" adapterTypeName="executor://xunit/VsTestRunner2/net" className="IntegrationTests.Controllers.ItemControllerTests" name="GetItemsPage_GetsProperPages" />
    </UnitTest>
    <UnitTest name="IntegrationTests.Controllers.ItemControllerTests.GetItemsPage_Query_Filters(query: &quot;Missing&quot;, expectedResults: 0)" storage="d:\a\mymodule20220704\mymodule20220704\integrationtests\bin\integrationtests.dll" id="9609bc3b-2435-1be2-e2f3-2c6b217c770c">
      <Execution id="4c818a6e-e876-4811-af8d-2f5dc076763e" />
      <TestMethod codeBase="D:\a\MyModule20220704\MyModule20220704\IntegrationTests\bin\IntegrationTests.dll" adapterTypeName="executor://xunit/VsTestRunner2/net" className="IntegrationTests.Controllers.ItemControllerTests" name="GetItemsPage_Query_Filters" />
    </UnitTest>
    <UnitTest name="IntegrationTests.Controllers.ItemControllerTests.DeleteItem_Deletes" storage="d:\a\mymodule20220704\mymodule20220704\integrationtests\bin\integrationtests.dll" id="b2691cfb-5962-80d6-34ac-12efb31ff88e">
      <Execution id="9297695c-1b45-4e6f-9c19-b1926c4ed408" />
      <TestMethod codeBase="D:\a\MyModule20220704\MyModule20220704\IntegrationTests\bin\IntegrationTests.dll" adapterTypeName="executor://xunit/VsTestRunner2/net" className="IntegrationTests.Controllers.ItemControllerTests" name="DeleteItem_Deletes" />
    </UnitTest>
    <UnitTest name="IntegrationTests.Controllers.ItemControllerTests.GetItemsPage_Query_Filters(query: &quot;Name 2&quot;, expectedResults: 11)" storage="d:\a\mymodule20220704\mymodule20220704\integrationtests\bin\integrationtests.dll" id="64ce4809-e3f8-8d8e-c808-2938f18aa4d4">
      <Execution id="08ec6919-4e9b-4945-bb35-a261bf601aa2" />
      <TestMethod codeBase="D:\a\MyModule20220704\MyModule20220704\IntegrationTests\bin\IntegrationTests.dll" adapterTypeName="executor://xunit/VsTestRunner2/net" className="IntegrationTests.Controllers.ItemControllerTests" name="GetItemsPage_Query_Filters" />
    </UnitTest>
    <UnitTest name="IntegrationTests.Controllers.ItemControllerTests.GetItemsPage_Query_Filters(query: &quot;Name 100&quot;, expectedResults: 1)" storage="d:\a\mymodule20220704\mymodule20220704\integrationtests\bin\integrationtests.dll" id="b5a2bbb3-e25b-0d71-cef7-0187c592a682">
      <Execution id="d6a74eec-dda2-4aff-9ea4-0444be4c7f97" />
      <TestMethod codeBase="D:\a\MyModule20220704\MyModule20220704\IntegrationTests\bin\IntegrationTests.dll" adapterTypeName="executor://xunit/VsTestRunner2/net" className="IntegrationTests.Controllers.ItemControllerTests" name="GetItemsPage_Query_Filters" />
    </UnitTest>
    <UnitTest name="IntegrationTests.Controllers.ServiceRouteMapperTests.RegisterRoutes_RegistersAtLestOneRoute" storage="d:\a\mymodule20220704\mymodule20220704\integrationtests\bin\integrationtests.dll" id="69a7a014-6241-5f0a-e55d-960890e56595">
      <Execution id="bfecc8ca-2574-458d-b209-2040465f20bd" />
      <TestMethod codeBase="D:\a\MyModule20220704\MyModule20220704\IntegrationTests\bin\IntegrationTests.dll" adapterTypeName="executor://xunit/VsTestRunner2/net" className="IntegrationTests.Controllers.ServiceRouteMapperTests" name="RegisterRoutes_RegistersAtLestOneRoute" />
    </UnitTest>
    <UnitTest name="IntegrationTests.Controllers.ItemControllerTests.GetItemsPage_Query_Filters(query: &quot;Name 1&quot;, expectedResults: 12)" storage="d:\a\mymodule20220704\mymodule20220704\integrationtests\bin\integrationtests.dll" id="6274cd22-d848-61dd-8233-d29a2f361a38">
      <Execution id="4ba14f72-71d5-4e05-9d2b-47a2afd339a7" />
      <TestMethod codeBase="D:\a\MyModule20220704\MyModule20220704\IntegrationTests\bin\IntegrationTests.dll" adapterTypeName="executor://xunit/VsTestRunner2/net" className="IntegrationTests.Controllers.ItemControllerTests" name="GetItemsPage_Query_Filters" />
    </UnitTest>
    <UnitTest name="IntegrationTests.Controllers.ItemControllerTests.CanEdit_Defaults_To_False" storage="d:\a\mymodule20220704\mymodule20220704\integrationtests\bin\integrationtests.dll" id="eb8cb345-7707-0e07-1566-f6a04ceb2670">
      <Execution id="ed046407-c236-40fa-b4f7-62c1b4d586db" />
      <TestMethod codeBase="D:\a\MyModule20220704\MyModule20220704\IntegrationTests\bin\IntegrationTests.dll" adapterTypeName="executor://xunit/VsTestRunner2/net" className="IntegrationTests.Controllers.ItemControllerTests" name="CanEdit_Defaults_To_False" />
    </UnitTest>
  </TestDefinitions>
  <TestEntries>
    <TestEntry testId="43169439-e722-3696-654b-e380ed8f351d" executionId="4e05424f-ebb0-4433-a2d8-f8f828dda382" testListId="8c84fa94-04c1-424b-9868-57a2d4851a1d" />
    <TestEntry testId="31a1a77c-5b35-2c19-9bdc-0ee23e06e8f3" executionId="7ccb1dbb-b825-4ce5-a6b2-fb2ae81147e9" testListId="8c84fa94-04c1-424b-9868-57a2d4851a1d" />
    <TestEntry testId="d18898e3-6995-0d27-8e53-1ced81186e2d" executionId="f22f0a53-529c-4a0a-8fb9-c8f3f567eba6" testListId="8c84fa94-04c1-424b-9868-57a2d4851a1d" />
    <TestEntry testId="c6abb489-2666-fd84-85be-69873a4c76cc" executionId="7f38ebc0-27ac-4d7a-b618-061f868f42c0" testListId="8c84fa94-04c1-424b-9868-57a2d4851a1d" />
    <TestEntry testId="fe1c9811-4463-ef95-5296-cdd71ab090b8" executionId="98181a4a-2e86-4ea9-87e4-341288e707d2" testListId="8c84fa94-04c1-424b-9868-57a2d4851a1d" />
    <TestEntry testId="c6d15831-7dbe-24e6-d39b-4f317a873a34" executionId="0d251bd3-6b02-4cf8-ba7a-d05ca0c38e45" testListId="8c84fa94-04c1-424b-9868-57a2d4851a1d" />
    <TestEntry testId="1450a0ab-3596-66d8-8d08-6506bbe1f61b" executionId="3f6793e4-93e2-4c3e-ae00-ef23dc7097cc" testListId="8c84fa94-04c1-424b-9868-57a2d4851a1d" />
    <TestEntry testId="b2691cfb-5962-80d6-34ac-12efb31ff88e" executionId="9297695c-1b45-4e6f-9c19-b1926c4ed408" testListId="8c84fa94-04c1-424b-9868-57a2d4851a1d" />
    <TestEntry testId="35a21cfd-ad2b-b819-14e0-5151fe414a07" executionId="fc7a3b9d-56ff-4893-90dc-c91eddc143ab" testListId="8c84fa94-04c1-424b-9868-57a2d4851a1d" />
    <TestEntry testId="1ec97a71-0b29-f7c5-72ce-8cf48efa2e36" executionId="b7f591c5-890d-4ee6-ae74-9dbce12c0bb5" testListId="8c84fa94-04c1-424b-9868-57a2d4851a1d" />
    <TestEntry testId="b5a2bbb3-e25b-0d71-cef7-0187c592a682" executionId="d6a74eec-dda2-4aff-9ea4-0444be4c7f97" testListId="8c84fa94-04c1-424b-9868-57a2d4851a1d" />
    <TestEntry testId="75b07048-5201-d631-649a-c012e65b7444" executionId="d8fe4ef1-f007-4bff-af0b-e35a17456dc2" testListId="8c84fa94-04c1-424b-9868-57a2d4851a1d" />
    <TestEntry testId="945f4fce-c15e-e09c-9dbf-5879cde58a78" executionId="ceb3cdb6-5df3-4033-b191-0364c99bfd36" testListId="8c84fa94-04c1-424b-9868-57a2d4851a1d" />
    <TestEntry testId="0a429b0b-08a8-36a6-5969-3c31a35cc366" executionId="12656016-092f-4755-b461-49efcb7b4ab4" testListId="8c84fa94-04c1-424b-9868-57a2d4851a1d" />
    <TestEntry testId="9609bc3b-2435-1be2-e2f3-2c6b217c770c" executionId="4c818a6e-e876-4811-af8d-2f5dc076763e" testListId="8c84fa94-04c1-424b-9868-57a2d4851a1d" />
    <TestEntry testId="3b96b54e-967c-6e8f-1ced-4ff4d8370be3" executionId="056a1989-1df9-41aa-9db5-f568959157f5" testListId="8c84fa94-04c1-424b-9868-57a2d4851a1d" />
    <TestEntry testId="69a7a014-6241-5f0a-e55d-960890e56595" executionId="bfecc8ca-2574-458d-b209-2040465f20bd" testListId="8c84fa94-04c1-424b-9868-57a2d4851a1d" />
    <TestEntry testId="4fd078d7-61ec-6e3f-be79-cf322012a0cd" executionId="a6c1d7e4-f4f2-43e4-a1aa-192d29dcad4e" testListId="8c84fa94-04c1-424b-9868-57a2d4851a1d" />
    <TestEntry testId="eb8cb345-7707-0e07-1566-f6a04ceb2670" executionId="ed046407-c236-40fa-b4f7-62c1b4d586db" testListId="8c84fa94-04c1-424b-9868-57a2d4851a1d" />
    <TestEntry testId="06f0962d-466b-0634-113e-f3863f9b599c" executionId="4256043b-adb6-4799-be8a-152ceef68b28" testListId="8c84fa94-04c1-424b-9868-57a2d4851a1d" />
    <TestEntry testId="74f30272-fd7f-9b4e-507d-1c94cc60bb29" executionId="6aaa5d94-429c-4309-b4a7-7901e50592f6" testListId="8c84fa94-04c1-424b-9868-57a2d4851a1d" />
    <TestEntry testId="2f8521ee-e0ca-eac4-b453-aa86236fc9b9" executionId="8549481b-2777-402a-8aa6-01b6a1d1ab6f" testListId="8c84fa94-04c1-424b-9868-57a2d4851a1d" />
    <TestEntry testId="64ce4809-e3f8-8d8e-c808-2938f18aa4d4" executionId="08ec6919-4e9b-4945-bb35-a261bf601aa2" testListId="8c84fa94-04c1-424b-9868-57a2d4851a1d" />
    <TestEntry testId="6274cd22-d848-61dd-8233-d29a2f361a38" executionId="4ba14f72-71d5-4e05-9d2b-47a2afd339a7" testListId="8c84fa94-04c1-424b-9868-57a2d4851a1d" />
  </TestEntries>
  <TestLists>
    <TestList name="Results Not in a List" id="8c84fa94-04c1-424b-9868-57a2d4851a1d" />
    <TestList name="All Loaded Results" id="19431567-8539-422a-85d7-44ee4e166bda" />
  </TestLists>
  <ResultSummary outcome="Completed">
    <Counters total="24" executed="24" passed="24" failed="0" error="0" timeout="0" aborted="0" inconclusive="0" passedButRunAborted="0" notRunnable="0" notExecuted="0" disconnected="0" warning="0" completed="0" inProgress="0" pending="0" />
    <Output>
      <StdOut>[xUnit.net 00:00:00.06] xUnit.net VSTest Adapter v2.4.3+1b45f5407b (32-bit Desktop .NET 4.0.30319.42000)&#xD;
[xUnit.net 00:00:01.32]   Discovering: IntegrationTests&#xD;
[xUnit.net 00:00:01.70]   Discovered:  IntegrationTests&#xD;
[xUnit.net 00:00:01.70]   Starting:    IntegrationTests&#xD;
[xUnit.net 00:00:07.58]   Finished:    IntegrationTests&#xD;
</StdOut>
    </Output>
  </ResultSummary>
</TestRun>