<?xml version="1.0" encoding="utf-8"?>
<TestRun id="751b5b1d-d661-4dff-b7a7-b6d538f3afdb" name="runneradmin@fv-az365-556 2022-07-04 20:56:29" runUser="fv-az365-556\runneradmin" xmlns="http://microsoft.com/schemas/VisualStudio/TeamTest/2010">
  <Times creation="2022-07-04T20:56:29.0964721+00:00" queuing="2022-07-04T20:56:29.0964723+00:00" start="2022-07-04T20:56:11.6339972+00:00" finish="2022-07-04T20:56:33.3961354+00:00" />
  <TestSettings name="default" id="68f58fc2-270b-476b-aa8d-400de2c90d58">
    <Deployment runDeploymentRoot="runneradmin_fv-az365-556_2022-07-04_20_56_29" />
  </TestSettings>
  <Results>
    <UnitTestResult executionId="8fa51118-2441-4c7e-a63e-50e22e2ad1f6" testId="1450a0ab-3596-66d8-8d08-6506bbe1f61b" testName="IntegrationTests.Controllers.ItemControllerTests.GetItemsPage_50Items_GetsProperly" computerName="fv-az365-556" duration="00:00:00.0320000" startTime="2022-07-04T20:56:32.8419975+00:00" endTime="2022-07-04T20:56:32.8419975+00:00" testType="13cdc9d9-ddb5-4fa4-a97d-d965ccfc6d4b" outcome="Passed" testListId="8c84fa94-04c1-424b-9868-57a2d4851a1d" relativeResultsDirectory="8fa51118-2441-4c7e-a63e-50e22e2ad1f6" />
    <UnitTestResult executionId="2dbfdc6e-9d18-4276-a6dc-cbf9d57e85dd" testId="945f4fce-c15e-e09c-9dbf-5879cde58a78" testName="IntegrationTests.Controllers.ItemControllerTests.GetItemsPage_Page0_DefaultsToPage1" computerName="fv-az365-556" duration="00:00:00.0160000" startTime="2022-07-04T20:56:33.0495469+00:00" endTime="2022-07-04T20:56:33.0495469+00:00" testType="13cdc9d9-ddb5-4fa4-a97d-d965ccfc6d4b" outcome="Passed" testListId="8c84fa94-04c1-424b-9868-57a2d4851a1d" relativeResultsDirectory="2dbfdc6e-9d18-4276-a6dc-cbf9d57e85dd" />
    <UnitTestResult executionId="50f5cdbd-abc8-4c7a-a166-d27850b7c213" testId="9609bc3b-2435-1be2-e2f3-2c6b217c770c" testName="IntegrationTests.Controllers.ItemControllerTests.GetItemsPage_Query_Filters(query: &quot;Missing&quot;, expectedResults: 0)" computerName="fv-az365-556" duration="00:00:00.0350000" startTime="2022-07-04T20:56:32.6769907+00:00" endTime="2022-07-04T20:56:32.6769907+00:00" testType="13cdc9d9-ddb5-4fa4-a97d-d965ccfc6d4b" outcome="Passed" testListId="8c84fa94-04c1-424b-9868-57a2d4851a1d" relativeResultsDirectory="50f5cdbd-abc8-4c7a-a166-d27850b7c213" />
    <UnitTestResult executionId="33711472-9b09-424c-a2bd-69adb49dd69a" testId="64ce4809-e3f8-8d8e-c808-2938f18aa4d4" testName="IntegrationTests.Controllers.ItemControllerTests.GetItemsPage_Query_Filters(query: &quot;Name 2&quot;, expectedResults: 11)" computerName="fv-az365-556" duration="00:00:00.0290000" startTime="2022-07-04T20:56:32.7399914+00:00" endTime="2022-07-04T20:56:32.7399914+00:00" testType="13cdc9d9-ddb5-4fa4-a97d-d965ccfc6d4b" outcome="Passed" testListId="8c84fa94-04c1-424b-9868-57a2d4851a1d" relativeResultsDirectory="33711472-9b09-424c-a2bd-69adb49dd69a" />
    <UnitTestResult executionId="6a6e0621-9411-46d5-99c9-2755c41a6dc8" testId="74f30272-fd7f-9b4e-507d-1c94cc60bb29" testName="IntegrationTests.Controllers.ItemControllerTests.GetItemsPage_Query_Filters(query: &quot;1&quot;, expectedResults: 20)" computerName="fv-az365-556" duration="00:00:00.0380000" startTime="2022-07-04T20:56:32.6059864+00:00" endTime="2022-07-04T20:56:32.6059864+00:00" testType="13cdc9d9-ddb5-4fa4-a97d-d965ccfc6d4b" outcome="Passed" testListId="8c84fa94-04c1-424b-9868-57a2d4851a1d" relativeResultsDirectory="6a6e0621-9411-46d5-99c9-2755c41a6dc8" />
    <UnitTestResult executionId="a8fc9726-784a-47c2-adba-05aa38eb484a" testId="d18898e3-6995-0d27-8e53-1ced81186e2d" testName="IntegrationTests.Controllers.ItemControllerTests.GetItemsPage_PageSize0_DefaultsTo1" computerName="fv-az365-556" duration="00:00:00.0170000" startTime="2022-07-04T20:56:33.1415482+00:00" endTime="2022-07-04T20:56:33.1415482+00:00" testType="13cdc9d9-ddb5-4fa4-a97d-d965ccfc6d4b" outcome="Passed" testListId="8c84fa94-04c1-424b-9868-57a2d4851a1d" relativeResultsDirectory="a8fc9726-784a-47c2-adba-05aa38eb484a" />
    <UnitTestResult executionId="ef1464cc-f733-4982-ac4a-b5e5309a7dcc" testId="35a21cfd-ad2b-b819-14e0-5151fe414a07" testName="IntegrationTests.Controllers.ItemControllerTests.GetItemsPage_GetsProperPages(amount: 101, expectedPages: 11)" computerName="fv-az365-556" duration="00:00:00.0340000" startTime="2022-07-04T20:56:32.9715445+00:00" endTime="2022-07-04T20:56:32.9715445+00:00" testType="13cdc9d9-ddb5-4fa4-a97d-d965ccfc6d4b" outcome="Passed" testListId="8c84fa94-04c1-424b-9868-57a2d4851a1d" relativeResultsDirectory="ef1464cc-f733-4982-ac4a-b5e5309a7dcc" />
    <UnitTestResult executionId="2cd60dd5-793b-48c8-8502-ceb30cf4be60" testId="fe1c9811-4463-ef95-5296-cdd71ab090b8" testName="IntegrationTests.Controllers.ItemControllerTests.DeleteItem_DeletesMissingItem" computerName="fv-az365-556" duration="00:00:00.0170000" startTime="2022-07-04T20:56:33.1755519+00:00" endTime="2022-07-04T20:56:33.1755519+00:00" testType="13cdc9d9-ddb5-4fa4-a97d-d965ccfc6d4b" outcome="Passed" testListId="8c84fa94-04c1-424b-9868-57a2d4851a1d" relativeResultsDirectory="2cd60dd5-793b-48c8-8502-ceb30cf4be60" />
    <UnitTestResult executionId="28c71473-4dac-493a-a5b2-99bfebbd99b1" testId="b5a2bbb3-e25b-0d71-cef7-0187c592a682" testName="IntegrationTests.Controllers.ItemControllerTests.GetItemsPage_Query_Filters(query: &quot;Name 100&quot;, expectedResults: 1)" computerName="fv-az365-556" duration="00:00:00.0350000" startTime="2022-07-04T20:56:32.7119911+00:00" endTime="2022-07-04T20:56:32.7119911+00:00" testType="13cdc9d9-ddb5-4fa4-a97d-d965ccfc6d4b" outcome="Passed" testListId="8c84fa94-04c1-424b-9868-57a2d4851a1d" relativeResultsDirectory="28c71473-4dac-493a-a5b2-99bfebbd99b1" />
    <UnitTestResult executionId="c78c521d-4647-4465-8c2b-c223aa41ab48" testId="06f0962d-466b-0634-113e-f3863f9b599c" testName="IntegrationTests.Controllers.ItemControllerTests.GetItemsPage_GetsProperPages(amount: 99, expectedPages: 10)" computerName="fv-az365-556" duration="00:00:00.0330000" startTime="2022-07-04T20:56:32.9039984+00:00" endTime="2022-07-04T20:56:32.9039984+00:00" testType="13cdc9d9-ddb5-4fa4-a97d-d965ccfc6d4b" outcome="Passed" testListId="8c84fa94-04c1-424b-9868-57a2d4851a1d" relativeResultsDirectory="c78c521d-4647-4465-8c2b-c223aa41ab48" />
    <UnitTestResult executionId="f718001b-3114-474b-b4c5-5421f79efc68" testId="eb8cb345-7707-0e07-1566-f6a04ceb2670" testName="IntegrationTests.Controllers.ItemControllerTests.CanEdit_Defaults_To_False" computerName="fv-az365-556" duration="00:00:00.0040000" startTime="2022-07-04T20:56:32.8449961+00:00" endTime="2022-07-04T20:56:32.8449961+00:00" testType="13cdc9d9-ddb5-4fa4-a97d-d965ccfc6d4b" outcome="Passed" testListId="8c84fa94-04c1-424b-9868-57a2d4851a1d" relativeResultsDirectory="f718001b-3114-474b-b4c5-5421f79efc68" />
    <UnitTestResult executionId="d5058fb9-6f37-4895-a94f-b061b1470426" testId="31a1a77c-5b35-2c19-9bdc-0ee23e06e8f3" testName="IntegrationTests.Controllers.ItemControllerTests.GetItemsPage_GetsProperPages(amount: 10, expectedPages: 1)" computerName="fv-az365-556" duration="00:00:00.0170000" startTime="2022-07-04T20:56:32.9209990+00:00" endTime="2022-07-04T20:56:32.9209990+00:00" testType="13cdc9d9-ddb5-4fa4-a97d-d965ccfc6d4b" outcome="Passed" testListId="8c84fa94-04c1-424b-9868-57a2d4851a1d" relativeResultsDirectory="d5058fb9-6f37-4895-a94f-b061b1470426" />
    <UnitTestResult executionId="0ebba14f-e390-4199-b126-cf2dfb644590" testId="75b07048-5201-d631-649a-c012e65b7444" testName="IntegrationTests.Controllers.ItemControllerTests.GetItemsPage_Query_Filters(query: &quot;Name 10&quot;, expectedResults: 2)" computerName="fv-az365-556" duration="00:00:00.0340000" startTime="2022-07-04T20:56:32.7739929+00:00" endTime="2022-07-04T20:56:32.7739929+00:00" testType="13cdc9d9-ddb5-4fa4-a97d-d965ccfc6d4b" outcome="Passed" testListId="8c84fa94-04c1-424b-9868-57a2d4851a1d" relativeResultsDirectory="0ebba14f-e390-4199-b126-cf2dfb644590" />
    <UnitTestResult executionId="8305c164-8ad1-4cf6-bcca-9fe44b7a62e0" testId="2f8521ee-e0ca-eac4-b453-aa86236fc9b9" testName="IntegrationTests.Controllers.ItemControllerTests.GetItemsPage_SortsDescending" computerName="fv-az365-556" duration="00:00:00.0160000" startTime="2022-07-04T20:56:33.1575488+00:00" endTime="2022-07-04T20:56:33.1575488+00:00" testType="13cdc9d9-ddb5-4fa4-a97d-d965ccfc6d4b" outcome="Passed" testListId="8c84fa94-04c1-424b-9868-57a2d4851a1d" relativeResultsDirectory="8305c164-8ad1-4cf6-bcca-9fe44b7a62e0" />
    <UnitTestResult executionId="3fcae970-d1cd-4bee-be48-8e57a02670bc" testId="43169439-e722-3696-654b-e380ed8f351d" testName="IntegrationTests.Controllers.ItemControllerTests.EditItem_Saves" computerName="fv-az365-556" duration="00:00:00.0620000" startTime="2022-07-04T20:56:33.0335469+00:00" endTime="2022-07-04T20:56:33.0335469+00:00" testType="13cdc9d9-ddb5-4fa4-a97d-d965ccfc6d4b" outcome="Passed" testListId="8c84fa94-04c1-424b-9868-57a2d4851a1d" relativeResultsDirectory="3fcae970-d1cd-4bee-be48-8e57a02670bc" />
    <UnitTestResult executionId="8cf66517-2ef4-4dfd-b8f1-e8f9ddca4102" testId="0a429b0b-08a8-36a6-5969-3c31a35cc366" testName="IntegrationTests.Controllers.ItemControllerTests.GetItemsPage_GetsProperPages(amount: 9, expectedPages: 1)" computerName="fv-az365-556" duration="00:00:00.0160000" startTime="2022-07-04T20:56:32.9365413+00:00" endTime="2022-07-04T20:56:32.9365413+00:00" testType="13cdc9d9-ddb5-4fa4-a97d-d965ccfc6d4b" outcome="Passed" testListId="8c84fa94-04c1-424b-9868-57a2d4851a1d" relativeResultsDirectory="8cf66517-2ef4-4dfd-b8f1-e8f9ddca4102" />
    <UnitTestResult executionId="a8be191b-1ec3-4974-8780-cd6b9d4024c7" testId="6274cd22-d848-61dd-8233-d29a2f361a38" testName="IntegrationTests.Controllers.ItemControllerTests.GetItemsPage_Query_Filters(query: &quot;Name 1&quot;, expectedResults: 12)" computerName="fv-az365-556" duration="00:00:00.0350000" startTime="2022-07-04T20:56:32.6409878+00:00" endTime="2022-07-04T20:56:32.6409878+00:00" testType="13cdc9d9-ddb5-4fa4-a97d-d965ccfc6d4b" outcome="Passed" testListId="8c84fa94-04c1-424b-9868-57a2d4851a1d" relativeResultsDirectory="a8be191b-1ec3-4974-8780-cd6b9d4024c7" />
    <UnitTestResult executionId="331c24a8-42bb-4efb-a9ad-5bc6692dc28e" testId="c6abb489-2666-fd84-85be-69873a4c76cc" testName="IntegrationTests.Controllers.ItemControllerTests.CreateItem_Creates(name: &quot;name1&quot;, description: &quot;description1&quot;)" computerName="fv-az365-556" duration="00:00:00.0100000" startTime="2022-07-04T20:56:32.8089937+00:00" endTime="2022-07-04T20:56:32.8089937+00:00" testType="13cdc9d9-ddb5-4fa4-a97d-d965ccfc6d4b" outcome="Passed" testListId="8c84fa94-04c1-424b-9868-57a2d4851a1d" relativeResultsDirectory="331c24a8-42bb-4efb-a9ad-5bc6692dc28e" />
    <UnitTestResult executionId="9dfecad6-6f84-417e-913f-c96f808832aa" testId="3b96b54e-967c-6e8f-1ced-4ff4d8370be3" testName="IntegrationTests.Controllers.ItemControllerTests.GetItemsPage_Query_Filters(query: &quot;&quot;, expectedResults: 100)" computerName="fv-az365-556" duration="00:00:00.0450000" startTime="2022-07-04T20:56:32.5679847+00:00" endTime="2022-07-04T20:56:32.5679847+00:00" testType="13cdc9d9-ddb5-4fa4-a97d-d965ccfc6d4b" outcome="Passed" testListId="8c84fa94-04c1-424b-9868-57a2d4851a1d" relativeResultsDirectory="9dfecad6-6f84-417e-913f-c96f808832aa" />
    <UnitTestResult executionId="58a4baf5-e770-474c-9ce2-5e0faecfbe86" testId="b2691cfb-5962-80d6-34ac-12efb31ff88e" testName="IntegrationTests.Controllers.ItemControllerTests.DeleteItem_Deletes" computerName="fv-az365-556" duration="00:00:00.0740000" startTime="2022-07-04T20:56:33.1255501+00:00" endTime="2022-07-04T20:56:33.1255501+00:00" testType="13cdc9d9-ddb5-4fa4-a97d-d965ccfc6d4b" outcome="Passed" testListId="8c84fa94-04c1-424b-9868-57a2d4851a1d" relativeResultsDirectory="58a4baf5-e770-474c-9ce2-5e0faecfbe86" />
    <UnitTestResult executionId="20b87b2f-7fa5-4edd-bec3-5b8733e566cc" testId="1ec97a71-0b29-f7c5-72ce-8cf48efa2e36" testName="IntegrationTests.Controllers.ItemControllerTests.CreateItem_Creates(name: &quot;name2&quot;, description: &quot;description2&quot;)" computerName="fv-az365-556" duration="00:00:00.0250000" startTime="2022-07-04T20:56:32.7989930+00:00" endTime="2022-07-04T20:56:32.7989930+00:00" testType="13cdc9d9-ddb5-4fa4-a97d-d965ccfc6d4b" outcome="Passed" testListId="8c84fa94-04c1-424b-9868-57a2d4851a1d" relativeResultsDirectory="20b87b2f-7fa5-4edd-bec3-5b8733e566cc" />
    <UnitTestResult executionId="1fe3c5a8-f5ee-4113-9530-c7a29a732ae5" testId="69a7a014-6241-5f0a-e55d-960890e56595" testName="IntegrationTests.Controllers.ServiceRouteMapperTests.RegisterRoutes_RegistersAtLestOneRoute" computerName="fv-az365-556" duration="00:00:02.6470000" startTime="2022-07-04T20:56:28.4108310+00:00" endTime="2022-07-04T20:56:28.4108310+00:00" testType="13cdc9d9-ddb5-4fa4-a97d-d965ccfc6d4b" outcome="Passed" testListId="8c84fa94-04c1-424b-9868-57a2d4851a1d" relativeResultsDirectory="1fe3c5a8-f5ee-4113-9530-c7a29a732ae5" />
    <UnitTestResult executionId="7b416f78-6569-453b-a912-a23afe7138e5" testId="c6d15831-7dbe-24e6-d39b-4f317a873a34" testName="IntegrationTests.Controllers.ItemControllerTests.GetItemsPage_GetsProperPages(amount: 1, expectedPages: 1)" computerName="fv-az365-556" duration="00:00:00.0250000" startTime="2022-07-04T20:56:32.8709984+00:00" endTime="2022-07-04T20:56:32.8709984+00:00" testType="13cdc9d9-ddb5-4fa4-a97d-d965ccfc6d4b" outcome="Passed" testListId="8c84fa94-04c1-424b-9868-57a2d4851a1d" relativeResultsDirectory="7b416f78-6569-453b-a912-a23afe7138e5" />
    <UnitTestResult executionId="a6421367-8cbf-48a9-90df-b65d2febe33f" testId="4fd078d7-61ec-6e3f-be79-cf322012a0cd" testName="IntegrationTests.Controllers.ItemControllerTests.GetItemsPage_SortsAscending" computerName="fv-az365-556" duration="00:00:06.7950000" startTime="2022-07-04T20:56:32.5229856+00:00" endTime="2022-07-04T20:56:32.5229856+00:00" testType="13cdc9d9-ddb5-4fa4-a97d-d965ccfc6d4b" outcome="Passed" testListId="8c84fa94-04c1-424b-9868-57a2d4851a1d" relativeResultsDirectory="a6421367-8cbf-48a9-90df-b65d2febe33f" />
  </Results>
  <TestDefinitions>
    <UnitTest name="IntegrationTests.Controllers.ItemControllerTests.GetItemsPage_Query_Filters(query: &quot;Name 10&quot;, expectedResults: 2)" storage="d:\a\mymodule20220704\mymodule20220704\integrationtests\bin\integrationtests.dll" id="75b07048-5201-d631-649a-c012e65b7444">
      <Execution id="0ebba14f-e390-4199-b126-cf2dfb644590" />
      <TestMethod codeBase="D:\a\MyModule20220704\MyModule20220704\IntegrationTests\bin\IntegrationTests.dll" adapterTypeName="executor://xunit/VsTestRunner2/net" className="IntegrationTests.Controllers.ItemControllerTests" name="GetItemsPage_Query_Filters" />
    </UnitTest>
    <UnitTest name="IntegrationTests.Controllers.ItemControllerTests.GetItemsPage_Query_Filters(query: &quot;1&quot;, expectedResults: 20)" storage="d:\a\mymodule20220704\mymodule20220704\integrationtests\bin\integrationtests.dll" id="74f30272-fd7f-9b4e-507d-1c94cc60bb29">
      <Execution id="6a6e0621-9411-46d5-99c9-2755c41a6dc8" />
      <TestMethod codeBase="D:\a\MyModule20220704\MyModule20220704\IntegrationTests\bin\IntegrationTests.dll" adapterTypeName="executor://xunit/VsTestRunner2/net" className="IntegrationTests.Controllers.ItemControllerTests" name="GetItemsPage_Query_Filters" />
    </UnitTest>
    <UnitTest name="IntegrationTests.Controllers.ItemControllerTests.GetItemsPage_GetsProperPages(amount: 99, expectedPages: 10)" storage="d:\a\mymodule20220704\mymodule20220704\integrationtests\bin\integrationtests.dll" id="06f0962d-466b-0634-113e-f3863f9b599c">
      <Execution id="c78c521d-4647-4465-8c2b-c223aa41ab48" />
      <TestMethod codeBase="D:\a\MyModule20220704\MyModule20220704\IntegrationTests\bin\IntegrationTests.dll" adapterTypeName="executor://xunit/VsTestRunner2/net" className="IntegrationTests.Controllers.ItemControllerTests" name="GetItemsPage_GetsProperPages" />
    </UnitTest>
    <UnitTest name="IntegrationTests.Controllers.ItemControllerTests.DeleteItem_DeletesMissingItem" storage="d:\a\mymodule20220704\mymodule20220704\integrationtests\bin\integrationtests.dll" id="fe1c9811-4463-ef95-5296-cdd71ab090b8">
      <Execution id="2cd60dd5-793b-48c8-8502-ceb30cf4be60" />
      <TestMethod codeBase="D:\a\MyModule20220704\MyModule20220704\IntegrationTests\bin\IntegrationTests.dll" adapterTypeName="executor://xunit/VsTestRunner2/net" className="IntegrationTests.Controllers.ItemControllerTests" name="DeleteItem_DeletesMissingItem" />
    </UnitTest>
    <UnitTest name="IntegrationTests.Controllers.ItemControllerTests.EditItem_Saves" storage="d:\a\mymodule20220704\mymodule20220704\integrationtests\bin\integrationtests.dll" id="43169439-e722-3696-654b-e380ed8f351d">
      <Execution id="3fcae970-d1cd-4bee-be48-8e57a02670bc" />
      <TestMethod codeBase="D:\a\MyModule20220704\MyModule20220704\IntegrationTests\bin\IntegrationTests.dll" adapterTypeName="executor://xunit/VsTestRunner2/net" className="IntegrationTests.Controllers.ItemControllerTests" name="EditItem_Saves" />
    </UnitTest>
    <UnitTest name="IntegrationTests.Controllers.ItemControllerTests.CreateItem_Creates(name: &quot;name1&quot;, description: &quot;description1&quot;)" storage="d:\a\mymodule20220704\mymodule20220704\integrationtests\bin\integrationtests.dll" id="c6abb489-2666-fd84-85be-69873a4c76cc">
      <Execution id="331c24a8-42bb-4efb-a9ad-5bc6692dc28e" />
      <TestMethod codeBase="D:\a\MyModule20220704\MyModule20220704\IntegrationTests\bin\IntegrationTests.dll" adapterTypeName="executor://xunit/VsTestRunner2/net" className="IntegrationTests.Controllers.ItemControllerTests" name="CreateItem_Creates" />
    </UnitTest>
    <UnitTest name="IntegrationTests.Controllers.ItemControllerTests.GetItemsPage_Query_Filters(query: &quot;&quot;, expectedResults: 100)" storage="d:\a\mymodule20220704\mymodule20220704\integrationtests\bin\integrationtests.dll" id="3b96b54e-967c-6e8f-1ced-4ff4d8370be3">
      <Execution id="9dfecad6-6f84-417e-913f-c96f808832aa" />
      <TestMethod codeBase="D:\a\MyModule20220704\MyModule20220704\IntegrationTests\bin\IntegrationTests.dll" adapterTypeName="executor://xunit/VsTestRunner2/net" className="IntegrationTests.Controllers.ItemControllerTests" name="GetItemsPage_Query_Filters" />
    </UnitTest>
    <UnitTest name="IntegrationTests.Controllers.ItemControllerTests.GetItemsPage_SortsDescending" storage="d:\a\mymodule20220704\mymodule20220704\integrationtests\bin\integrationtests.dll" id="2f8521ee-e0ca-eac4-b453-aa86236fc9b9">
      <Execution id="8305c164-8ad1-4cf6-bcca-9fe44b7a62e0" />
      <TestMethod codeBase="D:\a\MyModule20220704\MyModule20220704\IntegrationTests\bin\IntegrationTests.dll" adapterTypeName="executor://xunit/VsTestRunner2/net" className="IntegrationTests.Controllers.ItemControllerTests" name="GetItemsPage_SortsDescending" />
    </UnitTest>
    <UnitTest name="IntegrationTests.Controllers.ItemControllerTests.GetItemsPage_Page0_DefaultsToPage1" storage="d:\a\mymodule20220704\mymodule20220704\integrationtests\bin\integrationtests.dll" id="945f4fce-c15e-e09c-9dbf-5879cde58a78">
      <Execution id="2dbfdc6e-9d18-4276-a6dc-cbf9d57e85dd" />
      <TestMethod codeBase="D:\a\MyModule20220704\MyModule20220704\IntegrationTests\bin\IntegrationTests.dll" adapterTypeName="executor://xunit/VsTestRunner2/net" className="IntegrationTests.Controllers.ItemControllerTests" name="GetItemsPage_Page0_DefaultsToPage1" />
    </UnitTest>
    <UnitTest name="IntegrationTests.Controllers.ItemControllerTests.GetItemsPage_50Items_GetsProperly" storage="d:\a\mymodule20220704\mymodule20220704\integrationtests\bin\integrationtests.dll" id="1450a0ab-3596-66d8-8d08-6506bbe1f61b">
      <Execution id="8fa51118-2441-4c7e-a63e-50e22e2ad1f6" />
      <TestMethod codeBase="D:\a\MyModule20220704\MyModule20220704\IntegrationTests\bin\IntegrationTests.dll" adapterTypeName="executor://xunit/VsTestRunner2/net" className="IntegrationTests.Controllers.ItemControllerTests" name="GetItemsPage_50Items_GetsProperly" />
    </UnitTest>
    <UnitTest name="IntegrationTests.Controllers.ItemControllerTests.GetItemsPage_GetsProperPages(amount: 101, expectedPages: 11)" storage="d:\a\mymodule20220704\mymodule20220704\integrationtests\bin\integrationtests.dll" id="35a21cfd-ad2b-b819-14e0-5151fe414a07">
      <Execution id="ef1464cc-f733-4982-ac4a-b5e5309a7dcc" />
      <TestMethod codeBase="D:\a\MyModule20220704\MyModule20220704\IntegrationTests\bin\IntegrationTests.dll" adapterTypeName="executor://xunit/VsTestRunner2/net" className="IntegrationTests.Controllers.ItemControllerTests" name="GetItemsPage_GetsProperPages" />
    </UnitTest>
    <UnitTest name="IntegrationTests.Controllers.ItemControllerTests.GetItemsPage_GetsProperPages(amount: 1, expectedPages: 1)" storage="d:\a\mymodule20220704\mymodule20220704\integrationtests\bin\integrationtests.dll" id="c6d15831-7dbe-24e6-d39b-4f317a873a34">
      <Execution id="7b416f78-6569-453b-a912-a23afe7138e5" />
      <TestMethod codeBase="D:\a\MyModule20220704\MyModule20220704\IntegrationTests\bin\IntegrationTests.dll" adapterTypeName="executor://xunit/VsTestRunner2/net" className="IntegrationTests.Controllers.ItemControllerTests" name="GetItemsPage_GetsProperPages" />
    </UnitTest>
    <UnitTest name="IntegrationTests.Controllers.ItemControllerTests.CreateItem_Creates(name: &quot;name2&quot;, description: &quot;description2&quot;)" storage="d:\a\mymodule20220704\mymodule20220704\integrationtests\bin\integrationtests.dll" id="1ec97a71-0b29-f7c5-72ce-8cf48efa2e36">
      <Execution id="20b87b2f-7fa5-4edd-bec3-5b8733e566cc" />
      <TestMethod codeBase="D:\a\MyModule20220704\MyModule20220704\IntegrationTests\bin\IntegrationTests.dll" adapterTypeName="executor://xunit/VsTestRunner2/net" className="IntegrationTests.Controllers.ItemControllerTests" name="CreateItem_Creates" />
    </UnitTest>
    <UnitTest name="IntegrationTests.Controllers.ItemControllerTests.GetItemsPage_SortsAscending" storage="d:\a\mymodule20220704\mymodule20220704\integrationtests\bin\integrationtests.dll" id="4fd078d7-61ec-6e3f-be79-cf322012a0cd">
      <Execution id="a6421367-8cbf-48a9-90df-b65d2febe33f" />
      <TestMethod codeBase="D:\a\MyModule20220704\MyModule20220704\IntegrationTests\bin\IntegrationTests.dll" adapterTypeName="executor://xunit/VsTestRunner2/net" className="IntegrationTests.Controllers.ItemControllerTests" name="GetItemsPage_SortsAscending" />
    </UnitTest>
    <UnitTest name="IntegrationTests.Controllers.ItemControllerTests.GetItemsPage_PageSize0_DefaultsTo1" storage="d:\a\mymodule20220704\mymodule20220704\integrationtests\bin\integrationtests.dll" id="d18898e3-6995-0d27-8e53-1ced81186e2d">
      <Execution id="a8fc9726-784a-47c2-adba-05aa38eb484a" />
      <TestMethod codeBase="D:\a\MyModule20220704\MyModule20220704\IntegrationTests\bin\IntegrationTests.dll" adapterTypeName="executor://xunit/VsTestRunner2/net" className="IntegrationTests.Controllers.ItemControllerTests" name="GetItemsPage_PageSize0_DefaultsTo1" />
    </UnitTest>
    <UnitTest name="IntegrationTests.Controllers.ItemControllerTests.GetItemsPage_GetsProperPages(amount: 9, expectedPages: 1)" storage="d:\a\mymodule20220704\mymodule20220704\integrationtests\bin\integrationtests.dll" id="0a429b0b-08a8-36a6-5969-3c31a35cc366">
      <Execution id="8cf66517-2ef4-4dfd-b8f1-e8f9ddca4102" />
      <TestMethod codeBase="D:\a\MyModule20220704\MyModule20220704\IntegrationTests\bin\IntegrationTests.dll" adapterTypeName="executor://xunit/VsTestRunner2/net" className="IntegrationTests.Controllers.ItemControllerTests" name="GetItemsPage_GetsProperPages" />
    </UnitTest>
    <UnitTest name="IntegrationTests.Controllers.ItemControllerTests.GetItemsPage_GetsProperPages(amount: 10, expectedPages: 1)" storage="d:\a\mymodule20220704\mymodule20220704\integrationtests\bin\integrationtests.dll" id="31a1a77c-5b35-2c19-9bdc-0ee23e06e8f3">
      <Execution id="d5058fb9-6f37-4895-a94f-b061b1470426" />
      <TestMethod codeBase="D:\a\MyModule20220704\MyModule20220704\IntegrationTests\bin\IntegrationTests.dll" adapterTypeName="executor://xunit/VsTestRunner2/net" className="IntegrationTests.Controllers.ItemControllerTests" name="GetItemsPage_GetsProperPages" />
    </UnitTest>
    <UnitTest name="IntegrationTests.Controllers.ItemControllerTests.GetItemsPage_Query_Filters(query: &quot;Missing&quot;, expectedResults: 0)" storage="d:\a\mymodule20220704\mymodule20220704\integrationtests\bin\integrationtests.dll" id="9609bc3b-2435-1be2-e2f3-2c6b217c770c">
      <Execution id="50f5cdbd-abc8-4c7a-a166-d27850b7c213" />
      <TestMethod codeBase="D:\a\MyModule20220704\MyModule20220704\IntegrationTests\bin\IntegrationTests.dll" adapterTypeName="executor://xunit/VsTestRunner2/net" className="IntegrationTests.Controllers.ItemControllerTests" name="GetItemsPage_Query_Filters" />
    </UnitTest>
    <UnitTest name="IntegrationTests.Controllers.ItemControllerTests.DeleteItem_Deletes" storage="d:\a\mymodule20220704\mymodule20220704\integrationtests\bin\integrationtests.dll" id="b2691cfb-5962-80d6-34ac-12efb31ff88e">
      <Execution id="58a4baf5-e770-474c-9ce2-5e0faecfbe86" />
      <TestMethod codeBase="D:\a\MyModule20220704\MyModule20220704\IntegrationTests\bin\IntegrationTests.dll" adapterTypeName="executor://xunit/VsTestRunner2/net" className="IntegrationTests.Controllers.ItemControllerTests" name="DeleteItem_Deletes" />
    </UnitTest>
    <UnitTest name="IntegrationTests.Controllers.ItemControllerTests.GetItemsPage_Query_Filters(query: &quot;Name 2&quot;, expectedResults: 11)" storage="d:\a\mymodule20220704\mymodule20220704\integrationtests\bin\integrationtests.dll" id="64ce4809-e3f8-8d8e-c808-2938f18aa4d4">
      <Execution id="33711472-9b09-424c-a2bd-69adb49dd69a" />
      <TestMethod codeBase="D:\a\MyModule20220704\MyModule20220704\IntegrationTests\bin\IntegrationTests.dll" adapterTypeName="executor://xunit/VsTestRunner2/net" className="IntegrationTests.Controllers.ItemControllerTests" name="GetItemsPage_Query_Filters" />
    </UnitTest>
    <UnitTest name="IntegrationTests.Controllers.ItemControllerTests.GetItemsPage_Query_Filters(query: &quot;Name 100&quot;, expectedResults: 1)" storage="d:\a\mymodule20220704\mymodule20220704\integrationtests\bin\integrationtests.dll" id="b5a2bbb3-e25b-0d71-cef7-0187c592a682">
      <Execution id="28c71473-4dac-493a-a5b2-99bfebbd99b1" />
      <TestMethod codeBase="D:\a\MyModule20220704\MyModule20220704\IntegrationTests\bin\IntegrationTests.dll" adapterTypeName="executor://xunit/VsTestRunner2/net" className="IntegrationTests.Controllers.ItemControllerTests" name="GetItemsPage_Query_Filters" />
    </UnitTest>
    <UnitTest name="IntegrationTests.Controllers.ServiceRouteMapperTests.RegisterRoutes_RegistersAtLestOneRoute" storage="d:\a\mymodule20220704\mymodule20220704\integrationtests\bin\integrationtests.dll" id="69a7a014-6241-5f0a-e55d-960890e56595">
      <Execution id="1fe3c5a8-f5ee-4113-9530-c7a29a732ae5" />
      <TestMethod codeBase="D:\a\MyModule20220704\MyModule20220704\IntegrationTests\bin\IntegrationTests.dll" adapterTypeName="executor://xunit/VsTestRunner2/net" className="IntegrationTests.Controllers.ServiceRouteMapperTests" name="RegisterRoutes_RegistersAtLestOneRoute" />
    </UnitTest>
    <UnitTest name="IntegrationTests.Controllers.ItemControllerTests.GetItemsPage_Query_Filters(query: &quot;Name 1&quot;, expectedResults: 12)" storage="d:\a\mymodule20220704\mymodule20220704\integrationtests\bin\integrationtests.dll" id="6274cd22-d848-61dd-8233-d29a2f361a38">
      <Execution id="a8be191b-1ec3-4974-8780-cd6b9d4024c7" />
      <TestMethod codeBase="D:\a\MyModule20220704\MyModule20220704\IntegrationTests\bin\IntegrationTests.dll" adapterTypeName="executor://xunit/VsTestRunner2/net" className="IntegrationTests.Controllers.ItemControllerTests" name="GetItemsPage_Query_Filters" />
    </UnitTest>
    <UnitTest name="IntegrationTests.Controllers.ItemControllerTests.CanEdit_Defaults_To_False" storage="d:\a\mymodule20220704\mymodule20220704\integrationtests\bin\integrationtests.dll" id="eb8cb345-7707-0e07-1566-f6a04ceb2670">
      <Execution id="f718001b-3114-474b-b4c5-5421f79efc68" />
      <TestMethod codeBase="D:\a\MyModule20220704\MyModule20220704\IntegrationTests\bin\IntegrationTests.dll" adapterTypeName="executor://xunit/VsTestRunner2/net" className="IntegrationTests.Controllers.ItemControllerTests" name="CanEdit_Defaults_To_False" />
    </UnitTest>
  </TestDefinitions>
  <TestEntries>
    <TestEntry testId="1450a0ab-3596-66d8-8d08-6506bbe1f61b" executionId="8fa51118-2441-4c7e-a63e-50e22e2ad1f6" testListId="8c84fa94-04c1-424b-9868-57a2d4851a1d" />
    <TestEntry testId="945f4fce-c15e-e09c-9dbf-5879cde58a78" executionId="2dbfdc6e-9d18-4276-a6dc-cbf9d57e85dd" testListId="8c84fa94-04c1-424b-9868-57a2d4851a1d" />
    <TestEntry testId="9609bc3b-2435-1be2-e2f3-2c6b217c770c" executionId="50f5cdbd-abc8-4c7a-a166-d27850b7c213" testListId="8c84fa94-04c1-424b-9868-57a2d4851a1d" />
    <TestEntry testId="64ce4809-e3f8-8d8e-c808-2938f18aa4d4" executionId="33711472-9b09-424c-a2bd-69adb49dd69a" testListId="8c84fa94-04c1-424b-9868-57a2d4851a1d" />
    <TestEntry testId="74f30272-fd7f-9b4e-507d-1c94cc60bb29" executionId="6a6e0621-9411-46d5-99c9-2755c41a6dc8" testListId="8c84fa94-04c1-424b-9868-57a2d4851a1d" />
    <TestEntry testId="d18898e3-6995-0d27-8e53-1ced81186e2d" executionId="a8fc9726-784a-47c2-adba-05aa38eb484a" testListId="8c84fa94-04c1-424b-9868-57a2d4851a1d" />
    <TestEntry testId="35a21cfd-ad2b-b819-14e0-5151fe414a07" executionId="ef1464cc-f733-4982-ac4a-b5e5309a7dcc" testListId="8c84fa94-04c1-424b-9868-57a2d4851a1d" />
    <TestEntry testId="fe1c9811-4463-ef95-5296-cdd71ab090b8" executionId="2cd60dd5-793b-48c8-8502-ceb30cf4be60" testListId="8c84fa94-04c1-424b-9868-57a2d4851a1d" />
    <TestEntry testId="b5a2bbb3-e25b-0d71-cef7-0187c592a682" executionId="28c71473-4dac-493a-a5b2-99bfebbd99b1" testListId="8c84fa94-04c1-424b-9868-57a2d4851a1d" />
    <TestEntry testId="06f0962d-466b-0634-113e-f3863f9b599c" executionId="c78c521d-4647-4465-8c2b-c223aa41ab48" testListId="8c84fa94-04c1-424b-9868-57a2d4851a1d" />
    <TestEntry testId="eb8cb345-7707-0e07-1566-f6a04ceb2670" executionId="f718001b-3114-474b-b4c5-5421f79efc68" testListId="8c84fa94-04c1-424b-9868-57a2d4851a1d" />
    <TestEntry testId="31a1a77c-5b35-2c19-9bdc-0ee23e06e8f3" executionId="d5058fb9-6f37-4895-a94f-b061b1470426" testListId="8c84fa94-04c1-424b-9868-57a2d4851a1d" />
    <TestEntry testId="75b07048-5201-d631-649a-c012e65b7444" executionId="0ebba14f-e390-4199-b126-cf2dfb644590" testListId="8c84fa94-04c1-424b-9868-57a2d4851a1d" />
    <TestEntry testId="2f8521ee-e0ca-eac4-b453-aa86236fc9b9" executionId="8305c164-8ad1-4cf6-bcca-9fe44b7a62e0" testListId="8c84fa94-04c1-424b-9868-57a2d4851a1d" />
    <TestEntry testId="43169439-e722-3696-654b-e380ed8f351d" executionId="3fcae970-d1cd-4bee-be48-8e57a02670bc" testListId="8c84fa94-04c1-424b-9868-57a2d4851a1d" />
    <TestEntry testId="0a429b0b-08a8-36a6-5969-3c31a35cc366" executionId="8cf66517-2ef4-4dfd-b8f1-e8f9ddca4102" testListId="8c84fa94-04c1-424b-9868-57a2d4851a1d" />
    <TestEntry testId="6274cd22-d848-61dd-8233-d29a2f361a38" executionId="a8be191b-1ec3-4974-8780-cd6b9d4024c7" testListId="8c84fa94-04c1-424b-9868-57a2d4851a1d" />
    <TestEntry testId="c6abb489-2666-fd84-85be-69873a4c76cc" executionId="331c24a8-42bb-4efb-a9ad-5bc6692dc28e" testListId="8c84fa94-04c1-424b-9868-57a2d4851a1d" />
    <TestEntry testId="3b96b54e-967c-6e8f-1ced-4ff4d8370be3" executionId="9dfecad6-6f84-417e-913f-c96f808832aa" testListId="8c84fa94-04c1-424b-9868-57a2d4851a1d" />
    <TestEntry testId="b2691cfb-5962-80d6-34ac-12efb31ff88e" executionId="58a4baf5-e770-474c-9ce2-5e0faecfbe86" testListId="8c84fa94-04c1-424b-9868-57a2d4851a1d" />
    <TestEntry testId="1ec97a71-0b29-f7c5-72ce-8cf48efa2e36" executionId="20b87b2f-7fa5-4edd-bec3-5b8733e566cc" testListId="8c84fa94-04c1-424b-9868-57a2d4851a1d" />
    <TestEntry testId="69a7a014-6241-5f0a-e55d-960890e56595" executionId="1fe3c5a8-f5ee-4113-9530-c7a29a732ae5" testListId="8c84fa94-04c1-424b-9868-57a2d4851a1d" />
    <TestEntry testId="c6d15831-7dbe-24e6-d39b-4f317a873a34" executionId="7b416f78-6569-453b-a912-a23afe7138e5" testListId="8c84fa94-04c1-424b-9868-57a2d4851a1d" />
    <TestEntry testId="4fd078d7-61ec-6e3f-be79-cf322012a0cd" executionId="a6421367-8cbf-48a9-90df-b65d2febe33f" testListId="8c84fa94-04c1-424b-9868-57a2d4851a1d" />
  </TestEntries>
  <TestLists>
    <TestList name="Results Not in a List" id="8c84fa94-04c1-424b-9868-57a2d4851a1d" />
    <TestList name="All Loaded Results" id="19431567-8539-422a-85d7-44ee4e166bda" />
  </TestLists>
  <ResultSummary outcome="Completed">
    <Counters total="24" executed="24" passed="24" failed="0" error="0" timeout="0" aborted="0" inconclusive="0" passedButRunAborted="0" notRunnable="0" notExecuted="0" disconnected="0" warning="0" completed="0" inProgress="0" pending="0" />
    <Output>
      <StdOut>[xUnit.net 00:00:00.08] xUnit.net VSTest Adapter v2.4.5+1caef2f33e (32-bit Desktop .NET 4.0.30319.42000)&#xD;
[xUnit.net 00:00:02.20]   Discovering: IntegrationTests&#xD;
[xUnit.net 00:00:02.67]   Discovered:  IntegrationTests&#xD;
[xUnit.net 00:00:02.67]   Starting:    IntegrationTests&#xD;
[xUnit.net 00:00:10.36]   Finished:    IntegrationTests&#xD;
</StdOut>
    </Output>
  </ResultSummary>
</TestRun>