<?xml version="1.0" encoding="utf-8"?>
<TestRun id="0d4509d5-0bd4-4cfb-a745-7b74a011c710" name="runneradmin@fv-az369-138 2022-07-04 21:53:08" runUser="fv-az369-138\runneradmin" xmlns="http://microsoft.com/schemas/VisualStudio/TeamTest/2010">
  <Times creation="2022-07-04T21:53:08.5713003+00:00" queuing="2022-07-04T21:53:08.5713005+00:00" start="2022-07-04T21:53:00.3600472+00:00" finish="2022-07-04T21:53:13.2193999+00:00" />
  <TestSettings name="default" id="b974d66c-9f8c-4bff-93c6-176386a7181c">
    <Deployment runDeploymentRoot="runneradmin_fv-az369-138_2022-07-04_21_53_08" />
  </TestSettings>
  <Results>
    <UnitTestResult executionId="04353118-f00a-4105-8b2f-cf3a6ac89367" testId="64ce4809-e3f8-8d8e-c808-2938f18aa4d4" testName="IntegrationTests.Controllers.ItemControllerTests.GetItemsPage_Query_Filters(query: &quot;Name 2&quot;, expectedResults: 11)" computerName="fv-az369-138" duration="00:00:00.0370000" startTime="2022-07-04T21:53:12.4727640+00:00" endTime="2022-07-04T21:53:12.4727640+00:00" testType="13cdc9d9-ddb5-4fa4-a97d-d965ccfc6d4b" outcome="Passed" testListId="8c84fa94-04c1-424b-9868-57a2d4851a1d" relativeResultsDirectory="04353118-f00a-4105-8b2f-cf3a6ac89367" />
    <UnitTestResult executionId="1450bfcb-f321-4bcb-b6b6-ba84e05a6555" testId="b2691cfb-5962-80d6-34ac-12efb31ff88e" testName="IntegrationTests.Controllers.ItemControllerTests.DeleteItem_Deletes" computerName="fv-az369-138" duration="00:00:00.0920000" startTime="2022-07-04T21:53:12.9817624+00:00" endTime="2022-07-04T21:53:12.9817624+00:00" testType="13cdc9d9-ddb5-4fa4-a97d-d965ccfc6d4b" outcome="Passed" testListId="8c84fa94-04c1-424b-9868-57a2d4851a1d" relativeResultsDirectory="1450bfcb-f321-4bcb-b6b6-ba84e05a6555" />
    <UnitTestResult executionId="dbc61db2-eb7b-48a8-8fe1-8c75b99abe7c" testId="c6d15831-7dbe-24e6-d39b-4f317a873a34" testName="IntegrationTests.Controllers.ItemControllerTests.GetItemsPage_GetsProperPages(amount: 1, expectedPages: 1)" computerName="fv-az369-138" duration="00:00:00.0250000" startTime="2022-07-04T21:53:12.6477587+00:00" endTime="2022-07-04T21:53:12.6477587+00:00" testType="13cdc9d9-ddb5-4fa4-a97d-d965ccfc6d4b" outcome="Passed" testListId="8c84fa94-04c1-424b-9868-57a2d4851a1d" relativeResultsDirectory="dbc61db2-eb7b-48a8-8fe1-8c75b99abe7c" />
    <UnitTestResult executionId="9c7efda1-0a15-418e-98ae-70b62dfe6c26" testId="d18898e3-6995-0d27-8e53-1ced81186e2d" testName="IntegrationTests.Controllers.ItemControllerTests.GetItemsPage_PageSize0_DefaultsTo1" computerName="fv-az369-138" duration="00:00:00.0230000" startTime="2022-07-04T21:53:13.0047630+00:00" endTime="2022-07-04T21:53:13.0047630+00:00" testType="13cdc9d9-ddb5-4fa4-a97d-d965ccfc6d4b" outcome="Passed" testListId="8c84fa94-04c1-424b-9868-57a2d4851a1d" relativeResultsDirectory="9c7efda1-0a15-418e-98ae-70b62dfe6c26" />
    <UnitTestResult executionId="d3872dc6-f3bb-4dfa-a7e9-ded431ead4d9" testId="43169439-e722-3696-654b-e380ed8f351d" testName="IntegrationTests.Controllers.ItemControllerTests.EditItem_Saves" computerName="fv-az369-138" duration="00:00:00.0770000" startTime="2022-07-04T21:53:12.8687597+00:00" endTime="2022-07-04T21:53:12.8687597+00:00" testType="13cdc9d9-ddb5-4fa4-a97d-d965ccfc6d4b" outcome="Passed" testListId="8c84fa94-04c1-424b-9868-57a2d4851a1d" relativeResultsDirectory="d3872dc6-f3bb-4dfa-a7e9-ded431ead4d9" />
    <UnitTestResult executionId="077016fc-1d61-451e-bd70-0656c643091c" testId="1ec97a71-0b29-f7c5-72ce-8cf48efa2e36" testName="IntegrationTests.Controllers.ItemControllerTests.CreateItem_Creates(name: &quot;name2&quot;, description: &quot;description2&quot;)" computerName="fv-az369-138" duration="00:00:00.0380000" startTime="2022-07-04T21:53:12.5557545+00:00" endTime="2022-07-04T21:53:12.5557545+00:00" testType="13cdc9d9-ddb5-4fa4-a97d-d965ccfc6d4b" outcome="Passed" testListId="8c84fa94-04c1-424b-9868-57a2d4851a1d" relativeResultsDirectory="077016fc-1d61-451e-bd70-0656c643091c" />
    <UnitTestResult executionId="b6216cc6-4825-494e-bead-a91ab1851c12" testId="9609bc3b-2435-1be2-e2f3-2c6b217c770c" testName="IntegrationTests.Controllers.ItemControllerTests.GetItemsPage_Query_Filters(query: &quot;Missing&quot;, expectedResults: 0)" computerName="fv-az369-138" duration="00:00:00.0440000" startTime="2022-07-04T21:53:12.3887544+00:00" endTime="2022-07-04T21:53:12.3887544+00:00" testType="13cdc9d9-ddb5-4fa4-a97d-d965ccfc6d4b" outcome="Passed" testListId="8c84fa94-04c1-424b-9868-57a2d4851a1d" relativeResultsDirectory="b6216cc6-4825-494e-bead-a91ab1851c12" />
    <UnitTestResult executionId="a71eba8a-9090-4c77-b0ee-2cdc399a46cb" testId="6274cd22-d848-61dd-8233-d29a2f361a38" testName="IntegrationTests.Controllers.ItemControllerTests.GetItemsPage_Query_Filters(query: &quot;Name 1&quot;, expectedResults: 12)" computerName="fv-az369-138" duration="00:00:00.0440000" startTime="2022-07-04T21:53:12.3447548+00:00" endTime="2022-07-04T21:53:12.3447548+00:00" testType="13cdc9d9-ddb5-4fa4-a97d-d965ccfc6d4b" outcome="Passed" testListId="8c84fa94-04c1-424b-9868-57a2d4851a1d" relativeResultsDirectory="a71eba8a-9090-4c77-b0ee-2cdc399a46cb" />
    <UnitTestResult executionId="abe33980-6889-48a7-9c05-a58647f211a3" testId="1450a0ab-3596-66d8-8d08-6506bbe1f61b" testName="IntegrationTests.Controllers.ItemControllerTests.GetItemsPage_50Items_GetsProperly" computerName="fv-az369-138" duration="00:00:00.0470000" startTime="2022-07-04T21:53:12.6117558+00:00" endTime="2022-07-04T21:53:12.6117558+00:00" testType="13cdc9d9-ddb5-4fa4-a97d-d965ccfc6d4b" outcome="Passed" testListId="8c84fa94-04c1-424b-9868-57a2d4851a1d" relativeResultsDirectory="abe33980-6889-48a7-9c05-a58647f211a3" />
    <UnitTestResult executionId="3339bde1-b8f4-4548-a991-a50103c76089" testId="b5a2bbb3-e25b-0d71-cef7-0187c592a682" testName="IntegrationTests.Controllers.ItemControllerTests.GetItemsPage_Query_Filters(query: &quot;Name 100&quot;, expectedResults: 1)" computerName="fv-az369-138" duration="00:00:00.0480000" startTime="2022-07-04T21:53:12.4357533+00:00" endTime="2022-07-04T21:53:12.4357533+00:00" testType="13cdc9d9-ddb5-4fa4-a97d-d965ccfc6d4b" outcome="Passed" testListId="8c84fa94-04c1-424b-9868-57a2d4851a1d" relativeResultsDirectory="3339bde1-b8f4-4548-a991-a50103c76089" />
    <UnitTestResult executionId="6bee405f-68c1-4375-af7e-f33336f8a5cc" testId="0a429b0b-08a8-36a6-5969-3c31a35cc366" testName="IntegrationTests.Controllers.ItemControllerTests.GetItemsPage_GetsProperPages(amount: 9, expectedPages: 1)" computerName="fv-az369-138" duration="00:00:00.0300000" startTime="2022-07-04T21:53:12.7387553+00:00" endTime="2022-07-04T21:53:12.7387553+00:00" testType="13cdc9d9-ddb5-4fa4-a97d-d965ccfc6d4b" outcome="Passed" testListId="8c84fa94-04c1-424b-9868-57a2d4851a1d" relativeResultsDirectory="6bee405f-68c1-4375-af7e-f33336f8a5cc" />
    <UnitTestResult executionId="e391a1b8-914a-475b-8b11-64d8c0a63be9" testId="4fd078d7-61ec-6e3f-be79-cf322012a0cd" testName="IntegrationTests.Controllers.ItemControllerTests.GetItemsPage_SortsAscending" computerName="fv-az369-138" duration="00:00:05.2060000" startTime="2022-07-04T21:53:12.1909948+00:00" endTime="2022-07-04T21:53:12.1909948+00:00" testType="13cdc9d9-ddb5-4fa4-a97d-d965ccfc6d4b" outcome="Passed" testListId="8c84fa94-04c1-424b-9868-57a2d4851a1d" relativeResultsDirectory="e391a1b8-914a-475b-8b11-64d8c0a63be9" />
    <UnitTestResult executionId="560521d5-0b93-4459-a9b3-d6fa289ed251" testId="945f4fce-c15e-e09c-9dbf-5879cde58a78" testName="IntegrationTests.Controllers.ItemControllerTests.GetItemsPage_Page0_DefaultsToPage1" computerName="fv-az369-138" duration="00:00:00.0210000" startTime="2022-07-04T21:53:12.8887599+00:00" endTime="2022-07-04T21:53:12.8887599+00:00" testType="13cdc9d9-ddb5-4fa4-a97d-d965ccfc6d4b" outcome="Passed" testListId="8c84fa94-04c1-424b-9868-57a2d4851a1d" relativeResultsDirectory="560521d5-0b93-4459-a9b3-d6fa289ed251" />
    <UnitTestResult executionId="1ec7ff9c-a659-4645-a963-3223b67ff6f9" testId="06f0962d-466b-0634-113e-f3863f9b599c" testName="IntegrationTests.Controllers.ItemControllerTests.GetItemsPage_GetsProperPages(amount: 99, expectedPages: 10)" computerName="fv-az369-138" duration="00:00:00.0420000" startTime="2022-07-04T21:53:12.6887569+00:00" endTime="2022-07-04T21:53:12.6887569+00:00" testType="13cdc9d9-ddb5-4fa4-a97d-d965ccfc6d4b" outcome="Passed" testListId="8c84fa94-04c1-424b-9868-57a2d4851a1d" relativeResultsDirectory="1ec7ff9c-a659-4645-a963-3223b67ff6f9" />
    <UnitTestResult executionId="5b9596e5-efd9-487e-b021-f13126a8c692" testId="c6abb489-2666-fd84-85be-69873a4c76cc" testName="IntegrationTests.Controllers.ItemControllerTests.CreateItem_Creates(name: &quot;name1&quot;, description: &quot;description1&quot;)" computerName="fv-az369-138" duration="00:00:00.0090000" startTime="2022-07-04T21:53:12.5647545+00:00" endTime="2022-07-04T21:53:12.5647545+00:00" testType="13cdc9d9-ddb5-4fa4-a97d-d965ccfc6d4b" outcome="Passed" testListId="8c84fa94-04c1-424b-9868-57a2d4851a1d" relativeResultsDirectory="5b9596e5-efd9-487e-b021-f13126a8c692" />
    <UnitTestResult executionId="d49c55b5-ae4f-4e61-9e67-7d212b4faa55" testId="69a7a014-6241-5f0a-e55d-960890e56595" testName="IntegrationTests.Controllers.ServiceRouteMapperTests.RegisterRoutes_RegistersAtLestOneRoute" computerName="fv-az369-138" duration="00:00:01.3140000" startTime="2022-07-04T21:53:08.3344112+00:00" endTime="2022-07-04T21:53:08.3344112+00:00" testType="13cdc9d9-ddb5-4fa4-a97d-d965ccfc6d4b" outcome="Passed" testListId="8c84fa94-04c1-424b-9868-57a2d4851a1d" relativeResultsDirectory="d49c55b5-ae4f-4e61-9e67-7d212b4faa55" />
    <UnitTestResult executionId="1151b758-2cfb-4311-9018-949f0d83c77c" testId="2f8521ee-e0ca-eac4-b453-aa86236fc9b9" testName="IntegrationTests.Controllers.ItemControllerTests.GetItemsPage_SortsDescending" computerName="fv-az369-138" duration="00:00:00.0200000" startTime="2022-07-04T21:53:13.0247623+00:00" endTime="2022-07-04T21:53:13.0247623+00:00" testType="13cdc9d9-ddb5-4fa4-a97d-d965ccfc6d4b" outcome="Passed" testListId="8c84fa94-04c1-424b-9868-57a2d4851a1d" relativeResultsDirectory="1151b758-2cfb-4311-9018-949f0d83c77c" />
    <UnitTestResult executionId="1b4bba4c-75ce-4e2c-b3ea-2294621178c8" testId="fe1c9811-4463-ef95-5296-cdd71ab090b8" testName="IntegrationTests.Controllers.ItemControllerTests.DeleteItem_DeletesMissingItem" computerName="fv-az369-138" duration="00:00:00.0130000" startTime="2022-07-04T21:53:13.0367599+00:00" endTime="2022-07-04T21:53:13.0367599+00:00" testType="13cdc9d9-ddb5-4fa4-a97d-d965ccfc6d4b" outcome="Passed" testListId="8c84fa94-04c1-424b-9868-57a2d4851a1d" relativeResultsDirectory="1b4bba4c-75ce-4e2c-b3ea-2294621178c8" />
    <UnitTestResult executionId="7f094c6b-951b-4bcd-9bfa-f20e869257b0" testId="74f30272-fd7f-9b4e-507d-1c94cc60bb29" testName="IntegrationTests.Controllers.ItemControllerTests.GetItemsPage_Query_Filters(query: &quot;1&quot;, expectedResults: 20)" computerName="fv-az369-138" duration="00:00:00.0490000" startTime="2022-07-04T21:53:12.2997530+00:00" endTime="2022-07-04T21:53:12.2997530+00:00" testType="13cdc9d9-ddb5-4fa4-a97d-d965ccfc6d4b" outcome="Passed" testListId="8c84fa94-04c1-424b-9868-57a2d4851a1d" relativeResultsDirectory="7f094c6b-951b-4bcd-9bfa-f20e869257b0" />
    <UnitTestResult executionId="94ded295-baa8-4d41-8e10-1cd820e409ef" testId="eb8cb345-7707-0e07-1566-f6a04ceb2670" testName="IntegrationTests.Controllers.ItemControllerTests.CanEdit_Defaults_To_False" computerName="fv-az369-138" duration="00:00:00.0110000" startTime="2022-07-04T21:53:12.6227574+00:00" endTime="2022-07-04T21:53:12.6227574+00:00" testType="13cdc9d9-ddb5-4fa4-a97d-d965ccfc6d4b" outcome="Passed" testListId="8c84fa94-04c1-424b-9868-57a2d4851a1d" relativeResultsDirectory="94ded295-baa8-4d41-8e10-1cd820e409ef" />
    <UnitTestResult executionId="a2486b72-57bb-41ad-a9a3-427fb66d3f23" testId="3b96b54e-967c-6e8f-1ced-4ff4d8370be3" testName="IntegrationTests.Controllers.ItemControllerTests.GetItemsPage_Query_Filters(query: &quot;&quot;, expectedResults: 100)" computerName="fv-az369-138" duration="00:00:00.0590000" startTime="2022-07-04T21:53:12.2499967+00:00" endTime="2022-07-04T21:53:12.2499967+00:00" testType="13cdc9d9-ddb5-4fa4-a97d-d965ccfc6d4b" outcome="Passed" testListId="8c84fa94-04c1-424b-9868-57a2d4851a1d" relativeResultsDirectory="a2486b72-57bb-41ad-a9a3-427fb66d3f23" />
    <UnitTestResult executionId="9a29d3db-89c7-4fa3-86dc-e7e8f6b4613a" testId="35a21cfd-ad2b-b819-14e0-5151fe414a07" testName="IntegrationTests.Controllers.ItemControllerTests.GetItemsPage_GetsProperPages(amount: 101, expectedPages: 11)" computerName="fv-az369-138" duration="00:00:00.0510000" startTime="2022-07-04T21:53:12.7907595+00:00" endTime="2022-07-04T21:53:12.7907595+00:00" testType="13cdc9d9-ddb5-4fa4-a97d-d965ccfc6d4b" outcome="Passed" testListId="8c84fa94-04c1-424b-9868-57a2d4851a1d" relativeResultsDirectory="9a29d3db-89c7-4fa3-86dc-e7e8f6b4613a" />
    <UnitTestResult executionId="05fcbac4-ccf9-43b4-9292-fdcfeda2cbf0" testId="31a1a77c-5b35-2c19-9bdc-0ee23e06e8f3" testName="IntegrationTests.Controllers.ItemControllerTests.GetItemsPage_GetsProperPages(amount: 10, expectedPages: 1)" computerName="fv-az369-138" duration="00:00:00.0210000" startTime="2022-07-04T21:53:12.7097581+00:00" endTime="2022-07-04T21:53:12.7097581+00:00" testType="13cdc9d9-ddb5-4fa4-a97d-d965ccfc6d4b" outcome="Passed" testListId="8c84fa94-04c1-424b-9868-57a2d4851a1d" relativeResultsDirectory="05fcbac4-ccf9-43b4-9292-fdcfeda2cbf0" />
    <UnitTestResult executionId="167b12eb-523d-4b75-9beb-cc9bdcf4ae62" testId="75b07048-5201-d631-649a-c012e65b7444" testName="IntegrationTests.Controllers.ItemControllerTests.GetItemsPage_Query_Filters(query: &quot;Name 10&quot;, expectedResults: 2)" computerName="fv-az369-138" duration="00:00:00.0440000" startTime="2022-07-04T21:53:12.5177575+00:00" endTime="2022-07-04T21:53:12.5177575+00:00" testType="13cdc9d9-ddb5-4fa4-a97d-d965ccfc6d4b" outcome="Passed" testListId="8c84fa94-04c1-424b-9868-57a2d4851a1d" relativeResultsDirectory="167b12eb-523d-4b75-9beb-cc9bdcf4ae62" />
  </Results>
  <TestDefinitions>
    <UnitTest name="IntegrationTests.Controllers.ItemControllerTests.GetItemsPage_Query_Filters(query: &quot;Name 10&quot;, expectedResults: 2)" storage="d:\a\mymodule20220704\mymodule20220704\integrationtests\bin\integrationtests.dll" id="75b07048-5201-d631-649a-c012e65b7444">
      <Execution id="167b12eb-523d-4b75-9beb-cc9bdcf4ae62" />
      <TestMethod codeBase="D:\a\MyModule20220704\MyModule20220704\IntegrationTests\bin\IntegrationTests.dll" adapterTypeName="executor://xunit/VsTestRunner2/net" className="IntegrationTests.Controllers.ItemControllerTests" name="GetItemsPage_Query_Filters" />
    </UnitTest>
    <UnitTest name="IntegrationTests.Controllers.ItemControllerTests.GetItemsPage_Query_Filters(query: &quot;1&quot;, expectedResults: 20)" storage="d:\a\mymodule20220704\mymodule20220704\integrationtests\bin\integrationtests.dll" id="74f30272-fd7f-9b4e-507d-1c94cc60bb29">
      <Execution id="7f094c6b-951b-4bcd-9bfa-f20e869257b0" />
      <TestMethod codeBase="D:\a\MyModule20220704\MyModule20220704\IntegrationTests\bin\IntegrationTests.dll" adapterTypeName="executor://xunit/VsTestRunner2/net" className="IntegrationTests.Controllers.ItemControllerTests" name="GetItemsPage_Query_Filters" />
    </UnitTest>
    <UnitTest name="IntegrationTests.Controllers.ItemControllerTests.GetItemsPage_GetsProperPages(amount: 99, expectedPages: 10)" storage="d:\a\mymodule20220704\mymodule20220704\integrationtests\bin\integrationtests.dll" id="06f0962d-466b-0634-113e-f3863f9b599c">
      <Execution id="1ec7ff9c-a659-4645-a963-3223b67ff6f9" />
      <TestMethod codeBase="D:\a\MyModule20220704\MyModule20220704\IntegrationTests\bin\IntegrationTests.dll" adapterTypeName="executor://xunit/VsTestRunner2/net" className="IntegrationTests.Controllers.ItemControllerTests" name="GetItemsPage_GetsProperPages" />
    </UnitTest>
    <UnitTest name="IntegrationTests.Controllers.ItemControllerTests.DeleteItem_DeletesMissingItem" storage="d:\a\mymodule20220704\mymodule20220704\integrationtests\bin\integrationtests.dll" id="fe1c9811-4463-ef95-5296-cdd71ab090b8">
      <Execution id="1b4bba4c-75ce-4e2c-b3ea-2294621178c8" />
      <TestMethod codeBase="D:\a\MyModule20220704\MyModule20220704\IntegrationTests\bin\IntegrationTests.dll" adapterTypeName="executor://xunit/VsTestRunner2/net" className="IntegrationTests.Controllers.ItemControllerTests" name="DeleteItem_DeletesMissingItem" />
    </UnitTest>
    <UnitTest name="IntegrationTests.Controllers.ItemControllerTests.EditItem_Saves" storage="d:\a\mymodule20220704\mymodule20220704\integrationtests\bin\integrationtests.dll" id="43169439-e722-3696-654b-e380ed8f351d">
      <Execution id="d3872dc6-f3bb-4dfa-a7e9-ded431ead4d9" />
      <TestMethod codeBase="D:\a\MyModule20220704\MyModule20220704\IntegrationTests\bin\IntegrationTests.dll" adapterTypeName="executor://xunit/VsTestRunner2/net" className="IntegrationTests.Controllers.ItemControllerTests" name="EditItem_Saves" />
    </UnitTest>
    <UnitTest name="IntegrationTests.Controllers.ItemControllerTests.CreateItem_Creates(name: &quot;name1&quot;, description: &quot;description1&quot;)" storage="d:\a\mymodule20220704\mymodule20220704\integrationtests\bin\integrationtests.dll" id="c6abb489-2666-fd84-85be-69873a4c76cc">
      <Execution id="5b9596e5-efd9-487e-b021-f13126a8c692" />
      <TestMethod codeBase="D:\a\MyModule20220704\MyModule20220704\IntegrationTests\bin\IntegrationTests.dll" adapterTypeName="executor://xunit/VsTestRunner2/net" className="IntegrationTests.Controllers.ItemControllerTests" name="CreateItem_Creates" />
    </UnitTest>
    <UnitTest name="IntegrationTests.Controllers.ItemControllerTests.GetItemsPage_Query_Filters(query: &quot;&quot;, expectedResults: 100)" storage="d:\a\mymodule20220704\mymodule20220704\integrationtests\bin\integrationtests.dll" id="3b96b54e-967c-6e8f-1ced-4ff4d8370be3">
      <Execution id="a2486b72-57bb-41ad-a9a3-427fb66d3f23" />
      <TestMethod codeBase="D:\a\MyModule20220704\MyModule20220704\IntegrationTests\bin\IntegrationTests.dll" adapterTypeName="executor://xunit/VsTestRunner2/net" className="IntegrationTests.Controllers.ItemControllerTests" name="GetItemsPage_Query_Filters" />
    </UnitTest>
    <UnitTest name="IntegrationTests.Controllers.ItemControllerTests.GetItemsPage_SortsDescending" storage="d:\a\mymodule20220704\mymodule20220704\integrationtests\bin\integrationtests.dll" id="2f8521ee-e0ca-eac4-b453-aa86236fc9b9">
      <Execution id="1151b758-2cfb-4311-9018-949f0d83c77c" />
      <TestMethod codeBase="D:\a\MyModule20220704\MyModule20220704\IntegrationTests\bin\IntegrationTests.dll" adapterTypeName="executor://xunit/VsTestRunner2/net" className="IntegrationTests.Controllers.ItemControllerTests" name="GetItemsPage_SortsDescending" />
    </UnitTest>
    <UnitTest name="IntegrationTests.Controllers.ItemControllerTests.GetItemsPage_Page0_DefaultsToPage1" storage="d:\a\mymodule20220704\mymodule20220704\integrationtests\bin\integrationtests.dll" id="945f4fce-c15e-e09c-9dbf-5879cde58a78">
      <Execution id="560521d5-0b93-4459-a9b3-d6fa289ed251" />
      <TestMethod codeBase="D:\a\MyModule20220704\MyModule20220704\IntegrationTests\bin\IntegrationTests.dll" adapterTypeName="executor://xunit/VsTestRunner2/net" className="IntegrationTests.Controllers.ItemControllerTests" name="GetItemsPage_Page0_DefaultsToPage1" />
    </UnitTest>
    <UnitTest name="IntegrationTests.Controllers.ItemControllerTests.GetItemsPage_50Items_GetsProperly" storage="d:\a\mymodule20220704\mymodule20220704\integrationtests\bin\integrationtests.dll" id="1450a0ab-3596-66d8-8d08-6506bbe1f61b">
      <Execution id="abe33980-6889-48a7-9c05-a58647f211a3" />
      <TestMethod codeBase="D:\a\MyModule20220704\MyModule20220704\IntegrationTests\bin\IntegrationTests.dll" adapterTypeName="executor://xunit/VsTestRunner2/net" className="IntegrationTests.Controllers.ItemControllerTests" name="GetItemsPage_50Items_GetsProperly" />
    </UnitTest>
    <UnitTest name="IntegrationTests.Controllers.ItemControllerTests.GetItemsPage_GetsProperPages(amount: 101, expectedPages: 11)" storage="d:\a\mymodule20220704\mymodule20220704\integrationtests\bin\integrationtests.dll" id="35a21cfd-ad2b-b819-14e0-5151fe414a07">
      <Execution id="9a29d3db-89c7-4fa3-86dc-e7e8f6b4613a" />
      <TestMethod codeBase="D:\a\MyModule20220704\MyModule20220704\IntegrationTests\bin\IntegrationTests.dll" adapterTypeName="executor://xunit/VsTestRunner2/net" className="IntegrationTests.Controllers.ItemControllerTests" name="GetItemsPage_GetsProperPages" />
    </UnitTest>
    <UnitTest name="IntegrationTests.Controllers.ItemControllerTests.GetItemsPage_GetsProperPages(amount: 1, expectedPages: 1)" storage="d:\a\mymodule20220704\mymodule20220704\integrationtests\bin\integrationtests.dll" id="c6d15831-7dbe-24e6-d39b-4f317a873a34">
      <Execution id="dbc61db2-eb7b-48a8-8fe1-8c75b99abe7c" />
      <TestMethod codeBase="D:\a\MyModule20220704\MyModule20220704\IntegrationTests\bin\IntegrationTests.dll" adapterTypeName="executor://xunit/VsTestRunner2/net" className="IntegrationTests.Controllers.ItemControllerTests" name="GetItemsPage_GetsProperPages" />
    </UnitTest>
    <UnitTest name="IntegrationTests.Controllers.ItemControllerTests.CreateItem_Creates(name: &quot;name2&quot;, description: &quot;description2&quot;)" storage="d:\a\mymodule20220704\mymodule20220704\integrationtests\bin\integrationtests.dll" id="1ec97a71-0b29-f7c5-72ce-8cf48efa2e36">
      <Execution id="077016fc-1d61-451e-bd70-0656c643091c" />
      <TestMethod codeBase="D:\a\MyModule20220704\MyModule20220704\IntegrationTests\bin\IntegrationTests.dll" adapterTypeName="executor://xunit/VsTestRunner2/net" className="IntegrationTests.Controllers.ItemControllerTests" name="CreateItem_Creates" />
    </UnitTest>
    <UnitTest name="IntegrationTests.Controllers.ItemControllerTests.GetItemsPage_SortsAscending" storage="d:\a\mymodule20220704\mymodule20220704\integrationtests\bin\integrationtests.dll" id="4fd078d7-61ec-6e3f-be79-cf322012a0cd">
      <Execution id="e391a1b8-914a-475b-8b11-64d8c0a63be9" />
      <TestMethod codeBase="D:\a\MyModule20220704\MyModule20220704\IntegrationTests\bin\IntegrationTests.dll" adapterTypeName="executor://xunit/VsTestRunner2/net" className="IntegrationTests.Controllers.ItemControllerTests" name="GetItemsPage_SortsAscending" />
    </UnitTest>
    <UnitTest name="IntegrationTests.Controllers.ItemControllerTests.GetItemsPage_PageSize0_DefaultsTo1" storage="d:\a\mymodule20220704\mymodule20220704\integrationtests\bin\integrationtests.dll" id="d18898e3-6995-0d27-8e53-1ced81186e2d">
      <Execution id="9c7efda1-0a15-418e-98ae-70b62dfe6c26" />
      <TestMethod codeBase="D:\a\MyModule20220704\MyModule20220704\IntegrationTests\bin\IntegrationTests.dll" adapterTypeName="executor://xunit/VsTestRunner2/net" className="IntegrationTests.Controllers.ItemControllerTests" name="GetItemsPage_PageSize0_DefaultsTo1" />
    </UnitTest>
    <UnitTest name="IntegrationTests.Controllers.ItemControllerTests.GetItemsPage_GetsProperPages(amount: 9, expectedPages: 1)" storage="d:\a\mymodule20220704\mymodule20220704\integrationtests\bin\integrationtests.dll" id="0a429b0b-08a8-36a6-5969-3c31a35cc366">
      <Execution id="6bee405f-68c1-4375-af7e-f33336f8a5cc" />
      <TestMethod codeBase="D:\a\MyModule20220704\MyModule20220704\IntegrationTests\bin\IntegrationTests.dll" adapterTypeName="executor://xunit/VsTestRunner2/net" className="IntegrationTests.Controllers.ItemControllerTests" name="GetItemsPage_GetsProperPages" />
    </UnitTest>
    <UnitTest name="IntegrationTests.Controllers.ItemControllerTests.GetItemsPage_GetsProperPages(amount: 10, expectedPages: 1)" storage="d:\a\mymodule20220704\mymodule20220704\integrationtests\bin\integrationtests.dll" id="31a1a77c-5b35-2c19-9bdc-0ee23e06e8f3">
      <Execution id="05fcbac4-ccf9-43b4-9292-fdcfeda2cbf0" />
      <TestMethod codeBase="D:\a\MyModule20220704\MyModule20220704\IntegrationTests\bin\IntegrationTests.dll" adapterTypeName="executor://xunit/VsTestRunner2/net" className="IntegrationTests.Controllers.ItemControllerTests" name="GetItemsPage_GetsProperPages" />
    </UnitTest>
    <UnitTest name="IntegrationTests.Controllers.ItemControllerTests.GetItemsPage_Query_Filters(query: &quot;Missing&quot;, expectedResults: 0)" storage="d:\a\mymodule20220704\mymodule20220704\integrationtests\bin\integrationtests.dll" id="9609bc3b-2435-1be2-e2f3-2c6b217c770c">
      <Execution id="b6216cc6-4825-494e-bead-a91ab1851c12" />
      <TestMethod codeBase="D:\a\MyModule20220704\MyModule20220704\IntegrationTests\bin\IntegrationTests.dll" adapterTypeName="executor://xunit/VsTestRunner2/net" className="IntegrationTests.Controllers.ItemControllerTests" name="GetItemsPage_Query_Filters" />
    </UnitTest>
    <UnitTest name="IntegrationTests.Controllers.ItemControllerTests.DeleteItem_Deletes" storage="d:\a\mymodule20220704\mymodule20220704\integrationtests\bin\integrationtests.dll" id="b2691cfb-5962-80d6-34ac-12efb31ff88e">
      <Execution id="1450bfcb-f321-4bcb-b6b6-ba84e05a6555" />
      <TestMethod codeBase="D:\a\MyModule20220704\MyModule20220704\IntegrationTests\bin\IntegrationTests.dll" adapterTypeName="executor://xunit/VsTestRunner2/net" className="IntegrationTests.Controllers.ItemControllerTests" name="DeleteItem_Deletes" />
    </UnitTest>
    <UnitTest name="IntegrationTests.Controllers.ItemControllerTests.GetItemsPage_Query_Filters(query: &quot;Name 2&quot;, expectedResults: 11)" storage="d:\a\mymodule20220704\mymodule20220704\integrationtests\bin\integrationtests.dll" id="64ce4809-e3f8-8d8e-c808-2938f18aa4d4">
      <Execution id="04353118-f00a-4105-8b2f-cf3a6ac89367" />
      <TestMethod codeBase="D:\a\MyModule20220704\MyModule20220704\IntegrationTests\bin\IntegrationTests.dll" adapterTypeName="executor://xunit/VsTestRunner2/net" className="IntegrationTests.Controllers.ItemControllerTests" name="GetItemsPage_Query_Filters" />
    </UnitTest>
    <UnitTest name="IntegrationTests.Controllers.ItemControllerTests.GetItemsPage_Query_Filters(query: &quot;Name 100&quot;, expectedResults: 1)" storage="d:\a\mymodule20220704\mymodule20220704\integrationtests\bin\integrationtests.dll" id="b5a2bbb3-e25b-0d71-cef7-0187c592a682">
      <Execution id="3339bde1-b8f4-4548-a991-a50103c76089" />
      <TestMethod codeBase="D:\a\MyModule20220704\MyModule20220704\IntegrationTests\bin\IntegrationTests.dll" adapterTypeName="executor://xunit/VsTestRunner2/net" className="IntegrationTests.Controllers.ItemControllerTests" name="GetItemsPage_Query_Filters" />
    </UnitTest>
    <UnitTest name="IntegrationTests.Controllers.ServiceRouteMapperTests.RegisterRoutes_RegistersAtLestOneRoute" storage="d:\a\mymodule20220704\mymodule20220704\integrationtests\bin\integrationtests.dll" id="69a7a014-6241-5f0a-e55d-960890e56595">
      <Execution id="d49c55b5-ae4f-4e61-9e67-7d212b4faa55" />
      <TestMethod codeBase="D:\a\MyModule20220704\MyModule20220704\IntegrationTests\bin\IntegrationTests.dll" adapterTypeName="executor://xunit/VsTestRunner2/net" className="IntegrationTests.Controllers.ServiceRouteMapperTests" name="RegisterRoutes_RegistersAtLestOneRoute" />
    </UnitTest>
    <UnitTest name="IntegrationTests.Controllers.ItemControllerTests.GetItemsPage_Query_Filters(query: &quot;Name 1&quot;, expectedResults: 12)" storage="d:\a\mymodule20220704\mymodule20220704\integrationtests\bin\integrationtests.dll" id="6274cd22-d848-61dd-8233-d29a2f361a38">
      <Execution id="a71eba8a-9090-4c77-b0ee-2cdc399a46cb" />
      <TestMethod codeBase="D:\a\MyModule20220704\MyModule20220704\IntegrationTests\bin\IntegrationTests.dll" adapterTypeName="executor://xunit/VsTestRunner2/net" className="IntegrationTests.Controllers.ItemControllerTests" name="GetItemsPage_Query_Filters" />
    </UnitTest>
    <UnitTest name="IntegrationTests.Controllers.ItemControllerTests.CanEdit_Defaults_To_False" storage="d:\a\mymodule20220704\mymodule20220704\integrationtests\bin\integrationtests.dll" id="eb8cb345-7707-0e07-1566-f6a04ceb2670">
      <Execution id="94ded295-baa8-4d41-8e10-1cd820e409ef" />
      <TestMethod codeBase="D:\a\MyModule20220704\MyModule20220704\IntegrationTests\bin\IntegrationTests.dll" adapterTypeName="executor://xunit/VsTestRunner2/net" className="IntegrationTests.Controllers.ItemControllerTests" name="CanEdit_Defaults_To_False" />
    </UnitTest>
  </TestDefinitions>
  <TestEntries>
    <TestEntry testId="64ce4809-e3f8-8d8e-c808-2938f18aa4d4" executionId="04353118-f00a-4105-8b2f-cf3a6ac89367" testListId="8c84fa94-04c1-424b-9868-57a2d4851a1d" />
    <TestEntry testId="b2691cfb-5962-80d6-34ac-12efb31ff88e" executionId="1450bfcb-f321-4bcb-b6b6-ba84e05a6555" testListId="8c84fa94-04c1-424b-9868-57a2d4851a1d" />
    <TestEntry testId="c6d15831-7dbe-24e6-d39b-4f317a873a34" executionId="dbc61db2-eb7b-48a8-8fe1-8c75b99abe7c" testListId="8c84fa94-04c1-424b-9868-57a2d4851a1d" />
    <TestEntry testId="d18898e3-6995-0d27-8e53-1ced81186e2d" executionId="9c7efda1-0a15-418e-98ae-70b62dfe6c26" testListId="8c84fa94-04c1-424b-9868-57a2d4851a1d" />
    <TestEntry testId="43169439-e722-3696-654b-e380ed8f351d" executionId="d3872dc6-f3bb-4dfa-a7e9-ded431ead4d9" testListId="8c84fa94-04c1-424b-9868-57a2d4851a1d" />
    <TestEntry testId="1ec97a71-0b29-f7c5-72ce-8cf48efa2e36" executionId="077016fc-1d61-451e-bd70-0656c643091c" testListId="8c84fa94-04c1-424b-9868-57a2d4851a1d" />
    <TestEntry testId="9609bc3b-2435-1be2-e2f3-2c6b217c770c" executionId="b6216cc6-4825-494e-bead-a91ab1851c12" testListId="8c84fa94-04c1-424b-9868-57a2d4851a1d" />
    <TestEntry testId="6274cd22-d848-61dd-8233-d29a2f361a38" executionId="a71eba8a-9090-4c77-b0ee-2cdc399a46cb" testListId="8c84fa94-04c1-424b-9868-57a2d4851a1d" />
    <TestEntry testId="1450a0ab-3596-66d8-8d08-6506bbe1f61b" executionId="abe33980-6889-48a7-9c05-a58647f211a3" testListId="8c84fa94-04c1-424b-9868-57a2d4851a1d" />
    <TestEntry testId="b5a2bbb3-e25b-0d71-cef7-0187c592a682" executionId="3339bde1-b8f4-4548-a991-a50103c76089" testListId="8c84fa94-04c1-424b-9868-57a2d4851a1d" />
    <TestEntry testId="0a429b0b-08a8-36a6-5969-3c31a35cc366" executionId="6bee405f-68c1-4375-af7e-f33336f8a5cc" testListId="8c84fa94-04c1-424b-9868-57a2d4851a1d" />
    <TestEntry testId="4fd078d7-61ec-6e3f-be79-cf322012a0cd" executionId="e391a1b8-914a-475b-8b11-64d8c0a63be9" testListId="8c84fa94-04c1-424b-9868-57a2d4851a1d" />
    <TestEntry testId="945f4fce-c15e-e09c-9dbf-5879cde58a78" executionId="560521d5-0b93-4459-a9b3-d6fa289ed251" testListId="8c84fa94-04c1-424b-9868-57a2d4851a1d" />
    <TestEntry testId="06f0962d-466b-0634-113e-f3863f9b599c" executionId="1ec7ff9c-a659-4645-a963-3223b67ff6f9" testListId="8c84fa94-04c1-424b-9868-57a2d4851a1d" />
    <TestEntry testId="c6abb489-2666-fd84-85be-69873a4c76cc" executionId="5b9596e5-efd9-487e-b021-f13126a8c692" testListId="8c84fa94-04c1-424b-9868-57a2d4851a1d" />
    <TestEntry testId="69a7a014-6241-5f0a-e55d-960890e56595" executionId="d49c55b5-ae4f-4e61-9e67-7d212b4faa55" testListId="8c84fa94-04c1-424b-9868-57a2d4851a1d" />
    <TestEntry testId="2f8521ee-e0ca-eac4-b453-aa86236fc9b9" executionId="1151b758-2cfb-4311-9018-949f0d83c77c" testListId="8c84fa94-04c1-424b-9868-57a2d4851a1d" />
    <TestEntry testId="fe1c9811-4463-ef95-5296-cdd71ab090b8" executionId="1b4bba4c-75ce-4e2c-b3ea-2294621178c8" testListId="8c84fa94-04c1-424b-9868-57a2d4851a1d" />
    <TestEntry testId="74f30272-fd7f-9b4e-507d-1c94cc60bb29" executionId="7f094c6b-951b-4bcd-9bfa-f20e869257b0" testListId="8c84fa94-04c1-424b-9868-57a2d4851a1d" />
    <TestEntry testId="eb8cb345-7707-0e07-1566-f6a04ceb2670" executionId="94ded295-baa8-4d41-8e10-1cd820e409ef" testListId="8c84fa94-04c1-424b-9868-57a2d4851a1d" />
    <TestEntry testId="3b96b54e-967c-6e8f-1ced-4ff4d8370be3" executionId="a2486b72-57bb-41ad-a9a3-427fb66d3f23" testListId="8c84fa94-04c1-424b-9868-57a2d4851a1d" />
    <TestEntry testId="35a21cfd-ad2b-b819-14e0-5151fe414a07" executionId="9a29d3db-89c7-4fa3-86dc-e7e8f6b4613a" testListId="8c84fa94-04c1-424b-9868-57a2d4851a1d" />
    <TestEntry testId="31a1a77c-5b35-2c19-9bdc-0ee23e06e8f3" executionId="05fcbac4-ccf9-43b4-9292-fdcfeda2cbf0" testListId="8c84fa94-04c1-424b-9868-57a2d4851a1d" />
    <TestEntry testId="75b07048-5201-d631-649a-c012e65b7444" executionId="167b12eb-523d-4b75-9beb-cc9bdcf4ae62" testListId="8c84fa94-04c1-424b-9868-57a2d4851a1d" />
  </TestEntries>
  <TestLists>
    <TestList name="Results Not in a List" id="8c84fa94-04c1-424b-9868-57a2d4851a1d" />
    <TestList name="All Loaded Results" id="19431567-8539-422a-85d7-44ee4e166bda" />
  </TestLists>
  <ResultSummary outcome="Completed">
    <Counters total="24" executed="24" passed="24" failed="0" error="0" timeout="0" aborted="0" inconclusive="0" passedButRunAborted="0" notRunnable="0" notExecuted="0" disconnected="0" warning="0" completed="0" inProgress="0" pending="0" />
    <Output>
      <StdOut>[xUnit.net 00:00:00.02] xUnit.net VSTest Adapter v2.4.5+1caef2f33e (32-bit Desktop .NET 4.0.30319.42000)&#xD;
[xUnit.net 00:00:01.22]   Discovering: IntegrationTests&#xD;
[xUnit.net 00:00:01.51]   Discovered:  IntegrationTests&#xD;
[xUnit.net 00:00:01.51]   Starting:    IntegrationTests&#xD;
[xUnit.net 00:00:07.74]   Finished:    IntegrationTests&#xD;
</StdOut>
    </Output>
  </ResultSummary>
</TestRun>