<?xml version="1.0" encoding="utf-8"?>
<TestRun id="9a139443-5bbc-4c58-9e16-f2e7422ab35c" name="runneradmin@fv-az270-743 2022-07-06 19:34:43" runUser="fv-az270-743\runneradmin" xmlns="http://microsoft.com/schemas/VisualStudio/TeamTest/2010">
  <Times creation="2022-07-06T19:34:43.7709430+00:00" queuing="2022-07-06T19:34:43.7709432+00:00" start="2022-07-06T19:34:29.3870238+00:00" finish="2022-07-06T19:34:47.1771321+00:00" />
  <TestSettings name="default" id="97282452-ed6a-4aee-8288-2f594cf3b892">
    <Deployment runDeploymentRoot="runneradmin_fv-az270-743_2022-07-06_19_34_43" />
  </TestSettings>
  <Results>
    <UnitTestResult executionId="e53e7430-5f18-4ec5-afe3-1c5137d4ba9d" testId="43169439-e722-3696-654b-e380ed8f351d" testName="IntegrationTests.Controllers.ItemControllerTests.EditItem_Saves" computerName="fv-az270-743" duration="00:00:00.0610000" startTime="2022-07-06T19:34:46.8477153+00:00" endTime="2022-07-06T19:34:46.8477153+00:00" testType="13cdc9d9-ddb5-4fa4-a97d-d965ccfc6d4b" outcome="Passed" testListId="8c84fa94-04c1-424b-9868-57a2d4851a1d" relativeResultsDirectory="e53e7430-5f18-4ec5-afe3-1c5137d4ba9d" />
    <UnitTestResult executionId="deefcee2-11f1-4939-aace-2fee1abcd28a" testId="74f30272-fd7f-9b4e-507d-1c94cc60bb29" testName="IntegrationTests.Controllers.ItemControllerTests.GetItemsPage_Query_Filters(query: &quot;1&quot;, expectedResults: 20)" computerName="fv-az270-743" duration="00:00:00.0390000" startTime="2022-07-06T19:34:46.4247180+00:00" endTime="2022-07-06T19:34:46.4247180+00:00" testType="13cdc9d9-ddb5-4fa4-a97d-d965ccfc6d4b" outcome="Passed" testListId="8c84fa94-04c1-424b-9868-57a2d4851a1d" relativeResultsDirectory="deefcee2-11f1-4939-aace-2fee1abcd28a" />
    <UnitTestResult executionId="edc25734-d3db-4f43-b135-dc2da456c281" testId="c6d15831-7dbe-24e6-d39b-4f317a873a34" testName="IntegrationTests.Controllers.ItemControllerTests.GetItemsPage_GetsProperPages(amount: 1, expectedPages: 1)" computerName="fv-az270-743" duration="00:00:00.0240000" startTime="2022-07-06T19:34:46.6847148+00:00" endTime="2022-07-06T19:34:46.6847148+00:00" testType="13cdc9d9-ddb5-4fa4-a97d-d965ccfc6d4b" outcome="Passed" testListId="8c84fa94-04c1-424b-9868-57a2d4851a1d" relativeResultsDirectory="edc25734-d3db-4f43-b135-dc2da456c281" />
    <UnitTestResult executionId="d9314605-4472-40c7-918c-b17149aa0c9f" testId="64ce4809-e3f8-8d8e-c808-2938f18aa4d4" testName="IntegrationTests.Controllers.ItemControllerTests.GetItemsPage_Query_Filters(query: &quot;Name 2&quot;, expectedResults: 11)" computerName="fv-az270-743" duration="00:00:00.0280000" startTime="2022-07-06T19:34:46.5567138+00:00" endTime="2022-07-06T19:34:46.5567138+00:00" testType="13cdc9d9-ddb5-4fa4-a97d-d965ccfc6d4b" outcome="Passed" testListId="8c84fa94-04c1-424b-9868-57a2d4851a1d" relativeResultsDirectory="d9314605-4472-40c7-918c-b17149aa0c9f" />
    <UnitTestResult executionId="14440c00-b91d-4955-8e55-a325ca74054f" testId="945f4fce-c15e-e09c-9dbf-5879cde58a78" testName="IntegrationTests.Controllers.ItemControllerTests.GetItemsPage_Page0_DefaultsToPage1" computerName="fv-az270-743" duration="00:00:00.0150000" startTime="2022-07-06T19:34:46.8627149+00:00" endTime="2022-07-06T19:34:46.8627149+00:00" testType="13cdc9d9-ddb5-4fa4-a97d-d965ccfc6d4b" outcome="Passed" testListId="8c84fa94-04c1-424b-9868-57a2d4851a1d" relativeResultsDirectory="14440c00-b91d-4955-8e55-a325ca74054f" />
    <UnitTestResult executionId="99548bc8-9e40-4efd-8402-929494817b1d" testId="1450a0ab-3596-66d8-8d08-6506bbe1f61b" testName="IntegrationTests.Controllers.ItemControllerTests.GetItemsPage_50Items_GetsProperly" computerName="fv-az270-743" duration="00:00:00.0310000" startTime="2022-07-06T19:34:46.6567136+00:00" endTime="2022-07-06T19:34:46.6567136+00:00" testType="13cdc9d9-ddb5-4fa4-a97d-d965ccfc6d4b" outcome="Passed" testListId="8c84fa94-04c1-424b-9868-57a2d4851a1d" relativeResultsDirectory="99548bc8-9e40-4efd-8402-929494817b1d" />
    <UnitTestResult executionId="102ebcaa-0ee2-478d-a0a1-078bad2810cc" testId="35a21cfd-ad2b-b819-14e0-5151fe414a07" testName="IntegrationTests.Controllers.ItemControllerTests.GetItemsPage_GetsProperPages(amount: 101, expectedPages: 11)" computerName="fv-az270-743" duration="00:00:00.0360000" startTime="2022-07-06T19:34:46.7857130+00:00" endTime="2022-07-06T19:34:46.7857130+00:00" testType="13cdc9d9-ddb5-4fa4-a97d-d965ccfc6d4b" outcome="Passed" testListId="8c84fa94-04c1-424b-9868-57a2d4851a1d" relativeResultsDirectory="102ebcaa-0ee2-478d-a0a1-078bad2810cc" />
    <UnitTestResult executionId="998ceadb-c632-4c46-a6fd-d4f418687a37" testId="31a1a77c-5b35-2c19-9bdc-0ee23e06e8f3" testName="IntegrationTests.Controllers.ItemControllerTests.GetItemsPage_GetsProperPages(amount: 10, expectedPages: 1)" computerName="fv-az270-743" duration="00:00:00.0170000" startTime="2022-07-06T19:34:46.7347152+00:00" endTime="2022-07-06T19:34:46.7347152+00:00" testType="13cdc9d9-ddb5-4fa4-a97d-d965ccfc6d4b" outcome="Passed" testListId="8c84fa94-04c1-424b-9868-57a2d4851a1d" relativeResultsDirectory="998ceadb-c632-4c46-a6fd-d4f418687a37" />
    <UnitTestResult executionId="a85890f7-7ba5-42c9-bf3a-9de860fd5003" testId="4fd078d7-61ec-6e3f-be79-cf322012a0cd" testName="IntegrationTests.Controllers.ItemControllerTests.GetItemsPage_SortsAscending" computerName="fv-az270-743" duration="00:00:05.8570000" startTime="2022-07-06T19:34:46.3407162+00:00" endTime="2022-07-06T19:34:46.3407162+00:00" testType="13cdc9d9-ddb5-4fa4-a97d-d965ccfc6d4b" outcome="Passed" testListId="8c84fa94-04c1-424b-9868-57a2d4851a1d" relativeResultsDirectory="a85890f7-7ba5-42c9-bf3a-9de860fd5003" />
    <UnitTestResult executionId="490d19d6-429d-4d21-bdf6-a2aa26fe92d7" testId="b2691cfb-5962-80d6-34ac-12efb31ff88e" testName="IntegrationTests.Controllers.ItemControllerTests.DeleteItem_Deletes" computerName="fv-az270-743" duration="00:00:00.0730000" startTime="2022-07-06T19:34:46.9377153+00:00" endTime="2022-07-06T19:34:46.9377153+00:00" testType="13cdc9d9-ddb5-4fa4-a97d-d965ccfc6d4b" outcome="Passed" testListId="8c84fa94-04c1-424b-9868-57a2d4851a1d" relativeResultsDirectory="490d19d6-429d-4d21-bdf6-a2aa26fe92d7" />
    <UnitTestResult executionId="bb816594-bb02-4c07-b4a4-ed0c4255fc6d" testId="69a7a014-6241-5f0a-e55d-960890e56595" testName="IntegrationTests.Controllers.ServiceRouteMapperTests.RegisterRoutes_RegistersAtLestOneRoute" computerName="fv-az270-743" duration="00:00:02.0080000" startTime="2022-07-06T19:34:42.5415928+00:00" endTime="2022-07-06T19:34:42.5415928+00:00" testType="13cdc9d9-ddb5-4fa4-a97d-d965ccfc6d4b" outcome="Passed" testListId="8c84fa94-04c1-424b-9868-57a2d4851a1d" relativeResultsDirectory="bb816594-bb02-4c07-b4a4-ed0c4255fc6d" />
    <UnitTestResult executionId="15d6e3cd-bb48-4152-8501-7bc2ae57829e" testId="fe1c9811-4463-ef95-5296-cdd71ab090b8" testName="IntegrationTests.Controllers.ItemControllerTests.DeleteItem_DeletesMissingItem" computerName="fv-az270-743" duration="00:00:00.0140000" startTime="2022-07-06T19:34:46.9857122+00:00" endTime="2022-07-06T19:34:46.9857122+00:00" testType="13cdc9d9-ddb5-4fa4-a97d-d965ccfc6d4b" outcome="Passed" testListId="8c84fa94-04c1-424b-9868-57a2d4851a1d" relativeResultsDirectory="15d6e3cd-bb48-4152-8501-7bc2ae57829e" />
    <UnitTestResult executionId="fecd7112-3138-46af-b7b7-442434dc3dda" testId="06f0962d-466b-0634-113e-f3863f9b599c" testName="IntegrationTests.Controllers.ItemControllerTests.GetItemsPage_GetsProperPages(amount: 99, expectedPages: 10)" computerName="fv-az270-743" duration="00:00:00.0330000" startTime="2022-07-06T19:34:46.7177145+00:00" endTime="2022-07-06T19:34:46.7177145+00:00" testType="13cdc9d9-ddb5-4fa4-a97d-d965ccfc6d4b" outcome="Passed" testListId="8c84fa94-04c1-424b-9868-57a2d4851a1d" relativeResultsDirectory="fecd7112-3138-46af-b7b7-442434dc3dda" />
    <UnitTestResult executionId="d3bd0672-0842-4eac-a0a7-a94963cd86c5" testId="b5a2bbb3-e25b-0d71-cef7-0187c592a682" testName="IntegrationTests.Controllers.ItemControllerTests.GetItemsPage_Query_Filters(query: &quot;Name 100&quot;, expectedResults: 1)" computerName="fv-az270-743" duration="00:00:00.0340000" startTime="2022-07-06T19:34:46.5287154+00:00" endTime="2022-07-06T19:34:46.5287154+00:00" testType="13cdc9d9-ddb5-4fa4-a97d-d965ccfc6d4b" outcome="Passed" testListId="8c84fa94-04c1-424b-9868-57a2d4851a1d" relativeResultsDirectory="d3bd0672-0842-4eac-a0a7-a94963cd86c5" />
    <UnitTestResult executionId="27401e08-5843-40cd-9943-2ccca78d77d3" testId="75b07048-5201-d631-649a-c012e65b7444" testName="IntegrationTests.Controllers.ItemControllerTests.GetItemsPage_Query_Filters(query: &quot;Name 10&quot;, expectedResults: 2)" computerName="fv-az270-743" duration="00:00:00.0330000" startTime="2022-07-06T19:34:46.5907137+00:00" endTime="2022-07-06T19:34:46.5907137+00:00" testType="13cdc9d9-ddb5-4fa4-a97d-d965ccfc6d4b" outcome="Passed" testListId="8c84fa94-04c1-424b-9868-57a2d4851a1d" relativeResultsDirectory="27401e08-5843-40cd-9943-2ccca78d77d3" />
    <UnitTestResult executionId="9c53edcb-0dc4-42b6-b0da-9986ab7be74a" testId="d18898e3-6995-0d27-8e53-1ced81186e2d" testName="IntegrationTests.Controllers.ItemControllerTests.GetItemsPage_PageSize0_DefaultsTo1" computerName="fv-az270-743" duration="00:00:00.0170000" startTime="2022-07-06T19:34:46.9537129+00:00" endTime="2022-07-06T19:34:46.9537129+00:00" testType="13cdc9d9-ddb5-4fa4-a97d-d965ccfc6d4b" outcome="Passed" testListId="8c84fa94-04c1-424b-9868-57a2d4851a1d" relativeResultsDirectory="9c53edcb-0dc4-42b6-b0da-9986ab7be74a" />
    <UnitTestResult executionId="b9e5e9d4-8dcf-4b93-8aec-3f6b5aae0a46" testId="0a429b0b-08a8-36a6-5969-3c31a35cc366" testName="IntegrationTests.Controllers.ItemControllerTests.GetItemsPage_GetsProperPages(amount: 9, expectedPages: 1)" computerName="fv-az270-743" duration="00:00:00.0160000" startTime="2022-07-06T19:34:46.7507159+00:00" endTime="2022-07-06T19:34:46.7507159+00:00" testType="13cdc9d9-ddb5-4fa4-a97d-d965ccfc6d4b" outcome="Passed" testListId="8c84fa94-04c1-424b-9868-57a2d4851a1d" relativeResultsDirectory="b9e5e9d4-8dcf-4b93-8aec-3f6b5aae0a46" />
    <UnitTestResult executionId="0fedcd58-4ac7-4819-8063-96ee9a5ce0a6" testId="2f8521ee-e0ca-eac4-b453-aa86236fc9b9" testName="IntegrationTests.Controllers.ItemControllerTests.GetItemsPage_SortsDescending" computerName="fv-az270-743" duration="00:00:00.0160000" startTime="2022-07-06T19:34:46.9707139+00:00" endTime="2022-07-06T19:34:46.9707139+00:00" testType="13cdc9d9-ddb5-4fa4-a97d-d965ccfc6d4b" outcome="Passed" testListId="8c84fa94-04c1-424b-9868-57a2d4851a1d" relativeResultsDirectory="0fedcd58-4ac7-4819-8063-96ee9a5ce0a6" />
    <UnitTestResult executionId="30ee4381-46c4-41cc-82a9-5209a6511e89" testId="c6abb489-2666-fd84-85be-69873a4c76cc" testName="IntegrationTests.Controllers.ItemControllerTests.CreateItem_Creates(name: &quot;name1&quot;, description: &quot;description1&quot;)" computerName="fv-az270-743" duration="00:00:00.0100000" startTime="2022-07-06T19:34:46.6257144+00:00" endTime="2022-07-06T19:34:46.6257144+00:00" testType="13cdc9d9-ddb5-4fa4-a97d-d965ccfc6d4b" outcome="Passed" testListId="8c84fa94-04c1-424b-9868-57a2d4851a1d" relativeResultsDirectory="30ee4381-46c4-41cc-82a9-5209a6511e89" />
    <UnitTestResult executionId="aa07dcfe-341d-4bf4-916a-1bd5ae3bc929" testId="eb8cb345-7707-0e07-1566-f6a04ceb2670" testName="IntegrationTests.Controllers.ItemControllerTests.CanEdit_Defaults_To_False" computerName="fv-az270-743" duration="00:00:00.0040000" startTime="2022-07-06T19:34:46.6607149+00:00" endTime="2022-07-06T19:34:46.6607149+00:00" testType="13cdc9d9-ddb5-4fa4-a97d-d965ccfc6d4b" outcome="Passed" testListId="8c84fa94-04c1-424b-9868-57a2d4851a1d" relativeResultsDirectory="aa07dcfe-341d-4bf4-916a-1bd5ae3bc929" />
    <UnitTestResult executionId="c95bc02a-0246-4f57-81c0-1b3cde25bf2e" testId="9609bc3b-2435-1be2-e2f3-2c6b217c770c" testName="IntegrationTests.Controllers.ItemControllerTests.GetItemsPage_Query_Filters(query: &quot;Missing&quot;, expectedResults: 0)" computerName="fv-az270-743" duration="00:00:00.0350000" startTime="2022-07-06T19:34:46.4937142+00:00" endTime="2022-07-06T19:34:46.4937142+00:00" testType="13cdc9d9-ddb5-4fa4-a97d-d965ccfc6d4b" outcome="Passed" testListId="8c84fa94-04c1-424b-9868-57a2d4851a1d" relativeResultsDirectory="c95bc02a-0246-4f57-81c0-1b3cde25bf2e" />
    <UnitTestResult executionId="4001e2dd-5d12-4f0c-b969-8724de752f1f" testId="1ec97a71-0b29-f7c5-72ce-8cf48efa2e36" testName="IntegrationTests.Controllers.ItemControllerTests.CreateItem_Creates(name: &quot;name2&quot;, description: &quot;description2&quot;)" computerName="fv-az270-743" duration="00:00:00.0250000" startTime="2022-07-06T19:34:46.6157161+00:00" endTime="2022-07-06T19:34:46.6157161+00:00" testType="13cdc9d9-ddb5-4fa4-a97d-d965ccfc6d4b" outcome="Passed" testListId="8c84fa94-04c1-424b-9868-57a2d4851a1d" relativeResultsDirectory="4001e2dd-5d12-4f0c-b969-8724de752f1f" />
    <UnitTestResult executionId="2cb69dc2-2ccb-45a0-ae5a-cc40b1942bbe" testId="6274cd22-d848-61dd-8233-d29a2f361a38" testName="IntegrationTests.Controllers.ItemControllerTests.GetItemsPage_Query_Filters(query: &quot;Name 1&quot;, expectedResults: 12)" computerName="fv-az270-743" duration="00:00:00.0350000" startTime="2022-07-06T19:34:46.4597161+00:00" endTime="2022-07-06T19:34:46.4597161+00:00" testType="13cdc9d9-ddb5-4fa4-a97d-d965ccfc6d4b" outcome="Passed" testListId="8c84fa94-04c1-424b-9868-57a2d4851a1d" relativeResultsDirectory="2cb69dc2-2ccb-45a0-ae5a-cc40b1942bbe" />
    <UnitTestResult executionId="62923f96-fc79-42b8-bdc4-13a8c0f945a4" testId="3b96b54e-967c-6e8f-1ced-4ff4d8370be3" testName="IntegrationTests.Controllers.ItemControllerTests.GetItemsPage_Query_Filters(query: &quot;&quot;, expectedResults: 100)" computerName="fv-az270-743" duration="00:00:00.0450000" startTime="2022-07-06T19:34:46.3857156+00:00" endTime="2022-07-06T19:34:46.3857156+00:00" testType="13cdc9d9-ddb5-4fa4-a97d-d965ccfc6d4b" outcome="Passed" testListId="8c84fa94-04c1-424b-9868-57a2d4851a1d" relativeResultsDirectory="62923f96-fc79-42b8-bdc4-13a8c0f945a4" />
  </Results>
  <TestDefinitions>
    <UnitTest name="IntegrationTests.Controllers.ItemControllerTests.GetItemsPage_Query_Filters(query: &quot;Name 10&quot;, expectedResults: 2)" storage="d:\a\mymodule20220704\mymodule20220704\integrationtests\bin\integrationtests.dll" id="75b07048-5201-d631-649a-c012e65b7444">
      <Execution id="27401e08-5843-40cd-9943-2ccca78d77d3" />
      <TestMethod codeBase="D:\a\MyModule20220704\MyModule20220704\IntegrationTests\bin\IntegrationTests.dll" adapterTypeName="executor://xunit/VsTestRunner2/net" className="IntegrationTests.Controllers.ItemControllerTests" name="GetItemsPage_Query_Filters" />
    </UnitTest>
    <UnitTest name="IntegrationTests.Controllers.ItemControllerTests.GetItemsPage_Query_Filters(query: &quot;1&quot;, expectedResults: 20)" storage="d:\a\mymodule20220704\mymodule20220704\integrationtests\bin\integrationtests.dll" id="74f30272-fd7f-9b4e-507d-1c94cc60bb29">
      <Execution id="deefcee2-11f1-4939-aace-2fee1abcd28a" />
      <TestMethod codeBase="D:\a\MyModule20220704\MyModule20220704\IntegrationTests\bin\IntegrationTests.dll" adapterTypeName="executor://xunit/VsTestRunner2/net" className="IntegrationTests.Controllers.ItemControllerTests" name="GetItemsPage_Query_Filters" />
    </UnitTest>
    <UnitTest name="IntegrationTests.Controllers.ItemControllerTests.GetItemsPage_GetsProperPages(amount: 99, expectedPages: 10)" storage="d:\a\mymodule20220704\mymodule20220704\integrationtests\bin\integrationtests.dll" id="06f0962d-466b-0634-113e-f3863f9b599c">
      <Execution id="fecd7112-3138-46af-b7b7-442434dc3dda" />
      <TestMethod codeBase="D:\a\MyModule20220704\MyModule20220704\IntegrationTests\bin\IntegrationTests.dll" adapterTypeName="executor://xunit/VsTestRunner2/net" className="IntegrationTests.Controllers.ItemControllerTests" name="GetItemsPage_GetsProperPages" />
    </UnitTest>
    <UnitTest name="IntegrationTests.Controllers.ItemControllerTests.DeleteItem_DeletesMissingItem" storage="d:\a\mymodule20220704\mymodule20220704\integrationtests\bin\integrationtests.dll" id="fe1c9811-4463-ef95-5296-cdd71ab090b8">
      <Execution id="15d6e3cd-bb48-4152-8501-7bc2ae57829e" />
      <TestMethod codeBase="D:\a\MyModule20220704\MyModule20220704\IntegrationTests\bin\IntegrationTests.dll" adapterTypeName="executor://xunit/VsTestRunner2/net" className="IntegrationTests.Controllers.ItemControllerTests" name="DeleteItem_DeletesMissingItem" />
    </UnitTest>
    <UnitTest name="IntegrationTests.Controllers.ItemControllerTests.EditItem_Saves" storage="d:\a\mymodule20220704\mymodule20220704\integrationtests\bin\integrationtests.dll" id="43169439-e722-3696-654b-e380ed8f351d">
      <Execution id="e53e7430-5f18-4ec5-afe3-1c5137d4ba9d" />
      <TestMethod codeBase="D:\a\MyModule20220704\MyModule20220704\IntegrationTests\bin\IntegrationTests.dll" adapterTypeName="executor://xunit/VsTestRunner2/net" className="IntegrationTests.Controllers.ItemControllerTests" name="EditItem_Saves" />
    </UnitTest>
    <UnitTest name="IntegrationTests.Controllers.ItemControllerTests.CreateItem_Creates(name: &quot;name1&quot;, description: &quot;description1&quot;)" storage="d:\a\mymodule20220704\mymodule20220704\integrationtests\bin\integrationtests.dll" id="c6abb489-2666-fd84-85be-69873a4c76cc">
      <Execution id="30ee4381-46c4-41cc-82a9-5209a6511e89" />
      <TestMethod codeBase="D:\a\MyModule20220704\MyModule20220704\IntegrationTests\bin\IntegrationTests.dll" adapterTypeName="executor://xunit/VsTestRunner2/net" className="IntegrationTests.Controllers.ItemControllerTests" name="CreateItem_Creates" />
    </UnitTest>
    <UnitTest name="IntegrationTests.Controllers.ItemControllerTests.GetItemsPage_Query_Filters(query: &quot;&quot;, expectedResults: 100)" storage="d:\a\mymodule20220704\mymodule20220704\integrationtests\bin\integrationtests.dll" id="3b96b54e-967c-6e8f-1ced-4ff4d8370be3">
      <Execution id="62923f96-fc79-42b8-bdc4-13a8c0f945a4" />
      <TestMethod codeBase="D:\a\MyModule20220704\MyModule20220704\IntegrationTests\bin\IntegrationTests.dll" adapterTypeName="executor://xunit/VsTestRunner2/net" className="IntegrationTests.Controllers.ItemControllerTests" name="GetItemsPage_Query_Filters" />
    </UnitTest>
    <UnitTest name="IntegrationTests.Controllers.ItemControllerTests.GetItemsPage_SortsDescending" storage="d:\a\mymodule20220704\mymodule20220704\integrationtests\bin\integrationtests.dll" id="2f8521ee-e0ca-eac4-b453-aa86236fc9b9">
      <Execution id="0fedcd58-4ac7-4819-8063-96ee9a5ce0a6" />
      <TestMethod codeBase="D:\a\MyModule20220704\MyModule20220704\IntegrationTests\bin\IntegrationTests.dll" adapterTypeName="executor://xunit/VsTestRunner2/net" className="IntegrationTests.Controllers.ItemControllerTests" name="GetItemsPage_SortsDescending" />
    </UnitTest>
    <UnitTest name="IntegrationTests.Controllers.ItemControllerTests.GetItemsPage_Page0_DefaultsToPage1" storage="d:\a\mymodule20220704\mymodule20220704\integrationtests\bin\integrationtests.dll" id="945f4fce-c15e-e09c-9dbf-5879cde58a78">
      <Execution id="14440c00-b91d-4955-8e55-a325ca74054f" />
      <TestMethod codeBase="D:\a\MyModule20220704\MyModule20220704\IntegrationTests\bin\IntegrationTests.dll" adapterTypeName="executor://xunit/VsTestRunner2/net" className="IntegrationTests.Controllers.ItemControllerTests" name="GetItemsPage_Page0_DefaultsToPage1" />
    </UnitTest>
    <UnitTest name="IntegrationTests.Controllers.ItemControllerTests.GetItemsPage_50Items_GetsProperly" storage="d:\a\mymodule20220704\mymodule20220704\integrationtests\bin\integrationtests.dll" id="1450a0ab-3596-66d8-8d08-6506bbe1f61b">
      <Execution id="99548bc8-9e40-4efd-8402-929494817b1d" />
      <TestMethod codeBase="D:\a\MyModule20220704\MyModule20220704\IntegrationTests\bin\IntegrationTests.dll" adapterTypeName="executor://xunit/VsTestRunner2/net" className="IntegrationTests.Controllers.ItemControllerTests" name="GetItemsPage_50Items_GetsProperly" />
    </UnitTest>
    <UnitTest name="IntegrationTests.Controllers.ItemControllerTests.GetItemsPage_GetsProperPages(amount: 101, expectedPages: 11)" storage="d:\a\mymodule20220704\mymodule20220704\integrationtests\bin\integrationtests.dll" id="35a21cfd-ad2b-b819-14e0-5151fe414a07">
      <Execution id="102ebcaa-0ee2-478d-a0a1-078bad2810cc" />
      <TestMethod codeBase="D:\a\MyModule20220704\MyModule20220704\IntegrationTests\bin\IntegrationTests.dll" adapterTypeName="executor://xunit/VsTestRunner2/net" className="IntegrationTests.Controllers.ItemControllerTests" name="GetItemsPage_GetsProperPages" />
    </UnitTest>
    <UnitTest name="IntegrationTests.Controllers.ItemControllerTests.GetItemsPage_GetsProperPages(amount: 1, expectedPages: 1)" storage="d:\a\mymodule20220704\mymodule20220704\integrationtests\bin\integrationtests.dll" id="c6d15831-7dbe-24e6-d39b-4f317a873a34">
      <Execution id="edc25734-d3db-4f43-b135-dc2da456c281" />
      <TestMethod codeBase="D:\a\MyModule20220704\MyModule20220704\IntegrationTests\bin\IntegrationTests.dll" adapterTypeName="executor://xunit/VsTestRunner2/net" className="IntegrationTests.Controllers.ItemControllerTests" name="GetItemsPage_GetsProperPages" />
    </UnitTest>
    <UnitTest name="IntegrationTests.Controllers.ItemControllerTests.CreateItem_Creates(name: &quot;name2&quot;, description: &quot;description2&quot;)" storage="d:\a\mymodule20220704\mymodule20220704\integrationtests\bin\integrationtests.dll" id="1ec97a71-0b29-f7c5-72ce-8cf48efa2e36">
      <Execution id="4001e2dd-5d12-4f0c-b969-8724de752f1f" />
      <TestMethod codeBase="D:\a\MyModule20220704\MyModule20220704\IntegrationTests\bin\IntegrationTests.dll" adapterTypeName="executor://xunit/VsTestRunner2/net" className="IntegrationTests.Controllers.ItemControllerTests" name="CreateItem_Creates" />
    </UnitTest>
    <UnitTest name="IntegrationTests.Controllers.ItemControllerTests.GetItemsPage_SortsAscending" storage="d:\a\mymodule20220704\mymodule20220704\integrationtests\bin\integrationtests.dll" id="4fd078d7-61ec-6e3f-be79-cf322012a0cd">
      <Execution id="a85890f7-7ba5-42c9-bf3a-9de860fd5003" />
      <TestMethod codeBase="D:\a\MyModule20220704\MyModule20220704\IntegrationTests\bin\IntegrationTests.dll" adapterTypeName="executor://xunit/VsTestRunner2/net" className="IntegrationTests.Controllers.ItemControllerTests" name="GetItemsPage_SortsAscending" />
    </UnitTest>
    <UnitTest name="IntegrationTests.Controllers.ItemControllerTests.GetItemsPage_PageSize0_DefaultsTo1" storage="d:\a\mymodule20220704\mymodule20220704\integrationtests\bin\integrationtests.dll" id="d18898e3-6995-0d27-8e53-1ced81186e2d">
      <Execution id="9c53edcb-0dc4-42b6-b0da-9986ab7be74a" />
      <TestMethod codeBase="D:\a\MyModule20220704\MyModule20220704\IntegrationTests\bin\IntegrationTests.dll" adapterTypeName="executor://xunit/VsTestRunner2/net" className="IntegrationTests.Controllers.ItemControllerTests" name="GetItemsPage_PageSize0_DefaultsTo1" />
    </UnitTest>
    <UnitTest name="IntegrationTests.Controllers.ItemControllerTests.GetItemsPage_GetsProperPages(amount: 9, expectedPages: 1)" storage="d:\a\mymodule20220704\mymodule20220704\integrationtests\bin\integrationtests.dll" id="0a429b0b-08a8-36a6-5969-3c31a35cc366">
      <Execution id="b9e5e9d4-8dcf-4b93-8aec-3f6b5aae0a46" />
      <TestMethod codeBase="D:\a\MyModule20220704\MyModule20220704\IntegrationTests\bin\IntegrationTests.dll" adapterTypeName="executor://xunit/VsTestRunner2/net" className="IntegrationTests.Controllers.ItemControllerTests" name="GetItemsPage_GetsProperPages" />
    </UnitTest>
    <UnitTest name="IntegrationTests.Controllers.ItemControllerTests.GetItemsPage_GetsProperPages(amount: 10, expectedPages: 1)" storage="d:\a\mymodule20220704\mymodule20220704\integrationtests\bin\integrationtests.dll" id="31a1a77c-5b35-2c19-9bdc-0ee23e06e8f3">
      <Execution id="998ceadb-c632-4c46-a6fd-d4f418687a37" />
      <TestMethod codeBase="D:\a\MyModule20220704\MyModule20220704\IntegrationTests\bin\IntegrationTests.dll" adapterTypeName="executor://xunit/VsTestRunner2/net" className="IntegrationTests.Controllers.ItemControllerTests" name="GetItemsPage_GetsProperPages" />
    </UnitTest>
    <UnitTest name="IntegrationTests.Controllers.ItemControllerTests.GetItemsPage_Query_Filters(query: &quot;Missing&quot;, expectedResults: 0)" storage="d:\a\mymodule20220704\mymodule20220704\integrationtests\bin\integrationtests.dll" id="9609bc3b-2435-1be2-e2f3-2c6b217c770c">
      <Execution id="c95bc02a-0246-4f57-81c0-1b3cde25bf2e" />
      <TestMethod codeBase="D:\a\MyModule20220704\MyModule20220704\IntegrationTests\bin\IntegrationTests.dll" adapterTypeName="executor://xunit/VsTestRunner2/net" className="IntegrationTests.Controllers.ItemControllerTests" name="GetItemsPage_Query_Filters" />
    </UnitTest>
    <UnitTest name="IntegrationTests.Controllers.ItemControllerTests.DeleteItem_Deletes" storage="d:\a\mymodule20220704\mymodule20220704\integrationtests\bin\integrationtests.dll" id="b2691cfb-5962-80d6-34ac-12efb31ff88e">
      <Execution id="490d19d6-429d-4d21-bdf6-a2aa26fe92d7" />
      <TestMethod codeBase="D:\a\MyModule20220704\MyModule20220704\IntegrationTests\bin\IntegrationTests.dll" adapterTypeName="executor://xunit/VsTestRunner2/net" className="IntegrationTests.Controllers.ItemControllerTests" name="DeleteItem_Deletes" />
    </UnitTest>
    <UnitTest name="IntegrationTests.Controllers.ItemControllerTests.GetItemsPage_Query_Filters(query: &quot;Name 2&quot;, expectedResults: 11)" storage="d:\a\mymodule20220704\mymodule20220704\integrationtests\bin\integrationtests.dll" id="64ce4809-e3f8-8d8e-c808-2938f18aa4d4">
      <Execution id="d9314605-4472-40c7-918c-b17149aa0c9f" />
      <TestMethod codeBase="D:\a\MyModule20220704\MyModule20220704\IntegrationTests\bin\IntegrationTests.dll" adapterTypeName="executor://xunit/VsTestRunner2/net" className="IntegrationTests.Controllers.ItemControllerTests" name="GetItemsPage_Query_Filters" />
    </UnitTest>
    <UnitTest name="IntegrationTests.Controllers.ItemControllerTests.GetItemsPage_Query_Filters(query: &quot;Name 100&quot;, expectedResults: 1)" storage="d:\a\mymodule20220704\mymodule20220704\integrationtests\bin\integrationtests.dll" id="b5a2bbb3-e25b-0d71-cef7-0187c592a682">
      <Execution id="d3bd0672-0842-4eac-a0a7-a94963cd86c5" />
      <TestMethod codeBase="D:\a\MyModule20220704\MyModule20220704\IntegrationTests\bin\IntegrationTests.dll" adapterTypeName="executor://xunit/VsTestRunner2/net" className="IntegrationTests.Controllers.ItemControllerTests" name="GetItemsPage_Query_Filters" />
    </UnitTest>
    <UnitTest name="IntegrationTests.Controllers.ServiceRouteMapperTests.RegisterRoutes_RegistersAtLestOneRoute" storage="d:\a\mymodule20220704\mymodule20220704\integrationtests\bin\integrationtests.dll" id="69a7a014-6241-5f0a-e55d-960890e56595">
      <Execution id="bb816594-bb02-4c07-b4a4-ed0c4255fc6d" />
      <TestMethod codeBase="D:\a\MyModule20220704\MyModule20220704\IntegrationTests\bin\IntegrationTests.dll" adapterTypeName="executor://xunit/VsTestRunner2/net" className="IntegrationTests.Controllers.ServiceRouteMapperTests" name="RegisterRoutes_RegistersAtLestOneRoute" />
    </UnitTest>
    <UnitTest name="IntegrationTests.Controllers.ItemControllerTests.GetItemsPage_Query_Filters(query: &quot;Name 1&quot;, expectedResults: 12)" storage="d:\a\mymodule20220704\mymodule20220704\integrationtests\bin\integrationtests.dll" id="6274cd22-d848-61dd-8233-d29a2f361a38">
      <Execution id="2cb69dc2-2ccb-45a0-ae5a-cc40b1942bbe" />
      <TestMethod codeBase="D:\a\MyModule20220704\MyModule20220704\IntegrationTests\bin\IntegrationTests.dll" adapterTypeName="executor://xunit/VsTestRunner2/net" className="IntegrationTests.Controllers.ItemControllerTests" name="GetItemsPage_Query_Filters" />
    </UnitTest>
    <UnitTest name="IntegrationTests.Controllers.ItemControllerTests.CanEdit_Defaults_To_False" storage="d:\a\mymodule20220704\mymodule20220704\integrationtests\bin\integrationtests.dll" id="eb8cb345-7707-0e07-1566-f6a04ceb2670">
      <Execution id="aa07dcfe-341d-4bf4-916a-1bd5ae3bc929" />
      <TestMethod codeBase="D:\a\MyModule20220704\MyModule20220704\IntegrationTests\bin\IntegrationTests.dll" adapterTypeName="executor://xunit/VsTestRunner2/net" className="IntegrationTests.Controllers.ItemControllerTests" name="CanEdit_Defaults_To_False" />
    </UnitTest>
  </TestDefinitions>
  <TestEntries>
    <TestEntry testId="43169439-e722-3696-654b-e380ed8f351d" executionId="e53e7430-5f18-4ec5-afe3-1c5137d4ba9d" testListId="8c84fa94-04c1-424b-9868-57a2d4851a1d" />
    <TestEntry testId="74f30272-fd7f-9b4e-507d-1c94cc60bb29" executionId="deefcee2-11f1-4939-aace-2fee1abcd28a" testListId="8c84fa94-04c1-424b-9868-57a2d4851a1d" />
    <TestEntry testId="c6d15831-7dbe-24e6-d39b-4f317a873a34" executionId="edc25734-d3db-4f43-b135-dc2da456c281" testListId="8c84fa94-04c1-424b-9868-57a2d4851a1d" />
    <TestEntry testId="64ce4809-e3f8-8d8e-c808-2938f18aa4d4" executionId="d9314605-4472-40c7-918c-b17149aa0c9f" testListId="8c84fa94-04c1-424b-9868-57a2d4851a1d" />
    <TestEntry testId="945f4fce-c15e-e09c-9dbf-5879cde58a78" executionId="14440c00-b91d-4955-8e55-a325ca74054f" testListId="8c84fa94-04c1-424b-9868-57a2d4851a1d" />
    <TestEntry testId="1450a0ab-3596-66d8-8d08-6506bbe1f61b" executionId="99548bc8-9e40-4efd-8402-929494817b1d" testListId="8c84fa94-04c1-424b-9868-57a2d4851a1d" />
    <TestEntry testId="35a21cfd-ad2b-b819-14e0-5151fe414a07" executionId="102ebcaa-0ee2-478d-a0a1-078bad2810cc" testListId="8c84fa94-04c1-424b-9868-57a2d4851a1d" />
    <TestEntry testId="31a1a77c-5b35-2c19-9bdc-0ee23e06e8f3" executionId="998ceadb-c632-4c46-a6fd-d4f418687a37" testListId="8c84fa94-04c1-424b-9868-57a2d4851a1d" />
    <TestEntry testId="4fd078d7-61ec-6e3f-be79-cf322012a0cd" executionId="a85890f7-7ba5-42c9-bf3a-9de860fd5003" testListId="8c84fa94-04c1-424b-9868-57a2d4851a1d" />
    <TestEntry testId="b2691cfb-5962-80d6-34ac-12efb31ff88e" executionId="490d19d6-429d-4d21-bdf6-a2aa26fe92d7" testListId="8c84fa94-04c1-424b-9868-57a2d4851a1d" />
    <TestEntry testId="69a7a014-6241-5f0a-e55d-960890e56595" executionId="bb816594-bb02-4c07-b4a4-ed0c4255fc6d" testListId="8c84fa94-04c1-424b-9868-57a2d4851a1d" />
    <TestEntry testId="fe1c9811-4463-ef95-5296-cdd71ab090b8" executionId="15d6e3cd-bb48-4152-8501-7bc2ae57829e" testListId="8c84fa94-04c1-424b-9868-57a2d4851a1d" />
    <TestEntry testId="06f0962d-466b-0634-113e-f3863f9b599c" executionId="fecd7112-3138-46af-b7b7-442434dc3dda" testListId="8c84fa94-04c1-424b-9868-57a2d4851a1d" />
    <TestEntry testId="b5a2bbb3-e25b-0d71-cef7-0187c592a682" executionId="d3bd0672-0842-4eac-a0a7-a94963cd86c5" testListId="8c84fa94-04c1-424b-9868-57a2d4851a1d" />
    <TestEntry testId="75b07048-5201-d631-649a-c012e65b7444" executionId="27401e08-5843-40cd-9943-2ccca78d77d3" testListId="8c84fa94-04c1-424b-9868-57a2d4851a1d" />
    <TestEntry testId="d18898e3-6995-0d27-8e53-1ced81186e2d" executionId="9c53edcb-0dc4-42b6-b0da-9986ab7be74a" testListId="8c84fa94-04c1-424b-9868-57a2d4851a1d" />
    <TestEntry testId="0a429b0b-08a8-36a6-5969-3c31a35cc366" executionId="b9e5e9d4-8dcf-4b93-8aec-3f6b5aae0a46" testListId="8c84fa94-04c1-424b-9868-57a2d4851a1d" />
    <TestEntry testId="2f8521ee-e0ca-eac4-b453-aa86236fc9b9" executionId="0fedcd58-4ac7-4819-8063-96ee9a5ce0a6" testListId="8c84fa94-04c1-424b-9868-57a2d4851a1d" />
    <TestEntry testId="c6abb489-2666-fd84-85be-69873a4c76cc" executionId="30ee4381-46c4-41cc-82a9-5209a6511e89" testListId="8c84fa94-04c1-424b-9868-57a2d4851a1d" />
    <TestEntry testId="eb8cb345-7707-0e07-1566-f6a04ceb2670" executionId="aa07dcfe-341d-4bf4-916a-1bd5ae3bc929" testListId="8c84fa94-04c1-424b-9868-57a2d4851a1d" />
    <TestEntry testId="9609bc3b-2435-1be2-e2f3-2c6b217c770c" executionId="c95bc02a-0246-4f57-81c0-1b3cde25bf2e" testListId="8c84fa94-04c1-424b-9868-57a2d4851a1d" />
    <TestEntry testId="1ec97a71-0b29-f7c5-72ce-8cf48efa2e36" executionId="4001e2dd-5d12-4f0c-b969-8724de752f1f" testListId="8c84fa94-04c1-424b-9868-57a2d4851a1d" />
    <TestEntry testId="6274cd22-d848-61dd-8233-d29a2f361a38" executionId="2cb69dc2-2ccb-45a0-ae5a-cc40b1942bbe" testListId="8c84fa94-04c1-424b-9868-57a2d4851a1d" />
    <TestEntry testId="3b96b54e-967c-6e8f-1ced-4ff4d8370be3" executionId="62923f96-fc79-42b8-bdc4-13a8c0f945a4" testListId="8c84fa94-04c1-424b-9868-57a2d4851a1d" />
  </TestEntries>
  <TestLists>
    <TestList name="Results Not in a List" id="8c84fa94-04c1-424b-9868-57a2d4851a1d" />
    <TestList name="All Loaded Results" id="19431567-8539-422a-85d7-44ee4e166bda" />
  </TestLists>
  <ResultSummary outcome="Completed">
    <Counters total="24" executed="24" passed="24" failed="0" error="0" timeout="0" aborted="0" inconclusive="0" passedButRunAborted="0" notRunnable="0" notExecuted="0" disconnected="0" warning="0" completed="0" inProgress="0" pending="0" />
    <Output>
      <StdOut>[xUnit.net 00:00:00.04] xUnit.net VSTest Adapter v2.4.5+1caef2f33e (32-bit Desktop .NET 4.0.30319.42000)&#xD;
[xUnit.net 00:00:01.62]   Discovering: IntegrationTests&#xD;
[xUnit.net 00:00:01.99]   Discovered:  IntegrationTests&#xD;
[xUnit.net 00:00:01.99]   Starting:    IntegrationTests&#xD;
[xUnit.net 00:00:08.72]   Finished:    IntegrationTests&#xD;
</StdOut>
    </Output>
  </ResultSummary>
</TestRun>